20 4.68708e+08 0
40 4.72056e+08 3.34825e+06
60 4.7674e+08 5.06687e+06
80 4.77182e+08 3.61003e+06
100 4.80625e+08 4.43501e+06
120 4.77268e+08 4.93771e+06
140 4.78763e+08 4.43284e+06
160 4.79125e+08 3.85604e+06
180 4.78961e+08 3.40467e+06
200 4.79705e+08 3.13474e+06
220 4.78944e+08 2.93572e+06
240 4.79663e+08 2.77473e+06
260 4.79279e+08 2.5812e+06
280 4.79303e+08 2.38984e+06
300 4.79124e+08 2.23202e+06
320 4.79502e+08 2.12187e+06
340 4.79683e+08 2.00131e+06
360 4.79533e+08 1.89278e+06
380 4.7924e+08 1.81429e+06
400 4.79106e+08 1.72632e+06
420 4.79614e+08 1.71867e+06
440 4.79524e+08 1.64115e+06
460 4.79525e+08 1.56817e+06
480 4.79375e+08 1.50895e+06
500 4.79655e+08 1.47428e+06
520 4.79633e+08 1.41662e+06
540 4.79792e+08 1.37244e+06
560 4.79797e+08 1.32252e+06
580 4.80146e+08 1.32297e+06
600 4.79903e+08 1.30105e+06
620 4.79817e+08 1.26128e+06
640 4.803e+08 1.31333e+06
660 4.80048e+08 1.29768e+06
680 4.80173e+08 1.26509e+06
700 4.8022e+08 1.22931e+06
720 4.80343e+08 1.20103e+06
740 4.80251e+08 1.17172e+06
760 4.80111e+08 1.14906e+06
780 4.80161e+08 1.12033e+06
800 4.80298e+08 1.10047e+06
820 4.80142e+08 1.08451e+06
840 4.80195e+08 1.05968e+06
860 4.80324e+08 1.04276e+06
880 4.80081e+08 1.04727e+06
900 4.80181e+08 1.02861e+06
920 4.80204e+08 1.00627e+06
940 4.802e+08 984634
960 4.80256e+08 965538
980 4.80354e+08 950757
1000 4.80414e+08 933467
