20 148.977 0
40 147.588 1.38824
60 145.361 2.36756
80 145.122 1.69103
100 143.397 2.16588
120 144.917 2.33172
140 144.337 2.05419
160 144.106 1.79387
180 144.152 1.58268
200 143.853 1.44667
220 144.204 1.35465
240 143.881 1.2779
260 144.079 1.19193
280 144.091 1.10358
300 144.14 1.02854
320 143.974 0.976341
340 143.88 0.921855
360 143.922 0.870152
380 144.012 0.827998
400 144.078 0.78824
420 143.832 0.789189
440 143.837 0.752481
460 143.845 0.71907
480 143.932 0.693908
500 143.801 0.678417
520 143.807 0.651829
540 143.766 0.628575
560 143.768 0.605715
580 143.588 0.611479
600 143.688 0.599125
620 143.732 0.58117
640 143.518 0.602252
660 143.639 0.59619
680 143.59 0.580481
700 143.565 0.564217
720 143.519 0.550209
740 143.567 0.537312
760 143.62 0.525619
780 143.586 0.5131
800 143.529 0.503348
820 143.607 0.497028
840 143.575 0.486047
860 143.501 0.480468
880 143.634 0.488097
900 143.595 0.478761
920 143.606 0.468362
940 143.632 0.459048
960 143.624 0.449447
980 143.605 0.440611
1000 143.614 0.431801
