20 -1.18846e-20 0
40 -1.18863e-20 1.72988e-24
60 -1.18866e-20 1.02594e-24
80 -1.18871e-20 9.08964e-25
100 -1.18876e-20 8.68953e-25
120 -1.18881e-20 8.55521e-25
140 -1.18884e-20 7.74498e-25
160 -1.18885e-20 6.83715e-25
180 -1.18882e-20 6.66173e-25
200 -1.18875e-20 9.17076e-25
220 -1.18877e-20 8.4877e-25
240 -1.18879e-20 7.98688e-25
260 -1.18885e-20 9.78593e-25
280 -1.18885e-20 9.06125e-25
300 -1.1889e-20 9.47044e-25
320 -1.18888e-20 8.99021e-25
340 -1.18884e-20 9.55156e-25
360 -1.18884e-20 9.00551e-25
380 -1.18883e-20 8.56061e-25
400 -1.18882e-20 8.19444e-25
420 -1.18881e-20 7.87732e-25
440 -1.1888e-20 7.51095e-25
460 -1.18882e-20 7.38794e-25
480 -1.18882e-20 7.0784e-25
500 -1.18878e-20 8.09828e-25
520 -1.18878e-20 7.78098e-25
540 -1.18877e-20 7.54192e-25
560 -1.18878e-20 7.33659e-25
580 -1.18877e-20 7.12086e-25
600 -1.18877e-20 6.88034e-25
620 -1.18878e-20 6.74028e-25
640 -1.18879e-20 6.57435e-25
660 -1.1888e-20 6.52259e-25
680 -1.18879e-20 6.40637e-25
700 -1.18878e-20 6.28751e-25
720 -1.18878e-20 6.13186e-25
740 -1.18878e-20 5.97708e-25
760 -1.18879e-20 5.92808e-25
780 -1.18878e-20 5.87032e-25
800 -1.18878e-20 5.73307e-25
820 -1.18879e-20 5.61719e-25
840 -1.18877e-20 5.72653e-25
860 -1.18878e-20 5.70632e-25
880 -1.18878e-20 5.57871e-25
900 -1.18878e-20 5.46947e-25
920 -1.18877e-20 5.49017e-25
940 -1.18876e-20 5.37235e-25
960 -1.18877e-20 5.26286e-25
980 -1.18876e-20 5.1596e-25
1000 -1.18877e-20 5.06697e-25
