20 3.08527e-21 0
40 3.05652e-21 2.875e-23
60 3.01038e-21 4.90315e-23
80 3.00544e-21 3.50207e-23
100 2.96972e-21 4.48548e-23
120 3.00119e-21 4.82893e-23
140 2.98918e-21 4.25416e-23
160 2.98441e-21 3.71505e-23
180 2.98534e-21 3.2777e-23
200 2.97916e-21 2.99602e-23
220 2.98642e-21 2.80543e-23
240 2.97974e-21 2.64649e-23
260 2.98383e-21 2.46846e-23
280 2.98408e-21 2.28549e-23
300 2.98509e-21 2.13008e-23
320 2.98165e-21 2.02198e-23
340 2.97972e-21 1.90914e-23
360 2.98059e-21 1.80206e-23
380 2.98246e-21 1.71476e-23
400 2.98382e-21 1.63242e-23
420 2.97871e-21 1.63439e-23
440 2.97882e-21 1.55837e-23
460 2.979e-21 1.48917e-23
480 2.9808e-21 1.43706e-23
500 2.97808e-21 1.40498e-23
520 2.9782e-21 1.34992e-23
540 2.97735e-21 1.30176e-23
560 2.97739e-21 1.25442e-23
580 2.97367e-21 1.26636e-23
600 2.97574e-21 1.24077e-23
620 2.97666e-21 1.20359e-23
640 2.97221e-21 1.24725e-23
660 2.97473e-21 1.23469e-23
680 2.97371e-21 1.20216e-23
700 2.97318e-21 1.16848e-23
720 2.97224e-21 1.13947e-23
740 2.97324e-21 1.11276e-23
760 2.97433e-21 1.08854e-23
780 2.97362e-21 1.06262e-23
800 2.97244e-21 1.04242e-23
820 2.97405e-21 1.02933e-23
840 2.97341e-21 1.00659e-23
860 2.97186e-21 9.95037e-24
880 2.97463e-21 1.01083e-23
900 2.97381e-21 9.915e-24
920 2.97403e-21 9.69965e-24
940 2.97458e-21 9.50677e-24
960 2.97442e-21 9.30793e-24
980 2.97402e-21 9.12493e-24
1000 2.9742e-21 8.94248e-24
