20 -1.49699e-20 0
40 -1.49428e-20 2.70201e-23
60 -1.48969e-20 4.84802e-23
80 -1.48925e-20 3.45609e-23
100 -1.48573e-20 4.42339e-23
120 -1.48893e-20 4.82214e-23
140 -1.48776e-20 4.24089e-23
160 -1.48729e-20 3.70197e-23
180 -1.48736e-20 3.26548e-23
200 -1.48667e-20 3.00053e-23
220 -1.48741e-20 2.81406e-23
240 -1.48676e-20 2.64931e-23
260 -1.48724e-20 2.48253e-23
280 -1.48726e-20 2.2985e-23
300 -1.4874e-20 2.14464e-23
320 -1.48705e-20 2.03804e-23
340 -1.48681e-20 1.92915e-23
360 -1.4869e-20 1.82094e-23
380 -1.48707e-20 1.73162e-23
400 -1.4872e-20 1.64749e-23
420 -1.48668e-20 1.65158e-23
440 -1.48669e-20 1.57475e-23
460 -1.48672e-20 1.50513e-23
480 -1.4869e-20 1.4519e-23
500 -1.48658e-20 1.42807e-23
520 -1.4866e-20 1.37211e-23
540 -1.4865e-20 1.32368e-23
560 -1.48652e-20 1.27562e-23
580 -1.48614e-20 1.28817e-23
600 -1.48634e-20 1.26175e-23
620 -1.48645e-20 1.22467e-23
640 -1.48601e-20 1.26357e-23
660 -1.48628e-20 1.25306e-23
680 -1.48616e-20 1.2208e-23
700 -1.4861e-20 1.18699e-23
720 -1.486e-20 1.15783e-23
740 -1.4861e-20 1.1302e-23
760 -1.48622e-20 1.10662e-23
780 -1.48614e-20 1.08093e-23
800 -1.48602e-20 1.05976e-23
820 -1.48619e-20 1.04687e-23
840 -1.48611e-20 1.02485e-23
860 -1.48597e-20 1.01098e-23
880 -1.48624e-20 1.02636e-23
900 -1.48616e-20 1.00698e-23
920 -1.48617e-20 9.84897e-24
940 -1.48622e-20 9.65234e-24
960 -1.48621e-20 9.45011e-24
980 -1.48617e-20 9.26509e-24
1000 -1.48619e-20 9.08054e-24
