4.57707e+08
4.46543e+08
4.37944e+08
4.32837e+08
4.31097e+08
4.324e+08
4.35992e+08
4.42026e+08
4.49668e+08
4.58963e+08
4.6893e+08
4.79853e+08
4.90111e+08
4.98818e+08
5.05256e+08
5.08524e+08
5.0809e+08
5.0432e+08
4.97259e+08
4.87824e+08
4.76715e+08
4.65654e+08
4.56011e+08
4.48892e+08
4.45182e+08
4.45213e+08
4.4884e+08
4.55397e+08
4.64006e+08
4.73518e+08
4.8316e+08
4.91647e+08
4.97777e+08
5.0141e+08
5.01842e+08
5.00109e+08
4.9606e+08
4.90817e+08
4.85101e+08
4.80739e+08
4.78069e+08
4.77349e+08
4.7923e+08
4.82913e+08
4.88141e+08
4.94144e+08
4.99833e+08
5.04442e+08
5.07484e+08
5.08381e+08
5.06835e+08
5.02803e+08
4.96492e+08
4.88877e+08
4.81154e+08
4.73896e+08
4.67759e+08
4.62888e+08
4.60558e+08
4.60892e+08
4.62894e+08
4.66468e+08
4.71376e+08
4.76295e+08
4.80473e+08
4.83249e+08
4.84745e+08
4.84756e+08
4.83823e+08
4.81694e+08
4.79328e+08
4.77053e+08
4.75423e+08
4.74666e+08
4.75037e+08
4.7663e+08
4.79027e+08
4.8217e+08
4.8591e+08
4.89173e+08
4.91773e+08
4.9238e+08
4.90278e+08
4.85461e+08
4.78316e+08
4.70415e+08
4.636e+08
4.60071e+08
4.6094e+08
4.66525e+08
4.76375e+08
4.89629e+08
5.03761e+08
5.1691e+08
5.26982e+08
5.32802e+08
5.32934e+08
5.27568e+08
5.17287e+08
5.03874e+08
4.88616e+08
4.72889e+08
4.57818e+08
4.45e+08
4.34953e+08
4.28446e+08
4.25956e+08
4.27354e+08
4.32194e+08
4.39783e+08
4.49459e+08
4.59637e+08
4.69281e+08
4.77779e+08
4.83794e+08
4.8685e+08
4.87188e+08
4.85105e+08
4.81226e+08
4.76347e+08
4.71249e+08
4.67117e+08
4.64582e+08
4.63719e+08
4.64576e+08
4.67564e+08
4.72184e+08
4.78063e+08
4.84705e+08
4.91297e+08
4.97509e+08
5.02175e+08
5.05178e+08
5.0633e+08
5.05775e+08
5.04241e+08
5.02593e+08
5.0167e+08
5.01538e+08
5.02593e+08
5.05043e+08
5.0816e+08
5.11086e+08
5.13104e+08
5.13058e+08
5.10268e+08
5.04489e+08
4.96489e+08
4.87215e+08
4.77536e+08
4.68634e+08
4.61105e+08
4.55701e+08
4.52541e+08
4.51993e+08
4.53517e+08
4.57111e+08
4.62338e+08
4.68522e+08
4.75362e+08
4.81632e+08
4.86403e+08
4.89155e+08
4.89388e+08
4.87242e+08
4.83386e+08
4.78738e+08
4.74055e+08
4.69807e+08
4.66417e+08
4.63879e+08
4.62662e+08
4.63041e+08
4.65087e+08
4.68834e+08
4.73847e+08
4.79756e+08
4.85377e+08
4.90427e+08
4.93805e+08
4.95966e+08
4.96446e+08
4.94913e+08
4.91827e+08
4.87254e+08
4.81484e+08
4.7568e+08
4.70467e+08
4.66741e+08
4.65108e+08
4.66363e+08
4.70174e+08
4.75578e+08
4.8253e+08
4.90005e+08
4.97004e+08
5.02835e+08
5.06314e+08
5.06853e+08
5.0443e+08
4.98755e+08
4.9129e+08
4.82662e+08
4.74023e+08
4.65452e+08
4.58486e+08
4.5285e+08
4.49762e+08
4.48993e+08
4.50538e+08
4.53653e+08
4.5825e+08
4.6394e+08
4.69902e+08
4.75318e+08
4.8014e+08
4.84081e+08
4.87119e+08
4.89752e+08
4.91797e+08
4.93405e+08
4.94813e+08
4.95826e+08
4.96293e+08
4.96501e+08
4.96109e+08
4.95001e+08
4.93184e+08
4.90569e+08
4.86945e+08
4.82222e+08
4.77726e+08
4.7403e+08
4.72388e+08
4.72746e+08
4.75986e+08
4.80922e+08
4.86835e+08
4.92698e+08
4.97267e+08
4.99332e+08
4.99074e+08
4.97208e+08
4.93979e+08
4.90361e+08
4.86552e+08
4.83019e+08
4.79935e+08
4.77486e+08
4.75528e+08
4.74343e+08
4.73089e+08
4.71006e+08
4.6751e+08
4.63453e+08
4.59268e+08
4.55426e+08
4.51553e+08
4.48657e+08
4.46485e+08
4.46279e+08
4.47785e+08
4.52158e+08
4.58877e+08
4.67405e+08
4.76423e+08
4.85316e+08
4.92819e+08
4.98392e+08
5.01919e+08
5.02914e+08
5.01478e+08
4.98075e+08
4.93313e+08
4.87813e+08
4.82377e+08
4.77859e+08
4.7464e+08
4.73298e+08
4.73174e+08
4.73421e+08
4.74023e+08
4.74501e+08
4.7432e+08
4.74083e+08
4.73734e+08
4.73513e+08
4.73666e+08
4.74086e+08
4.74737e+08
4.75452e+08
4.75711e+08
4.76359e+08
4.77579e+08
4.78858e+08
4.80736e+08
4.82187e+08
4.82531e+08
4.8197e+08
4.80879e+08
4.79659e+08
4.79186e+08
4.79517e+08
4.81142e+08
4.83234e+08
4.84814e+08
4.85719e+08
4.85311e+08
4.83758e+08
4.81459e+08
4.79092e+08
4.77247e+08
4.76824e+08
4.7832e+08
4.8127e+08
4.86281e+08
4.92244e+08
4.98066e+08
5.0342e+08
5.06989e+08
5.0816e+08
5.06924e+08
5.03092e+08
4.97308e+08
4.89767e+08
4.81415e+08
4.73402e+08
4.66855e+08
4.62738e+08
4.61126e+08
4.62619e+08
4.66571e+08
4.72199e+08
4.78477e+08
4.84255e+08
4.88496e+08
4.90524e+08
4.89764e+08
4.86503e+08
4.8124e+08
4.74962e+08
4.68994e+08
4.63808e+08
4.59966e+08
4.56689e+08
4.54517e+08
4.54101e+08
4.56049e+08
4.60446e+08
4.66658e+08
4.73619e+08
4.81031e+08
4.87167e+08
4.92286e+08
4.96334e+08
4.99236e+08
5.00836e+08
5.00657e+08
4.98603e+08
4.9383e+08
4.87218e+08
4.79268e+08
4.71037e+08
4.63476e+08
4.57861e+08
4.54356e+08
4.53561e+08
4.5537e+08
4.59194e+08
4.64627e+08
4.71045e+08
4.77095e+08
4.82762e+08
4.86688e+08
4.88792e+08
4.89312e+08
4.88509e+08
4.86294e+08
4.83113e+08
4.79535e+08
4.75626e+08
4.71504e+08
4.67692e+08
4.64959e+08
4.6349e+08
4.63089e+08
4.63936e+08
4.65665e+08
4.67674e+08
4.69982e+08
4.72155e+08
4.74381e+08
4.76691e+08
4.78962e+08
4.81579e+08
4.84927e+08
4.89117e+08
4.94192e+08
4.99855e+08
5.06096e+08
5.12002e+08
5.17126e+08
5.20767e+08
5.22775e+08
5.22472e+08
5.19664e+08
5.14555e+08
5.07481e+08
4.99582e+08
4.91791e+08
4.84627e+08
4.78815e+08
4.74058e+08
4.70027e+08
4.66693e+08
4.63526e+08
4.60711e+08
4.58094e+08
4.5595e+08
4.54521e+08
4.5454e+08
4.55367e+08
4.57261e+08
4.59681e+08
4.62386e+08
4.65424e+08
4.68453e+08
4.71579e+08
4.74844e+08
4.78431e+08
4.82109e+08
4.85753e+08
4.89136e+08
4.91521e+08
4.92517e+08
4.92836e+08
4.92806e+08
4.92451e+08
4.92531e+08
4.93087e+08
4.93863e+08
4.94384e+08
4.94634e+08
4.94462e+08
4.93878e+08
4.93087e+08
4.92214e+08
4.90293e+08
4.87375e+08
4.83175e+08
4.77938e+08
4.72237e+08
4.66887e+08
4.62759e+08
4.60166e+08
4.59864e+08
4.61516e+08
4.65254e+08
4.70432e+08
4.76697e+08
4.83334e+08
4.89091e+08
4.92918e+08
4.94692e+08
4.94456e+08
4.9304e+08
4.90161e+08
4.86657e+08
4.82776e+08
4.78656e+08
4.74618e+08
4.7056e+08
4.66793e+08
4.63345e+08
4.60273e+08
4.58193e+08
4.57276e+08
4.57999e+08
4.59846e+08
4.63501e+08
4.68312e+08
4.73057e+08
4.7758e+08
4.81232e+08
4.83478e+08
4.846e+08
4.85412e+08
4.86748e+08
4.88055e+08
4.89405e+08
4.90877e+08
4.91883e+08
4.92721e+08
4.92882e+08
4.92582e+08
4.91492e+08
4.90355e+08
4.89207e+08
4.8888e+08
4.89015e+08
4.90045e+08
4.91924e+08
4.94583e+08
4.97843e+08
5.00982e+08
5.03341e+08
5.04071e+08
5.02525e+08
4.97994e+08
4.90649e+08
4.81417e+08
4.71648e+08
4.62721e+08
4.55748e+08
4.51325e+08
4.49972e+08
4.51173e+08
4.54946e+08
4.60751e+08
4.67743e+08
4.75992e+08
4.83285e+08
4.89204e+08
4.92504e+08
4.92671e+08
4.89929e+08
4.85491e+08
4.80499e+08
4.76198e+08
4.73894e+08
4.73712e+08
4.75199e+08
4.78474e+08
4.82602e+08
4.86171e+08
4.88345e+08
4.89165e+08
4.89174e+08
4.88588e+08
4.87668e+08
4.86813e+08
4.85893e+08
4.85079e+08
4.84353e+08
4.84096e+08
4.8366e+08
4.83197e+08
4.82611e+08
4.81448e+08
4.80402e+08
4.7904e+08
4.78197e+08
4.78106e+08
4.78514e+08
4.78799e+08
4.78499e+08
4.76661e+08
4.73684e+08
4.70697e+08
4.68733e+08
4.67839e+08
4.68342e+08
4.70456e+08
4.73844e+08
4.78482e+08
4.83708e+08
4.88726e+08
4.93017e+08
4.95615e+08
4.97158e+08
4.98251e+08
4.989e+08
4.99477e+08
4.99974e+08
5.00151e+08
4.99801e+08
4.99081e+08
4.97453e+08
4.95354e+08
4.92724e+08
4.89984e+08
4.86875e+08
4.84067e+08
4.81324e+08
4.78742e+08
4.76822e+08
4.75511e+08
4.74431e+08
4.7338e+08
4.72076e+08
4.7069e+08
4.68671e+08
4.66504e+08
4.64377e+08
4.62323e+08
4.61262e+08
4.6206e+08
4.64691e+08
4.69042e+08
4.74128e+08
4.78928e+08
4.82385e+08
4.84221e+08
4.83874e+08
4.82033e+08
4.79411e+08
4.77089e+08
4.75354e+08
4.75104e+08
4.75939e+08
4.77378e+08
4.79296e+08
4.80789e+08
4.81191e+08
4.8032e+08
4.78271e+08
4.74819e+08
4.70844e+08
4.6616e+08
4.61658e+08
4.57978e+08
4.56076e+08
4.55861e+08
4.58123e+08
4.62781e+08
4.69625e+08
4.78698e+08
4.89019e+08
5.00433e+08
5.1153e+08
5.20633e+08
5.27077e+08
5.30006e+08
5.29423e+08
5.2605e+08
5.20635e+08
5.13761e+08
5.06635e+08
4.98954e+08
4.92258e+08
4.86753e+08
4.82575e+08
4.79872e+08
4.78208e+08
4.77273e+08
4.76425e+08
4.75049e+08
4.72866e+08
4.70358e+08
4.67695e+08
4.65175e+08
4.63285e+08
4.61991e+08
4.61963e+08
4.63014e+08
4.65285e+08
4.67964e+08
4.71196e+08
4.74598e+08
4.77918e+08
4.80383e+08
4.81656e+08
4.81697e+08
4.80557e+08
4.79362e+08
4.78622e+08
4.7833e+08
4.79353e+08
4.81327e+08
4.84187e+08
4.87561e+08
4.91423e+08
4.94291e+08
4.95941e+08
4.95226e+08
4.92708e+08
4.88477e+08
4.83363e+08
4.77925e+08
4.73311e+08
4.70116e+08
4.68411e+08
4.68616e+08
4.70408e+08
4.73148e+08
4.76171e+08
4.79675e+08
4.82964e+08
4.85661e+08
4.87856e+08
4.89308e+08
4.90002e+08
4.89634e+08
4.88504e+08
4.87175e+08
4.86018e+08
4.85346e+08
4.85372e+08
4.85597e+08
4.86365e+08
4.86619e+08
4.86424e+08
4.85776e+08
4.85027e+08
4.84593e+08
4.84761e+08
4.85877e+08
4.87796e+08
4.90344e+08
4.92161e+08
4.92843e+08
4.92402e+08
4.90368e+08
4.87745e+08
4.84307e+08
4.80808e+08
4.77497e+08
4.74615e+08
4.7261e+08
4.70704e+08
4.68663e+08
4.67443e+08
4.66469e+08
4.662e+08
4.66749e+08
4.68001e+08
4.69835e+08
4.72398e+08
4.7523e+08
4.78365e+08
4.81134e+08
4.83628e+08
4.8513e+08
4.85505e+08
4.85315e+08
4.84234e+08
4.83394e+08
4.82842e+08
4.83496e+08
4.84902e+08
4.87396e+08
4.8991e+08
4.92597e+08
4.94747e+08
4.96281e+08
4.96754e+08
4.95796e+08
4.92749e+08
4.8767e+08
4.81251e+08
4.73783e+08
4.66265e+08
4.59457e+08
4.54081e+08
4.50626e+08
4.4929e+08
4.50286e+08
4.53554e+08
4.59183e+08
4.66764e+08
4.75487e+08
4.84611e+08
4.93293e+08
5.003e+08
5.05268e+08
5.07926e+08
5.08042e+08
5.05274e+08
5.00179e+08
4.93286e+08
4.85445e+08
4.77456e+08
4.70398e+08
4.64447e+08
4.60104e+08
4.57901e+08
4.58065e+08
4.60222e+08
4.64214e+08
4.69264e+08
4.75107e+08
4.81119e+08
4.86357e+08
4.89941e+08
4.91941e+08
4.92023e+08
4.9019e+08
4.87166e+08
4.83779e+08
4.8077e+08
4.78822e+08
4.78692e+08
4.80324e+08
4.82906e+08
4.86308e+08
4.89232e+08
4.91119e+08
4.91295e+08
4.89406e+08
4.85988e+08
4.81308e+08
4.77001e+08
4.74168e+08
4.73496e+08
4.75195e+08
4.79047e+08
4.837e+08
4.88502e+08
4.92207e+08
4.93743e+08
4.92427e+08
4.8852e+08
4.82565e+08
4.75162e+08
4.67046e+08
4.59218e+08
4.52896e+08
4.48392e+08
4.46492e+08
4.47269e+08
4.51169e+08
4.58388e+08
4.67975e+08
4.79654e+08
4.90927e+08
5.00564e+08
5.07038e+08
5.0896e+08
5.07531e+08
5.03317e+08
4.97234e+08
4.90185e+08
4.83112e+08
4.76534e+08
4.71362e+08
4.68229e+08
4.67574e+08
4.68881e+08
4.72116e+08
4.76298e+08
4.81095e+08
4.85648e+08
4.8939e+08
4.92807e+08
4.95463e+08
4.9719e+08
4.97968e+08
4.96935e+08
4.94443e+08
4.91039e+08
4.87923e+08
4.85716e+08
4.84246e+08
4.83025e+08
4.82019e+08
4.7999e+08
4.77451e+08
4.7435e+08
4.70935e+08
4.67195e+08
4.63387e+08
4.5989e+08
4.57219e+08
4.55434e+08
4.54851e+08
4.55625e+08
4.5771e+08
4.60398e+08
4.63432e+08
4.6614e+08
4.68828e+08
4.70846e+08
4.73139e+08
4.75548e+08
4.77997e+08
4.80622e+08
4.83816e+08
4.8674e+08
4.89605e+08
4.91752e+08
4.93291e+08
4.93798e+08
4.93581e+08
4.9264e+08
4.90776e+08
4.88535e+08
4.85896e+08
4.83234e+08
4.81208e+08
4.79828e+08
4.79605e+08
4.79958e+08
4.80991e+08
4.82013e+08
4.82562e+08
4.82527e+08
4.8163e+08
4.80439e+08
4.79702e+08
4.79457e+08
4.80216e+08
4.8189e+08
4.83763e+08
4.85648e+08
4.87078e+08
4.88366e+08
4.89412e+08
4.89941e+08
4.89555e+08
4.87141e+08
4.83345e+08
4.78501e+08
4.738e+08
4.70318e+08
4.68964e+08
4.69581e+08
4.72281e+08
4.76436e+08
4.81453e+08
4.87206e+08
4.92696e+08
4.9735e+08
5.0029e+08
5.01369e+08
5.00264e+08
4.97422e+08
4.92455e+08
4.85804e+08
4.7845e+08
4.71097e+08
4.65087e+08
4.61419e+08
4.60268e+08
4.61006e+08
4.63588e+08
4.66674e+08
4.70207e+08
4.74024e+08
4.78153e+08
4.82109e+08
4.85434e+08
4.88576e+08
4.91004e+08
4.92716e+08
4.93439e+08
4.92971e+08
4.90892e+08
4.87182e+08
4.82053e+08
4.76263e+08
4.7065e+08
4.66439e+08
4.6471e+08
4.65769e+08
4.69966e+08
4.76303e+08
4.83695e+08
4.90151e+08
4.94438e+08
4.95266e+08
4.93179e+08
4.89457e+08
4.84855e+08
4.80047e+08
4.7569e+08
4.72123e+08
4.70222e+08
4.70302e+08
4.7269e+08
4.77389e+08
4.83688e+08
4.90565e+08
4.96695e+08
5.01054e+08
5.02196e+08
5.00047e+08
4.95061e+08
4.88612e+08
4.81957e+08
4.75937e+08
4.71627e+08
4.69912e+08
4.7085e+08
4.74536e+08
4.80689e+08
4.88513e+08
4.97323e+08
5.05873e+08
5.12811e+08
5.16505e+08
5.16322e+08
5.11441e+08
5.03109e+08
4.92358e+08
4.80601e+08
4.69439e+08
4.59415e+08
4.52003e+08
4.47441e+08
4.46136e+08
