3.17113e-21
3.28941e-21
3.37988e-21
3.43639e-21
3.45888e-21
3.45123e-21
3.41805e-21
3.36343e-21
3.29072e-21
3.20288e-21
3.10322e-21
2.99686e-21
2.89136e-21
2.79692e-21
2.72469e-21
2.6839e-21
2.67973e-21
2.7127e-21
2.77967e-21
2.87429e-21
2.98653e-21
3.10263e-21
3.20695e-21
3.28543e-21
3.32877e-21
3.33361e-21
3.30194e-21
3.23988e-21
3.15607e-21
3.06071e-21
2.9645e-21
2.87828e-21
2.81173e-21
2.77169e-21
2.76091e-21
2.77784e-21
2.81702e-21
2.86992e-21
2.92611e-21
2.9748e-21
3.00678e-21
3.01589e-21
2.99996e-21
2.96139e-21
2.90643e-21
2.84376e-21
2.78274e-21
2.73182e-21
2.69777e-21
2.68592e-21
2.70006e-21
2.74088e-21
2.80419e-21
2.88152e-21
2.96278e-21
3.03906e-21
3.10315e-21
3.14944e-21
3.17391e-21
3.17469e-21
3.15276e-21
3.11262e-21
3.06194e-21
3.00996e-21
2.96515e-21
2.93372e-21
2.91842e-21
2.91872e-21
2.93179e-21
2.95341e-21
2.9788e-21
3.00332e-21
3.02248e-21
3.03269e-21
3.03167e-21
3.01878e-21
2.99487e-21
2.9621e-21
2.92388e-21
2.88532e-21
2.85414e-21
2.84019e-21
2.8533e-21
2.89879e-21
2.97203e-21
3.05746e-21
3.13294e-21
3.17739e-21
3.17659e-21
3.12582e-21
3.02983e-21
2.90083e-21
2.75673e-21
2.61825e-21
2.50685e-21
2.44065e-21
2.43079e-21
2.47865e-21
2.57612e-21
2.70922e-21
2.86204e-21
3.01978e-21
3.16959e-21
3.3003e-21
3.4024e-21
3.46898e-21
3.49668e-21
3.48587e-21
3.4405e-21
3.36724e-21
3.27507e-21
3.17482e-21
3.07794e-21
2.99508e-21
2.93468e-21
2.90191e-21
2.89804e-21
2.92043e-21
2.96299e-21
3.01679e-21
3.07197e-21
3.11931e-21
3.15113e-21
3.16301e-21
3.15357e-21
3.12416e-21
3.07753e-21
3.01741e-21
2.94867e-21
2.87796e-21
2.81336e-21
2.76308e-21
2.73289e-21
2.72382e-21
2.73204e-21
2.75033e-21
2.77043e-21
2.78506e-21
2.78874e-21
2.77831e-21
2.75369e-21
2.71846e-21
2.68036e-21
2.6505e-21
2.64043e-21
2.65839e-21
2.7065e-21
2.78063e-21
2.8722e-21
2.97039e-21
3.06408e-21
3.14343e-21
3.20189e-21
3.23655e-21
3.24727e-21
3.23521e-21
3.20239e-21
3.15172e-21
3.08775e-21
3.01749e-21
2.95049e-21
2.89716e-21
2.86609e-21
2.86165e-21
2.88227e-21
2.92126e-21
2.96918e-21
3.01753e-21
3.06113e-21
3.09763e-21
3.12549e-21
3.14225e-21
3.14411e-21
3.12776e-21
3.09308e-21
3.04413e-21
2.98806e-21
2.93286e-21
2.88495e-21
2.84883e-21
2.82762e-21
2.82338e-21
2.83698e-21
2.8677e-21
2.91332e-21
2.96958e-21
3.02997e-21
3.08588e-21
3.12745e-21
3.14619e-21
3.13717e-21
3.10078e-21
3.04231e-21
2.96979e-21
2.89167e-21
2.81633e-21
2.75291e-21
2.71123e-21
2.69969e-21
2.72147e-21
2.77324e-21
2.84712e-21
2.93364e-21
3.02384e-21
3.10991e-21
3.18457e-21
3.24156e-21
3.27664e-21
3.28819e-21
3.27684e-21
3.24564e-21
3.19897e-21
3.14234e-21
3.08214e-21
3.02459e-21
2.97418e-21
2.93281e-21
2.89962e-21
2.87278e-21
2.85066e-21
2.83249e-21
2.81801e-21
2.80743e-21
2.80114e-21
2.79955e-21
2.80346e-21
2.81399e-21
2.83279e-21
2.86168e-21
2.90169e-21
2.95088e-21
3.00316e-21
3.04834e-21
3.07557e-21
3.07695e-21
3.05053e-21
3.00111e-21
2.93914e-21
2.87818e-21
2.83091e-21
2.80554e-21
2.80379e-21
2.82137e-21
2.85094e-21
2.8856e-21
2.92099e-21
2.95466e-21
2.98454e-21
3.0079e-21
3.02287e-21
3.03148e-21
3.04057e-21
3.05925e-21
3.09167e-21
3.13329e-21
3.17593e-21
3.21551e-21
3.2524e-21
3.28628e-21
3.31258e-21
3.32348e-21
3.31196e-21
3.2739e-21
3.20999e-21
3.12624e-21
3.03267e-21
2.94103e-21
2.86163e-21
2.8016e-21
2.76468e-21
2.75189e-21
2.76229e-21
2.79364e-21
2.84133e-21
2.89761e-21
2.9526e-21
2.99731e-21
3.02628e-21
3.03864e-21
3.03772e-21
3.02951e-21
3.02044e-21
3.01541e-21
3.01575e-21
3.01966e-21
3.02351e-21
3.02444e-21
3.02166e-21
3.01673e-21
3.01206e-21
3.00924e-21
3.00724e-21
3.00318e-21
2.99427e-21
2.98015e-21
2.96399e-21
2.95163e-21
2.94833e-21
2.95605e-21
2.97218e-21
2.9901e-21
3.00161e-21
3.00044e-21
2.98586e-21
2.96317e-21
2.94139e-21
2.92894e-21
2.93022e-21
2.94433e-21
2.96615e-21
2.98895e-21
3.00589e-21
3.01066e-21
2.99822e-21
2.96609e-21
2.91569e-21
2.8531e-21
2.78788e-21
2.73096e-21
2.69164e-21
2.6759e-21
2.68645e-21
2.72349e-21
2.78459e-21
2.86374e-21
2.95131e-21
3.03593e-21
3.10659e-21
3.15458e-21
3.17438e-21
3.16458e-21
3.12818e-21
3.07215e-21
3.00644e-21
2.94298e-21
2.89406e-21
2.86941e-21
2.87412e-21
2.90679e-21
2.95988e-21
3.0219e-21
3.08139e-21
3.1309e-21
3.16865e-21
3.19634e-21
3.2139e-21
3.21647e-21
3.19754e-21
3.15466e-21
3.09228e-21
3.02023e-21
2.94975e-21
2.8891e-21
2.84138e-21
2.80574e-21
2.78053e-21
2.7663e-21
2.76657e-21
2.78623e-21
2.82846e-21
2.89216e-21
2.97095e-21
3.05414e-21
3.12981e-21
3.18763e-21
3.22084e-21
3.22706e-21
3.20741e-21
3.16586e-21
3.10857e-21
3.04332e-21
2.97861e-21
2.92254e-21
2.88136e-21
2.8584e-21
2.8534e-21
2.86362e-21
2.88555e-21
2.91622e-21
2.95341e-21
2.99502e-21
3.03756e-21
3.07618e-21
3.10578e-21
3.12308e-21
3.12786e-21
3.12236e-21
3.10978e-21
3.09295e-21
3.07399e-21
3.05444e-21
3.03543e-21
3.01706e-21
2.99786e-21
2.97522e-21
2.94585e-21
2.90705e-21
2.85794e-21
2.79997e-21
2.73696e-21
2.67435e-21
2.61831e-21
2.57506e-21
2.55035e-21
2.5489e-21
2.57371e-21
2.62438e-21
2.69547e-21
2.77761e-21
2.85987e-21
2.93361e-21
2.99412e-21
3.04089e-21
3.07651e-21
3.10525e-21
3.13133e-21
3.15699e-21
3.18152e-21
3.20176e-21
3.21387e-21
3.21542e-21
3.2061e-21
3.18793e-21
3.16373e-21
3.13608e-21
3.10648e-21
3.07557e-21
3.04344e-21
3.00984e-21
2.97437e-21
2.93723e-21
2.89985e-21
2.8659e-21
2.83996e-21
2.82515e-21
2.82142e-21
2.82486e-21
2.82958e-21
2.83114e-21
2.82849e-21
2.82413e-21
2.82174e-21
2.82352e-21
2.82936e-21
2.8376e-21
2.84683e-21
2.8577e-21
2.87376e-21
2.90001e-21
2.93988e-21
2.99215e-21
3.05055e-21
3.10624e-21
3.15101e-21
3.17911e-21
3.18748e-21
3.17507e-21
3.14222e-21
3.09129e-21
3.02762e-21
2.96065e-21
2.90227e-21
2.86223e-21
2.84418e-21
2.84595e-21
2.86281e-21
2.89006e-21
2.92384e-21
2.96055e-21
2.99751e-21
3.03347e-21
3.06842e-21
3.10256e-21
3.13524e-21
3.16428e-21
3.18618e-21
3.19691e-21
3.19312e-21
3.17343e-21
3.13922e-21
3.09474e-21
3.04675e-21
3.00255e-21
2.96792e-21
2.94498e-21
2.93143e-21
2.92222e-21
2.91224e-21
2.89889e-21
2.88282e-21
2.86665e-21
2.85313e-21
2.84423e-21
2.84138e-21
2.84536e-21
2.8557e-21
2.86995e-21
2.88411e-21
2.894e-21
2.8964e-21
2.88949e-21
2.87269e-21
2.84643e-21
2.81297e-21
2.77723e-21
2.74705e-21
2.73202e-21
2.74132e-21
2.78059e-21
2.84929e-21
2.9397e-21
3.03823e-21
3.12966e-21
3.20178e-21
3.24781e-21
3.26567e-21
3.25676e-21
3.22385e-21
3.17058e-21
3.10223e-21
3.02628e-21
2.95276e-21
2.89351e-21
2.85977e-21
2.85798e-21
2.88644e-21
2.93513e-21
2.98966e-21
3.03602e-21
3.0641e-21
3.06904e-21
3.0516e-21
3.01735e-21
2.97599e-21
2.93844e-21
2.91298e-21
2.902e-21
2.90279e-21
2.91045e-21
2.92079e-21
2.93111e-21
2.93994e-21
2.94655e-21
2.95069e-21
2.95273e-21
2.95394e-21
2.95591e-21
2.96026e-21
2.9679e-21
2.97802e-21
2.98794e-21
2.99363e-21
2.99157e-21
2.98246e-21
2.97283e-21
2.97281e-21
2.98907e-21
3.01896e-21
3.05182e-21
3.07631e-21
3.08592e-21
3.07922e-21
3.05726e-21
3.02175e-21
2.97494e-21
2.92144e-21
2.86939e-21
2.82823e-21
2.80301e-21
2.79157e-21
2.78733e-21
2.78465e-21
2.78114e-21
2.7777e-21
2.77666e-21
2.78024e-21
2.78955e-21
2.8046e-21
2.82468e-21
2.84922e-21
2.87753e-21
2.9081e-21
2.93914e-21
2.96841e-21
2.99346e-21
3.01237e-21
3.02467e-21
3.03169e-21
3.03644e-21
3.04244e-21
3.0523e-21
3.06734e-21
3.08702e-21
3.10846e-21
3.12668e-21
3.13532e-21
3.12849e-21
3.10316e-21
3.06127e-21
3.00993e-21
2.96005e-21
2.92313e-21
2.90704e-21
2.91378e-21
2.93895e-21
2.9736e-21
3.00736e-21
3.03124e-21
3.04042e-21
3.03513e-21
3.01962e-21
3.00025e-21
2.98376e-21
2.97589e-21
2.98043e-21
2.99899e-21
3.03096e-21
3.07343e-21
3.12155e-21
3.16855e-21
3.20696e-21
3.23003e-21
3.23291e-21
3.21315e-21
3.17004e-21
3.10417e-21
3.01696e-21
2.91153e-21
2.79483e-21
2.67911e-21
2.58022e-21
2.51209e-21
2.4811e-21
2.48527e-21
2.51768e-21
2.57055e-21
2.63679e-21
2.71005e-21
2.78379e-21
2.85139e-21
2.90718e-21
2.94782e-21
2.97332e-21
2.9872e-21
2.99531e-21
3.00404e-21
3.01807e-21
3.039e-21
3.06563e-21
3.09444e-21
3.12139e-21
3.14274e-21
3.15528e-21
3.15709e-21
3.14798e-21
3.12941e-21
3.10323e-21
3.07148e-21
3.03706e-21
3.00476e-21
2.98079e-21
2.97001e-21
2.97256e-21
2.98384e-21
2.99695e-21
3.00601e-21
3.00721e-21
2.99845e-21
2.97884e-21
2.9491e-21
2.9121e-21
2.87278e-21
2.83871e-21
2.8181e-21
2.81778e-21
2.84042e-21
2.8829e-21
2.93737e-21
2.99392e-21
3.04327e-21
3.07849e-21
3.09571e-21
3.09445e-21
3.07719e-21
3.04849e-21
3.01371e-21
2.97732e-21
2.94282e-21
2.91251e-21
2.88789e-21
2.87062e-21
2.86262e-21
2.8652e-21
2.87751e-21
2.8954e-21
2.91285e-21
2.92438e-21
2.92761e-21
2.92432e-21
2.91904e-21
2.91682e-21
2.92056e-21
2.93004e-21
2.94173e-21
2.94989e-21
2.94916e-21
2.93702e-21
2.91524e-21
2.88934e-21
2.86691e-21
2.85472e-21
2.85691e-21
2.87387e-21
2.90255e-21
2.93762e-21
2.97338e-21
3.00577e-21
3.03297e-21
3.05541e-21
3.07466e-21
3.09198e-21
3.10759e-21
3.12019e-21
3.12747e-21
3.12713e-21
3.11775e-21
3.09958e-21
3.07385e-21
3.04267e-21
3.00857e-21
2.97472e-21
2.94487e-21
2.92277e-21
2.91128e-21
2.91055e-21
2.91721e-21
2.92552e-21
2.92924e-21
2.92408e-21
2.90885e-21
2.88587e-21
2.85944e-21
2.83368e-21
2.8119e-21
2.79675e-21
2.7915e-21
2.8009e-21
2.82943e-21
2.87845e-21
2.94462e-21
3.02068e-21
3.09753e-21
3.16695e-21
3.22277e-21
3.26066e-21
3.27747e-21
3.27093e-21
3.24044e-21
3.18733e-21
3.11521e-21
3.02987e-21
2.93887e-21
2.85105e-21
2.7752e-21
2.7191e-21
2.68761e-21
2.68335e-21
2.70694e-21
2.75613e-21
2.82459e-21
2.90304e-21
2.98211e-21
3.05453e-21
3.1149e-21
3.15901e-21
3.18336e-21
3.1861e-21
3.16762e-21
3.13091e-21
3.081e-21
3.02403e-21
2.96679e-21
2.91641e-21
2.87958e-21
2.86131e-21
2.86335e-21
2.88347e-21
2.9161e-21
2.95333e-21
2.98631e-21
3.00671e-21
3.0093e-21
2.99315e-21
2.96215e-21
2.92378e-21
2.88715e-21
2.86147e-21
2.85452e-21
2.87065e-21
2.90827e-21
2.95861e-21
3.00834e-21
3.04378e-21
3.05553e-21
3.04067e-21
3.00309e-21
2.95258e-21
2.90159e-21
2.862e-21
2.84306e-21
2.84997e-21
2.88364e-21
2.94075e-21
3.01426e-21
3.09456e-21
3.17206e-21
3.23837e-21
3.28671e-21
3.31128e-21
3.30741e-21
3.27154e-21
3.20273e-21
3.10455e-21
2.98689e-21
2.86608e-21
2.76211e-21
2.69249e-21
2.66524e-21
2.67787e-21
2.7212e-21
2.78459e-21
2.85823e-21
2.93324e-21
3.00132e-21
3.05526e-21
3.08951e-21
3.10088e-21
3.08971e-21
3.05944e-21
3.01656e-21
2.96895e-21
2.92354e-21
2.88409e-21
2.85094e-21
2.8231e-21
2.8016e-21
2.7909e-21
2.79602e-21
2.81745e-21
2.84851e-21
2.8792e-21
2.90206e-21
2.91582e-21
2.92499e-21
2.936e-21
2.95342e-21
2.97841e-21
3.00972e-21
3.04578e-21
3.08536e-21
3.12714e-21
3.16839e-21
3.20469e-21
3.23074e-21
3.2425e-21
3.23864e-21
3.22137e-21
3.19533e-21
3.16584e-21
3.13725e-21
3.11142e-21
3.08795e-21
3.06524e-21
3.04133e-21
3.01483e-21
2.98538e-21
2.95374e-21
2.92178e-21
2.89235e-21
2.86826e-21
2.85206e-21
2.84508e-21
2.84761e-21
2.85898e-21
2.87781e-21
2.90223e-21
2.92981e-21
2.95701e-21
2.97957e-21
2.99347e-21
2.99659e-21
2.98975e-21
2.97655e-21
2.96239e-21
2.95255e-21
2.95058e-21
2.95692e-21
2.96826e-21
2.97825e-21
2.98045e-21
2.9721e-21
2.95552e-21
2.93606e-21
2.91899e-21
2.9065e-21
2.89767e-21
2.89073e-21
2.88711e-21
2.89339e-21
2.91707e-21
2.95961e-21
3.01353e-21
3.06634e-21
3.10621e-21
3.12594e-21
3.12314e-21
3.09932e-21
3.0587e-21
3.00632e-21
2.94776e-21
2.88935e-21
2.83827e-21
2.8018e-21
2.78531e-21
2.79103e-21
2.81867e-21
2.86632e-21
2.93069e-21
3.00585e-21
3.0818e-21
3.14593e-21
3.18726e-21
3.20138e-21
3.19187e-21
3.16702e-21
3.13425e-21
3.09735e-21
3.05839e-21
3.01946e-21
2.98269e-21
2.94923e-21
2.91919e-21
2.8932e-21
2.87338e-21
2.86332e-21
2.86671e-21
2.88633e-21
2.92298e-21
2.97448e-21
3.03452e-21
3.09273e-21
3.13699e-21
3.15674e-21
3.14555e-21
3.10273e-21
3.03449e-21
2.95443e-21
2.88132e-21
2.83306e-21
2.81921e-21
2.83745e-21
2.87732e-21
2.92745e-21
2.97946e-21
3.02784e-21
3.06778e-21
3.09399e-21
3.10153e-21
3.08656e-21
3.04787e-21
2.98886e-21
2.91898e-21
2.85291e-21
2.80703e-21
2.79333e-21
2.81489e-21
2.8654e-21
2.9329e-21
3.00413e-21
3.06705e-21
3.11214e-21
3.13301e-21
3.12607e-21
3.09102e-21
3.03075e-21
2.95081e-21
2.85962e-21
2.76885e-21
2.69302e-21
2.64753e-21
2.64429e-21
2.68682e-21
2.76869e-21
2.87636e-21
2.99423e-21
3.10837e-21
3.20784e-21
3.28449e-21
3.33254e-21
3.34861e-21
