-1.19043e-20
-1.19027e-20
-1.19039e-20
-1.19004e-20
-1.18957e-20
-1.189e-20
-1.18906e-20
-1.1885e-20
-1.18834e-20
-1.18769e-20
-1.18781e-20
-1.18683e-20
-1.1866e-20
-1.18692e-20
-1.18712e-20
-1.1874e-20
-1.18799e-20
-1.18813e-20
-1.18852e-20
-1.1886e-20
-1.18907e-20
-1.1891e-20
-1.1889e-20
-1.18887e-20
-1.18893e-20
-1.18899e-20
-1.18887e-20
-1.18869e-20
-1.18845e-20
-1.18846e-20
-1.18808e-20
-1.18779e-20
-1.18825e-20
-1.18839e-20
-1.18927e-20
-1.18901e-20
-1.18919e-20
-1.1892e-20
-1.18969e-20
-1.1889e-20
-1.18803e-20
-1.18778e-20
-1.1871e-20
-1.18719e-20
-1.18729e-20
-1.18727e-20
-1.18755e-20
-1.18806e-20
-1.18841e-20
-1.18873e-20
-1.18893e-20
-1.18903e-20
-1.18951e-20
-1.18996e-20
-1.1898e-20
-1.18964e-20
-1.18955e-20
-1.19045e-20
-1.19037e-20
-1.1894e-20
-1.18948e-20
-1.18985e-20
-1.18943e-20
-1.18924e-20
-1.18921e-20
-1.18951e-20
-1.1893e-20
-1.18915e-20
-1.18845e-20
-1.18866e-20
-1.18867e-20
-1.18879e-20
-1.18871e-20
-1.18868e-20
-1.18856e-20
-1.18823e-20
-1.18834e-20
-1.18849e-20
-1.18817e-20
-1.18857e-20
-1.18847e-20
-1.18885e-20
-1.18946e-20
-1.18955e-20
-1.18954e-20
-1.18933e-20
-1.1894e-20
-1.18914e-20
-1.18887e-20
-1.18867e-20
-1.18842e-20
-1.1873e-20
-1.18704e-20
-1.18729e-20
-1.18818e-20
-1.18856e-20
-1.18937e-20
-1.18999e-20
-1.19086e-20
-1.19098e-20
-1.19087e-20
-1.1907e-20
-1.19085e-20
-1.19032e-20
-1.19006e-20
-1.1899e-20
-1.18951e-20
-1.18907e-20
-1.18868e-20
-1.18837e-20
-1.18758e-20
-1.18742e-20
-1.18766e-20
-1.18733e-20
-1.18759e-20
-1.18839e-20
-1.18897e-20
-1.18928e-20
-1.18929e-20
-1.18913e-20
-1.18916e-20
-1.18874e-20
-1.18805e-20
-1.18783e-20
-1.18828e-20
-1.18824e-20
-1.18824e-20
-1.18827e-20
-1.18837e-20
-1.1889e-20
-1.18894e-20
-1.18941e-20
-1.18948e-20
-1.18938e-20
-1.1896e-20
-1.18994e-20
-1.19014e-20
-1.18976e-20
-1.1897e-20
-1.18963e-20
-1.18898e-20
-1.18855e-20
-1.18857e-20
-1.18843e-20
-1.18846e-20
-1.18869e-20
-1.18942e-20
-1.18993e-20
-1.18998e-20
-1.18991e-20
-1.18944e-20
-1.18925e-20
-1.18902e-20
-1.18907e-20
-1.18862e-20
-1.18855e-20
-1.18835e-20
-1.18827e-20
-1.18868e-20
-1.18867e-20
-1.18891e-20
-1.18932e-20
-1.18935e-20
-1.18933e-20
-1.18933e-20
-1.18931e-20
-1.18921e-20
-1.1891e-20
-1.18911e-20
-1.18889e-20
-1.18886e-20
-1.18858e-20
-1.18819e-20
-1.18808e-20
-1.18806e-20
-1.18817e-20
-1.1877e-20
-1.1876e-20
-1.18712e-20
-1.18769e-20
-1.18764e-20
-1.18752e-20
-1.18792e-20
-1.18801e-20
-1.18821e-20
-1.18887e-20
-1.18887e-20
-1.1887e-20
-1.18843e-20
-1.18846e-20
-1.18795e-20
-1.18748e-20
-1.18804e-20
-1.18802e-20
-1.18786e-20
-1.18793e-20
-1.18781e-20
-1.18808e-20
-1.18841e-20
-1.1883e-20
-1.18915e-20
-1.18939e-20
-1.18961e-20
-1.18916e-20
-1.1896e-20
-1.18908e-20
-1.18953e-20
-1.18915e-20
-1.18877e-20
-1.18819e-20
-1.18838e-20
-1.18855e-20
-1.18833e-20
-1.18819e-20
-1.18861e-20
-1.18877e-20
-1.18893e-20
-1.1893e-20
-1.18913e-20
-1.18917e-20
-1.18928e-20
-1.18903e-20
-1.18885e-20
-1.18904e-20
-1.18887e-20
-1.18893e-20
-1.18923e-20
-1.18939e-20
-1.18928e-20
-1.18924e-20
-1.18997e-20
-1.18987e-20
-1.18974e-20
-1.18892e-20
-1.18901e-20
-1.18831e-20
-1.18835e-20
-1.18851e-20
-1.18831e-20
-1.18791e-20
-1.18837e-20
-1.18896e-20
-1.18897e-20
-1.18934e-20
-1.18936e-20
-1.18957e-20
-1.18955e-20
-1.18942e-20
-1.18934e-20
-1.18992e-20
-1.19003e-20
-1.19009e-20
-1.19e-20
-1.19035e-20
-1.19017e-20
-1.19008e-20
-1.18982e-20
-1.19031e-20
-1.18961e-20
-1.18935e-20
-1.18834e-20
-1.18853e-20
-1.18804e-20
-1.18773e-20
-1.18744e-20
-1.18792e-20
-1.18807e-20
-1.18853e-20
-1.18897e-20
-1.18884e-20
-1.18901e-20
-1.18945e-20
-1.18971e-20
-1.18955e-20
-1.18929e-20
-1.18922e-20
-1.1893e-20
-1.18979e-20
-1.18956e-20
-1.18939e-20
-1.18994e-20
-1.18996e-20
-1.18957e-20
-1.1897e-20
-1.18935e-20
-1.18933e-20
-1.18966e-20
-1.18992e-20
-1.19006e-20
-1.1897e-20
-1.18899e-20
-1.18927e-20
-1.18924e-20
-1.18896e-20
-1.18958e-20
-1.18922e-20
-1.189e-20
-1.1894e-20
-1.18965e-20
-1.18948e-20
-1.18931e-20
-1.18877e-20
-1.18885e-20
-1.18851e-20
-1.18848e-20
-1.18912e-20
-1.18917e-20
-1.18924e-20
-1.1892e-20
-1.18924e-20
-1.18929e-20
-1.18949e-20
-1.18919e-20
-1.18834e-20
-1.18843e-20
-1.18776e-20
-1.18747e-20
-1.18794e-20
-1.18764e-20
-1.18756e-20
-1.18782e-20
-1.18787e-20
-1.18812e-20
-1.18775e-20
-1.18767e-20
-1.18784e-20
-1.18811e-20
-1.18829e-20
-1.18802e-20
-1.18824e-20
-1.1878e-20
-1.18742e-20
-1.18728e-20
-1.18746e-20
-1.18799e-20
-1.18864e-20
-1.18892e-20
-1.18914e-20
-1.18902e-20
-1.18902e-20
-1.18926e-20
-1.18912e-20
-1.18907e-20
-1.18838e-20
-1.18865e-20
-1.18897e-20
-1.189e-20
-1.18869e-20
-1.18824e-20
-1.18809e-20
-1.18857e-20
-1.18805e-20
-1.18862e-20
-1.1889e-20
-1.18893e-20
-1.18896e-20
-1.18901e-20
-1.18933e-20
-1.18918e-20
-1.18992e-20
-1.19004e-20
-1.18991e-20
-1.18953e-20
-1.18932e-20
-1.18865e-20
-1.18861e-20
-1.18841e-20
-1.1881e-20
-1.18813e-20
-1.18809e-20
-1.18769e-20
-1.1881e-20
-1.18764e-20
-1.18796e-20
-1.18851e-20
-1.18875e-20
-1.18859e-20
-1.18891e-20
-1.18936e-20
-1.18919e-20
-1.18885e-20
-1.18891e-20
-1.18928e-20
-1.18932e-20
-1.18926e-20
-1.18958e-20
-1.18942e-20
-1.18893e-20
-1.18883e-20
-1.18859e-20
-1.18882e-20
-1.18882e-20
-1.18853e-20
-1.18851e-20
-1.18846e-20
-1.18815e-20
-1.18783e-20
-1.18751e-20
-1.18751e-20
-1.18705e-20
-1.18702e-20
-1.18712e-20
-1.18764e-20
-1.18778e-20
-1.18811e-20
-1.18852e-20
-1.18876e-20
-1.18921e-20
-1.18926e-20
-1.18899e-20
-1.18895e-20
-1.18844e-20
-1.18824e-20
-1.18859e-20
-1.18876e-20
-1.18919e-20
-1.18912e-20
-1.18909e-20
-1.18917e-20
-1.18959e-20
-1.18918e-20
-1.18938e-20
-1.18916e-20
-1.18911e-20
-1.18923e-20
-1.18907e-20
-1.18921e-20
-1.18934e-20
-1.1894e-20
-1.18901e-20
-1.18863e-20
-1.18821e-20
-1.18753e-20
-1.18741e-20
-1.18819e-20
-1.18843e-20
-1.18825e-20
-1.18875e-20
-1.18907e-20
-1.18926e-20
-1.18934e-20
-1.18959e-20
-1.18956e-20
-1.18952e-20
-1.18968e-20
-1.18977e-20
-1.18928e-20
-1.18966e-20
-1.18986e-20
-1.18999e-20
-1.18994e-20
-1.18981e-20
-1.18966e-20
-1.1893e-20
-1.18926e-20
-1.18854e-20
-1.18811e-20
-1.18755e-20
-1.18768e-20
-1.18804e-20
-1.18815e-20
-1.18829e-20
-1.1888e-20
-1.18916e-20
-1.18963e-20
-1.18924e-20
-1.18954e-20
-1.18951e-20
-1.18938e-20
-1.18945e-20
-1.18936e-20
-1.1895e-20
-1.18927e-20
-1.18888e-20
-1.18875e-20
-1.18829e-20
-1.18794e-20
-1.18727e-20
-1.18763e-20
-1.18713e-20
-1.18626e-20
-1.18626e-20
-1.18597e-20
-1.18565e-20
-1.18605e-20
-1.187e-20
-1.18767e-20
-1.18721e-20
-1.18732e-20
-1.18774e-20
-1.18783e-20
-1.18838e-20
-1.18836e-20
-1.18865e-20
-1.18864e-20
-1.18921e-20
-1.18923e-20
-1.18943e-20
-1.18878e-20
-1.18869e-20
-1.18852e-20
-1.18842e-20
-1.18833e-20
-1.18806e-20
-1.18808e-20
-1.18818e-20
-1.18832e-20
-1.18816e-20
-1.18832e-20
-1.18873e-20
-1.1891e-20
-1.18932e-20
-1.18946e-20
-1.18959e-20
-1.18983e-20
-1.18947e-20
-1.18944e-20
-1.18907e-20
-1.18867e-20
-1.18885e-20
-1.18773e-20
-1.18796e-20
-1.18795e-20
-1.18818e-20
-1.18858e-20
-1.18913e-20
-1.18926e-20
-1.18938e-20
-1.1896e-20
-1.18909e-20
-1.18856e-20
-1.18887e-20
-1.18861e-20
-1.18786e-20
-1.18759e-20
-1.18802e-20
-1.1886e-20
-1.18862e-20
-1.18852e-20
-1.18853e-20
-1.1883e-20
-1.18842e-20
-1.18869e-20
-1.18918e-20
-1.18895e-20
-1.18917e-20
-1.18918e-20
-1.18892e-20
-1.18925e-20
-1.18882e-20
-1.18916e-20
-1.18925e-20
-1.18916e-20
-1.18926e-20
-1.18961e-20
-1.18931e-20
-1.18933e-20
-1.18941e-20
-1.18916e-20
-1.18844e-20
-1.18843e-20
-1.18871e-20
-1.18864e-20
-1.18866e-20
-1.18834e-20
-1.18817e-20
-1.18824e-20
-1.18787e-20
-1.18825e-20
-1.18835e-20
-1.18803e-20
-1.18824e-20
-1.18853e-20
-1.18869e-20
-1.1888e-20
-1.18892e-20
-1.18854e-20
-1.18889e-20
-1.18916e-20
-1.18964e-20
-1.1896e-20
-1.1899e-20
-1.18946e-20
-1.18921e-20
-1.18937e-20
-1.18916e-20
-1.18873e-20
-1.18862e-20
-1.18869e-20
-1.18894e-20
-1.18855e-20
-1.1886e-20
-1.18827e-20
-1.18782e-20
-1.18827e-20
-1.18887e-20
-1.18884e-20
-1.18873e-20
-1.1883e-20
-1.18819e-20
-1.18841e-20
-1.18903e-20
-1.18912e-20
-1.18955e-20
-1.18969e-20
-1.18973e-20
-1.1893e-20
-1.18946e-20
-1.18909e-20
-1.18896e-20
-1.18926e-20
-1.18896e-20
-1.18873e-20
-1.18892e-20
-1.1892e-20
-1.18912e-20
-1.18939e-20
-1.18874e-20
-1.18869e-20
-1.18871e-20
-1.18895e-20
-1.18869e-20
-1.18913e-20
-1.18905e-20
-1.18874e-20
-1.18852e-20
-1.18788e-20
-1.18817e-20
-1.18811e-20
-1.18821e-20
-1.1889e-20
-1.18889e-20
-1.18882e-20
-1.18907e-20
-1.18938e-20
-1.18969e-20
-1.19023e-20
-1.18975e-20
-1.19038e-20
-1.19014e-20
-1.18978e-20
-1.18969e-20
-1.18956e-20
-1.18961e-20
-1.18937e-20
-1.18897e-20
-1.18882e-20
-1.18918e-20
-1.18922e-20
-1.18922e-20
-1.18932e-20
-1.18925e-20
-1.18973e-20
-1.1897e-20
-1.18959e-20
-1.18885e-20
-1.18886e-20
-1.18881e-20
-1.18888e-20
-1.18857e-20
-1.18832e-20
-1.18795e-20
-1.18755e-20
-1.18797e-20
-1.1881e-20
-1.18803e-20
-1.1886e-20
-1.18834e-20
-1.18824e-20
-1.18822e-20
-1.18846e-20
-1.18789e-20
-1.18821e-20
-1.18824e-20
-1.1892e-20
-1.18942e-20
-1.18944e-20
-1.18906e-20
-1.18911e-20
-1.18892e-20
-1.1886e-20
-1.18878e-20
-1.18861e-20
-1.18825e-20
-1.18816e-20
-1.18872e-20
-1.1885e-20
-1.18831e-20
-1.18851e-20
-1.18858e-20
-1.18873e-20
-1.18869e-20
-1.18894e-20
-1.1891e-20
-1.18875e-20
-1.18828e-20
-1.18798e-20
-1.18775e-20
-1.18829e-20
-1.18794e-20
-1.18806e-20
-1.18798e-20
-1.1878e-20
-1.1875e-20
-1.18729e-20
-1.18755e-20
-1.18795e-20
-1.18839e-20
-1.18809e-20
-1.18854e-20
-1.18925e-20
-1.18941e-20
-1.18998e-20
-1.18941e-20
-1.1893e-20
-1.18913e-20
-1.18923e-20
-1.18947e-20
-1.18884e-20
-1.18882e-20
-1.18969e-20
-1.1893e-20
-1.18918e-20
-1.18875e-20
-1.18815e-20
-1.18784e-20
-1.18798e-20
-1.18791e-20
-1.18816e-20
-1.18808e-20
-1.18846e-20
-1.18838e-20
-1.18869e-20
-1.18925e-20
-1.1889e-20
-1.18917e-20
-1.18878e-20
-1.18893e-20
-1.18846e-20
-1.18859e-20
-1.18809e-20
-1.18845e-20
-1.1884e-20
-1.18875e-20
-1.18898e-20
-1.18925e-20
-1.18935e-20
-1.18985e-20
-1.19041e-20
-1.19025e-20
-1.1903e-20
-1.19026e-20
-1.19022e-20
-1.18999e-20
-1.1895e-20
-1.18905e-20
-1.18867e-20
-1.18858e-20
-1.18822e-20
-1.18762e-20
-1.18723e-20
-1.187e-20
-1.18686e-20
-1.18761e-20
-1.18843e-20
-1.18884e-20
-1.18882e-20
-1.1891e-20
-1.18903e-20
-1.18888e-20
-1.18878e-20
-1.18896e-20
-1.18865e-20
-1.18865e-20
-1.18883e-20
-1.18877e-20
-1.18833e-20
-1.1882e-20
-1.18805e-20
-1.18846e-20
-1.18864e-20
-1.18846e-20
-1.18842e-20
-1.18903e-20
-1.18908e-20
-1.18899e-20
-1.18922e-20
-1.18937e-20
-1.1893e-20
-1.18921e-20
-1.18927e-20
-1.18886e-20
-1.18824e-20
-1.18842e-20
-1.18818e-20
-1.18854e-20
-1.18891e-20
-1.18928e-20
-1.18966e-20
-1.18933e-20
-1.18953e-20
-1.18937e-20
-1.1891e-20
-1.18898e-20
-1.18902e-20
-1.18876e-20
-1.18914e-20
-1.18898e-20
-1.18856e-20
-1.18837e-20
-1.18886e-20
-1.18933e-20
-1.18939e-20
-1.18928e-20
-1.18944e-20
-1.18973e-20
-1.18929e-20
-1.18893e-20
-1.18815e-20
-1.18777e-20
-1.18744e-20
-1.18675e-20
-1.18687e-20
-1.18617e-20
-1.18668e-20
-1.18703e-20
-1.18714e-20
-1.18852e-20
-1.18902e-20
-1.1892e-20
-1.1892e-20
-1.18911e-20
-1.18878e-20
-1.18889e-20
-1.18901e-20
-1.18893e-20
-1.18833e-20
-1.18827e-20
-1.18804e-20
-1.18839e-20
-1.18839e-20
-1.18844e-20
-1.18894e-20
-1.18863e-20
-1.18854e-20
-1.18877e-20
-1.18854e-20
-1.18893e-20
-1.18929e-20
-1.18985e-20
-1.18994e-20
-1.18962e-20
-1.18948e-20
-1.18969e-20
-1.18908e-20
-1.18952e-20
-1.18966e-20
-1.18986e-20
-1.1899e-20
-1.19008e-20
-1.19016e-20
-1.18991e-20
-1.1891e-20
-1.18861e-20
-1.18845e-20
-1.18845e-20
-1.18819e-20
-1.18828e-20
-1.1882e-20
-1.18859e-20
-1.1884e-20
-1.18915e-20
-1.18907e-20
-1.1889e-20
-1.18909e-20
-1.18943e-20
-1.18891e-20
-1.18899e-20
-1.18867e-20
-1.18881e-20
-1.18868e-20
-1.18892e-20
-1.18879e-20
-1.18843e-20
-1.18857e-20
-1.1884e-20
-1.18848e-20
-1.18875e-20
-1.18861e-20
-1.1888e-20
-1.18854e-20
-1.1889e-20
-1.18886e-20
-1.18888e-20
-1.18895e-20
-1.18867e-20
-1.18867e-20
-1.18847e-20
-1.18776e-20
-1.18773e-20
-1.18777e-20
-1.18765e-20
-1.18787e-20
-1.18784e-20
-1.1881e-20
-1.18805e-20
-1.18807e-20
-1.18828e-20
-1.18821e-20
-1.18892e-20
-1.18886e-20
-1.18891e-20
-1.18897e-20
-1.18901e-20
-1.1885e-20
-1.18828e-20
-1.18779e-20
-1.18758e-20
-1.18786e-20
-1.18768e-20
-1.18787e-20
-1.18813e-20
-1.18889e-20
-1.1894e-20
-1.18992e-20
-1.18955e-20
-1.18958e-20
-1.18987e-20
-1.18964e-20
-1.18951e-20
-1.1891e-20
-1.1884e-20
-1.18784e-20
-1.18808e-20
-1.18761e-20
-1.18792e-20
-1.18833e-20
-1.18869e-20
-1.18841e-20
-1.18807e-20
-1.1884e-20
-1.18829e-20
-1.1887e-20
-1.18915e-20
-1.18949e-20
-1.18942e-20
-1.18937e-20
-1.18932e-20
-1.18936e-20
-1.18925e-20
-1.18932e-20
-1.18933e-20
-1.18904e-20
-1.18901e-20
-1.1885e-20
-1.18831e-20
-1.18799e-20
-1.18817e-20
-1.18805e-20
-1.18869e-20
-1.1894e-20
-1.18941e-20
-1.18931e-20
-1.18937e-20
-1.18938e-20
-1.18971e-20
-1.18954e-20
-1.18919e-20
-1.18858e-20
-1.18777e-20
-1.18738e-20
-1.18757e-20
-1.18814e-20
-1.18805e-20
-1.18819e-20
-1.18823e-20
-1.18853e-20
-1.18855e-20
-1.1883e-20
-1.18845e-20
-1.18868e-20
-1.18841e-20
-1.18827e-20
-1.18807e-20
-1.18778e-20
-1.18784e-20
-1.18786e-20
-1.18801e-20
-1.18817e-20
-1.18877e-20
-1.18886e-20
-1.18967e-20
-1.18985e-20
-1.18995e-20
-1.19011e-20
-1.18979e-20
-1.19018e-20
-1.18985e-20
-1.18954e-20
-1.18906e-20
