153.123
158.834
163.202
165.931
167.017
166.648
165.046
162.408
158.898
154.656
149.844
144.708
139.614
135.053
131.566
129.596
129.395
130.987
134.221
138.789
144.209
149.815
154.852
158.642
160.735
160.968
159.439
156.443
152.395
147.791
143.145
138.982
135.768
133.835
133.315
134.132
136.024
138.578
141.292
143.643
145.187
145.627
144.858
142.995
140.342
137.315
134.369
131.91
130.266
129.694
130.377
132.347
135.404
139.138
143.062
146.745
149.84
152.075
153.257
153.295
152.236
150.297
147.85
145.34
143.177
141.659
140.92
140.935
141.566
142.61
143.836
145.02
145.945
146.438
146.389
145.766
144.612
143.03
141.184
139.322
137.816
137.143
137.776
139.973
143.509
147.634
151.279
153.425
153.386
150.935
146.3
140.071
133.113
126.426
121.047
117.85
117.374
119.685
124.392
130.819
138.198
145.815
153.049
159.36
164.29
167.505
168.843
168.32
166.13
162.592
158.141
153.301
148.623
144.622
141.705
140.123
139.936
141.018
143.072
145.67
148.335
150.621
152.157
152.731
152.275
150.855
148.603
145.7
142.381
138.967
135.847
133.419
131.962
131.524
131.921
132.804
133.774
134.481
134.658
134.155
132.966
131.265
129.425
127.983
127.497
128.364
130.687
134.267
138.689
143.43
147.953
151.785
154.608
156.282
156.799
156.217
154.632
152.185
149.096
145.704
142.469
139.893
138.393
138.179
139.175
141.057
143.371
145.706
147.811
149.574
150.919
151.728
151.818
151.028
149.354
146.99
144.283
141.617
139.304
137.56
136.536
136.331
136.988
138.471
140.674
143.39
146.307
149.006
151.014
151.918
151.483
149.726
146.902
143.401
139.629
135.991
132.928
130.916
130.358
131.41
133.91
137.478
141.655
146.01
150.166
153.772
156.523
158.218
158.775
158.227
156.72
154.467
151.733
148.826
146.047
143.613
141.615
140.013
138.717
137.648
136.771
136.072
135.561
135.257
135.18
135.369
135.878
136.785
138.181
140.112
142.488
145.012
147.194
148.508
148.575
147.299
144.913
141.921
138.977
136.695
135.47
135.385
136.234
137.662
139.336
141.045
142.67
144.113
145.241
145.964
146.38
146.818
147.72
149.286
151.295
153.355
155.266
157.047
158.683
159.953
160.479
159.923
158.085
154.999
150.955
146.437
142.012
138.178
135.279
133.497
132.879
133.381
134.895
137.198
139.916
142.571
144.73
146.129
146.725
146.681
146.284
145.847
145.603
145.62
145.809
145.995
146.04
145.905
145.667
145.442
145.305
145.209
145.013
144.583
143.901
143.121
142.524
142.365
142.737
143.516
144.381
144.937
144.881
144.177
143.081
142.029
141.428
141.49
142.171
143.225
144.326
145.144
145.374
144.773
143.222
140.788
137.766
134.617
131.869
129.97
129.21
129.719
131.508
134.458
138.28
142.508
146.594
150.006
152.324
153.28
152.807
151.049
148.343
145.171
142.106
139.744
138.554
138.781
140.359
142.922
145.917
148.789
151.18
153.003
154.34
155.188
155.312
154.398
152.327
149.315
145.836
142.433
139.505
137.2
135.479
134.262
133.575
133.588
134.537
136.576
139.652
143.457
147.474
151.128
153.92
155.523
155.823
154.875
152.868
150.102
146.951
143.827
141.119
139.131
138.022
137.781
138.274
139.333
140.814
142.61
144.619
146.673
148.538
149.967
150.803
151.033
150.768
150.161
149.348
148.432
147.488
146.57
145.683
144.756
143.663
142.245
140.371
138
135.201
132.158
129.135
126.429
124.341
123.147
123.077
124.275
126.722
130.155
134.121
138.093
141.654
144.576
146.834
148.554
149.942
151.201
152.44
153.625
154.602
155.186
155.261
154.811
153.934
152.765
151.43
150.001
148.509
146.957
145.334
143.622
141.828
140.024
138.384
137.132
136.416
136.237
136.403
136.63
136.706
136.578
136.367
136.252
136.338
136.62
137.018
137.463
137.988
138.764
140.031
141.957
144.481
147.3
149.989
152.151
153.508
153.912
153.313
151.727
149.268
146.193
142.959
140.14
138.207
137.335
137.421
138.235
139.551
141.182
142.955
144.739
146.476
148.163
149.812
151.39
152.792
153.849
154.368
154.184
153.234
151.582
149.434
147.117
144.983
143.31
142.203
141.548
141.104
140.622
139.977
139.201
138.42
137.768
137.338
137.2
137.392
137.892
138.58
139.263
139.741
139.857
139.524
138.712
137.444
135.828
134.103
132.645
131.92
132.369
134.265
137.582
141.948
146.706
151.12
154.603
156.825
157.688
157.258
155.669
153.096
149.796
146.128
142.578
139.718
138.088
138.002
139.376
141.727
144.36
146.599
147.954
148.193
147.351
145.697
143.7
141.887
140.657
140.128
140.166
140.535
141.035
141.533
141.96
142.279
142.478
142.577
142.635
142.73
142.94
143.31
143.798
144.277
144.552
144.452
144.012
143.548
143.546
144.332
145.775
147.362
148.544
149.008
148.685
147.624
145.91
143.649
141.066
138.553
136.565
135.347
134.795
134.59
134.461
134.291
134.125
134.075
134.248
134.698
135.424
136.394
137.579
138.946
140.422
141.921
143.334
144.543
145.457
146.051
146.389
146.619
146.909
147.385
148.111
149.061
150.097
150.977
151.394
151.064
149.841
147.818
145.339
142.93
141.148
140.371
140.696
141.911
143.585
145.215
146.368
146.811
146.556
145.807
144.872
144.075
143.695
143.915
144.811
146.354
148.405
150.729
152.998
154.853
155.967
156.106
155.152
153.07
149.89
145.678
140.588
134.953
129.365
124.59
121.3
119.804
120.005
121.57
124.123
127.322
130.859
134.419
137.684
140.377
142.34
143.571
144.241
144.633
145.054
145.732
146.742
148.028
149.419
150.721
151.752
152.357
152.445
152.005
151.108
149.844
148.311
146.649
145.089
143.932
143.411
143.535
144.079
144.712
145.15
145.208
144.784
143.837
142.402
140.615
138.716
137.072
136.076
136.061
137.154
139.205
141.835
144.566
146.949
148.649
149.481
149.42
148.587
147.201
145.522
143.764
142.098
140.635
139.446
138.612
138.226
138.351
138.945
139.809
140.651
141.208
141.364
141.205
140.95
140.843
141.024
141.481
142.046
142.44
142.405
141.818
140.767
139.516
138.433
137.845
137.95
138.769
140.154
141.847
143.574
145.138
146.451
147.535
148.465
149.301
150.054
150.663
151.014
150.998
150.545
149.668
148.425
146.92
145.273
143.639
142.198
141.13
140.575
140.54
140.862
141.263
141.443
141.194
140.458
139.349
138.073
136.828
135.777
135.045
134.792
135.246
136.623
138.99
142.185
145.858
149.569
152.921
155.616
157.446
158.257
157.942
156.47
153.905
150.423
146.302
141.908
137.667
134.005
131.296
129.775
129.569
130.709
133.084
136.389
140.178
143.996
147.492
150.407
152.538
153.713
153.845
152.953
151.181
148.771
146.02
143.256
140.823
139.045
138.163
138.261
139.232
140.808
142.606
144.198
145.184
145.309
144.529
143.032
141.179
139.411
138.17
137.835
138.613
140.43
142.861
145.262
146.974
147.541
146.823
145.009
142.57
140.108
138.196
137.281
137.615
139.241
141.999
145.548
149.425
153.167
156.37
158.703
159.89
159.703
157.971
154.649
149.908
144.226
138.393
133.372
130.011
128.695
129.305
131.397
134.458
138.014
141.636
144.923
147.528
149.181
149.731
149.191
147.729
145.659
143.36
141.168
139.263
137.662
136.317
135.28
134.763
135.01
136.045
137.544
139.026
140.13
140.794
141.238
141.769
142.61
143.817
145.329
147.07
148.981
150.999
152.991
154.743
156.001
156.569
156.383
155.549
154.291
152.867
151.487
150.24
149.106
148.009
146.855
145.575
144.154
142.626
141.082
139.661
138.498
137.716
137.379
137.501
138.05
138.959
140.138
141.47
142.784
143.873
144.544
144.695
144.365
143.727
143.044
142.568
142.473
142.779
143.327
143.809
143.916
143.512
142.712
141.772
140.948
140.345
139.918
139.583
139.408
139.711
140.855
142.909
145.513
148.063
149.988
150.941
150.806
149.655
147.694
145.164
142.337
139.517
137.05
135.289
134.493
134.769
136.104
138.404
141.513
145.142
148.809
151.906
153.902
154.584
154.124
152.924
151.342
149.56
147.679
145.799
144.024
142.408
140.957
139.702
138.745
138.26
138.423
139.371
141.141
143.627
146.526
149.337
151.474
152.428
151.888
149.82
146.525
142.659
139.129
136.799
136.13
137.011
138.936
141.356
143.868
146.204
148.132
149.398
149.762
149.039
147.171
144.322
140.947
137.757
135.542
134.88
135.921
138.36
141.62
145.059
148.097
150.274
151.282
150.947
149.254
146.344
142.484
138.081
133.698
130.037
127.84
127.683
129.737
133.69
138.89
144.581
150.092
154.895
158.596
160.917
161.692
