-1.50754e-20
-1.51921e-20
-1.52838e-20
-1.53368e-20
-1.53546e-20
-1.53412e-20
-1.53087e-20
-1.52484e-20
-1.51741e-20
-1.50798e-20
-1.49813e-20
-1.48651e-20
-1.47573e-20
-1.46661e-20
-1.45959e-20
-1.45579e-20
-1.45597e-20
-1.4594e-20
-1.46648e-20
-1.47603e-20
-1.48772e-20
-1.49936e-20
-1.50959e-20
-1.51742e-20
-1.52181e-20
-1.52235e-20
-1.51907e-20
-1.51267e-20
-1.50406e-20
-1.49454e-20
-1.48453e-20
-1.47562e-20
-1.46942e-20
-1.46556e-20
-1.46536e-20
-1.46679e-20
-1.47089e-20
-1.47619e-20
-1.4823e-20
-1.48638e-20
-1.48871e-20
-1.48937e-20
-1.48709e-20
-1.48333e-20
-1.47794e-20
-1.47164e-20
-1.46583e-20
-1.46124e-20
-1.45818e-20
-1.45732e-20
-1.45893e-20
-1.46312e-20
-1.46993e-20
-1.47811e-20
-1.48608e-20
-1.49354e-20
-1.49987e-20
-1.5054e-20
-1.50776e-20
-1.50686e-20
-1.50476e-20
-1.50111e-20
-1.49562e-20
-1.49024e-20
-1.48572e-20
-1.48288e-20
-1.48115e-20
-1.48103e-20
-1.48163e-20
-1.484e-20
-1.48655e-20
-1.48912e-20
-1.49096e-20
-1.49195e-20
-1.49173e-20
-1.4901e-20
-1.48783e-20
-1.4847e-20
-1.48056e-20
-1.4771e-20
-1.47389e-20
-1.47287e-20
-1.47479e-20
-1.47943e-20
-1.48675e-20
-1.49507e-20
-1.50269e-20
-1.50688e-20
-1.50653e-20
-1.50126e-20
-1.49141e-20
-1.47739e-20
-1.46272e-20
-1.44912e-20
-1.43887e-20
-1.43263e-20
-1.43245e-20
-1.43786e-20
-1.44847e-20
-1.4619e-20
-1.47708e-20
-1.49268e-20
-1.50781e-20
-1.52034e-20
-1.5303e-20
-1.5368e-20
-1.53918e-20
-1.53765e-20
-1.53273e-20
-1.5251e-20
-1.51509e-20
-1.5049e-20
-1.49545e-20
-1.48684e-20
-1.48106e-20
-1.47859e-20
-1.47877e-20
-1.48132e-20
-1.48559e-20
-1.4908e-20
-1.49636e-20
-1.50067e-20
-1.50316e-20
-1.50413e-20
-1.50364e-20
-1.50066e-20
-1.49599e-20
-1.49001e-20
-1.48323e-20
-1.4767e-20
-1.47027e-20
-1.46572e-20
-1.46277e-20
-1.46177e-20
-1.4628e-20
-1.46498e-20
-1.46718e-20
-1.46826e-20
-1.46857e-20
-1.46746e-20
-1.46435e-20
-1.46039e-20
-1.45661e-20
-1.45348e-20
-1.4525e-20
-1.45453e-20
-1.46007e-20
-1.46799e-20
-1.4772e-20
-1.48695e-20
-1.49585e-20
-1.5036e-20
-1.50921e-20
-1.51273e-20
-1.51335e-20
-1.51207e-20
-1.50859e-20
-1.50344e-20
-1.49746e-20
-1.49042e-20
-1.48396e-20
-1.47903e-20
-1.47596e-20
-1.47549e-20
-1.47755e-20
-1.48144e-20
-1.48612e-20
-1.49086e-20
-1.49522e-20
-1.49865e-20
-1.50141e-20
-1.50281e-20
-1.50261e-20
-1.50085e-20
-1.49736e-20
-1.49258e-20
-1.48651e-20
-1.48089e-20
-1.47561e-20
-1.47258e-20
-1.4704e-20
-1.46986e-20
-1.47161e-20
-1.47477e-20
-1.47954e-20
-1.48583e-20
-1.49187e-20
-1.49728e-20
-1.50117e-20
-1.50308e-20
-1.50167e-20
-1.49756e-20
-1.49227e-20
-1.48499e-20
-1.47703e-20
-1.46957e-20
-1.4631e-20
-1.45921e-20
-1.45838e-20
-1.46044e-20
-1.46647e-20
-1.4741e-20
-1.48297e-20
-1.49155e-20
-1.50059e-20
-1.50753e-20
-1.51369e-20
-1.51682e-20
-1.51759e-20
-1.51587e-20
-1.51294e-20
-1.50844e-20
-1.50257e-20
-1.4964e-20
-1.49107e-20
-1.48619e-20
-1.48221e-20
-1.47926e-20
-1.47641e-20
-1.47424e-20
-1.47253e-20
-1.47083e-20
-1.46959e-20
-1.46915e-20
-1.46883e-20
-1.46928e-20
-1.47062e-20
-1.47267e-20
-1.47545e-20
-1.47941e-20
-1.48506e-20
-1.49019e-20
-1.49458e-20
-1.49648e-20
-1.49671e-20
-1.49336e-20
-1.48846e-20
-1.48243e-20
-1.47612e-20
-1.471e-20
-1.46892e-20
-1.46934e-20
-1.4711e-20
-1.47443e-20
-1.47792e-20
-1.48167e-20
-1.48501e-20
-1.48787e-20
-1.49013e-20
-1.49221e-20
-1.49318e-20
-1.49415e-20
-1.49593e-20
-1.49951e-20
-1.5035e-20
-1.50767e-20
-1.51138e-20
-1.51555e-20
-1.51824e-20
-1.5206e-20
-1.52069e-20
-1.51973e-20
-1.51543e-20
-1.50873e-20
-1.50006e-20
-1.49118e-20
-1.48217e-20
-1.47469e-20
-1.46913e-20
-1.46531e-20
-1.4642e-20
-1.46568e-20
-1.46908e-20
-1.47368e-20
-1.47905e-20
-1.48448e-20
-1.48903e-20
-1.49242e-20
-1.49343e-20
-1.49316e-20
-1.49289e-20
-1.492e-20
-1.49111e-20
-1.49127e-20
-1.49131e-20
-1.49168e-20
-1.4921e-20
-1.49208e-20
-1.49173e-20
-1.49091e-20
-1.48991e-20
-1.49e-20
-1.48955e-20
-1.48839e-20
-1.4876e-20
-1.48562e-20
-1.48416e-20
-1.48423e-20
-1.48526e-20
-1.4867e-20
-1.48832e-20
-1.48893e-20
-1.48889e-20
-1.4871e-20
-1.48479e-20
-1.48326e-20
-1.48207e-20
-1.48226e-20
-1.48363e-20
-1.48586e-20
-1.48818e-20
-1.49008e-20
-1.49025e-20
-1.48816e-20
-1.48504e-20
-1.47933e-20
-1.47278e-20
-1.46673e-20
-1.46074e-20
-1.45673e-20
-1.45541e-20
-1.45651e-20
-1.46047e-20
-1.46621e-20
-1.47404e-20
-1.48297e-20
-1.4917e-20
-1.49894e-20
-1.50348e-20
-1.50568e-20
-1.50426e-20
-1.50024e-20
-1.49449e-20
-1.48811e-20
-1.48229e-20
-1.47804e-20
-1.47586e-20
-1.47656e-20
-1.4797e-20
-1.48501e-20
-1.49146e-20
-1.49726e-20
-1.50216e-20
-1.50524e-20
-1.50828e-20
-1.51036e-20
-1.51065e-20
-1.50844e-20
-1.50371e-20
-1.49732e-20
-1.4906e-20
-1.48303e-20
-1.47753e-20
-1.47303e-20
-1.46951e-20
-1.46701e-20
-1.46564e-20
-1.46599e-20
-1.4678e-20
-1.47277e-20
-1.47925e-20
-1.48701e-20
-1.49494e-20
-1.5023e-20
-1.50742e-20
-1.51069e-20
-1.51112e-20
-1.50884e-20
-1.50472e-20
-1.49894e-20
-1.49202e-20
-1.48596e-20
-1.4799e-20
-1.4761e-20
-1.47435e-20
-1.47409e-20
-1.47496e-20
-1.47747e-20
-1.48098e-20
-1.48453e-20
-1.48835e-20
-1.49267e-20
-1.4969e-20
-1.49989e-20
-1.50157e-20
-1.50237e-20
-1.50166e-20
-1.49991e-20
-1.49812e-20
-1.49599e-20
-1.49426e-20
-1.49237e-20
-1.49024e-20
-1.4883e-20
-1.48598e-20
-1.48274e-20
-1.47854e-20
-1.47331e-20
-1.46751e-20
-1.46075e-20
-1.45445e-20
-1.44895e-20
-1.44515e-20
-1.44282e-20
-1.443e-20
-1.44589e-20
-1.4512e-20
-1.45876e-20
-1.46702e-20
-1.47498e-20
-1.48231e-20
-1.48785e-20
-1.49233e-20
-1.49624e-20
-1.49929e-20
-1.50233e-20
-1.50482e-20
-1.50724e-20
-1.50935e-20
-1.51098e-20
-1.51073e-20
-1.50999e-20
-1.50795e-20
-1.50548e-20
-1.50284e-20
-1.49972e-20
-1.49676e-20
-1.49369e-20
-1.49038e-20
-1.48645e-20
-1.48236e-20
-1.47819e-20
-1.47412e-20
-1.47141e-20
-1.47071e-20
-1.47058e-20
-1.47074e-20
-1.47171e-20
-1.47219e-20
-1.47211e-20
-1.47175e-20
-1.47177e-20
-1.47192e-20
-1.47246e-20
-1.47344e-20
-1.47445e-20
-1.47505e-20
-1.47703e-20
-1.47986e-20
-1.48398e-20
-1.48916e-20
-1.49487e-20
-1.50029e-20
-1.5044e-20
-1.50717e-20
-1.50729e-20
-1.50562e-20
-1.50177e-20
-1.49681e-20
-1.4908e-20
-1.48421e-20
-1.47852e-20
-1.47502e-20
-1.47358e-20
-1.47422e-20
-1.47552e-20
-1.47855e-20
-1.4819e-20
-1.48544e-20
-1.4892e-20
-1.49271e-20
-1.49634e-20
-1.49953e-20
-1.5024e-20
-1.50518e-20
-1.50691e-20
-1.50763e-20
-1.50658e-20
-1.50497e-20
-1.50106e-20
-1.49573e-20
-1.49094e-20
-1.48623e-20
-1.48244e-20
-1.48055e-20
-1.48014e-20
-1.47989e-20
-1.47843e-20
-1.47721e-20
-1.47602e-20
-1.47449e-20
-1.47369e-20
-1.47279e-20
-1.47279e-20
-1.47318e-20
-1.47478e-20
-1.47622e-20
-1.47784e-20
-1.47818e-20
-1.47833e-20
-1.47747e-20
-1.47569e-20
-1.47298e-20
-1.46936e-20
-1.4658e-20
-1.46289e-20
-1.46152e-20
-1.46229e-20
-1.46638e-20
-1.47366e-20
-1.48307e-20
-1.49314e-20
-1.50243e-20
-1.50977e-20
-1.51461e-20
-1.51604e-20
-1.51512e-20
-1.51146e-20
-1.50573e-20
-1.49908e-20
-1.49036e-20
-1.48324e-20
-1.4773e-20
-1.47415e-20
-1.47437e-20
-1.47777e-20
-1.48277e-20
-1.48835e-20
-1.49321e-20
-1.4955e-20
-1.49546e-20
-1.49403e-20
-1.49034e-20
-1.48546e-20
-1.48143e-20
-1.47932e-20
-1.4788e-20
-1.4789e-20
-1.47956e-20
-1.48061e-20
-1.48141e-20
-1.48242e-20
-1.48335e-20
-1.48425e-20
-1.48422e-20
-1.48456e-20
-1.48477e-20
-1.48495e-20
-1.48604e-20
-1.48662e-20
-1.48796e-20
-1.48861e-20
-1.48832e-20
-1.48751e-20
-1.48689e-20
-1.48659e-20
-1.48824e-20
-1.49131e-20
-1.49434e-20
-1.49607e-20
-1.49702e-20
-1.49663e-20
-1.49436e-20
-1.49083e-20
-1.48584e-20
-1.48031e-20
-1.47518e-20
-1.47069e-20
-1.46855e-20
-1.46751e-20
-1.46676e-20
-1.46671e-20
-1.46664e-20
-1.46646e-20
-1.46646e-20
-1.46695e-20
-1.4675e-20
-1.46935e-20
-1.47163e-20
-1.47456e-20
-1.47735e-20
-1.48071e-20
-1.48337e-20
-1.48605e-20
-1.48872e-20
-1.49039e-20
-1.4912e-20
-1.49179e-20
-1.49233e-20
-1.49318e-20
-1.49378e-20
-1.49533e-20
-1.49697e-20
-1.49867e-20
-1.50094e-20
-1.5024e-20
-1.50169e-20
-1.49904e-20
-1.49443e-20
-1.48918e-20
-1.48442e-20
-1.48135e-20
-1.47982e-20
-1.48093e-20
-1.48359e-20
-1.48709e-20
-1.49004e-20
-1.49258e-20
-1.49313e-20
-1.49247e-20
-1.49122e-20
-1.48899e-20
-1.48711e-20
-1.4865e-20
-1.48724e-20
-1.48902e-20
-1.49248e-20
-1.49608e-20
-1.50084e-20
-1.50556e-20
-1.50965e-20
-1.5117e-20
-1.51242e-20
-1.51036e-20
-1.50575e-20
-1.49894e-20
-1.48958e-20
-1.47932e-20
-1.4676e-20
-1.45612e-20
-1.44692e-20
-1.4401e-20
-1.43693e-20
-1.43759e-20
-1.44115e-20
-1.44675e-20
-1.45391e-20
-1.46076e-20
-1.46876e-20
-1.47528e-20
-1.48049e-20
-1.48447e-20
-1.48689e-20
-1.48833e-20
-1.48891e-20
-1.48937e-20
-1.49062e-20
-1.49308e-20
-1.49578e-20
-1.49866e-20
-1.50146e-20
-1.50352e-20
-1.50526e-20
-1.50541e-20
-1.50439e-20
-1.50179e-20
-1.49918e-20
-1.49596e-20
-1.49259e-20
-1.48905e-20
-1.4864e-20
-1.48495e-20
-1.48481e-20
-1.48635e-20
-1.48779e-20
-1.48863e-20
-1.48932e-20
-1.48819e-20
-1.48612e-20
-1.48313e-20
-1.47967e-20
-1.47517e-20
-1.47208e-20
-1.47005e-20
-1.47098e-20
-1.47347e-20
-1.47773e-20
-1.4828e-20
-1.4885e-20
-1.49324e-20
-1.49645e-20
-1.49835e-20
-1.49805e-20
-1.49597e-20
-1.49301e-20
-1.49009e-20
-1.48623e-20
-1.4826e-20
-1.47976e-20
-1.47737e-20
-1.4758e-20
-1.47495e-20
-1.47546e-20
-1.47685e-20
-1.47829e-20
-1.47956e-20
-1.48041e-20
-1.48051e-20
-1.48073e-20
-1.47984e-20
-1.47974e-20
-1.48003e-20
-1.48081e-20
-1.48168e-20
-1.48228e-20
-1.48246e-20
-1.48165e-20
-1.47991e-20
-1.47703e-20
-1.47523e-20
-1.47473e-20
-1.4751e-20
-1.47737e-20
-1.47967e-20
-1.48306e-20
-1.48647e-20
-1.48981e-20
-1.49277e-20
-1.49439e-20
-1.49629e-20
-1.49888e-20
-1.50006e-20
-1.5012e-20
-1.5015e-20
-1.50086e-20
-1.49961e-20
-1.49793e-20
-1.4953e-20
-1.49243e-20
-1.48893e-20
-1.48594e-20
-1.48287e-20
-1.48097e-20
-1.48038e-20
-1.47996e-20
-1.48089e-20
-1.48133e-20
-1.48185e-20
-1.48087e-20
-1.47947e-20
-1.47668e-20
-1.47439e-20
-1.47177e-20
-1.46994e-20
-1.46865e-20
-1.4684e-20
-1.46944e-20
-1.47279e-20
-1.47825e-20
-1.48471e-20
-1.49237e-20
-1.50001e-20
-1.50692e-20
-1.51226e-20
-1.51556e-20
-1.5168e-20
-1.51576e-20
-1.51262e-20
-1.50695e-20
-1.49914e-20
-1.49022e-20
-1.48089e-20
-1.47197e-20
-1.46513e-20
-1.46034e-20
-1.4576e-20
-1.45716e-20
-1.45979e-20
-1.46464e-20
-1.47134e-20
-1.47909e-20
-1.48718e-20
-1.4941e-20
-1.50014e-20
-1.50473e-20
-1.5071e-20
-1.50694e-20
-1.50496e-20
-1.50114e-20
-1.49656e-20
-1.49105e-20
-1.48514e-20
-1.48006e-20
-1.47698e-20
-1.47521e-20
-1.47532e-20
-1.47756e-20
-1.48098e-20
-1.48463e-20
-1.48784e-20
-1.48994e-20
-1.48979e-20
-1.48756e-20
-1.48464e-20
-1.48056e-20
-1.47726e-20
-1.47506e-20
-1.47473e-20
-1.47673e-20
-1.48015e-20
-1.48539e-20
-1.49021e-20
-1.49348e-20
-1.49453e-20
-1.49308e-20
-1.48907e-20
-1.4844e-20
-1.47914e-20
-1.47476e-20
-1.47267e-20
-1.47386e-20
-1.4777e-20
-1.48346e-20
-1.49071e-20
-1.4989e-20
-1.50694e-20
-1.51313e-20
-1.5176e-20
-1.51928e-20
-1.51851e-20
-1.5146e-20
-1.50703e-20
-1.49733e-20
-1.48486e-20
-1.47329e-20
-1.46324e-20
-1.45639e-20
-1.45505e-20
-1.45681e-20
-1.46132e-20
-1.46766e-20
-1.47493e-20
-1.4821e-20
-1.48902e-20
-1.49453e-20
-1.49789e-20
-1.49842e-20
-1.49724e-20
-1.49398e-20
-1.49005e-20
-1.48528e-20
-1.48079e-20
-1.47735e-20
-1.47373e-20
-1.47085e-20
-1.46893e-20
-1.46763e-20
-1.46854e-20
-1.47104e-20
-1.4747e-20
-1.47786e-20
-1.47983e-20
-1.48106e-20
-1.48219e-20
-1.48268e-20
-1.48486e-20
-1.4875e-20
-1.49083e-20
-1.49448e-20
-1.49862e-20
-1.50288e-20
-1.50675e-20
-1.50957e-20
-1.51168e-20
-1.5127e-20
-1.51231e-20
-1.51033e-20
-1.50781e-20
-1.50478e-20
-1.50231e-20
-1.49954e-20
-1.49794e-20
-1.49559e-20
-1.49304e-20
-1.49057e-20
-1.48797e-20
-1.48428e-20
-1.48117e-20
-1.4779e-20
-1.47563e-20
-1.47388e-20
-1.47343e-20
-1.47355e-20
-1.47433e-20
-1.47635e-20
-1.47862e-20
-1.48146e-20
-1.48445e-20
-1.48656e-20
-1.48814e-20
-1.4882e-20
-1.48787e-20
-1.48652e-20
-1.48512e-20
-1.48421e-20
-1.48373e-20
-1.48436e-20
-1.48529e-20
-1.48558e-20
-1.48577e-20
-1.48499e-20
-1.4832e-20
-1.48147e-20
-1.47974e-20
-1.47875e-20
-1.47782e-20
-1.47714e-20
-1.47699e-20
-1.47754e-20
-1.48062e-20
-1.48482e-20
-1.49026e-20
-1.4956e-20
-1.49963e-20
-1.50109e-20
-1.50059e-20
-1.49772e-20
-1.49345e-20
-1.48849e-20
-1.48246e-20
-1.4768e-20
-1.47196e-20
-1.46907e-20
-1.46794e-20
-1.46902e-20
-1.47141e-20
-1.47622e-20
-1.48294e-20
-1.49022e-20
-1.49769e-20
-1.50369e-20
-1.50712e-20
-1.50797e-20
-1.50727e-20
-1.50431e-20
-1.50135e-20
-1.49807e-20
-1.49453e-20
-1.49035e-20
-1.48634e-20
-1.48332e-20
-1.48021e-20
-1.47802e-20
-1.47649e-20
-1.47582e-20
-1.47609e-20
-1.47801e-20
-1.48161e-20
-1.48681e-20
-1.4927e-20
-1.49859e-20
-1.50303e-20
-1.50472e-20
-1.50357e-20
-1.49877e-20
-1.49176e-20
-1.48344e-20
-1.4763e-20
-1.47135e-20
-1.47061e-20
-1.47315e-20
-1.47714e-20
-1.48206e-20
-1.48732e-20
-1.49217e-20
-1.49649e-20
-1.49894e-20
-1.49934e-20
-1.49724e-20
-1.49255e-20
-1.48627e-20
-1.47947e-20
-1.47343e-20
-1.46875e-20
-1.46752e-20
-1.46971e-20
-1.47507e-20
-1.48184e-20
-1.48871e-20
-1.49516e-20
-1.49989e-20
-1.50171e-20
-1.50088e-20
-1.49718e-20
-1.49085e-20
-1.48292e-20
-1.47382e-20
-1.46489e-20
-1.45747e-20
-1.45352e-20
-1.45329e-20
-1.45835e-20
-1.46672e-20
-1.47758e-20
-1.48954e-20
-1.50063e-20
-1.51097e-20
-1.5183e-20
-1.52279e-20
-1.52392e-20
