1000 0.0864699 0
2000 0.0852846 0.00118528
3000 0.0853452 0.000686999
4000 0.0846491 0.000848806
5000 0.0852969 0.000923001
6000 0.0849954 0.000811709
7000 0.0846039 0.000789873
8000 0.0844788 0.000695405
9000 0.0846955 0.000650447
10000 0.0843398 0.000681864
11000 0.0839053 0.00075449
12000 0.0833579 0.000879749
13000 0.0834955 0.000820861
14000 0.083509 0.000760089
15000 0.083614 0.000715362
16000 0.0836836 0.000672765
17000 0.0836889 0.000631974
18000 0.0837958 0.000605345
19000 0.0837579 0.000573852
20000 0.0836155 0.000562699
21000 0.0835945 0.000535648
22000 0.0837107 0.00052378
23000 0.0835674 0.000520591
24000 0.0836033 0.000499714
25000 0.0837384 0.000498002
26000 0.0836275 0.000491151
27000 0.0835806 0.000474938
28000 0.0835333 0.000460093
29000 0.0834908 0.000445975
30000 0.0835409 0.000433755
31000 0.0834584 0.000427563
32000 0.0834385 0.000414466
33000 0.0834591 0.000402242
34000 0.0835314 0.000396869
35000 0.0835502 0.000385822
36000 0.0834333 0.000392761
37000 0.0833769 0.000386133
38000 0.0834728 0.00038787
39000 0.0835051 0.000379172
40000 0.0835327 0.000370603
41000 0.0835103 0.000362144
42000 0.0835888 0.000362014
43000 0.0836061 0.000353921
44000 0.0836306 0.000346649
45000 0.083656 0.000339807
46000 0.0836864 0.000333722
47000 0.0837809 0.000339942
48000 0.0838096 0.000334023
49000 0.083873 0.000333229
50000 0.0838484 0.000327422
51000 0.0837972 0.00032499
52000 0.0838346 0.000320856
53000 0.0838315 0.000314759
54000 0.083866 0.000310804
55000 0.0837969 0.000312839
56000 0.08376 0.000309402
57000 0.0837779 0.000304453
58000 0.0837772 0.000299159
59000 0.0838305 0.000298834
60000 0.083845 0.000294167
61000 0.0838626 0.000289838
62000 0.0838501 0.000285395
63000 0.0838142 0.000283122
64000 0.083837 0.000279592
65000 0.0838205 0.000275748
66000 0.0838029 0.000272107
67000 0.0837897 0.000268339
68000 0.0837908 0.000264365
69000 0.0837615 0.000262146
70000 0.0837546 0.000258466
71000 0.0837372 0.000255396
72000 0.0836629 0.000262542
73000 0.0836584 0.000258959
74000 0.0836609 0.000255448
75000 0.0836446 0.000252546
76000 0.0836827 0.000252093
77000 0.0836586 0.000249959
78000 0.0836881 0.00024849
79000 0.083674 0.000245731
80000 0.0836668 0.000242745
81000 0.0837015 0.000242226
82000 0.0836433 0.000246238
83000 0.0836382 0.000243307
84000 0.0836297 0.000240541
85000 0.0835968 0.000239968
86000 0.0835961 0.000237163
87000 0.0836135 0.000235065
88000 0.0835765 0.0002353
89000 0.0835658 0.000232888
90000 0.0835713 0.000230353
91000 0.0835885 0.000228456
92000 0.083547 0.000229741
93000 0.0835084 0.000230514
94000 0.0835107 0.00022806
95000 0.0835095 0.00022565
96000 0.0835255 0.000223858
97000 0.0834981 0.000223225
98000 0.0834914 0.000221035
99000 0.0834872 0.000218831
100000 0.0834682 0.000217462
