1 1 0
2 1.41797 0.0122676
3 1.73186 0.0198876
4 1.99461 0.0279037
5 2.22377 0.0353745
6 2.43795 0.0383813
7 2.64179 0.0452278
8 2.83267 0.0518366
9 3.00111 0.0579692
10 3.17108 0.0698073
11 3.32301 0.0737933
12 3.47554 0.0868528
13 3.62042 0.102147
14 3.75721 0.10641
15 3.88992 0.103345
16 4.02015 0.113592
17 4.14855 0.12188
18 4.27155 0.131247
19 4.3949 0.147488
20 4.50338 0.162484
21 4.61378 0.172356
22 4.71491 0.177824
23 4.81894 0.184601
24 4.92648 0.189399
25 5.03386 0.200422
26 5.13474 0.214563
27 5.23082 0.21695
28 5.31264 0.230054
29 5.39755 0.234978
30 5.48579 0.241761
31 5.57008 0.250193
32 5.65698 0.261245
33 5.72878 0.271563
34 5.81335 0.283262
35 5.89823 0.28822
36 5.9804 0.309426
37 6.06227 0.312859
38 6.15563 0.322538
39 6.24123 0.330038
40 6.32966 0.333887
41 6.40097 0.343972
42 6.46807 0.342056
43 6.54757 0.343182
44 6.6269 0.352011
45 6.70949 0.365743
46 6.77843 0.367434
47 6.8531 0.384062
48 6.92404 0.395255
49 6.99081 0.4126
50 7.06109 0.41146
51 7.12906 0.409328
52 7.1959 0.413615
53 7.26524 0.425484
54 7.33194 0.424898
55 7.39365 0.429546
56 7.45578 0.453393
57 7.5154 0.470475
58 7.57685 0.473265
59 7.62891 0.462418
60 7.6873 0.47502
61 7.75745 0.473176
62 7.81776 0.470445
63 7.88525 0.494365
64 7.94686 0.51242
65 8.00493 0.522237
66 8.06677 0.521151
67 8.13644 0.542442
68 8.19384 0.5487
69 8.26302 0.577628
70 8.32816 0.571541
71 8.39493 0.595336
72 8.44734 0.585758
73 8.50116 0.597546
74 8.55841 0.60087
75 8.61938 0.621623
76 8.67578 0.633197
77 8.73371 0.649043
78 8.79159 0.66343
79 8.84766 0.674692
80 8.90598 0.682498
81 8.96101 0.692117
82 9.02449 0.704447
83 9.07584 0.709678
84 9.13621 0.71166
85 9.19325 0.722242
86 9.24554 0.742901
87 9.29365 0.750084
88 9.36018 0.773118
89 9.41787 0.772683
90 9.45826 0.790353
91 9.51832 0.811852
92 9.57416 0.808442
93 9.62462 0.791211
94 9.67211 0.776352
95 9.71754 0.757284
96 9.76749 0.760082
97 9.81426 0.760629
98 9.8666 0.762019
99 9.91905 0.777719
100 9.96545 0.778956
