1 1 0
2 1.41633 0.0111875
3 1.73937 0.0193842
4 2.01172 0.0267168
5 2.25286 0.0345715
6 2.45906 0.0432281
7 2.64394 0.0491996
8 2.83048 0.0534933
9 3.00073 0.0649077
10 3.16907 0.071879
11 3.32452 0.089975
12 3.47661 0.102487
13 3.61796 0.115156
14 3.75617 0.126063
15 3.88688 0.140868
16 4.01988 0.144012
17 4.15177 0.151648
18 4.27507 0.156619
19 4.39217 0.168923
20 4.50284 0.178771
21 4.61151 0.194002
22 4.71058 0.183997
23 4.80853 0.187417
24 4.91967 0.196573
25 5.01236 0.203849
26 5.11687 0.202027
27 5.20369 0.205937
28 5.30311 0.200901
29 5.39329 0.203007
30 5.49107 0.194209
31 5.58158 0.20449
32 5.66274 0.215957
33 5.75606 0.23581
34 5.84404 0.245201
35 5.92714 0.248778
36 6.01388 0.248332
37 6.09385 0.26157
38 6.17872 0.27112
39 6.26404 0.275717
40 6.34516 0.295033
41 6.42758 0.291727
42 6.50195 0.288112
43 6.57369 0.301899
44 6.65112 0.311692
45 6.72692 0.318914
46 6.80425 0.317163
47 6.87225 0.317749
48 6.94642 0.321539
49 7.02228 0.337253
50 7.09216 0.33606
51 7.15804 0.323914
52 7.22837 0.334813
53 7.29503 0.336031
54 7.36868 0.337401
55 7.42628 0.328627
56 7.49232 0.345029
57 7.56353 0.367118
58 7.62881 0.372346
59 7.69897 0.380368
60 7.75932 0.386862
61 7.82702 0.391191
62 7.88585 0.393522
63 7.94646 0.40383
64 8.00474 0.426243
65 8.06556 0.449439
66 8.13655 0.45895
67 8.20011 0.469455
68 8.26767 0.477636
69 8.32999 0.487111
70 8.38725 0.499785
71 8.44747 0.498793
72 8.50375 0.494031
73 8.56238 0.515768
74 8.63221 0.538798
75 8.68617 0.559312
76 8.75201 0.580451
77 8.80665 0.5771
78 8.8596 0.570044
79 8.91428 0.57491
80 8.97396 0.592559
81 9.0279 0.605978
82 9.09238 0.619567
83 9.15573 0.638214
84 9.21085 0.649781
85 9.25838 0.652221
86 9.30894 0.65029
87 9.37056 0.645642
88 9.42089 0.648961
89 9.47765 0.636155
90 9.53057 0.63743
91 9.58172 0.642633
92 9.62927 0.647877
93 9.68113 0.648158
94 9.72754 0.65294
95 9.77839 0.662669
96 9.8217 0.64466
97 9.87264 0.663715
98 9.92183 0.675938
99 9.97305 0.674281
100 10.013 0.685342
