1 -0.427211 0
2 -0.431511 0.0030411
3 -0.426582 0.00450643
4 -0.416196 0.00960851
5 -0.413001 0.00820082
6 -0.40785 0.0082956
7 -0.403339 0.00824618
8 -0.398497 0.00851919
9 -0.394119 0.00862467
10 -0.388366 0.00948876
11 -0.382035 0.0105287
12 -0.377149 0.0107249
13 -0.372712 0.0107789
14 -0.37039 0.0102562
15 -0.368203 0.00980272
16 -0.366615 0.00931771
17 -0.364708 0.00896279
18 -0.363705 0.00852081
19 -0.361059 0.00847299
20 -0.360691 0.00805736
21 -0.359511 0.00775956
22 -0.358802 0.00743917
23 -0.3586 0.00711847
24 -0.357237 0.00695122
25 -0.355888 0.00680264
26 -0.355114 0.00658489
27 -0.354338 0.00638666
28 -0.35299 0.00629909
29 -0.35249 0.00610169
30 -0.35257 0.00589882
31 -0.353709 0.00581737
32 -0.354132 0.00565095
33 -0.354778 0.00551657
34 -0.355301 0.00537899
35 -0.355165 0.00522703
36 -0.354983 0.00508499
37 -0.354411 0.00497966
38 -0.353759 0.00489102
39 -0.352739 0.00487088
40 -0.352477 0.00475614
41 -0.352166 0.0046503
42 -0.352626 0.00456229
43 -0.353325 0.00450938
44 -0.354383 0.00452928
45 -0.356378 0.00484826
46 -0.358422 0.00515576
47 -0.359698 0.00520149
48 -0.361342 0.00534655
49 -0.362531 0.00536805
50 -0.36318 0.00529984
