1 1.253 0
2 1.25571 0.00191056
3 1.25251 0.00290033
4 1.24552 0.0064336
5 1.24341 0.00548339
6 1.23997 0.00554434
7 1.23695 0.00551226
8 1.23373 0.00568681
9 1.23081 0.005755
10 1.22698 0.00633098
11 1.22275 0.00702513
12 1.21949 0.00715674
13 1.21653 0.0071935
14 1.21497 0.00684584
15 1.21351 0.00654342
16 1.21245 0.00621982
17 1.21117 0.00598338
18 1.21051 0.00568777
19 1.20874 0.0056577
20 1.20849 0.00538016
21 1.2077 0.00518169
22 1.20723 0.0049679
23 1.20709 0.00475379
24 1.20618 0.00464136
25 1.20528 0.00454287
26 1.20477 0.00439697
27 1.20425 0.00426425
28 1.20334 0.00420778
29 1.20301 0.004076
30 1.20305 0.00394039
31 1.20381 0.00388552
32 1.20409 0.00377397
33 1.20452 0.00368418
34 1.20486 0.00359209
35 1.20477 0.00349059
36 1.20465 0.00339582
37 1.20427 0.00332518
38 1.20383 0.00326658
39 1.20315 0.003253
40 1.20297 0.00317653
41 1.20276 0.00310597
42 1.20307 0.00304685
43 1.20353 0.0030114
44 1.20423 0.00302302
45 1.20556 0.00323435
46 1.20692 0.00343886
47 1.20777 0.00346924
48 1.20887 0.00356605
49 1.20966 0.00358047
50 1.2101 0.00353518
