1 0.0587389 0
2 0.0548895 0.00272194
3 0.0547265 0.0018195
4 0.0564096 0.00199669
5 0.0544962 0.002341
6 0.0530225 0.00236975
7 0.0517271 0.00235885
8 0.0512403 0.00211362
9 0.0510406 0.00188818
10 0.0508205 0.00171214
11 0.050189 0.00166891
12 0.0491605 0.00181935
13 0.0489229 0.00169484
14 0.0490341 0.00157742
15 0.0494888 0.0015364
16 0.0496034 0.00144464
17 0.0494794 0.00136497
18 0.0491509 0.00132809
19 0.0496674 0.00135488
20 0.0497483 0.00128955
21 0.050058 0.00126477
22 0.0500085 0.00120825
23 0.0498312 0.00116865
24 0.0502771 0.00120201
25 0.0506251 0.00120324
26 0.050617 0.00115699
27 0.050552 0.00111597
28 0.0506068 0.00107746
29 0.0505565 0.00104148
30 0.0506242 0.00100896
31 0.0507037 0.000979544
32 0.0510961 0.0010245
33 0.0512685 0.00100786
34 0.051286 0.000978367
35 0.0512693 0.000950557
36 0.0509616 0.000972663
37 0.0507774 0.000963661
38 0.0508105 0.000938869
39 0.0509416 0.000923905
40 0.0507716 0.000916316
41 0.0507048 0.0008964
42 0.0506668 0.00087586
43 0.050806 0.000866488
44 0.0509479 0.000858339
45 0.0508633 0.000843423
46 0.0509148 0.000826655
47 0.0512033 0.000857952
48 0.051204 0.000840078
49 0.0511241 0.000826728
50 0.051119 0.000810209
