1 1.87951 0
2 1.88356 0.00286585
3 1.87877 0.00435049
4 1.86828 0.0096504
5 1.86511 0.00822508
6 1.85995 0.00831651
7 1.85543 0.00826839
8 1.8506 0.00853021
9 1.84622 0.00863249
10 1.84046 0.00949648
11 1.83413 0.0105377
12 1.82923 0.0107351
13 1.82479 0.0107903
14 1.82246 0.0102688
15 1.82027 0.00981512
16 1.81867 0.00932973
17 1.81676 0.00897506
18 1.81576 0.00853166
19 1.81311 0.00848655
20 1.81274 0.00807025
21 1.81155 0.00777254
22 1.81084 0.00745185
23 1.81063 0.00713069
24 1.80927 0.00696204
25 1.80792 0.00681431
26 1.80715 0.00659545
27 1.80637 0.00639637
28 1.80501 0.00631167
29 1.80451 0.00611401
30 1.80458 0.00591058
31 1.80571 0.00582828
32 1.80613 0.00566096
33 1.80678 0.00552627
34 1.8073 0.00538814
35 1.80716 0.00523589
36 1.80698 0.00509373
37 1.80641 0.00498778
38 1.80575 0.00489987
39 1.80473 0.00487951
40 1.80446 0.0047648
41 1.80414 0.00465895
42 1.8046 0.00457027
43 1.8053 0.0045171
44 1.80635 0.00453453
45 1.80834 0.00485153
46 1.81038 0.00515829
47 1.81166 0.00520386
48 1.8133 0.00534907
49 1.81449 0.0053707
50 1.81515 0.00530277
