50 0 0 0
50 0.064633 0 0
50 0.129266 0 0
50 0.193899 0 0
50 0.258532 0 0
50 0.323165 0 0
50 0.387798 0 0
50 0.452431 0 0
50 0.517064 0 0
50 0.581697 0 0
50 0.64633 0 0
50 0.710963 0 0
50 0.775596 0 0
50 0.84023 0 0
50 0.904863 0.13286 0.0187502
50 0.969496 1.04421 0.0710517
50 1.03413 1.76526 0.0772323
50 1.09876 1.85477 0.0694444
50 1.16339 1.75857 0.0844183
50 1.22803 1.4936 0.0715179
50 1.29266 1.46106 0.0636035
50 1.35729 1.26506 0.0418559
50 1.42193 1.23187 0.0510805
50 1.48656 1.1607 0.0432436
50 1.55119 1.18118 0.0453092
50 1.61583 1.14693 0.0450854
50 1.68046 1.05362 0.0370459
50 1.74509 1.01433 0.0351633
50 1.80973 1.02866 0.0367981
50 1.87436 0.939543 0.0383346
50 1.93899 0.901829 0.0345237
50 2.00362 0.956147 0.0335505
50 2.06826 0.937382 0.0256725
50 2.13289 0.938281 0.0283485
50 2.19752 1.01068 0.0329621
50 2.26216 1.03215 0.0265729
50 2.32679 0.985306 0.0262347
50 2.39142 0.998816 0.0280149
50 2.45606 1.02073 0.0316442
50 2.52069 1.03043 0.0258003
50 2.58532 0.982904 0.0248183
50 2.64995 0.968304 0.0204331
50 2.71459 0.922852 0.0218128
50 2.77922 0.990225 0.0236953
50 2.84385 0.956916 0.0172298
50 2.90849 0.914527 0.023673
50 2.97312 0.899546 0.0212592
50 3.03775 0.920416 0.0219944
50 3.10239 0.940813 0.0200117
50 3.16702 0.955753 0.02325
50 3.23165 0.923799 0.0172904
50 3.29629 0.964165 0.0178699
50 3.36092 0.923271 0.0169568
50 3.42555 0.954331 0.0193619
50 3.49018 0.965643 0.0198932
50 3.55482 0.963479 0.0175882
50 3.61945 1.00419 0.017861
50 3.68408 0.967416 0.0150667
50 3.74872 0.94547 0.0211316
50 3.81335 0.978769 0.0184675
50 3.87798 1.00382 0.0162599
50 3.94262 1.0296 0.0155858
50 4.00725 1.02455 0.0161405
50 4.07188 0.986309 0.0150427
50 4.13651 0.953707 0.0168323
50 4.20115 0.931882 0.0133702
50 4.26578 0.957581 0.0140575
50 4.33041 0.951341 0.0139688
50 4.39505 0.96164 0.0155113
50 4.45968 0.963229 0.0143223
50 4.52431 0.972709 0.0172961
50 4.58895 0.99478 0.0184773
50 4.65358 0.993258 0.0164437
50 4.71821 0.969062 0.0142239
50 4.78285 0.991957 0.0127891
50 4.84748 0.991477 0.0136035
50 4.91211 0.98033 0.0122013
50 4.97674 0.994233 0.0117891
50 5.04138 1.00632 0.0129867
50 5.10601 1.00401 0.0136397
50 5.17064 0.999906 0.0128594
50 5.23528 0.96814 0.0128259
50 5.29991 0.950651 0.0122953
50 5.36454 0.970242 0.0127432
50 5.42918 0.992574 0.012174
50 5.49381 1.0036 0.0107654
50 5.55844 1.00946 0.012072
50 5.62307 1.01102 0.0120028
50 5.68771 0.988612 0.0109848
50 5.75234 0.997496 0.0109083
50 5.81697 0.993927 0.013416
50 5.88161 1.01304 0.00936688
50 5.94624 0.985678 0.0107313
50 6.01087 0.986309 0.0117048
50 6.07551 1.03038 0.0122152
50 6.14014 1.03833 0.0115146
50 6.20477 1.03651 0.0108979
50 6.2694 1.03712 0.0119587
50 6.33404 1.0316 0.00990353
50 6.39867 1.03001 0.01001
