1 1.45229 0
2 1.45205 0.000175255
3 1.45219 0.000164718
4 1.45209 0.000151452
5 1.45211 0.000122916
6 1.4521 0.000102705
7 1.45209 8.90363e-05
8 1.4521 7.85797e-05
9 1.4521 6.9868e-05
10 1.4521 6.29736e-05
11 1.45209 5.75233e-05
12 1.45208 5.31162e-05
13 1.45208 4.94927e-05
14 1.45207 4.7202e-05
15 1.45206 4.42611e-05
16 1.45206 4.16339e-05
17 1.45205 3.96092e-05
18 1.45206 3.7855e-05
19 1.45205 3.79315e-05
20 1.45205 3.60389e-05
21 1.45204 3.47922e-05
22 1.45204 3.34146e-05
23 1.45203 3.21302e-05
24 1.45204 3.09905e-05
25 1.45203 3.07104e-05
26 1.45203 2.99683e-05
27 1.45204 2.90456e-05
28 1.45202 3.23885e-05
29 1.45202 3.13804e-05
30 1.45201 3.25268e-05
31 1.452 3.15073e-05
32 1.452 3.13722e-05
33 1.452 3.04258e-05
34 1.45199 2.96288e-05
35 1.452 2.87916e-05
36 1.45199 2.82188e-05
37 1.452 2.76125e-05
38 1.45199 2.79734e-05
39 1.45199 2.72718e-05
40 1.45198 2.70082e-05
41 1.45198 2.65605e-05
42 1.45197 2.627e-05
43 1.45197 2.56592e-05
44 1.45196 2.66755e-05
45 1.45196 2.63164e-05
46 1.45196 2.57667e-05
47 1.45196 2.52188e-05
48 1.45196 2.47143e-05
49 1.45196 2.42363e-05
50 1.45197 2.39303e-05
