1.45161
1.45187
1.4521
1.45229
1.45245
1.45258
1.45267
1.45272
1.45273
1.45271
1.45267
1.4526
1.45253
1.45244
1.45235
1.45223
1.45209
1.45192
1.45174
1.45158
1.45145
1.45139
1.4514
1.45147
1.45157
1.45169
1.4518
1.4519
1.45197
1.45202
1.45205
1.45204
1.45201
1.45197
1.45193
1.45189
1.45185
1.45185
1.45186
1.45188
1.45191
1.45196
1.45203
1.45209
1.45215
1.45223
1.45231
1.4524
1.45251
1.45263
1.45275
1.4529
1.45306
1.45319
1.45326
1.45317
1.45288
1.45245
1.45197
1.4516
1.45141
1.45141
1.45153
1.45171
1.45188
1.45204
1.45215
1.45222
1.45223
1.45218
1.45207
1.45193
1.45177
1.45163
1.45153
1.4515
1.45152
1.45157
1.45165
1.45174
1.45182
1.45189
1.45195
1.452
1.45204
1.45208
1.45214
1.4522
1.45227
1.45234
1.4524
1.45246
1.4525
1.45251
1.45247
1.4524
1.45231
1.4522
1.4521
1.45201
1.45194
1.4519
1.45188
1.45189
1.45193
1.45196
1.452
1.45204
1.45207
1.45209
1.45211
1.45212
1.45212
1.45213
1.45215
1.45215
1.45217
1.45218
1.45219
1.45221
1.45222
1.45221
1.45219
1.45216
1.45212
1.45207
1.45202
1.45198
1.45193
1.4519
1.45187
1.45187
1.45187
1.45187
1.45189
1.45191
1.45194
1.45197
1.45201
1.45206
1.45211
1.45216
1.45221
1.45226
1.45232
1.45237
1.4524
1.45243
1.45241
1.45237
1.45232
1.45225
1.45217
1.45209
1.45204
1.45198
1.45194
1.45192
1.45189
1.45187
1.45185
1.45185
1.45185
1.45187
1.45189
1.45193
1.45196
1.452
1.45206
1.45211
1.45216
1.45222
1.45227
1.45232
1.45235
1.45236
1.45236
1.45234
1.4523
1.45224
1.45218
1.45212
1.45207
1.45201
1.45198
1.45196
1.45194
1.45194
1.45194
1.45196
1.45198
1.45201
1.45204
1.45208
1.45211
1.45214
1.45217
1.45219
1.45223
1.45225
1.45225
1.45225
1.45225
1.45223
1.45221
1.45218
1.45215
1.45211
1.45205
1.45199
1.45194
1.45189
1.45186
1.45185
1.45186
1.45187
1.4519
1.45191
1.45194
1.45196
1.45198
1.45198
1.452
1.45202
1.45202
1.45202
1.45202
1.45203
1.45202
1.45202
1.45202
1.45201
1.45201
1.452
1.45201
1.45201
1.45201
1.45201
1.45202
1.45202
1.45203
1.45203
1.45204
1.45205
1.45205
1.45204
1.45203
1.45203
1.45203
1.45202
1.45201
1.45201
1.452
1.45199
1.45199
1.45196
1.45194
1.45191
1.45188
1.45184
1.4518
1.45176
1.45173
1.45171
1.4517
1.45171
1.45174
1.45177
1.45181
1.45185
1.45189
1.45193
1.45197
1.45201
1.45206
1.45211
1.45217
1.45223
1.45225
1.45224
1.45217
1.45206
1.45194
1.45185
1.45181
1.45184
1.45189
1.45198
1.45205
1.45209
1.4521
1.45209
1.45208
1.45207
1.45206
1.45206
1.45204
1.452
1.45194
1.45188
1.45182
1.45178
1.45178
1.45181
1.45186
1.45192
1.45197
1.45201
1.45206
1.45209
1.45212
1.45213
1.45212
1.45211
1.4521
1.45209
1.45208
1.45209
1.45209
1.4521
1.45213
1.45213
1.45214
1.45214
1.45212
1.45209
1.45205
1.45202
1.45197
1.45192
1.45189
1.45186
1.45184
1.45182
1.45182
1.45183
1.45183
1.45183
1.45184
1.45185
1.45186
1.45188
1.4519
1.45191
1.45192
1.45193
1.45194
1.45195
1.45198
1.45202
1.45207
1.45214
1.45222
1.45232
1.45242
1.45252
1.45259
1.45261
1.45257
1.45246
1.45232
1.45219
1.45211
1.45209
1.45212
1.45218
1.45222
1.45222
1.45215
1.452
1.45179
1.4516
1.45144
1.45135
1.45133
1.45135
1.4514
1.45145
1.4515
1.45155
1.45159
1.45164
1.45169
1.45175
1.45181
1.45188
1.45194
1.452
1.45205
1.4521
1.45215
1.45218
1.4522
1.45222
1.45224
1.45224
1.45225
1.45226
1.45226
1.45224
1.45222
1.45219
1.45212
1.45205
1.45197
1.45189
1.45183
1.45179
1.45177
1.45176
1.45175
1.45173
1.45171
1.45171
1.45175
1.45184
1.45195
1.45207
1.45217
1.45219
1.45213
1.452
1.45181
1.45166
1.45156
1.45155
1.45162
1.45175
1.4519
1.45204
1.45215
1.45224
1.45227
1.45226
1.45223
1.45216
1.45207
1.45197
1.4519
1.45185
1.45181
1.45179
1.45179
1.4518
1.45182
1.45184
1.45186
1.45187
1.45189
1.4519
1.45191
1.45193
1.45196
1.45199
1.45202
1.45207
1.45213
1.45219
1.45226
1.45234
1.45241
1.45247
1.45252
1.45254
1.45254
1.45249
1.45241
1.4523
1.45216
1.45201
1.45187
1.45174
1.45167
1.45164
1.45167
1.45173
1.45185
1.45199
1.45212
1.45224
1.45231
1.45233
1.45232
1.45231
1.45233
1.45238
1.45241
1.45239
1.4522
1.45186
1.45146
1.45113
1.45096
1.45097
1.45111
1.45131
1.45152
1.45171
1.45185
1.45197
1.45206
1.45213
1.45217
1.4522
1.45221
1.45222
1.45222
1.45221
1.4522
1.45219
1.45218
1.45219
1.45223
1.45227
1.45229
1.4523
1.45224
1.45212
1.45193
1.45173
1.45155
1.45144
1.45141
1.45145
1.45154
1.45161
1.45169
1.45175
1.4518
1.45184
1.4519
1.45198
1.45208
1.45222
1.45241
1.45266
1.45295
1.45324
1.45347
1.45348
1.45314
1.45246
1.45165
1.45102
1.45071
1.45067
1.4508
1.45097
1.45113
1.45127
1.45139
1.45151
1.45161
1.45171
1.45178
1.45185
1.4519
1.45194
1.45197
1.45199
1.452
1.45199
1.45197
1.45196
1.45193
1.4519
1.45188
1.45185
1.45182
1.45179
1.45178
1.45178
1.4518
1.45184
1.45191
1.45201
1.45212
1.45221
1.45222
1.45211
1.45187
1.45156
1.45128
1.45112
1.45111
1.45124
1.45142
1.45162
1.4518
1.45195
1.45204
1.45209
1.45208
1.45202
1.45193
1.45182
1.4517
1.45159
1.45151
1.45146
1.45143
1.45141
1.45141
1.45143
1.45146
1.45151
1.45157
1.45165
1.45175
1.45186
1.45198
1.4521
1.45223
1.45233
1.45242
1.4525
1.45254
1.45257
1.45257
1.45254
1.45247
1.45234
1.45217
1.45196
1.45173
1.45152
1.45135
1.45124
1.45121
1.45124
1.45133
1.45147
1.45164
1.45179
1.45191
1.45199
1.45204
1.45203
1.452
1.45194
1.45188
1.45181
1.45177
1.45175
1.45177
1.45185
1.45195
1.45209
1.45224
1.45236
1.45243
1.45243
1.45239
1.45228
1.45213
1.45198
1.45187
1.45179
1.45176
1.45176
1.45177
1.45179
1.45182
1.45183
1.45185
1.45183
1.45181
1.45179
1.45178
1.45178
1.45181
1.45185
1.4519
1.45195
1.452
1.45205
1.4521
1.45216
1.4522
1.45224
1.45226
1.45226
1.45226
1.45222
1.45216
1.4521
1.45203
1.45198
1.45194
1.45191
1.45189
1.4519
1.4519
1.45192
1.45194
1.45196
1.45196
1.45195
1.45195
1.45194
1.45191
1.45191
1.45189
1.45188
1.45187
1.45185
1.45185
1.45185
1.45184
1.45184
1.45184
1.45185
1.45185
1.45185
1.45185
1.45186
1.45187
1.45187
1.45189
1.45189
1.4519
1.4519
1.45192
1.45195
1.45197
1.45201
1.45204
1.45208
1.45213
1.45218
1.45222
1.45227
1.4523
1.45232
1.45231
1.45227
1.4522
1.45211
1.45203
1.45196
1.4519
1.45186
1.45183
1.45178
1.45172
1.45162
1.45153
1.45144
1.45138
1.45138
1.4514
1.45145
1.45153
1.45161
1.45169
1.45177
1.45186
1.45195
1.45207
1.4522
1.45236
1.4525
1.45262
1.45268
1.45265
1.45254
1.45235
1.45214
1.45193
1.45175
1.45162
1.45152
1.45147
1.45145
1.45146
1.45149
1.45155
1.4516
1.45165
1.45168
1.4517
1.45172
1.45172
1.45171
1.45171
1.45171
1.45172
1.45172
1.45172
1.45174
1.45175
1.45176
1.45178
1.4518
1.45184
1.45188
1.45192
1.45196
1.452
1.45205
1.45209
1.45211
1.45214
1.45215
1.45214
1.45212
1.45209
1.45202
1.45193
1.45182
1.45171
1.4516
1.45153
1.4515
1.45152
1.45156
1.45163
1.45167
1.45174
1.45178
1.45182
1.45183
1.45182
1.45181
1.45179
1.45175
1.45172
1.45169
1.45167
1.45166
1.45166
1.45168
1.45171
1.45174
1.4518
1.45186
1.45192
1.45198
1.45202
1.45202
1.45199
1.4519
1.45178
1.45165
1.45153
1.45149
1.45152
1.45161
1.45177
1.45194
1.45212
1.45226
1.45234
1.45235
1.45232
1.45229
1.45225
1.45222
1.45217
1.45207
1.45193
1.45173
1.45153
1.45134
1.4512
1.45113
1.45115
1.45124
1.45136
1.45149
1.45162
1.4517
1.45175
1.45177
1.45177
1.45176
1.45174
1.45173
1.45172
1.45173
1.45172
1.45171
1.45171
1.45171
1.4517
1.4517
1.4517
1.4517
1.4517
1.45171
1.45173
1.45176
1.45178
1.45182
1.45185
1.4519
1.45195
1.45201
1.45209
1.45216
1.45223
1.45228
1.45231
1.45231
1.45226
1.45217
1.45202
1.45183
1.45163
1.45145
1.45132
1.45126
1.45129
1.45139
1.45156
1.45175
1.45197
1.45219
1.45239
1.45259
1.45276
1.45293
1.45305
1.45314
1.45317
1.45307
1.45279
1.45235
1.45182
1.45137
1.45107
1.45097
1.45099
1.45107
1.45118
1.45129
1.45138
1.45147
1.45157
1.45168
1.4518
1.45192
1.45205
1.45216
1.45227
1.45233
1.45238
1.45239
1.45235
1.45228
1.45215
1.45202
1.45188
1.45177
1.4517
1.45167
1.45168
1.45173
1.45179
1.45188
1.45196
1.45205
1.45212
1.45217
1.45221
1.45223
1.45224
1.45226
1.45226
1.45226
1.45224
1.4522
1.45211
1.452
1.45187
1.45174
1.45163
1.45158
1.45158
1.45162
1.4517
1.45179
1.4519
1.45201
1.45213
1.45225
1.45237
1.45249
1.4526
1.4527
1.45274
1.45272
1.45262
1.45243
1.45218
1.4519
1.45164
1.45144
1.45132
1.45128
