1.91335
1.9162
1.91653
1.91467
1.91101
1.90593
1.8998
1.89299
1.88587
1.87878
1.87205
1.86591
1.86051
1.85595
1.85225
1.84953
1.848
1.84795
1.84966
1.85318
1.85825
1.86431
1.87066
1.87666
1.88181
1.88586
1.88876
1.89059
1.89154
1.89189
1.8919
1.89185
1.89199
1.89246
1.89336
1.89465
1.89626
1.89804
1.89985
1.90153
1.90294
1.90396
1.90448
1.90441
1.90366
1.90216
1.89983
1.89661
1.8924
1.8871
1.88057
1.87264
1.86315
1.85215
1.8401
1.82809
1.81783
1.81115
1.80916
1.81155
1.81686
1.82319
1.82898
1.83332
1.83587
1.8367
1.83609
1.83449
1.83245
1.83056
1.82942
1.82954
1.83119
1.83435
1.8387
1.84371
1.84883
1.85358
1.85767
1.86095
1.86344
1.86519
1.86632
1.86692
1.86705
1.86673
1.86593
1.86461
1.86268
1.8601
1.85684
1.85296
1.84861
1.84403
1.83958
1.83563
1.83251
1.83044
1.82946
1.82947
1.83026
1.83157
1.83312
1.83468
1.83606
1.83712
1.83779
1.83807
1.83797
1.83759
1.83699
1.83625
1.83543
1.83456
1.83365
1.83268
1.83164
1.8305
1.82926
1.82794
1.82657
1.82522
1.82396
1.82292
1.82217
1.82182
1.82191
1.82246
1.82344
1.82477
1.82637
1.82812
1.82992
1.83165
1.83324
1.83462
1.83574
1.83655
1.83701
1.83707
1.83669
1.83584
1.83446
1.83253
1.83006
1.82708
1.82368
1.82003
1.81633
1.81285
1.80981
1.80741
1.80574
1.80479
1.8045
1.80475
1.80544
1.80648
1.8078
1.80933
1.81099
1.8127
1.81436
1.8159
1.81723
1.81829
1.81902
1.81935
1.81925
1.81866
1.81756
1.81593
1.81378
1.81116
1.80815
1.80485
1.80145
1.7981
1.79502
1.79238
1.79029
1.78884
1.78802
1.78775
1.78795
1.78846
1.78915
1.7899
1.7906
1.79117
1.79152
1.79161
1.7914
1.79086
1.78998
1.78876
1.78721
1.78536
1.78328
1.78101
1.77864
1.77623
1.77387
1.7716
1.76952
1.76769
1.76621
1.76517
1.76467
1.76474
1.76538
1.7665
1.76798
1.76966
1.77136
1.77295
1.77433
1.77544
1.77627
1.77683
1.77714
1.77725
1.77719
1.777
1.77673
1.77641
1.77607
1.77574
1.77542
1.77515
1.77491
1.77473
1.7746
1.7745
1.77444
1.77439
1.77435
1.77428
1.77417
1.77401
1.77377
1.77347
1.77309
1.77267
1.77221
1.77174
1.7713
1.77091
1.77059
1.77034
1.77016
1.77004
1.76999
1.77
1.77011
1.77034
1.77076
1.77143
1.77242
1.77377
1.7755
1.77761
1.78005
1.78272
1.78553
1.78834
1.79103
1.79349
1.79563
1.79737
1.7987
1.79961
1.80011
1.8002
1.79988
1.79906
1.79769
1.79574
1.79334
1.79081
1.78863
1.78731
1.78715
1.78807
1.78966
1.79133
1.79259
1.79316
1.79303
1.79239
1.7915
1.79058
1.78975
1.78903
1.78841
1.78788
1.7875
1.78741
1.78777
1.78869
1.79018
1.79209
1.79419
1.7962
1.79789
1.79909
1.79975
1.79987
1.79951
1.79877
1.79776
1.79659
1.79538
1.79419
1.79311
1.79213
1.79124
1.79038
1.78945
1.7884
1.78719
1.78582
1.78435
1.78289
1.78157
1.78052
1.77985
1.77963
1.7799
1.78064
1.7818
1.78331
1.78508
1.78701
1.78903
1.79106
1.79305
1.79495
1.79675
1.79842
1.79996
1.80137
1.80265
1.80382
1.80487
1.8058
1.80659
1.8072
1.80758
1.80764
1.80727
1.80633
1.80464
1.80205
1.79842
1.79373
1.78812
1.78196
1.77584
1.7704
1.76618
1.76331
1.76156
1.76038
1.75916
1.75751
1.75532
1.75287
1.75074
1.74967
1.75032
1.75296
1.75742
1.76316
1.7695
1.77588
1.78195
1.78754
1.79262
1.79723
1.80138
1.80506
1.80824
1.81084
1.81283
1.81417
1.81484
1.81487
1.8143
1.81318
1.81159
1.80962
1.80735
1.80485
1.80221
1.79947
1.79667
1.79383
1.79098
1.78815
1.78544
1.78299
1.78099
1.77963
1.77905
1.77929
1.78021
1.78162
1.7833
1.78512
1.78705
1.78915
1.79145
1.79382
1.79598
1.79754
1.7981
1.79742
1.79559
1.79306
1.79059
1.78909
1.78921
1.79111
1.79437
1.79819
1.80171
1.80428
1.80554
1.80543
1.80411
1.80186
1.79908
1.79617
1.79353
1.79148
1.7902
1.7898
1.79024
1.79141
1.79312
1.79517
1.79734
1.79948
1.80146
1.80326
1.80488
1.80635
1.80773
1.80901
1.81019
1.81123
1.81205
1.81258
1.81271
1.81235
1.81142
1.80985
1.80757
1.80456
1.80083
1.79644
1.79151
1.78623
1.78084
1.77566
1.77106
1.76741
1.76503
1.76411
1.76471
1.76668
1.76969
1.77328
1.77694
1.78011
1.78233
1.78326
1.78277
1.781
1.77828
1.7751
1.77185
1.7687
1.76547
1.76187
1.75775
1.75354
1.75037
1.74977
1.75291
1.75981
1.76929
1.77957
1.78909
1.7969
1.80268
1.8065
1.80864
1.80943
1.80917
1.80811
1.80646
1.80441
1.8021
1.79967
1.79721
1.79481
1.79248
1.79021
1.78791
1.78546
1.78273
1.77964
1.77622
1.77265
1.76936
1.76693
1.766
1.76703
1.77002
1.77451
1.77973
1.78492
1.78951
1.79328
1.79623
1.79849
1.80019
1.80141
1.80211
1.80218
1.80136
1.79934
1.79569
1.78989
1.7814
1.76986
1.75549
1.73967
1.72525
1.71587
1.71409
1.71976
1.73028
1.7425
1.75421
1.7644
1.77291
1.77987
1.78547
1.78986
1.79315
1.79545
1.79688
1.79754
1.79758
1.79711
1.79629
1.79523
1.79406
1.79288
1.7918
1.79087
1.79017
1.78971
1.78952
1.78959
1.78992
1.79048
1.79123
1.79207
1.79287
1.79341
1.79343
1.79261
1.79074
1.78783
1.78433
1.7812
1.77972
1.78098
1.78526
1.79186
1.79938
1.80641
1.81193
1.81552
1.81715
1.81712
1.81587
1.8139
1.81174
1.80989
1.80878
1.80871
1.80984
1.81213
1.8154
1.81939
1.82382
1.82847
1.83317
1.83778
1.84217
1.84622
1.84975
1.8526
1.85458
1.85554
1.85535
1.85396
1.85136
1.84762
1.84289
1.83732
1.8311
1.82445
1.81759
1.81083
1.80458
1.79933
1.79558
1.79378
1.79419
1.79681
1.8014
1.80743
1.81423
1.82107
1.82728
1.83234
1.83592
1.83794
1.83855
1.83809
1.83702
1.8358
1.83479
1.83427
1.83438
1.83518
1.8366
1.83841
1.8402
1.84147
1.84179
1.84083
1.83849
1.83484
1.83019
1.82505
1.82004
1.81584
1.81291
1.81145
1.81131
1.81212
1.81348
1.81504
1.81657
1.81794
1.8191
1.82008
1.82095
1.82186
1.82293
1.82421
1.82567
1.82716
1.82852
1.82957
1.83019
1.83029
1.82984
1.82885
1.82733
1.8253
1.8228
1.81991
1.81673
1.8134
1.81012
1.80709
1.80449
1.80244
1.80102
1.80019
1.79985
1.79984
1.8
1.80019
1.80029
1.80026
1.80009
1.7998
1.79942
1.79901
1.79863
1.7983
1.79806
1.79793
1.79792
1.79802
1.79823
1.79853
1.79891
1.79934
1.7998
1.80028
1.80075
1.8012
1.80163
1.80201
1.80235
1.80264
1.80287
1.80304
1.80313
1.80314
1.80305
1.80284
1.80249
1.80195
1.8012
1.80018
1.79885
1.79713
1.79499
1.79236
1.78923
1.78561
1.78156
1.77725
1.77289
1.76879
1.76524
1.76247
1.76057
1.7595
1.7591
1.75917
1.75961
1.76044
1.76181
1.76394
1.76696
1.77088
1.77549
1.78047
1.78541
1.78996
1.79391
1.79712
1.79954
1.80117
1.80196
1.8018
1.80053
1.79797
1.79395
1.78843
1.78156
1.77378
1.76579
1.75846
1.75263
1.74882
1.74719
1.74756
1.74955
1.75271
1.75661
1.76086
1.76512
1.7691
1.77262
1.77559
1.77801
1.77998
1.78163
1.7831
1.78451
1.78595
1.78746
1.78904
1.79067
1.79232
1.79394
1.7955
1.79695
1.79826
1.79939
1.80029
1.80093
1.80123
1.80117
1.80069
1.79977
1.79841
1.79663
1.7945
1.79211
1.78958
1.78703
1.7846
1.78249
1.7809
1.78008
1.78029
1.78165
1.78415
1.78755
1.79149
1.79552
1.79929
1.80254
1.80515
1.80713
1.80858
1.80964
1.81047
1.81126
1.81215
1.81327
1.81468
1.81642
1.81846
1.82075
1.82317
1.82563
1.82798
1.83011
1.83189
1.83322
1.83401
1.8342
1.83379
1.8329
1.83176
1.83074
1.83031
1.8309
1.83276
1.83584
1.83972
1.84371
1.84707
1.84914
1.8495
1.84803
1.84496
1.84077
1.83609
1.83147
1.82724
1.82343
1.81997
1.81689
1.81446
1.81319
1.81359
1.81604
1.82056
1.82679
1.83406
1.84157
1.84858
1.85455
1.85922
1.86264
1.86503
1.86672
1.86805
1.86929
1.8706
1.87207
1.87368
1.8754
1.87719
1.87902
1.88089
1.8828
1.88477
1.88679
1.88887
1.89099
1.89314
1.89527
1.89737
1.89937
1.90123
1.9029
1.90431
1.9054
1.90608
1.90628
1.90592
1.90492
1.90324
1.90088
1.89791
1.89449
1.89091
1.88755
1.88488
1.88341
1.88359
1.88574
1.88985
1.8956
1.90234
1.90924
1.91546
1.92031
1.92333
1.92425
1.92297
1.91953
1.91402
1.90663
1.89754
1.88698
1.87525
1.86288
1.85082
1.84056
1.83387
1.83209
1.83535
1.84248
1.85167
1.86131
1.8704
1.87854
1.88567
1.89182
1.89704
1.90129
1.9045
1.90656
1.9074
1.90698
1.90534
1.90257
1.89889
1.89459
1.89003
1.88564
1.88188
1.87913
1.87766
1.87755
1.87867
1.88073
1.8833
1.88596
1.8883
1.89002
1.89095
1.891
1.89019
1.88861
1.88639
1.88372
1.88074
1.87759
1.87435
1.87106
1.86775
1.86449
1.86149
1.85905
1.85755
1.8573
1.85842
1.86077
1.86394
1.86742
1.8707
1.87341
1.87528
1.87616
1.87597
1.87466
1.87217
1.86848
1.86354
1.85741
1.85024
1.84235
1.83428
1.82678
1.82069
1.81681
1.81562
1.81721
1.82119
1.82683
1.83326
