1.27557
1.27747
1.27768
1.27644
1.274
1.27062
1.26653
1.262
1.25725
1.25252
1.24803
1.24394
1.24034
1.2373
1.23483
1.23302
1.232
1.23197
1.23311
1.23545
1.23883
1.24287
1.24711
1.2511
1.25454
1.25724
1.25917
1.26039
1.26103
1.26126
1.26127
1.26124
1.26133
1.26164
1.26224
1.2631
1.26417
1.26536
1.26657
1.26769
1.26863
1.26931
1.26965
1.26961
1.26911
1.2681
1.26655
1.2644
1.2616
1.25807
1.25372
1.24842
1.2421
1.23477
1.22673
1.21872
1.21188
1.20744
1.2061
1.2077
1.21124
1.21546
1.21932
1.22221
1.22392
1.22446
1.22406
1.22299
1.22163
1.22037
1.21962
1.21969
1.2208
1.2229
1.2258
1.22914
1.23255
1.23572
1.23845
1.24064
1.24229
1.24346
1.24421
1.24461
1.2447
1.24449
1.24396
1.24307
1.24179
1.24007
1.2379
1.23531
1.2324
1.22936
1.22639
1.22375
1.22167
1.22029
1.21964
1.21965
1.22017
1.22104
1.22208
1.22312
1.22404
1.22475
1.2252
1.22538
1.22532
1.22506
1.22466
1.22416
1.22362
1.22304
1.22243
1.22179
1.22109
1.22033
1.21951
1.21863
1.21771
1.21681
1.21598
1.21528
1.21478
1.21454
1.2146
1.21497
1.21562
1.21652
1.21758
1.21875
1.21994
1.2211
1.22216
1.22308
1.22383
1.22437
1.22467
1.22471
1.22446
1.22389
1.22297
1.22169
1.22004
1.21805
1.21579
1.21335
1.21089
1.20856
1.20654
1.20494
1.20382
1.20319
1.203
1.20317
1.20363
1.20432
1.2052
1.20622
1.20733
1.20846
1.20957
1.2106
1.21149
1.21219
1.21268
1.2129
1.21283
1.21244
1.21171
1.21062
1.20919
1.20744
1.20543
1.20324
1.20096
1.19874
1.19668
1.19492
1.19353
1.19256
1.19201
1.19184
1.19196
1.1923
1.19277
1.19327
1.19374
1.19411
1.19435
1.19441
1.19427
1.19391
1.19332
1.19251
1.19147
1.19024
1.18885
1.18734
1.18576
1.18415
1.18258
1.18107
1.17968
1.17846
1.17747
1.17678
1.17645
1.17649
1.17692
1.17767
1.17866
1.17977
1.1809
1.18196
1.18288
1.18363
1.18418
1.18455
1.18476
1.18483
1.18479
1.18467
1.18449
1.18428
1.18405
1.18383
1.18362
1.18343
1.18328
1.18315
1.18306
1.183
1.18296
1.18293
1.1829
1.18285
1.18278
1.18267
1.18252
1.18231
1.18206
1.18178
1.18147
1.18116
1.18087
1.18061
1.18039
1.18022
1.18011
1.18003
1.17999
1.18
1.18007
1.18023
1.18051
1.18095
1.18161
1.18251
1.18367
1.18507
1.1867
1.18848
1.19035
1.19223
1.19402
1.19566
1.19708
1.19825
1.19913
1.19974
1.20007
1.20014
1.19992
1.19937
1.19846
1.19716
1.19556
1.19387
1.19242
1.19154
1.19143
1.19204
1.1931
1.19422
1.19506
1.19544
1.19535
1.19493
1.19434
1.19372
1.19316
1.19269
1.19227
1.19192
1.19167
1.19161
1.19185
1.19246
1.19345
1.19473
1.19613
1.19747
1.19859
1.1994
1.19983
1.19991
1.19967
1.19918
1.19851
1.19773
1.19692
1.19613
1.1954
1.19476
1.19416
1.19358
1.19297
1.19227
1.19146
1.19054
1.18957
1.1886
1.18771
1.18701
1.18656
1.18642
1.1866
1.18709
1.18787
1.18887
1.19005
1.19134
1.19269
1.19404
1.19536
1.19663
1.19783
1.19894
1.19997
1.20091
1.20177
1.20255
1.20325
1.20387
1.20439
1.2048
1.20505
1.20509
1.20485
1.20422
1.20309
1.20137
1.19895
1.19582
1.19208
1.18798
1.18389
1.18027
1.17745
1.17554
1.17437
1.17358
1.17278
1.17167
1.17021
1.16858
1.16716
1.16645
1.16688
1.16864
1.17161
1.17544
1.17967
1.18392
1.18797
1.19169
1.19508
1.19815
1.20092
1.20338
1.20549
1.20723
1.20856
1.20945
1.2099
1.20991
1.20953
1.20878
1.20773
1.20641
1.2049
1.20324
1.20147
1.19965
1.19778
1.19589
1.19398
1.1921
1.19029
1.18866
1.18732
1.18642
1.18603
1.18619
1.18681
1.18775
1.18887
1.19008
1.19137
1.19277
1.1943
1.19588
1.19732
1.19836
1.19873
1.19828
1.19706
1.19537
1.19373
1.19273
1.19281
1.19408
1.19625
1.19879
1.20114
1.20285
1.20369
1.20362
1.20274
1.20124
1.19938
1.19745
1.19569
1.19432
1.19347
1.1932
1.19349
1.19427
1.19542
1.19678
1.19823
1.19965
1.20097
1.20217
1.20325
1.20424
1.20515
1.20601
1.20679
1.20749
1.20804
1.20838
1.20847
1.20823
1.20762
1.20656
1.20505
1.20304
1.20055
1.19763
1.19434
1.19082
1.18723
1.18378
1.18071
1.17827
1.17668
1.17607
1.17648
1.17779
1.17979
1.18219
1.18462
1.18674
1.18822
1.18884
1.18852
1.18733
1.18552
1.1834
1.18123
1.17913
1.17698
1.17458
1.17183
1.16903
1.16691
1.16651
1.1686
1.1732
1.17953
1.18638
1.19273
1.19794
1.20178
1.20433
1.20576
1.20629
1.20611
1.2054
1.20431
1.20294
1.2014
1.19978
1.19814
1.19654
1.19499
1.19347
1.19194
1.19031
1.18849
1.18643
1.18415
1.18177
1.17957
1.17795
1.17733
1.17802
1.18001
1.18301
1.18649
1.18994
1.19301
1.19552
1.19749
1.19899
1.20012
1.20094
1.20141
1.20145
1.20091
1.19956
1.19713
1.19326
1.1876
1.17991
1.17033
1.15978
1.15017
1.14391
1.14272
1.1465
1.15352
1.16167
1.16947
1.17627
1.18194
1.18658
1.19031
1.19324
1.19543
1.19697
1.19792
1.19836
1.19838
1.19808
1.19753
1.19682
1.19604
1.19526
1.19453
1.19392
1.19344
1.19314
1.19301
1.19306
1.19328
1.19366
1.19415
1.19471
1.19524
1.19561
1.19562
1.19508
1.19383
1.19189
1.18955
1.18746
1.18648
1.18732
1.19018
1.19457
1.19959
1.20427
1.20796
1.21034
1.21143
1.21141
1.21058
1.20927
1.20783
1.2066
1.20585
1.20581
1.20656
1.20809
1.21027
1.21292
1.21588
1.21898
1.22211
1.22519
1.22812
1.23081
1.23317
1.23506
1.23639
1.23702
1.2369
1.23597
1.23424
1.23175
1.22859
1.22488
1.22074
1.2163
1.21173
1.20722
1.20305
1.19955
1.19705
1.19585
1.19612
1.19787
1.20093
1.20495
1.20948
1.21405
1.21819
1.22156
1.22394
1.22529
1.2257
1.22539
1.22468
1.22386
1.2232
1.22284
1.22292
1.22345
1.2244
1.22561
1.2268
1.22765
1.22786
1.22722
1.22566
1.22322
1.22013
1.2167
1.21336
1.21056
1.20861
1.20764
1.20754
1.20808
1.20899
1.21003
1.21105
1.21196
1.21274
1.21338
1.21397
1.21458
1.21529
1.21614
1.21711
1.21811
1.21902
1.21972
1.22012
1.22019
1.21989
1.21923
1.21822
1.21686
1.2152
1.21327
1.21115
1.20894
1.20675
1.20473
1.20299
1.20163
1.20068
1.20013
1.1999
1.19989
1.2
1.20012
1.20019
1.20018
1.20006
1.19986
1.19961
1.19934
1.19908
1.19887
1.19871
1.19862
1.19861
1.19868
1.19882
1.19902
1.19927
1.19956
1.19987
1.20018
1.2005
1.2008
1.20109
1.20134
1.20157
1.20176
1.20191
1.20202
1.20209
1.20209
1.20203
1.20189
1.20166
1.2013
1.2008
1.20012
1.19923
1.19809
1.19666
1.19491
1.19282
1.19041
1.18771
1.18483
1.18193
1.1792
1.17683
1.17498
1.17372
1.173
1.17273
1.17278
1.17307
1.17363
1.17454
1.17596
1.17797
1.18058
1.18366
1.18698
1.19027
1.19331
1.19594
1.19808
1.1997
1.20078
1.20131
1.2012
1.20036
1.19865
1.19597
1.19229
1.18771
1.18252
1.17719
1.17231
1.16842
1.16588
1.16479
1.16504
1.16637
1.16847
1.17107
1.17391
1.17675
1.1794
1.18175
1.18372
1.18534
1.18665
1.18775
1.18873
1.18967
1.19063
1.19164
1.19269
1.19378
1.19488
1.19596
1.197
1.19797
1.19884
1.19959
1.2002
1.20062
1.20082
1.20078
1.20046
1.19985
1.19894
1.19775
1.19633
1.19474
1.19305
1.19135
1.18974
1.18832
1.18726
1.18672
1.18686
1.18777
1.18943
1.1917
1.19432
1.19701
1.19953
1.20169
1.20343
1.20475
1.20572
1.20642
1.20698
1.20751
1.2081
1.20884
1.20979
1.21095
1.21231
1.21383
1.21545
1.21708
1.21865
1.22007
1.22126
1.22215
1.22267
1.2228
1.22253
1.22194
1.22118
1.22049
1.2202
1.2206
1.22184
1.22389
1.22648
1.22914
1.23138
1.23276
1.233
1.23202
1.22997
1.22718
1.22406
1.22098
1.21816
1.21562
1.21331
1.21126
1.20964
1.20879
1.20906
1.21069
1.21371
1.21786
1.22271
1.22772
1.23239
1.23636
1.23948
1.24176
1.24335
1.24448
1.24536
1.24619
1.24707
1.24805
1.24912
1.25027
1.25146
1.25268
1.25393
1.2552
1.25651
1.25786
1.25925
1.26066
1.26209
1.26352
1.26491
1.26624
1.26749
1.2686
1.26954
1.27027
1.27072
1.27086
1.27061
1.26995
1.26882
1.26725
1.26527
1.263
1.26061
1.25837
1.25659
1.25561
1.25573
1.25716
1.2599
1.26373
1.26823
1.27283
1.27697
1.28021
1.28222
1.28283
1.28198
1.27968
1.27601
1.27108
1.26502
1.25798
1.25017
1.24192
1.23388
1.22704
1.22258
1.22139
1.22356
1.22832
1.23445
1.24087
1.24693
1.25236
1.25711
1.26121
1.26469
1.26753
1.26967
1.27104
1.2716
1.27132
1.27022
1.26838
1.26593
1.26306
1.26002
1.2571
1.25459
1.25275
1.25177
1.2517
1.25245
1.25382
1.25553
1.2573
1.25886
1.26001
1.26063
1.26066
1.26012
1.25907
1.2576
1.25581
1.25383
1.25173
1.24957
1.24737
1.24516
1.243
1.241
1.23937
1.23836
1.2382
1.23895
1.24051
1.24263
1.24494
1.24714
1.24894
1.25019
1.25077
1.25065
1.24977
1.24812
1.24565
1.24236
1.23828
1.23349
1.22823
1.22285
1.21785
1.21379
1.2112
1.21041
1.21147
1.21413
1.21788
1.22217
