0.0516326
0.0509031
0.0507411
0.0510838
0.051854
0.052968
0.054339
0.0558791
0.0575009
0.0591168
0.0606492
0.0620322
0.0632224
0.0641893
0.0649088
0.0653475
0.0654567
0.0651755
0.0644614
0.0633172
0.0618091
0.0600656
0.0582369
0.056463
0.0548486
0.053454
0.0522976
0.0513682
0.0506314
0.0500387
0.0495366
0.0490713
0.0485982
0.0480884
0.0475307
0.0469307
0.0463108
0.0457041
0.0451464
0.0446719
0.0443153
0.0441066
0.0440713
0.0442306
0.044603
0.0452067
0.0460536
0.0471552
0.0485228
0.0501704
0.052113
0.0543693
0.0569417
0.0597879
0.062781
0.0656647
0.068081
0.069674
0.0702552
0.0699059
0.0689271
0.0676882
0.0664871
0.0655023
0.0648019
0.0643789
0.0641752
0.0641027
0.064051
0.0638988
0.0635289
0.0628489
0.061811
0.0604332
0.0587913
0.0569988
0.0551746
0.0534187
0.0518007
0.0503566
0.0490938
0.0480086
0.0470869
0.0463165
0.0456909
0.0452096
0.0448811
0.0447141
0.044721
0.0449081
0.0452718
0.0457932
0.0464328
0.0471296
0.0478053
0.0483805
0.0487859
0.0489763
0.0489427
0.0487061
0.0483105
0.0478102
0.0472599
0.0467109
0.0462046
0.0457677
0.0454179
0.0451584
0.0449833
0.0448793
0.0448307
0.0448213
0.0448395
0.0448793
0.044938
0.0450147
0.0451125
0.0452326
0.0453734
0.045529
0.0456892
0.0458372
0.0459544
0.04602
0.0460128
0.0459167
0.0457219
0.0454289
0.0450465
0.0445933
0.0440935
0.0435751
0.0430628
0.042582
0.0421558
0.041802
0.0415348
0.0413685
0.0413147
0.0413841
0.0415852
0.0419244
0.042409
0.0430383
0.0438087
0.0447031
0.0456936
0.0467396
0.0477868
0.0487785
0.0496596
0.0503885
0.0509415
0.0513165
0.0515263
0.0515899
0.0515282
0.0513604
0.0511023
0.0507733
0.0503909
0.0499792
0.0495588
0.049154
0.0487828
0.0484638
0.0482123
0.0480424
0.0479673
0.047995
0.0481316
0.0483789
0.0487308
0.0491753
0.0496902
0.0502451
0.0508033
0.0513228
0.0517609
0.0520792
0.0522508
0.052263
0.0521153
0.0518231
0.0514125
0.0509116
0.0503527
0.0497654
0.0491763
0.0486079
0.0480794
0.0476055
0.0471971
0.0468627
0.0466071
0.0464303
0.0463301
0.0462973
0.0463233
0.0463897
0.0464798
0.0465752
0.0466601
0.0467157
0.0467249
0.046668
0.0465256
0.0462769
0.0459041
0.0454015
0.044775
0.0440458
0.0432453
0.042412
0.0415842
0.0407925
0.0400633
0.0394101
0.0388439
0.0383644
0.03797
0.0376545
0.0374132
0.037238
0.03712
0.0370546
0.037035
0.0370573
0.0371151
0.0372071
0.0373306
0.0374834
0.0376663
0.0378797
0.0381255
0.0384052
0.0387211
0.0390764
0.0394749
0.0399167
0.0404029
0.0409321
0.0415019
0.0421064
0.0427371
0.0433862
0.0440456
0.0447072
0.0453644
0.0460115
0.0466469
0.0472669
0.0478682
0.0484464
0.0489921
0.0494917
0.0499317
0.0502951
0.0505674
0.0507376
0.0507997
0.0507579
0.0506244
0.0504181
0.0501644
0.0498944
0.0496369
0.0494176
0.0492633
0.04919
0.0492075
0.049321
0.0495307
0.0498389
0.0502505
0.0507755
0.0514219
0.0521843
0.053025
0.0538724
0.0546214
0.0551741
0.055476
0.0555463
0.055471
0.0553616
0.0553127
0.0553744
0.0555414
0.0557776
0.0560325
0.0562641
0.0564462
0.0565726
0.0566427
0.0566538
0.0565897
0.0564236
0.0561259
0.0556814
0.0550957
0.054406
0.0536677
0.0529395
0.0522735
0.0517041
0.0512477
0.0509061
0.0506698
0.0505201
0.0504372
0.050397
0.050377
0.050362
0.0503374
0.0503
0.0502532
0.050209
0.0501786
0.0501737
0.0501983
0.0502447
0.0502988
0.0503357
0.0503271
0.0502467
0.050071
0.0497864
0.0493871
0.0488781
0.0482748
0.0475954
0.0468619
0.0460984
0.0453271
0.0445674
0.0438347
0.043144
0.0425066
0.0419292
0.04142
0.0409823
0.0406186
0.0403321
0.0401264
0.0400067
0.0399803
0.040055
0.0402476
0.0405756
0.0410626
0.041735
0.0426225
0.0437523
0.0451388
0.0467727
0.0486078
0.0505539
0.0524805
0.054249
0.0557563
0.05697
0.0579387
0.0587618
0.0595456
0.0603576
0.0612024
0.0620154
0.0626751
0.0630363
0.0629808
0.0624676
0.0615432
0.0603247
0.0589488
0.0575329
0.0561556
0.054855
0.0536497
0.0525438
0.0515441
0.0506636
0.0499147
0.0493157
0.0488793
0.0486147
0.0485247
0.048606
0.0488471
0.0492356
0.0497515
0.0503741
0.0510802
0.0518495
0.0526612
0.0534981
0.0543463
0.0551932
0.0560237
0.0568216
0.0575615
0.0582063
0.0587126
0.0590393
0.0591599
0.0590718
0.0588012
0.0583913
0.0578878
0.0573194
0.056695
0.056012
0.0552778
0.0545239
0.0538153
0.0532336
0.0528534
0.0527109
0.0527794
0.0529586
0.053091
0.0530057
0.0525811
0.0518059
0.0507737
0.0496488
0.0486022
0.0477625
0.0471997
0.0469281
0.0469183
0.04711
0.0474232
0.0477766
0.0480909
0.0483023
0.0483706
0.0482795
0.0480379
0.0476698
0.0472141
0.0467157
0.0462179
0.0457581
0.0453583
0.045031
0.0447765
0.0445922
0.0444738
0.0444204
0.0444385
0.0445393
0.0447372
0.0450497
0.0454952
0.0460911
0.0468514
0.0477858
0.0489007
0.0501917
0.0516451
0.0532381
0.0549333
0.0566782
0.058409
0.0600466
0.0615086
0.0627127
0.0635915
0.0641045
0.0642462
0.0640527
0.0635981
0.0629804
0.0623138
0.0617117
0.0612745
0.0610708
0.0611237
0.0614068
0.0618487
0.0623555
0.0628498
0.0633031
0.0637421
0.0642131
0.0647203
0.0651593
0.0652923
0.0648309
0.0635827
0.0615809
0.0590838
0.0564475
0.0539817
0.0518723
0.0501918
0.0489337
0.0480526
0.0474931
0.0471983
0.0471174
0.047205
0.0474227
0.047735
0.0481111
0.0485246
0.0489567
0.0493961
0.0498449
0.0503137
0.050821
0.0513854
0.0520116
0.0526826
0.0533472
0.0539129
0.0542553
0.0542513
0.0538244
0.0529861
0.0518408
0.0505469
0.0492637
0.0481027
0.0471168
0.0463182
0.0456915
0.0452229
0.0449082
0.0447639
0.0448231
0.045135
0.045767
0.0468001
0.0483241
0.0504219
0.0531241
0.0563326
0.0597102
0.062652
0.0644513
0.0646583
0.0633634
0.0610894
0.0584402
0.0558406
0.0534902
0.0514453
0.0497038
0.048251
0.0470723
0.0461531
0.04548
0.0450331
0.0447909
0.0447257
0.0448094
0.0450121
0.0453052
0.0456592
0.046049
0.0464515
0.0468503
0.0472296
0.0475816
0.0479007
0.0481855
0.0484366
0.0486615
0.0488711
0.0490821
0.0493245
0.0496398
0.0500801
0.0506983
0.051524
0.0525345
0.0536205
0.054577
0.0551531
0.0551531
0.0545481
0.0534996
0.0522874
0.0511886
0.0503949
0.0499958
0.0499891
0.0503211
0.0509002
0.0516228
0.0523781
0.0530617
0.0535849
0.053884
0.0539307
0.0537337
0.0533318
0.0527796
0.0521346
0.0514485
0.0507635
0.0501157
0.0495383
0.049067
0.0487417
0.0486026
0.0486888
0.0490328
0.049658
0.0505707
0.0517657
0.053216
0.0548868
0.0567306
0.0586932
0.060719
0.0627419
0.06468
0.0664359
0.0678961
0.0689535
0.0695167
0.0695369
0.0690226
0.0680368
0.0666948
0.0651444
0.0635439
0.0620368
0.060738
0.059719
0.0589987
0.0585524
0.0583129
0.0581939
0.058106
0.0579771
0.057758
0.0574201
0.0569555
0.0563854
0.0557638
0.0551776
0.0547246
0.0544922
0.0545393
0.0548802
0.0554863
0.0562842
0.0571631
0.057989
0.0586255
0.0589775
0.0590132
0.0587643
0.058303
0.0577133
0.0570648
0.0564064
0.0557694
0.0551681
0.0546004
0.0540537
0.0535028
0.052931
0.0523312
0.0517171
0.0511175
0.0505706
0.0501105
0.0497632
0.0495431
0.0494548
0.0494978
0.0496649
0.0499467
0.0503273
0.0507856
0.0512918
0.0518059
0.0522856
0.0526816
0.0529536
0.0530716
0.0530242
0.0528172
0.0524734
0.052024
0.0515042
0.0509472
0.0503749
0.0498036
0.0492379
0.0486783
0.0481178
0.0475512
0.0469736
0.0463782
0.0457625
0.0451292
0.0444759
0.0438092
0.043134
0.0424549
0.0417826
0.041123
0.040484
0.0398736
0.0392997
0.0387681
0.0382845
0.0378547
0.0374833
0.0371745
0.0369318
0.0367586
0.03666
0.0366388
0.0367
0.0368493
0.0370944
0.0374412
0.0378962
0.0384691
0.039167
0.0399994
0.0409715
0.0420863
0.0433405
0.044722
0.0462034
0.047742
0.0492783
0.0507435
0.0520685
0.0532016
0.0541177
0.0548217
0.0553392
0.0557001
0.0559202
0.0559908
0.0558844
0.0555649
0.0550146
0.0542464
0.053313
0.0522947
0.0512768
0.0503386
0.0495346
0.0488973
0.0484439
0.0481855
0.0481367
0.0483202
0.0487682
0.0495127
0.0505735
0.0519435
0.053571
0.0553478
0.0571149
0.0586856
0.0598921
0.0606253
0.0608552
0.0606197
0.0599963
0.0590754
0.0579501
0.0567085
0.0554285
0.054175
0.0529972
0.0519175
0.0509413
0.0500577
0.0492458
0.0484844
0.0477528
0.0470384
0.046337
0.0456506
0.0449865
0.0443536
0.0437633
0.0432277
0.0427555
0.0423567
0.0420441
0.0418267
0.0417161
0.0417229
0.0418559
0.0421222
0.0425238
0.0430573
0.0437116
0.0444667
0.0452998
0.0461794
0.0470703
0.047937
0.0487362
0.0494164
0.0499247
0.050213
0.0502577
0.0500687
0.0496985
0.049226
0.0487396
0.0483114
0.0479943
0.0478091
0.0477595
0.0478235
0.0479737
0.0481721
0.0483852
0.0485826
0.0487379
0.0488364
0.048875
0.0488586
0.0488024
0.048728
0.048661
0.0486284
0.048658
0.0487725
0.048996
0.0493419
0.0498186
0.050418
0.0511108
0.0518433
0.0525359
0.0530938
0.0534363
0.0535224
0.053376
0.0530936
0.052814
0.0526879
0.0528446
0.053361
0.054253
0.0554661
0.0568927
0.0584012
0.0598783
0.0612552
0.0625101
0.0636413
0.0646241
0.0653899
0.0658353
0.0658566
0.0653926
0.0644512
0.0631182
0.0615374
0.0598791
0.058298
0.0569031
0.0557507
0.0548398
0.0541283
0.0535574
0.0530647
0.0526009
0.0521353
0.0516554
0.0511635
0.0506669
0.0501751
0.0496915
0.0492193
0.0487615
0.0483166
0.047886
0.047472
0.0470793
0.0467157
0.0463882
0.0461082
0.0458872
0.0457364
0.0456688
0.0457003
0.045844
0.0461163
0.0465318
0.0471044
0.0478442
0.0487492
0.0498096
0.0509963
0.0522598
0.0535266
0.0547037
0.0556816
0.0563485
0.0566141
0.0564269
0.0558008
0.054823
0.0536467
0.0524569
0.0514366
0.0507364
0.0504592
0.0506661
0.0513767
0.05258
0.0542452
0.0563235
0.0587545
0.0614634
0.0643567
0.0672921
0.0700385
0.0722727
0.0736418
0.0739017
0.0730598
0.0713642
0.0691777
0.0668164
0.0644836
0.0622763
0.0602286
0.058351
0.0566571
0.0551682
0.0539094
0.0529082
0.0521825
0.0517393
0.0515671
0.0516402
0.0519074
0.0523041
0.0527456
0.0531369
0.0533848
0.0534069
0.0531559
0.0526185
0.0518272
0.0508514
0.0497791
0.0487064
0.0477185
0.0468804
0.0462351
0.0458006
0.0455767
0.0455454
0.0456772
0.0459383
0.0462921
0.0467083
0.0471671
0.0476504
0.0481439
0.0486201
0.0490336
0.0493155
0.0493914
0.0492027
0.0487345
0.0480291
0.0471756
0.0462842
0.0454605
0.0447909
0.0443313
0.0441198
0.0441766
0.0445153
0.0451424
0.0460621
0.0472685
0.0487384
0.0504224
0.0522327
0.0540426
0.0556835
0.0569765
0.0577638
0.0579482
0.0575275
0.0565866
0.0552797
0.0537879
