1 0.411489 0
2 0.625431 0.213942
3 0.667767 0.130573
4 0.658376 0.0928057
5 0.667865 0.0725106
6 0.661648 0.0595302
7 0.648398 0.0520276
8 0.668355 0.0492788
9 0.687384 0.0474435
10 0.682648 0.0426983
11 0.69413 0.0402925
12 0.690291 0.0369816
13 0.697367 0.0347463
14 0.696234 0.0321888
15 0.69874 0.0300707
16 0.703873 0.0285931
17 0.704905 0.0268784
18 0.695485 0.0270356
19 0.690527 0.0260493
20 0.700127 0.0265118
21 0.71064 0.0273214
22 0.719194 0.0274185
23 0.714807 0.0265641
24 0.722169 0.0264772
25 0.716606 0.0259981
26 0.718644 0.0250612
27 0.712368 0.0249185
28 0.714574 0.0241131
29 0.720269 0.0239536
30 0.711796 0.0246437
31 0.711786 0.0238355
32 0.710423 0.0231188
33 0.719874 0.024319
34 0.71244 0.0247364
35 0.715415 0.0242027
36 0.713647 0.0235871
37 0.715805 0.023042
38 0.713443 0.0225515
39 0.712056 0.0220094
40 0.705887 0.0223216
41 0.703581 0.0218921
42 0.703423 0.0213651
43 0.701815 0.0209242
44 0.698077 0.020782
45 0.697954 0.0203153
46 0.69883 0.0198881
47 0.6981 0.019474
48 0.698636 0.0190715
49 0.699729 0.0187102
50 0.696074 0.0186928
51 0.69971 0.0186799
52 0.70445 0.0189205
53 0.698998 0.0193445
54 0.700563 0.0190473
55 0.701679 0.0187311
56 0.703694 0.0185036
57 0.704089 0.0181804
58 0.699979 0.0183308
59 0.700834 0.0180377
60 0.702278 0.0177932
61 0.706068 0.0179048
62 0.714835 0.0196749
63 0.717688 0.0195691
64 0.716998 0.0192733
65 0.715823 0.0190108
66 0.717275 0.0187768
67 0.717516 0.0184959
68 0.715983 0.0182863
69 0.717092 0.0180534
70 0.712468 0.0183847
71 0.711464 0.0181517
72 0.709807 0.0179744
73 0.70913 0.0177394
74 0.711773 0.0176965
75 0.70835 0.0177914
76 0.709005 0.0175679
77 0.703988 0.0180495
78 0.706109 0.0179424
79 0.705532 0.0177232
80 0.702267 0.0178023
81 0.704549 0.0177286
82 0.705132 0.0175208
83 0.702369 0.0175276
84 0.704864 0.0174964
85 0.704662 0.0172905
86 0.706645 0.0172031
87 0.705069 0.017077
88 0.70608 0.0169121
89 0.709012 0.0169761
90 0.707915 0.0168222
91 0.709129 0.0166806
92 0.711211 0.0166292
93 0.714341 0.0167444
94 0.715343 0.0165956
95 0.715338 0.01642
96 0.716147 0.0162682
97 0.716634 0.0161069
98 0.714754 0.0160521
99 0.713694 0.0159245
100 0.710928 0.0160052
