1 5.11008 0
2 4.96357 0.146505
3 4.9157 0.0971924
4 4.97462 0.0905261
5 5.008 0.0776611
6 5.02317 0.0651981
7 5.01591 0.0555787
8 5.00227 0.050029
9 5.00388 0.0441509
10 5.00707 0.0396188
11 5.00437 0.0359385
12 4.99661 0.0337115
13 4.99751 0.031023
14 4.98469 0.0314542
15 4.99456 0.0309019
16 4.99156 0.0290609
17 4.9929 0.0273307
18 4.99591 0.0259422
19 5.00099 0.0250605
20 4.99707 0.0240956
21 4.99667 0.0229229
22 4.99504 0.0219169
23 4.99629 0.0209793
24 4.99192 0.020555
25 5.00192 0.0221076
26 4.99709 0.0217823
27 4.99316 0.0213256
28 4.98502 0.0221047
29 4.98214 0.021522
30 4.98024 0.0208792
31 4.98036 0.0201949
32 4.98329 0.0197719
33 4.97618 0.0204417
34 4.97833 0.0199476
35 4.97887 0.019377
36 4.98181 0.0190594
37 4.98464 0.0187515
38 4.98968 0.0189347
39 4.99074 0.0184732
40 4.9874 0.0183121
41 4.98345 0.018292
42 4.98347 0.0178512
43 4.98725 0.017836
44 4.98676 0.0174328
45 4.97951 0.0185198
46 4.97851 0.0181403
47 4.97761 0.0177728
48 4.98345 0.018353
49 4.98479 0.0180244
50 4.9852 0.0176648
51 4.98348 0.0173998
52 4.98977 0.0181827
53 4.99196 0.0179703
54 4.99025 0.017717
55 4.99044 0.017393
56 4.98523 0.0178565
57 4.98513 0.0175407
58 4.98114 0.017692
59 4.98272 0.0174614
60 4.98267 0.017168
61 4.98009 0.0170805
62 4.97892 0.0168429
63 4.98174 0.0168102
64 4.98035 0.0166031
65 4.98421 0.0167937
66 4.98151 0.0167552
67 4.98164 0.0165037
68 4.97881 0.0165036
69 4.97675 0.0163923
70 4.97657 0.0161574
71 4.97939 0.0161762
72 4.98188 0.0161432
73 4.98158 0.0159235
74 4.97902 0.0159138
75 4.97995 0.0157276
76 4.98028 0.0155229
77 4.98172 0.0153871
78 4.98216 0.0151949
79 4.98222 0.0150014
80 4.98122 0.0148465
81 4.98184 0.0146753
82 4.98347 0.0145864
83 4.98237 0.0144514
84 4.98415 0.014388
85 4.98716 0.0145343
86 4.9862 0.0143969
87 4.98672 0.0142402
88 4.98571 0.0141135
89 4.98491 0.013977
90 4.98588 0.0138545
91 4.98823 0.0139022
92 4.98787 0.0137548
93 4.98801 0.0136068
94 4.9865 0.0135447
95 4.98495 0.0134914
96 4.98376 0.0134033
97 4.98288 0.0132936
98 4.98393 0.013199
99 4.98473 0.0130896
100 4.98243 0.0131595
101 4.98249 0.0130287
102 4.98401 0.0129889
103 4.98297 0.012904
104 4.98207 0.0128112
105 4.98139 0.0127064
106 4.98039 0.0126257
107 4.9838 0.0129642
108 4.9819 0.0129845
109 4.97945 0.0130955
110 4.98007 0.0129905
111 4.97984 0.012875
112 4.97938 0.0127677
113 4.98368 0.0133622
114 4.98402 0.0132489
115 4.98362 0.0131392
116 4.98267 0.0130601
117 4.98136 0.0130146
118 4.97961 0.0130212
119 4.97997 0.0129162
120 4.97933 0.0128238
121 4.97867 0.0127345
122 4.97968 0.0126699
123 4.98091 0.0126263
124 4.98174 0.0125518
125 4.98041 0.0125225
126 4.98025 0.0124238
127 4.98175 0.0124173
128 4.98406 0.0125334
129 4.98436 0.0124397
130 4.98364 0.0123649
131 4.98385 0.012272
132 4.98411 0.0121814
133 4.98608 0.0122489
134 4.98486 0.0122179
135 4.9855 0.0121437
136 4.98547 0.0120541
137 4.98492 0.0119787
138 4.98487 0.0118916
139 4.98664 0.0119378
140 4.9864 0.0118547
141 4.98758 0.0118297
142 4.98764 0.0117462
143 4.98819 0.011677
144 4.98818 0.0115956
145 4.9897 0.0116158
146 4.98947 0.0115382
147 4.98925 0.0114618
148 4.98998 0.0114077
149 4.98807 0.0114911
150 4.98873 0.0114333
151 4.98901 0.0113608
152 4.98874 0.011289
153 4.98974 0.0112592
154 4.98754 0.0113991
155 4.98974 0.0115372
156 4.98989 0.011464
157 4.99061 0.0114134
158 4.9916 0.0113838
159 4.99085 0.0113369
160 4.99169 0.0112976
161 4.99266 0.011269
162 4.9929 0.0112018
163 4.99345 0.0111463
164 4.9943 0.0111111
165 4.99428 0.0110436
166 4.99643 0.0111858
167 4.99608 0.011124
168 4.99692 0.0110895
169 4.99749 0.0110381
170 4.99672 0.011
171 4.99638 0.0109408
172 4.99675 0.0108835
173 4.99854 0.0109666
174 4.99831 0.0109057
175 4.99922 0.0108809
176 5.00001 0.0108479
177 5.00055 0.0107999
178 5.00029 0.0107423
179 5.00092 0.0107004
180 5.00058 0.0106461
181 5.00025 0.0105923
182 4.99971 0.0105479
183 4.99968 0.0104901
184 4.99935 0.0104379
185 4.99925 0.0103819
186 4.99928 0.0103259
187 5.00044 0.0103354
188 4.9997 0.0103066
189 4.99957 0.0102527
190 4.99821 0.0102886
191 4.99793 0.0102383
192 4.99752 0.0101935
193 4.9972 0.0101454
194 4.99708 0.0100937
195 4.99776 0.0100649
196 4.99708 0.0100364
197 4.9972 0.00998606
198 4.99629 0.00997761
199 4.99712 0.00996215
200 4.99633 0.0099432
