1 1.5613 0
2 1.48816 0.0731444
3 1.46762 0.0469596
4 1.47541 0.0341083
5 1.4855 0.0282807
6 1.49096 0.0237267
7 1.49176 0.0200687
8 1.48101 0.0204362
9 1.49053 0.0203823
10 1.50522 0.0234126
11 1.50263 0.0213348
12 1.49796 0.0200288
13 1.4903 0.0199521
14 1.4925 0.0186031
15 1.49572 0.0176149
16 1.49266 0.0167587
17 1.48839 0.0163114
18 1.48805 0.0153823
19 1.49178 0.0150213
20 1.48796 0.0147554
21 1.48785 0.0140356
22 1.48869 0.0134084
23 1.49032 0.0129164
24 1.49214 0.012499
25 1.49377 0.0120995
26 1.48939 0.012424
27 1.48843 0.0119934
28 1.48716 0.0116264
29 1.487 0.0112194
30 1.48705 0.0108391
31 1.48562 0.0105813
32 1.48636 0.0102723
33 1.48417 0.0101948
34 1.4856 0.00999446
35 1.48537 0.00970749
36 1.48554 0.00943542
37 1.48629 0.00920781
38 1.48924 0.00943455
39 1.49188 0.00956218
40 1.49017 0.00947652
41 1.4896 0.00926013
42 1.49166 0.00926926
43 1.49172 0.00905137
44 1.49129 0.00885399
45 1.48892 0.00897441
46 1.48904 0.008778
47 1.48856 0.0086027
48 1.48905 0.00843577
49 1.49138 0.00858555
50 1.49219 0.0084508
51 1.49084 0.00839252
52 1.49247 0.00838907
53 1.49424 0.00841734
54 1.49417 0.00826029
55 1.49447 0.00811418
56 1.49451 0.00796809
57 1.49499 0.00784154
58 1.49467 0.00771159
59 1.49504 0.00758853
60 1.49457 0.00747591
61 1.49463 0.00735262
62 1.49429 0.00724126
63 1.49425 0.00712547
64 1.49499 0.00705159
65 1.49504 0.00694246
66 1.49507 0.00683655
67 1.49509 0.00673375
68 1.49347 0.00682887
69 1.49236 0.0068195
70 1.49309 0.00676031
71 1.49404 0.00673269
72 1.49473 0.00667442
73 1.49489 0.00658425
74 1.4948 0.00649533
75 1.4949 0.0064089
76 1.49447 0.00633821
77 1.49484 0.00626597
78 1.49561 0.00623266
79 1.49642 0.00620683
80 1.4951 0.0062689
81 1.4957 0.00622025
82 1.49573 0.00614399
83 1.49541 0.00607786
84 1.49585 0.00602081
85 1.49665 0.00600293
86 1.49627 0.00594455
87 1.49713 0.0059381
88 1.49732 0.00587323
89 1.49673 0.0058367
90 1.49856 0.00605528
91 1.49949 0.00605926
92 1.49965 0.00599536
93 1.49917 0.00595027
94 1.4984 0.00593613
95 1.49784 0.00590005
96 1.49702 0.00589557
97 1.49678 0.0058396
98 1.49717 0.00579306
99 1.49758 0.00574848
100 1.49722 0.00570191
101 1.49702 0.0056487
102 1.49711 0.00559387
103 1.49636 0.00559103
104 1.49636 0.00553701
105 1.49537 0.00557261
106 1.49494 0.00553591
107 1.49583 0.00555519
108 1.49511 0.00555044
109 1.49474 0.00551178
110 1.49461 0.00546311
111 1.49506 0.00543277
112 1.49471 0.00539521
113 1.49637 0.00559694
114 1.49661 0.00555302
115 1.49602 0.00553628
116 1.49626 0.00549346
117 1.49526 0.00553693
118 1.4956 0.00550013
119 1.49533 0.00546023
120 1.49476 0.00544464
121 1.49492 0.0054019
122 1.49533 0.00537294
123 1.49659 0.00547727
124 1.49702 0.00544946
125 1.49637 0.00544377
126 1.4964 0.00540047
127 1.49749 0.00546759
128 1.49807 0.00545494
129 1.49769 0.00542578
130 1.49725 0.00540176
131 1.4974 0.00536263
132 1.49767 0.00532871
133 1.49857 0.00536334
134 1.49876 0.00532679
135 1.49891 0.00528916
136 1.49831 0.00528368
137 1.49813 0.00524803
138 1.49807 0.00521029
139 1.49838 0.0051821
140 1.49866 0.00515254
141 1.49879 0.00511757
142 1.49948 0.00512806
143 1.49971 0.00509737
144 1.49959 0.00506326
145 1.50012 0.00505547
146 1.5003 0.00502419
147 1.5 0.00499939
148 1.5004 0.00498174
149 1.50042 0.00494824
150 1.50067 0.00492156
151 1.50086 0.00489238
152 1.50029 0.00489281
153 1.50019 0.00486178
154 1.49937 0.00489885
155 1.50118 0.00519277
156 1.50115 0.00515946
157 1.5018 0.0051671
158 1.50195 0.00513659
159 1.50149 0.0051248
160 1.50179 0.00510148
161 1.50214 0.00508125
162 1.5023 0.00505237
163 1.50226 0.00502141
164 1.50248 0.00499565
165 1.50211 0.00497951
166 1.5031 0.00504739
167 1.50282 0.0050247
168 1.50235 0.00501619
169 1.50267 0.00499666
170 1.50221 0.00498877
171 1.5026 0.00497454
172 1.5025 0.00494649
173 1.50231 0.0049213
174 1.50229 0.00489298
175 1.50223 0.00486536
176 1.50274 0.00486466
177 1.50322 0.00486024
178 1.50309 0.00483437
179 1.50328 0.00481094
180 1.50314 0.00478632
181 1.50318 0.00475999
182 1.50293 0.00474028
183 1.50319 0.00472138
184 1.50315 0.00469581
185 1.50333 0.0046736
186 1.50341 0.00464927
187 1.50337 0.00462456
188 1.50276 0.00463988
189 1.50288 0.00461674
190 1.50256 0.0046031
191 1.50211 0.00460095
192 1.50201 0.00457813
193 1.50141 0.0045931
194 1.5017 0.0045786
195 1.50191 0.00455971
196 1.50172 0.00454032
197 1.50186 0.00451935
198 1.50155 0.00450697
199 1.50177 0.0044895
200 1.50171 0.00446741
