1 1.57344 0
2 1.57083 0.00260626
3 1.5359 0.034967
4 1.53913 0.024936
5 1.5568 0.0261756
6 1.55783 0.0213975
7 1.53924 0.0259345
8 1.53368 0.0231386
9 1.53891 0.0210663
10 1.5415 0.0190198
11 1.53802 0.017554
12 1.54815 0.0189583
13 1.54087 0.0188984
14 1.53668 0.0179893
15 1.53867 0.0168644
16 1.53729 0.0158351
17 1.52987 0.0166247
18 1.52366 0.016859
19 1.52072 0.016215
20 1.51827 0.0155778
21 1.52208 0.0152995
22 1.51964 0.01479
23 1.5159 0.0146182
24 1.51677 0.0140228
25 1.51962 0.0137482
26 1.51638 0.0136006
27 1.51466 0.0131995
28 1.51119 0.0131834
29 1.50876 0.0129515
30 1.50651 0.0127123
31 1.50503 0.0123847
32 1.50652 0.012084
33 1.50593 0.0117268
34 1.50439 0.0114811
35 1.50473 0.0111535
36 1.50279 0.0110112
37 1.50353 0.010735
38 1.50451 0.0104949
39 1.50353 0.0102697
40 1.50215 0.0101041
41 1.5027 0.00987013
42 1.50216 0.00964776
43 1.50329 0.00948884
44 1.50366 0.00927812
45 1.50176 0.0092664
46 1.50164 0.00906355
47 1.50148 0.00887011
48 1.50193 0.00869492
49 1.50081 0.00858788
50 1.50167 0.00845736
51 1.50297 0.00839105
52 1.5023 0.00825465
53 1.50177 0.00811492
54 1.50171 0.00796348
55 1.50183 0.00781833
56 1.50201 0.00767962
57 1.50203 0.0075437
58 1.50323 0.00750984
59 1.5034 0.00738332
60 1.50244 0.00732186
61 1.50234 0.00720157
62 1.50242 0.00708494
63 1.50434 0.00722965
64 1.50433 0.00711579
65 1.50454 0.00700864
66 1.5044 0.00690318
67 1.50343 0.00686752
68 1.50323 0.00676886
69 1.50324 0.00667006
70 1.50452 0.00669655
71 1.50424 0.00660731
72 1.50534 0.00660602
73 1.50582 0.00653302
74 1.50528 0.0064666
75 1.50448 0.00643013
76 1.5037 0.00639245
77 1.5036 0.00630965
78 1.50493 0.0063674
79 1.50407 0.00634533
80 1.50367 0.00627768
81 1.50345 0.0062036
82 1.50407 0.00615798
83 1.50448 0.00609732
84 1.50451 0.0060244
85 1.50464 0.00595441
86 1.50434 0.00589234
87 1.5049 0.0058507
88 1.50464 0.00578948
89 1.50418 0.00574261
90 1.50485 0.00571791
91 1.50418 0.0056945
92 1.50387 0.00564071
93 1.50403 0.00558197
94 1.50429 0.00552865
95 1.50458 0.00547742
96 1.50481 0.00542492
97 1.50503 0.00537325
98 1.50568 0.00535816
99 1.50542 0.00530997
100 1.50509 0.00526747
101 1.50492 0.0052178
102 1.50474 0.00516948
103 1.50398 0.00517535
104 1.50451 0.00515329
105 1.50443 0.00510464
106 1.50452 0.00505705
107 1.50413 0.00502434
108 1.5037 0.00499617
109 1.50324 0.00497212
110 1.50318 0.00492707
111 1.50369 0.00490876
112 1.50393 0.00487072
113 1.50398 0.0048277
114 1.50411 0.00478703
115 1.50539 0.0049146
116 1.50502 0.00488621
117 1.50477 0.00485053
118 1.50501 0.00481514
119 1.50552 0.00480113
120 1.50573 0.00476578
121 1.50539 0.00473856
122 1.50498 0.00471749
123 1.5053 0.00469038
124 1.50546 0.00465506
125 1.505 0.00464033
126 1.50504 0.00460352
127 1.50519 0.00456949
128 1.5051 0.00453458
129 1.5055 0.00451691
130 1.50477 0.00454076
131 1.50448 0.00451502
132 1.50347 0.0045939
133 1.50291 0.00459352
134 1.50247 0.00458022
135 1.50247 0.00454616
136 1.50234 0.00451445
137 1.50275 0.00450002
138 1.50272 0.00446746
139 1.5027 0.00443525
140 1.50198 0.00446107
141 1.50153 0.00445188
142 1.50123 0.00443078
143 1.50155 0.00441121
144 1.50095 0.00442167
145 1.50133 0.00440734
146 1.50062 0.0044335
147 1.50034 0.00441238
148 1.49975 0.00442105
149 1.50002 0.00439921
150 1.4991 0.00446603
151 1.49856 0.00446839
152 1.49841 0.00444162
153 1.49892 0.00444247
154 1.49853 0.00443113
155 1.49842 0.00440372
156 1.49864 0.00438093
157 1.49857 0.00435361
158 1.49884 0.00433497
159 1.49931 0.00433256
160 1.49913 0.00430903
161 1.49882 0.00429383
162 1.49899 0.0042709
163 1.49939 0.00426335
164 1.49962 0.00424346
165 1.49978 0.00422077
166 1.49975 0.00419539
167 1.49927 0.00419798
168 1.49949 0.004179
169 1.49984 0.00416855
170 1.49946 0.00416115
171 1.49953 0.00413739
172 1.49912 0.00413388
173 1.4988 0.00412248
174 1.49967 0.00419007
175 1.49953 0.00416831
176 1.49921 0.00415732
177 1.49918 0.00413387
178 1.49931 0.00411269
179 1.49957 0.0040976
180 1.49947 0.00407587
181 1.49988 0.00407408
182 1.49995 0.00405226
183 1.4997 0.00403826
184 1.49933 0.00403262
185 1.49974 0.00403113
186 1.50042 0.00406697
187 1.49958 0.00413164
188 1.50002 0.00413316
189 1.50021 0.00411568
190 1.50028 0.00409451
191 1.50043 0.00407587
192 1.5005 0.0040552
193 1.50085 0.00404921
194 1.50013 0.00409252
195 1.50012 0.00407149
196 1.50023 0.00405209
197 1.50027 0.00403174
198 1.50022 0.00401172
199 1.50008 0.00399382
200 1.50014 0.00397417
