1 5.22039 0
2 5.20592 0.0144677
3 5.06949 0.136685
4 5.04048 0.100912
5 5.06108 0.0808367
6 5.06564 0.0661597
7 5.02988 0.066372
8 5.01203 0.0601862
9 5.01486 0.0531544
10 5.01631 0.0475648
11 5.0094 0.0435755
12 5.00372 0.0401816
13 4.99013 0.0393821
14 4.98146 0.0374772
15 4.99739 0.0383568
16 5.01919 0.0419785
17 5.02643 0.0400918
18 5.0232 0.0379365
19 5.01957 0.0360678
20 5.0223 0.0343258
21 5.02147 0.032661
22 5.01864 0.0312696
23 5.01994 0.0299077
24 5.02561 0.0291901
25 5.02221 0.0282044
26 5.01227 0.0288619
27 5.00665 0.0283353
28 5.00147 0.0277925
29 4.99636 0.0272986
30 4.99132 0.0268511
31 4.98558 0.026597
32 4.98976 0.0260903
33 4.9887 0.0253097
34 4.9857 0.024736
35 4.98554 0.0240194
36 4.98186 0.0236297
37 4.97999 0.0230584
38 4.98257 0.0225916
39 4.98609 0.0222845
40 4.98627 0.0217209
41 4.99111 0.0217305
42 4.98941 0.0212744
43 4.99243 0.0209918
44 4.9939 0.020562
45 4.99234 0.0201609
46 4.99264 0.01972
47 4.99247 0.0192967
48 4.99345 0.0189159
49 4.99321 0.0185274
50 4.99192 0.0181991
51 4.99631 0.0183706
52 4.99288 0.0183378
53 4.98809 0.0186149
54 4.99042 0.0184155
55 4.9907 0.0180797
56 4.98939 0.0178025
57 4.99074 0.0175398
58 4.9946 0.0176614
59 4.99467 0.0173596
60 4.99294 0.017156
61 4.99402 0.016907
62 4.99215 0.0167365
63 4.99685 0.0171256
64 5.00035 0.0172167
65 4.99859 0.0170412
66 4.99797 0.0167926
67 4.99555 0.0167155
68 4.99594 0.0164724
69 4.99682 0.0162559
70 4.99804 0.0160682
71 4.99786 0.0158412
72 4.9974 0.0156266
73 4.99626 0.0154527
74 4.99456 0.0153374
75 4.99521 0.0151457
76 4.99382 0.0150101
77 4.99374 0.014814
78 4.99492 0.0146706
79 4.9935 0.014554
80 4.99523 0.0144753
81 4.99468 0.0143062
82 4.99603 0.014195
83 4.9959 0.0140235
84 4.99645 0.0138665
85 4.99892 0.0139218
86 4.99765 0.0138176
87 4.99723 0.0136642
88 4.99596 0.0135671
89 4.99481 0.0134636
90 4.99553 0.0133327
91 4.99552 0.0131853
92 4.99591 0.0130472
93 4.99567 0.0129084
94 4.99571 0.0127704
95 4.99668 0.0126729
96 4.99885 0.012727
97 4.99682 0.0127584
98 4.99716 0.012632
99 4.99618 0.0125415
100 4.99605 0.0124162
101 4.99548 0.0123055
102 4.99466 0.0122119
103 4.99374 0.0121278
104 4.99613 0.0122457
105 4.99568 0.012137
106 4.99498 0.0120421
107 4.99459 0.0119355
108 4.99192 0.0121219
109 4.98933 0.0122868
110 4.98867 0.0121926
111 4.99175 0.0124691
112 4.99135 0.0123636
113 4.99305 0.0123706
114 4.99193 0.0123125
115 4.99371 0.0123346
116 4.99362 0.0122282
117 4.99375 0.0121239
118 4.9938 0.0120209
119 4.99587 0.0120969
120 4.99523 0.0120126
121 4.99479 0.0119212
122 4.99367 0.011876
123 4.99419 0.0117906
124 4.9926 0.011803
125 4.991 0.0118166
126 4.99025 0.0117467
127 4.98899 0.0117208
128 4.98901 0.0116289
129 4.99105 0.0117173
130 4.98974 0.0117007
131 4.99025 0.0116227
132 4.98999 0.0115373
133 4.98952 0.0114597
134 4.98834 0.0114357
135 4.98832 0.0113507
136 4.98828 0.011267
137 4.98771 0.0111991
138 4.98801 0.0111216
139 4.98785 0.0110424
140 4.98834 0.0109741
141 4.98739 0.010937
142 4.98646 0.010899
143 4.98644 0.0108225
144 4.98557 0.0107819
145 4.98637 0.0107367
146 4.98658 0.010665
147 4.986 0.0106082
148 4.98412 0.0107027
149 4.98461 0.0106422
150 4.98284 0.0107186
151 4.98088 0.0108259
152 4.97976 0.0108124
153 4.97996 0.0107434
154 4.97987 0.0106737
155 4.98159 0.0107433
156 4.98114 0.0106839
157 4.98217 0.0106652
158 4.98345 0.0106742
159 4.98461 0.010671
160 4.98326 0.0106904
161 4.98152 0.010765
162 4.9811 0.0107064
163 4.98305 0.0108173
164 4.98382 0.0107784
165 4.98408 0.0107161
166 4.98395 0.0106521
167 4.982 0.0107664
168 4.9828 0.010732
169 4.98425 0.0107659
170 4.9842 0.0107025
171 4.98403 0.010641
172 4.9842 0.0105803
173 4.98386 0.0105245
174 4.98488 0.0105134
175 4.98468 0.010455
176 4.98322 0.0104984
177 4.98315 0.0104391
178 4.98395 0.0104108
179 4.9844 0.0103621
180 4.98472 0.0103093
181 4.9857 0.0102994
182 4.9846 0.0103014
183 4.9846 0.0102449
184 4.98524 0.0102096
185 4.9861 0.0101903
186 4.98573 0.0101419
187 4.98393 0.0102472
188 4.98408 0.0101936
189 4.98396 0.0101402
190 4.98386 0.0100872
191 4.98403 0.0100358
192 4.98418 0.00998448
193 4.98352 0.00995453
194 4.98231 0.00997697
195 4.98295 0.00994669
196 4.98182 0.0099606
197 4.98317 0.0100018
198 4.98325 0.00995146
199 4.98354 0.00990572
200 4.98284 0.00988065
