1 0.0553975 0
2 0.0603127 0.00491516
3 0.0620518 0.00332826
4 0.064423 0.00334083
5 0.0474959 0.0171238
6 0.0228391 0.028345
7 0.0458411 0.033211
8 0.0224254 0.0370881
9 0.020785 0.0327497
10 0.0240854 0.0294776
11 0.0289824 0.0271094
12 0.027478 0.0247931
13 0.0320348 0.0232571
14 0.0342105 0.0216415
15 0.0312821 0.0203589
16 0.0323004 0.0190712
17 0.0325838 0.0179165
18 0.0300871 0.0170754
19 0.0301939 0.016152
20 0.0299317 0.0153254
21 0.0299074 0.0145774
22 0.0319635 0.0140503
23 0.0341858 0.0136082
24 0.0336994 0.0130379
25 0.0363668 0.0127868
26 0.0368781 0.0122958
27 0.0409811 0.0125229
28 0.0434223 0.0123118
29 0.0456387 0.0120847
30 0.0476847 0.0118528
