20 0.744023 0
40 0.773927 0.0299032
60 0.765166 0.0193603
80 0.7627 0.0139101
100 0.769595 0.0127921
120 0.770356 0.0104723
140 0.769266 0.00891763
160 0.767432 0.00793756
180 0.773844 0.00949268
200 0.770885 0.00899137
220 0.77092 0.00813308
240 0.768397 0.00784139
260 0.771106 0.00770466
280 0.769787 0.00725394
300 0.770839 0.00683447
320 0.770236 0.0064214
340 0.769975 0.00603752
360 0.771089 0.00580028
380 0.770935 0.00548869
400 0.770744 0.00521051
420 0.770923 0.0049594
440 0.770563 0.00474225
460 0.770963 0.00454899
480 0.771429 0.00438016
500 0.771099 0.00421426
520 0.770809 0.00405931
540 0.770264 0.00394388
560 0.771627 0.00403764
580 0.770614 0.00402559
600 0.77188 0.00409002
620 0.771037 0.00404476
640 0.771942 0.00401956
660 0.771245 0.00395764
680 0.77179 0.00387793
700 0.772186 0.00378623
720 0.771913 0.00368968
740 0.771581 0.00360391
760 0.771361 0.00351463
780 0.7725 0.0036077
800 0.771949 0.00355932
820 0.772117 0.00347553
840 0.772303 0.00339685
860 0.772223 0.00331788
880 0.771834 0.00326478
900 0.77206 0.00319937
920 0.772393 0.00314671
940 0.771891 0.00311971
960 0.771937 0.00305437
980 0.772678 0.00308179
1000 0.771627 0.00319713
