20 9.59496 0
40 9.35004 0.244916
60 9.43197 0.163423
80 9.45262 0.117388
100 9.39691 0.10664
120 9.39048 0.0873081
140 9.39921 0.0743029
160 9.40619 0.0647264
180 9.36141 0.0725551
200 9.3835 0.068551
220 9.38129 0.0620458
240 9.40062 0.0598456
260 9.38359 0.0576227
280 9.39423 0.0543978
300 9.3879 0.051035
320 9.39379 0.0481008
340 9.39524 0.0452062
360 9.38771 0.0432812
380 9.38881 0.0409546
400 9.39143 0.0389413
420 9.38988 0.0370728
440 9.39286 0.0354725
460 9.38937 0.0340745
480 9.38622 0.032775
500 9.38878 0.0315402
520 9.39046 0.0303496
540 9.3939 0.0294053
560 9.3842 0.0299495
580 9.39221 0.0299876
600 9.38273 0.0304818
620 9.38969 0.0302934
640 9.38398 0.0298834
660 9.38952 0.0294894
680 9.38546 0.0288956
700 9.38212 0.028256
720 9.38323 0.0274823
740 9.38521 0.0268027
760 9.38654 0.0261214
780 9.3776 0.0269686
800 9.38126 0.0265396
820 9.38098 0.0258857
840 9.37961 0.0252987
860 9.38016 0.0247093
880 9.38335 0.0243518
900 9.38162 0.0238675
920 9.3786 0.0235373
940 9.38312 0.0234709
960 9.38317 0.0229768
980 9.37793 0.0231048
1000 9.385 0.0237183
