20 -6.65208 0
40 -6.70017 0.0480903
60 -6.68592 0.0312079
80 -6.68249 0.0223317
100 -6.69268 0.0200785
120 -6.69363 0.0164213
140 -6.69192 0.0139831
160 -6.68955 0.0123405
180 -6.69935 0.0146461
200 -6.69496 0.0138167
220 -6.69481 0.0124985
240 -6.69093 0.0120527
260 -6.69496 0.0117992
280 -6.69298 0.0111023
300 -6.69457 0.0104566
320 -6.69368 0.00982128
340 -6.69336 0.00923113
360 -6.69505 0.00886511
380 -6.69471 0.00839241
400 -6.69462 0.00796225
420 -6.69497 0.00758196
440 -6.69443 0.00724926
460 -6.6951 0.0069589
480 -6.69579 0.00669878
500 -6.69527 0.00644668
520 -6.69483 0.00620926
540 -6.69406 0.00602424
560 -6.69612 0.00616026
580 -6.69449 0.00616339
600 -6.69647 0.00627402
620 -6.69524 0.00619221
640 -6.69662 0.00615362
660 -6.69556 0.00605823
680 -6.69635 0.00593023
700 -6.69698 0.00579285
720 -6.69655 0.00564569
740 -6.69606 0.00551349
760 -6.69577 0.00537393
780 -6.69752 0.00551928
800 -6.69669 0.00544418
820 -6.69691 0.0053144
840 -6.69719 0.00519381
860 -6.69709 0.00507259
880 -6.69647 0.00499442
900 -6.69682 0.00489518
920 -6.69732 0.00481269
940 -6.69659 0.00476442
960 -6.69665 0.00466444
980 -6.69779 0.00470756
1000 -6.69619 0.00488007
