20 -5.53604 0
40 -5.53928 0.00323555
60 -5.53817 0.00217179
80 -5.53844 0.00155969
100 -5.53829 0.0012172
120 -5.5381 0.00101284
140 -5.53803 0.000858959
160 -5.5384 0.000832898
180 -5.53858 0.000757219
200 -5.53863 0.000678836
220 -5.53843 0.000645572
240 -5.53833 0.000597807
260 -5.53831 0.000550459
280 -5.5383 0.000509649
300 -5.53831 0.000474517
320 -5.53833 0.000444232
340 -5.5384 0.000423033
360 -5.53841 0.000399124
380 -5.5383 0.000392505
400 -5.5385 0.000420625
420 -5.53859 0.000409653
440 -5.53859 0.00039059
460 -5.53865 0.000379116
480 -5.53865 0.000362996
500 -5.53862 0.00034945
520 -5.53862 0.000335757
540 -5.53866 0.000326558
560 -5.53868 0.00031509
580 -5.53857 0.000323126
600 -5.53865 0.000321698
620 -5.53868 0.000312809
640 -5.53871 0.000304162
660 -5.53869 0.000295365
680 -5.53866 0.000287812
700 -5.5387 0.000282066
720 -5.53869 0.000274563
740 -5.53869 0.00026704
760 -5.53873 0.000263788
780 -5.53877 0.000260456
800 -5.53876 0.000254034
820 -5.53873 0.000249652
840 -5.53873 0.000243636
860 -5.53875 0.000238689
880 -5.53872 0.00023598
900 -5.53874 0.000231384
920 -5.53873 0.000226455
940 -5.53876 0.00022358
960 -5.53874 0.00021928
980 -5.53877 0.000216243
1000 -5.53875 0.000212613
