20 1.11604 0
40 1.16089 0.0448547
60 1.14775 0.0290405
80 1.14405 0.0208651
100 1.15439 0.0191881
120 1.15553 0.0157085
140 1.1539 0.0133764
160 1.15115 0.0119063
180 1.16077 0.014239
200 1.15633 0.0134871
220 1.15638 0.0121996
240 1.1526 0.0117621
260 1.15666 0.011557
280 1.15468 0.0108809
300 1.15626 0.0102517
320 1.15535 0.0096321
340 1.15496 0.00905627
360 1.15663 0.00870042
380 1.1564 0.00823303
400 1.15612 0.00781577
420 1.15638 0.0074391
440 1.15584 0.00711337
460 1.15644 0.00682348
480 1.15714 0.00657024
500 1.15665 0.0063214
520 1.15621 0.00608896
540 1.1554 0.00591582
560 1.15744 0.00605647
580 1.15592 0.00603839
600 1.15782 0.00613502
620 1.15656 0.00606715
640 1.15791 0.00602935
660 1.15687 0.00593646
680 1.15769 0.00581689
700 1.15828 0.00567935
720 1.15787 0.00553453
740 1.15737 0.00540586
760 1.15704 0.00527195
780 1.15875 0.00541154
800 1.15792 0.00533899
820 1.15818 0.00521329
840 1.15845 0.00509527
860 1.15833 0.00497683
880 1.15775 0.00489717
900 1.15809 0.00479906
920 1.15859 0.00472006
940 1.15784 0.00467956
960 1.15791 0.00458156
980 1.15902 0.00462269
1000 1.15744 0.00479569
