-5.53388
-5.53241
-5.53442
-5.53217
-5.5331
-5.53395
-5.53407
-5.5354
-5.53573
-5.53578
-5.53653
-5.53865
-5.53789
-5.53748
-5.53677
-5.53935
-5.53908
-5.53798
-5.5371
-5.53904
-5.53989
-5.54209
-5.54352
-5.54176
-5.54285
-5.54522
-5.54605
-5.54449
-5.54608
-5.54536
-5.54229
-5.5434
-5.54068
-5.53944
-5.54113
-5.54027
-5.54005
-5.54036
-5.54299
-5.54231
-5.54209
-5.54163
-5.53768
-5.53771
-5.53886
-5.53798
-5.53518
-5.53415
-5.53304
-5.53286
-5.53197
-5.53287
-5.53349
-5.53337
-5.53535
-5.53321
-5.53252
-5.5366
-5.53811
-5.54036
-5.54078
-5.53961
-5.54159
-5.53886
-5.53848
-5.53793
-5.53607
-5.53562
-5.53542
-5.53813
-5.53788
-5.53976
-5.53812
-5.53868
-5.53877
-5.53968
-5.53955
-5.54229
-5.54303
-5.54491
-5.54431
-5.54256
-5.5421
-5.54176
-5.54394
-5.54467
-5.54373
-5.54221
-5.54041
-5.54109
-5.53698
-5.53402
-5.53349
-5.53337
-5.53201
-5.53139
-5.53089
-5.52994
-5.53117
-5.53395
-5.53724
-5.53893
-5.53911
-5.53882
-5.53668
-5.53735
-5.53908
-5.53822
-5.5359
-5.53544
-5.53589
-5.53751
-5.53826
-5.5374
-5.53684
-5.53852
-5.53569
-5.53713
-5.5341
-5.53431
-5.53538
-5.535
-5.53579
-5.53395
-5.53479
-5.53705
-5.53812
-5.53733
-5.53723
-5.53778
-5.53768
-5.53787
-5.5396
-5.54023
-5.53967
-5.5392
-5.53759
-5.53922
-5.54009
-5.53837
-5.53795
-5.54094
-5.54168
-5.5407
-5.53962
-5.53976
-5.53923
-5.53807
-5.53857
-5.53784
-5.53949
-5.54158
-5.54302
-5.54399
-5.54341
-5.5429
-5.54318
-5.54338
-5.54325
-5.54189
-5.54186
-5.54125
-5.54104
-5.54159
-5.54131
-5.54052
-5.54016
-5.54051
-5.5415
-5.54206
-5.54244
-5.54065
-5.53954
-5.54011
-5.54015
-5.53909
-5.53807
-5.53854
-5.53615
-5.53456
-5.53281
-5.53467
-5.53319
-5.53404
-5.53489
-5.53567
-5.53756
-5.5411
-5.54137
-5.54133
-5.54302
-5.54236
-5.54395
-5.54267
-5.54078
-5.53923
-5.54059
-5.54191
-5.54026
-5.53948
-5.54021
-5.53668
-5.53545
-5.53537
-5.53358
-5.53203
-5.53358
-5.53393
-5.53691
-5.53502
-5.53541
-5.53355
-5.53624
-5.53956
-5.53858
-5.53807
-5.53996
-5.54006
-5.53746
-5.53711
-5.53775
-5.53713
-5.53652
-5.53688
-5.53822
-5.53735
-5.53851
-5.53786
-5.53505
-5.53464
-5.53437
-5.53553
-5.53715
-5.53918
-5.53924
-5.53821
-5.53988
-5.53775
-5.53635
-5.53698
-5.53677
-5.53837
-5.54028
-5.53807
-5.53863
-5.53517
-5.53573
-5.53698
-5.53658
-5.53585
-5.53776
-5.53722
-5.53656
-5.53738
-5.5376
-5.53997
-5.54008
-5.54112
-5.54023
-5.53985
-5.53754
-5.53861
-5.53796
-5.53724
-5.53904
-5.53748
-5.53735
-5.53883
-5.53667
-5.53696
-5.53588
-5.53808
-5.5375
-5.53807
-5.53842
-5.53905
-5.53882
-5.53922
-5.54119
-5.54088
-5.53939
-5.53914
-5.53895
-5.53888
-5.53959
-5.53974
-5.53869
-5.53776
-5.53895
-5.53934
-5.53861
-5.53966
-5.53922
-5.53856
-5.5386
-5.53606
-5.53604
-5.53618
-5.53735
-5.53758
-5.5369
-5.53704
-5.53944
-5.5371
-5.53783
-5.53904
-5.54033
-5.54131
-5.54161
-5.54057
-5.53887
-5.53912
-5.5391
-5.54076
-5.53955
-5.53769
-5.5358
-5.53644
-5.53607
-5.53735
-5.53776
-5.53768
-5.53804
-5.53936
-5.54085
-5.5405
-5.54065
-5.53751
-5.53736
-5.53736
-5.53754
-5.53724
-5.53899
-5.54009
-5.54236
-5.54309
-5.54478
-5.5426
-5.53861
-5.5378
-5.53806
-5.53823
-5.53838
-5.53692
-5.53963
-5.53993
-5.54125
-5.53983
-5.54142
-5.5411
-5.54151
-5.54013
-5.54158
-5.5414
-5.53903
-5.53581
-5.53433
-5.53619
-5.53557
-5.53306
-5.53322
-5.53315
-5.53255
-5.53438
-5.53541
-5.53655
-5.53988
-5.53968
-5.54006
-5.53976
-5.53791
-5.53855
-5.53431
-5.53462
-5.53367
-5.53242
-5.53607
-5.53726
-5.53839
-5.53959
-5.54057
-5.5412
-5.54188
-5.54305
-5.54398
-5.54209
-5.54288
-5.54281
-5.54087
-5.54132
-5.54164
-5.54127
-5.54296
-5.54
-5.54188
-5.54175
-5.54304
-5.5459
-5.54408
-5.54115
-5.54304
-5.54245
-5.53947
-5.53858
-5.54064
-5.54064
-5.5401
-5.5396
-5.54016
-5.53892
-5.53858
-5.53694
-5.5367
-5.53736
-5.53967
-5.54177
-5.542
-5.5428
-5.54354
-5.54396
-5.54455
-5.54371
-5.54124
-5.53989
-5.53845
-5.53956
-5.5391
-5.53846
-5.53866
-5.5358
-5.53279
-5.53261
-5.53464
-5.53597
-5.53587
-5.53647
-5.53895
-5.54129
-5.54151
-5.54181
-5.5412
-5.54093
-5.54134
-5.54186
-5.53932
-5.53772
-5.53848
-5.53623
-5.53594
-5.53577
-5.53639
-5.53766
-5.53972
-5.54073
-5.54311
-5.5432
-5.54357
-5.54457
-5.54367
-5.54095
-5.53845
-5.53662
-5.53621
-5.53667
-5.5361
-5.53619
-5.53757
-5.53761
-5.53877
-5.53958
-5.53886
-5.53915
-5.53948
-5.54
-5.5389
-5.53822
-5.53991
-5.54131
-5.54129
-5.54035
-5.53975
-5.53764
-5.53774
-5.53731
-5.53614
-5.53692
-5.53737
-5.53682
-5.53617
-5.53599
-5.53551
-5.5369
-5.53843
-5.53811
-5.53954
-5.54083
-5.54141
-5.53965
-5.5381
-5.5377
-5.53749
-5.53754
-5.53668
-5.53665
-5.53652
-5.53694
-5.53814
-5.53906
-5.53735
-5.53977
-5.53694
-5.53534
-5.53695
-5.53663
-5.53959
-5.53874
-5.5396
-5.54185
-5.54445
-5.54441
-5.54552
-5.54416
-5.54384
-5.5446
-5.54298
-5.54173
-5.53997
-5.53907
-5.5377
-5.53806
-5.53461
-5.53579
-5.53521
-5.53524
-5.53719
-5.53862
-5.53891
-5.5404
-5.54173
-5.54266
-5.54141
-5.54069
-5.54057
-5.53887
-5.53956
-5.54013
-5.541
-5.5431
-5.5427
-5.54481
-5.54352
-5.54243
-5.5387
-5.53982
-5.5387
-5.53662
-5.5339
-5.53412
-5.53244
-5.52919
-5.52924
-5.52745
-5.53033
-5.53144
-5.52944
-5.53038
-5.53248
-5.53397
-5.53607
-5.53624
-5.53757
-5.53669
-5.53864
-5.53868
-5.53846
-5.53918
-5.54069
-5.54148
-5.54107
-5.54064
-5.54214
-5.54242
-5.54291
-5.54403
-5.54292
-5.54246
-5.54001
-5.54076
-5.54152
-5.54079
-5.5389
-5.54094
-5.54225
-5.53895
-5.53929
-5.53928
-5.53941
-5.53878
-5.53987
-5.54043
-5.54289
-5.54241
-5.54122
-5.54185
-5.54229
-5.54177
-5.53874
-5.54096
-5.54
-5.53911
-5.53964
-5.53811
-5.53686
-5.53792
-5.53579
-5.53589
-5.53772
-5.54008
-5.53985
-5.53984
-5.53974
-5.54031
-5.54005
-5.53718
-5.53408
-5.53374
-5.5349
-5.53495
-5.53584
-5.53845
-5.54173
-5.54234
-5.54246
-5.54238
-5.54181
-5.54176
-5.54196
-5.54312
-5.54333
-5.54134
-5.54039
-5.54114
-5.54165
-5.54125
-5.53832
-5.53736
-5.53806
-5.53751
-5.53895
-5.53818
-5.53452
-5.53476
-5.53437
-5.53921
-5.53891
-5.53896
-5.53867
-5.53732
-5.5368
-5.53577
-5.53751
-5.53594
-5.53733
-5.53528
-5.53692
-5.53573
-5.53487
-5.53625
-5.53305
-5.53435
-5.53628
-5.53725
-5.53988
-5.54126
-5.5429
-5.54343
-5.54146
-5.53956
-5.5388
-5.53743
-5.53857
-5.53974
-5.53927
-5.53767
-5.5368
-5.53821
-5.53769
-5.53686
-5.53671
-5.53854
-5.54171
-5.54325
-5.54337
-5.54357
-5.54245
-5.54353
-5.54265
-5.54218
-5.5391
-5.53815
-5.53628
-5.53519
-5.53546
-5.5363
-5.53785
-5.54032
-5.54042
-5.5401
-5.54036
-5.53792
-5.53989
-5.53941
-5.53904
-5.53945
-5.53846
-5.5372
-5.53588
-5.53693
-5.53752
-5.53881
-5.53759
-5.53904
-5.54102
-5.54065
-5.53943
-5.53919
-5.53784
-5.53733
-5.5385
-5.54052
-5.54063
-5.54139
-5.53837
-5.53566
-5.53576
-5.53495
-5.53613
-5.53847
-5.54041
-5.5412
-5.53989
-5.53916
-5.54036
-5.53999
-5.54101
-5.5399
-5.5409
-5.54332
-5.54189
-5.54172
-5.54272
-5.54223
-5.54186
-5.54067
-5.53775
-5.53676
-5.53809
-5.53886
-5.54002
-5.54084
-5.53933
-5.54005
-5.53723
-5.53621
-5.53806
-5.54051
-5.54339
-5.54355
-5.54246
-5.54402
-5.54375
-5.542
-5.54172
-5.53908
-5.53996
-5.54091
-5.5401
-5.53956
-5.53776
-5.53824
-5.53968
-5.539
-5.53992
-5.53931
-5.53925
-5.54035
-5.53977
-5.54094
-5.54018
-5.53739
-5.53754
-5.53806
-5.53786
-5.53839
-5.53751
-5.53608
-5.5357
-5.53615
-5.53728
-5.53763
-5.53725
-5.53669
-5.53612
-5.53641
-5.53689
-5.53529
-5.53646
-5.53752
-5.53821
-5.53797
-5.53717
-5.53481
-5.53597
-5.53865
-5.53767
-5.53896
-5.53776
-5.53964
-5.54041
-5.54029
-5.5389
-5.54069
-5.53981
-5.53759
-5.53803
-5.53863
-5.5397
-5.5395
-5.53849
-5.5372
-5.53626
-5.53705
-5.5371
-5.53623
-5.53748
-5.53675
-5.5373
-5.54167
-5.54262
-5.54386
-5.54232
-5.54177
-5.54153
-5.53806
-5.54052
-5.5403
-5.54049
-5.53736
-5.53458
-5.53609
-5.53697
-5.53869
-5.53818
-5.53818
-5.54016
-5.5425
-5.54041
-5.54153
-5.54056
-5.54112
-5.54249
-5.54122
-5.54008
-5.53999
-5.53935
-5.53885
-5.53853
-5.53648
-5.53599
-5.53453
-5.5329
-5.53285
-5.53164
-5.53287
-5.5355
-5.53666
-5.53868
-5.5391
-5.53853
-5.53705
-5.53667
-5.53874
-5.54011
-5.53919
-5.53964
-5.54113
-5.54109
-5.54012
-5.53981
-5.54044
-5.53971
-5.53955
-5.54027
-5.54123
-5.54155
-5.53973
-5.53943
-5.53839
-5.53814
-5.53567
-5.53668
-5.53819
-5.54018
-5.54134
-5.5391
-5.53868
-5.53947
-5.53995
-5.53924
-5.5416
-5.53892
-5.53731
-5.53701
-5.53377
-5.53475
-5.53582
-5.53638
-5.5374
-5.54008
-5.54107
-5.54254
-5.54414
-5.54334
-5.54256
-5.54261
-5.54223
-5.54297
-5.54203
-5.54153
-5.54299
-5.54262
-5.54053
-5.54038
-5.53871
-5.53656
-5.5375
-5.53635
-5.53497
-5.53553
-5.53246
-5.53321
-5.53591
-5.53639
-5.53661
-5.53817
-5.53775
-5.53822
-5.53922
-5.53747
-5.53751
-5.53844
-5.53976
-5.54002
-5.53797
-5.53768
-5.53765
-5.53941
-5.54103
-5.5387
-5.54119
-5.54232
-5.54077
-5.54009
-5.54196
-5.53964
-5.53936
-5.54051
-5.54151
-5.54142
-5.54023
-5.53985
-5.5395
-5.53996
-5.54039
-5.54133
-5.54118
-5.53885
-5.53856
-5.53544
-5.53677
-5.53889
-5.54061
-5.5397
-5.54153
-5.53987
-5.53989
-5.53836
-5.53824
-5.5383
-5.5383
-5.53636
-5.53486
-5.53326
-5.53363
-5.53219
-5.53318
-5.53724
-5.53842
-5.54122
-5.5436
