-6.63605
-6.64115
-6.65085
-6.65673
-6.66568
-6.6738
-6.67959
-6.68413
-6.68464
-6.68183
-6.67723
-6.67214
-6.66284
-6.65289
-6.64191
-6.63379
-6.62296
-6.61247
-6.60509
-6.60573
-6.61271
-6.62995
-6.65507
-6.68363
-6.71833
-6.75393
-6.78453
-6.80744
-6.82723
-6.83778
-6.83836
-6.8349
-6.81944
-6.7984
-6.77583
-6.74982
-6.7271
-6.71024
-6.70243
-6.69799
-6.69934
-6.70368
-6.70527
-6.70912
-6.71033
-6.70436
-6.69092
-6.67447
-6.65512
-6.63661
-6.62011
-6.6103
-6.60625
-6.60736
-6.61513
-6.62137
-6.62955
-6.64154
-6.64968
-6.65786
-6.66457
-6.67085
-6.68126
-6.68657
-6.6917
-6.69203
-6.68533
-6.67477
-6.66103
-6.64967
-6.63784
-6.63302
-6.6309
-6.63701
-6.64758
-6.66244
-6.67854
-6.69926
-6.71925
-6.74062
-6.7579
-6.7704
-6.77945
-6.78448
-6.7898
-6.79367
-6.79662
-6.79824
-6.79603
-6.79058
-6.77435
-6.75457
-6.73432
-6.71287
-6.68925
-6.66606
-6.64372
-6.62323
-6.60947
-6.60424
-6.60885
-6.62239
-6.64409
-6.67157
-6.69829
-6.72372
-6.74269
-6.75038
-6.74863
-6.74275
-6.73437
-6.72616
-6.71763
-6.70864
-6.701
-6.69631
-6.68778
-6.68464
-6.67885
-6.67848
-6.68066
-6.68164
-6.68256
-6.67878
-6.67585
-6.67358
-6.67056
-6.66708
-6.66632
-6.66848
-6.67226
-6.67844
-6.68776
-6.69652
-6.70297
-6.7061
-6.70252
-6.69561
-6.68235
-6.66367
-6.6469
-6.63674
-6.62855
-6.62236
-6.61872
-6.61804
-6.61795
-6.61845
-6.62211
-6.62658
-6.63639
-6.65075
-6.66922
-6.69139
-6.71415
-6.73648
-6.75679
-6.77287
-6.7841
-6.78986
-6.79319
-6.79269
-6.79007
-6.78661
-6.78196
-6.77785
-6.77655
-6.77922
-6.78604
-6.79546
-6.80629
-6.81443
-6.82025
-6.82195
-6.8148
-6.7966
-6.76788
-6.73119
-6.68497
-6.63719
-6.59183
-6.55711
-6.52903
-6.51475
-6.51227
-6.52121
-6.5415
-6.57139
-6.6027
-6.6349
-6.66733
-6.69441
-6.72026
-6.73993
-6.75607
-6.76992
-6.78414
-6.79563
-6.80095
-6.80314
-6.80174
-6.79013
-6.77476
-6.75542
-6.73133
-6.70688
-6.6872
-6.66937
-6.65785
-6.64529
-6.63881
-6.63406
-6.63805
-6.6469
-6.65512
-6.66618
-6.68017
-6.69101
-6.69634
-6.70045
-6.7021
-6.69935
-6.69373
-6.68618
-6.67678
-6.66259
-6.64861
-6.63207
-6.6138
-6.59963
-6.58861
-6.58339
-6.58444
-6.59279
-6.60648
-6.62569
-6.65253
-6.6783
-6.70509
-6.73173
-6.75319
-6.77048
-6.78125
-6.78146
-6.77929
-6.76986
-6.76291
-6.75603
-6.74699
-6.7368
-6.72858
-6.71814
-6.70957
-6.70652
-6.7082
-6.71708
-6.72661
-6.7365
-6.7404
-6.73841
-6.72734
-6.71334
-6.69314
-6.67075
-6.65133
-6.63132
-6.61725
-6.61006
-6.604
-6.60399
-6.60515
-6.61182
-6.61884
-6.63178
-6.65075
-6.67666
-6.70717
-6.741
-6.77545
-6.80307
-6.82212
-6.83357
-6.8363
-6.83134
-6.82056
-6.80375
-6.78119
-6.7553
-6.72948
-6.70258
-6.67609
-6.65452
-6.63609
-6.62324
-6.61769
-6.61654
-6.62462
-6.63846
-6.65683
-6.67495
-6.68996
-6.70144
-6.71
-6.70915
-6.70811
-6.70588
-6.70328
-6.70042
-6.69686
-6.69154
-6.68474
-6.6791
-6.67268
-6.66801
-6.66106
-6.65434
-6.64831
-6.64507
-6.64056
-6.63731
-6.63342
-6.63063
-6.63132
-6.63668
-6.64509
-6.6526
-6.65953
-6.66107
-6.66362
-6.66547
-6.66835
-6.67333
-6.68438
-6.69944
-6.71973
-6.74074
-6.762
-6.77543
-6.78043
-6.78066
-6.77421
-6.76155
-6.74544
-6.72749
-6.71663
-6.70878
-6.70854
-6.71171
-6.72212
-6.73225
-6.74201
-6.74679
-6.74984
-6.74618
-6.73562
-6.72045
-6.7045
-6.69059
-6.67388
-6.65577
-6.64149
-6.629
-6.61905
-6.616
-6.6183
-6.62834
-6.64854
-6.67147
-6.69773
-6.7222
-6.74082
-6.75581
-6.75917
-6.76036
-6.75386
-6.74088
-6.72691
-6.70542
-6.68067
-6.65605
-6.63552
-6.62271
-6.61986
-6.62695
-6.64125
-6.65774
-6.67959
-6.701
-6.71871
-6.73469
-6.74464
-6.74709
-6.74507
-6.73351
-6.72445
-6.71395
-6.7075
-6.70578
-6.70148
-6.69654
-6.69596
-6.69281
-6.68875
-6.69005
-6.69863
-6.7092
-6.72151
-6.73365
-6.74398
-6.74752
-6.74564
-6.73573
-6.72095
-6.70245
-6.68397
-6.66773
-6.65634
-6.65557
-6.66592
-6.68536
-6.71031
-6.73429
-6.75303
-6.76673
-6.77286
-6.7734
-6.76421
-6.7476
-6.72626
-6.6982
-6.66806
-6.64083
-6.61841
-6.60071
-6.58941
-6.58787
-6.59723
-6.61444
-6.63596
-6.66197
-6.6889
-6.71512
-6.73799
-6.7543
-6.75903
-6.75529
-6.7447
-6.72343
-6.69924
-6.67426
-6.65383
-6.64186
-6.64101
-6.64983
-6.66905
-6.69206
-6.71777
-6.74299
-6.76204
-6.77252
-6.77491
-6.76914
-6.7567
-6.73874
-6.71582
-6.69258
-6.67297
-6.65745
-6.65078
-6.65217
-6.6592
-6.67172
-6.68583
-6.69949
-6.71011
-6.72025
-6.73297
-6.7464
-6.75899
-6.76925
-6.77554
-6.77326
-6.76462
-6.74714
-6.72236
-6.69575
-6.66833
-6.64258
-6.62207
-6.60925
-6.60424
-6.609
-6.62053
-6.63479
-6.65311
-6.67196
-6.68975
-6.70418
-6.71698
-6.72776
-6.73408
-6.7349
-6.72905
-6.7194
-6.70715
-6.69525
-6.68576
-6.67852
-6.67126
-6.6701
-6.66491
-6.66147
-6.66129
-6.65911
-6.6604
-6.65866
-6.66029
-6.6659
-6.67509
-6.68482
-6.69798
-6.70916
-6.71955
-6.72682
-6.7257
-6.71854
-6.70544
-6.68951
-6.67144
-6.65486
-6.63519
-6.62171
-6.60933
-6.60269
-6.60615
-6.61967
-6.6426
-6.67433
-6.70886
-6.74141
-6.76695
-6.78634
-6.79887
-6.8023
-6.80129
-6.79497
-6.7863
-6.77908
-6.77151
-6.76868
-6.76336
-6.75765
-6.74781
-6.7411
-6.73056
-6.71763
-6.70268
-6.68947
-6.67348
-6.65557
-6.64109
-6.62568
-6.61706
-6.61036
-6.6058
-6.61031
-6.62171
-6.63609
-6.65134
-6.6615
-6.6673
-6.66486
-6.66066
-6.65291
-6.64708
-6.6479
-6.65753
-6.67487
-6.69798
-6.7252
-6.75494
-6.78104
-6.80309
-6.82078
-6.83145
-6.83815
-6.83808
-6.83593
-6.82833
-6.81444
-6.79596
-6.77898
-6.7587
-6.73037
-6.70201
-6.67138
-6.64274
-6.62035
-6.61172
-6.61757
-6.63933
-6.66685
-6.69527
-6.72106
-6.73892
-6.7472
-6.74487
-6.74048
-6.72623
-6.706
-6.68206
-6.65249
-6.62207
-6.59604
-6.57263
-6.5607
-6.56192
-6.57513
-6.59507
-6.62074
-6.64755
-6.67258
-6.69181
-6.70238
-6.70706
-6.71013
-6.7122
-6.71266
-6.71535
-6.72272
-6.73438
-6.74674
-6.76076
-6.77489
-6.78693
-6.7964
-6.80196
-6.80392
-6.80045
-6.79067
-6.77857
-6.7655
-6.75037
-6.73323
-6.71307
-6.69482
-6.67857
-6.66179
-6.64822
-6.63414
-6.61929
-6.61067
-6.6039
-6.60517
-6.60458
-6.60796
-6.61471
-6.62362
-6.63542
-6.64717
-6.66041
-6.66786
-6.67565
-6.67827
-6.68412
-6.68777
-6.69286
-6.70122
-6.70564
-6.71479
-6.72448
-6.73311
-6.74361
-6.7535
-6.76423
-6.77358
-6.77822
-6.77821
-6.77246
-6.7585
-6.74079
-6.71991
-6.69758
-6.67679
-6.66056
-6.65091
-6.64383
-6.64103
-6.64365
-6.65336
-6.66998
-6.6908
-6.71545
-6.74361
-6.77091
-6.79716
-6.81443
-6.82206
-6.81564
-6.80069
-6.7769
-6.7502
-6.72557
-6.70552
-6.69174
-6.68446
-6.67964
-6.67822
-6.68032
-6.68184
-6.68876
-6.69268
-6.69423
-6.69193
-6.68205
-6.66536
-6.64355
-6.62244
-6.60396
-6.59395
-6.59182
-6.60193
-6.61864
-6.63469
-6.64825
-6.66016
-6.66936
-6.67976
-6.69364
-6.70994
-6.72388
-6.73481
-6.73547
-6.72866
-6.71779
-6.70217
-6.68875
-6.67966
-6.67395
-6.66952
-6.66366
-6.65782
-6.65299
-6.64581
-6.63992
-6.63296
-6.63077
-6.63409
-6.6386
-6.64943
-6.66565
-6.68306
-6.70124
-6.7173
-6.72891
-6.73901
-6.74822
-6.75439
-6.75925
-6.76237
-6.76145
-6.76041
-6.75332
-6.74644
-6.74317
-6.74417
-6.75132
-6.76148
-6.77399
-6.78998
-6.80251
-6.80997
-6.8137
-6.80853
-6.79964
-6.78368
-6.76
-6.7329
-6.70395
-6.68025
-6.66379
-6.65398
-6.6553
-6.66335
-6.67698
-6.69235
-6.70223
-6.70697
-6.70192
-6.68819
-6.67372
-6.65961
-6.64805
-6.64223
-6.63989
-6.64016
-6.6422
-6.64375
-6.64398
-6.64258
-6.64184
-6.64438
-6.65103
-6.66211
-6.67569
-6.68813
-6.7029
-6.71573
-6.72554
-6.73174
-6.7354
-6.73636
-6.73978
-6.74292
-6.73953
-6.73499
-6.72504
-6.71669
-6.70745
-6.69897
-6.69148
-6.68921
-6.68558
-6.68123
-6.68029
-6.68133
-6.68629
-6.69444
-6.70567
-6.71832
-6.72997
-6.73937
-6.74243
-6.73869
-6.73231
-6.72153
-6.71261
-6.71101
-6.7117
-6.7189
-6.72846
-6.74178
-6.75487
-6.76084
-6.76604
-6.76022
-6.74635
-6.72233
-6.69482
-6.67156
-6.65144
-6.63877
-6.63169
-6.63246
-6.64042
-6.65102
-6.65678
-6.66399
-6.66805
-6.67475
-6.68551
-6.69755
-6.71238
-6.72866
-6.74238
-6.75222
-6.75659
-6.75226
-6.74163
-6.7218
-6.69428
-6.66293
-6.62869
-6.60001
-6.58065
-6.57084
-6.57323
-6.58316
-6.59796
-6.61465
-6.63282
-6.65218
-6.6686
-6.68009
-6.69055
-6.70036
-6.70778
-6.7141
-6.72116
-6.72915
-6.73538
-6.74103
-6.7455
-6.74728
-6.745
-6.73777
-6.73101
-6.72485
-6.7228
-6.72285
-6.73047
-6.74156
-6.75458
-6.76643
-6.77276
-6.77732
-6.77843
-6.77418
-6.7642
-6.7541
-6.73736
-6.72135
-6.70683
-6.68948
-6.67631
-6.66362
-6.65207
-6.64404
-6.64166
-6.64148
-6.64448
-6.64847
-6.6492
-6.64839
-6.64777
-6.64821
-6.65327
-6.6607
-6.67127
-6.68386
-6.69204
-6.6942
-6.6935
-6.68696
-6.6769
-6.66862
-6.6588
-6.65074
-6.64709
-6.64188
-6.64183
-6.64476
-6.64674
-6.65037
-6.65774
-6.66564
-6.67638
-6.68862
-6.69767
-6.70648
-6.71287
-6.71615
-6.71634
-6.71492
-6.71824
-6.72526
-6.73629
-6.74786
-6.75518
-6.76653
-6.77524
-6.77925
-6.78111
-6.78169
-6.77415
-6.76526
-6.75555
-6.74502
-6.73459
-6.72634
-6.72402
-6.72791
-6.73827
-6.75172
-6.76463
-6.77082
-6.76553
-6.75209
-6.72807
-6.70572
-6.6868
-6.67385
-6.66575
-6.66678
-6.66857
-6.67366
-6.67621
-6.67679
-6.67244
-6.66181
-6.64273
-6.61806
-6.58891
-6.56023
-6.53221
-6.51387
-6.51078
-6.52128
-6.55203
-6.59912
