0.734783
0.739155
0.744288
0.749707
0.755052
0.759899
0.76368
0.765817
0.765935
0.764032
0.760461
0.755661
0.749971
0.743609
0.736759
0.729627
0.722588
0.716322
0.711996
0.711123
0.715212
0.725242
0.741028
0.761252
0.783655
0.805805
0.825653
0.841968
0.854098
0.861613
0.864049
0.861001
0.852504
0.839308
0.823138
0.806371
0.791369
0.779921
0.772955
0.770452
0.771502
0.774702
0.778392
0.780942
0.780976
0.777582
0.770493
0.760213
0.748053
0.735831
0.725422
0.718286
0.715176
0.715992
0.719855
0.725436
0.731349
0.736624
0.741047
0.744994
0.749195
0.75416
0.759776
0.765141
0.768816
0.769398
0.766177
0.759431
0.750406
0.741027
0.733309
0.728844
0.728517
0.732222
0.73921
0.748503
0.759327
0.771312
0.78415
0.797143
0.809064
0.818559
0.824904
0.828481
0.830568
0.832668
0.835265
0.837354
0.837077
0.832993
0.824912
0.813697
0.800549
0.786334
0.771491
0.756447
0.74189
0.728863
0.718865
0.71353
0.714409
0.722307
0.736653
0.75517
0.7744
0.790915
0.802407
0.808106
0.808484
0.804871
0.79899
0.792435
0.786247
0.780826
0.776106
0.771862
0.768062
0.765006
0.763163
0.762775
0.763516
0.76443
0.764518
0.76322
0.760706
0.757686
0.754959
0.753163
0.752725
0.753797
0.756385
0.760379
0.765436
0.77086
0.775531
0.777931
0.776615
0.770927
0.761513
0.750198
0.739295
0.73053
0.724578
0.721105
0.719405
0.718853
0.719145
0.720254
0.722361
0.725825
0.731261
0.739447
0.750805
0.764933
0.78049
0.795718
0.809074
0.819662
0.827227
0.831985
0.834222
0.834295
0.83269
0.830011
0.827101
0.824889
0.824257
0.825801
0.829693
0.835598
0.842565
0.849192
0.853804
0.854555
0.849769
0.838338
0.819871
0.795096
0.765879
0.735084
0.706013
0.681625
0.663897
0.653805
0.651587
0.657024
0.669298
0.686861
0.70755
0.729046
0.749541
0.768038
0.784208
0.798175
0.810197
0.820461
0.829037
0.83581
0.840456
0.842438
0.841019
0.835634
0.826206
0.81337
0.798503
0.783234
0.769077
0.756955
0.747295
0.740176
0.735603
0.733673
0.734535
0.738224
0.744362
0.752073
0.760145
0.767301
0.772585
0.775563
0.776236
0.774816
0.771477
0.766206
0.759038
0.750164
0.740067
0.729475
0.719169
0.709992
0.702828
0.698574
0.698191
0.702409
0.71149
0.72499
0.741772
0.760362
0.779157
0.796503
0.810945
0.821403
0.827313
0.828927
0.827108
0.823128
0.818125
0.812704
0.806941
0.800631
0.793878
0.787282
0.782009
0.77943
0.7804
0.784743
0.791023
0.79692
0.800115
0.79904
0.793204
0.783158
0.770119
0.755673
0.74153
0.729225
0.719937
0.71415
0.711559
0.711356
0.712849
0.715826
0.720891
0.729137
0.741552
0.75841
0.778901
0.801187
0.822845
0.841462
0.855152
0.862956
0.864901
0.861636
0.853981
0.842678
0.828334
0.81169
0.793689
0.775492
0.758315
0.74324
0.731247
0.723118
0.71939
0.72032
0.725722
0.734854
0.74632
0.758247
0.768708
0.776268
0.780369
0.781363
0.780182
0.777894
0.775298
0.772744
0.770165
0.767312
0.763917
0.759988
0.755717
0.751499
0.747679
0.744437
0.741677
0.739087
0.736324
0.733307
0.730442
0.728634
0.728851
0.731544
0.736159
0.741397
0.745923
0.749042
0.750845
0.752073
0.753872
0.757393
0.763597
0.772901
0.784913
0.798434
0.811482
0.821884
0.827884
0.828577
0.824104
0.815547
0.80471
0.793715
0.784667
0.779231
0.778198
0.781252
0.787139
0.794098
0.800334
0.804435
0.805504
0.80319
0.797726
0.789762
0.780113
0.769595
0.758877
0.748475
0.738851
0.730569
0.724334
0.721076
0.721921
0.727862
0.73911
0.754525
0.77178
0.788295
0.801939
0.81151
0.816579
0.817157
0.813456
0.805644
0.793898
0.778778
0.761519
0.744304
0.729964
0.721006
0.718658
0.722599
0.731513
0.743766
0.757803
0.77213
0.785228
0.795578
0.801999
0.803876
0.801409
0.795667
0.788378
0.78147
0.776312
0.773251
0.771595
0.770263
0.768613
0.766903
0.766188
0.767644
0.771993
0.779035
0.787607
0.796032
0.802547
0.80573
0.804709
0.799193
0.789498
0.776728
0.762869
0.750637
0.742892
0.741847
0.748253
0.760929
0.777167
0.793722
0.807859
0.817892
0.822943
0.822559
0.816737
0.806092
0.791735
0.774934
0.756846
0.738815
0.722515
0.709823
0.702356
0.700934
0.705516
0.715436
0.729638
0.746768
0.765132
0.782794
0.797762
0.808298
0.813141
0.811713
0.804149
0.791467
0.775532
0.758992
0.74496
0.73613
0.734191
0.739396
0.750629
0.765906
0.782798
0.798949
0.812244
0.821049
0.824303
0.821682
0.813662
0.80138
0.786475
0.770932
0.756938
0.746563
0.74134
0.741732
0.746888
0.755051
0.764232
0.772995
0.780807
0.78802
0.795371
0.803395
0.811799
0.819269
0.823857
0.823745
0.81792
0.806552
0.790808
0.772558
0.753975
0.73717
0.723931
0.715503
0.712487
0.714733
0.721399
0.731115
0.74238
0.754085
0.765563
0.776355
0.785917
0.793372
0.797726
0.798239
0.794911
0.788503
0.780414
0.772208
0.765076
0.759642
0.755938
0.753555
0.751983
0.750751
0.749557
0.748319
0.747205
0.746611
0.747122
0.74937
0.753761
0.760275
0.768305
0.776665
0.783809
0.788143
0.788481
0.784545
0.776979
0.766962
0.755828
0.744535
0.73372
0.723946
0.716081
0.711632
0.712639
0.720699
0.735793
0.755951
0.778088
0.799167
0.817028
0.830437
0.838866
0.842285
0.841153
0.836558
0.830199
0.823986
0.819205
0.815914
0.81323
0.81015
0.806075
0.800854
0.794574
0.787339
0.779189
0.770233
0.760694
0.750917
0.741234
0.732157
0.724485
0.71928
0.717573
0.719956
0.726151
0.734747
0.743518
0.750176
0.753151
0.752113
0.74801
0.742819
0.739081
0.739147
0.74456
0.755595
0.771279
0.789703
0.808532
0.825741
0.840116
0.851169
0.859019
0.863798
0.86538
0.863452
0.857876
0.8491
0.838045
0.825364
0.81097
0.794275
0.775148
0.754736
0.735557
0.721048
0.714564
0.718097
0.73096
0.749632
0.769365
0.786141
0.797752
0.803622
0.804087
0.79968
0.790825
0.777929
0.761609
0.742919
0.723472
0.705415
0.691227
0.683208
0.682799
0.690038
0.703482
0.720603
0.738538
0.754848
0.767837
0.776801
0.781981
0.78426
0.78487
0.785136
0.786341
0.789514
0.795099
0.802928
0.812199
0.821668
0.830082
0.836426
0.839999
0.840534
0.838078
0.832889
0.825453
0.816237
0.805813
0.794649
0.783169
0.771643
0.760338
0.749517
0.739509
0.730642
0.723184
0.717272
0.713016
0.710642
0.710443
0.712666
0.717361
0.724202
0.73242
0.740934
0.748604
0.754617
0.758884
0.761993
0.764797
0.768024
0.771992
0.776645
0.78173
0.78696
0.792134
0.797241
0.802487
0.80816
0.814219
0.8201
0.824508
0.825765
0.82244
0.814044
0.801483
0.786784
0.772209
0.759415
0.749176
0.741803
0.737427
0.736113
0.737966
0.743214
0.752183
0.765039
0.781385
0.800028
0.818979
0.835756
0.847856
0.853257
0.851028
0.841696
0.827079
0.81001
0.793407
0.779477
0.769262
0.762761
0.759478
0.758745
0.759974
0.762615
0.765914
0.768849
0.770126
0.768323
0.762391
0.752106
0.738444
0.723668
0.710965
0.703429
0.702816
0.708595
0.718413
0.729355
0.739217
0.747311
0.754342
0.761617
0.770089
0.779616
0.788835
0.795617
0.798071
0.795332
0.788023
0.778152
0.768415
0.760794
0.755694
0.752211
0.749174
0.745776
0.741752
0.737217
0.732608
0.728709
0.726579
0.727183
0.731138
0.738474
0.748621
0.760555
0.772923
0.784424
0.794105
0.801502
0.806753
0.810349
0.812826
0.814355
0.814744
0.813569
0.810724
0.806823
0.803405
0.802436
0.805287
0.811953
0.821019
0.830635
0.839174
0.845315
0.847986
0.8463
0.839786
0.828512
0.813267
0.795558
0.777465
0.761341
0.749413
0.743316
0.743583
0.749363
0.758486
0.767999
0.77497
0.777357
0.774496
0.7672
0.757454
0.747701
0.740124
0.735895
0.73492
0.736057
0.73767
0.738399
0.737803
0.736631
0.736395
0.738459
0.743276
0.750466
0.759201
0.768564
0.777623
0.785474
0.791554
0.795847
0.798816
0.801031
0.80254
0.802845
0.801237
0.797358
0.791524
0.784697
0.778031
0.772453
0.768383
0.76568
0.763846
0.762427
0.761504
0.761799
0.764394
0.769964
0.778121
0.78741
0.795806
0.801543
0.803551
0.801638
0.796548
0.789855
0.783539
0.779562
0.779384
0.783359
0.790763
0.800005
0.808893
0.815186
0.817016
0.813278
0.803905
0.789978
0.77349
0.756979
0.742982
0.733386
0.729007
0.729523
0.733507
0.739017
0.744246
0.748303
0.751661
0.755749
0.762014
0.770884
0.781535
0.792447
0.802024
0.808914
0.812041
0.810523
0.803762
0.791509
0.774258
0.753385
0.731365
0.711425
0.696768
0.689453
0.689698
0.696042
0.706287
0.718398
0.730769
0.742295
0.752331
0.760599
0.767274
0.772817
0.777792
0.782653
0.78757
0.792475
0.797109
0.800984
0.803491
0.804032
0.802303
0.798695
0.794391
0.790979
0.789773
0.791451
0.795862
0.802248
0.809596
0.816723
0.822437
0.82576
0.825971
0.822818
0.816644
0.808333
0.798956
0.789356
0.779881
0.770473
0.761039
0.75187
0.74379
0.737756
0.734388
0.733605
0.734628
0.736219
0.737234
0.737217
0.736776
0.737319
0.740199
0.745778
0.753159
0.760577
0.766278
0.769112
0.768747
0.765501
0.760228
0.754081
0.748302
0.743844
0.741039
0.739614
0.73908
0.739235
0.740234
0.7425
0.746382
0.751926
0.758773
0.76627
0.77347
0.779313
0.782951
0.784257
0.784213
0.784632
0.78704
0.791737
0.79792
0.804553
0.810989
0.816891
0.821948
0.825656
0.827345
0.826489
0.823006
0.817266
0.810029
0.802339
0.795448
0.790738
0.789443
0.792273
0.79887
0.807555
0.815536
0.819757
0.817788
0.80902
0.795086
0.779306
0.765274
0.755493
0.750697
0.750168
0.752465
0.755845
0.758566
0.759035
0.756088
0.749008
0.73758
0.722136
0.70377
0.684401
0.666682
0.653792
0.649023
0.655241
0.673872
0.70368
