1.10217
1.10873
1.11643
1.12456
1.13258
1.13985
1.14552
1.14873
1.1489
1.14605
1.14069
1.13349
1.12496
1.11541
1.10514
1.09444
1.08388
1.07448
1.06799
1.06668
1.07282
1.08786
1.11154
1.14188
1.17548
1.20871
1.23848
1.26295
1.28115
1.29242
1.29607
1.2915
1.27876
1.25896
1.23471
1.20956
1.18705
1.16988
1.15943
1.15568
1.15725
1.16205
1.16759
1.17141
1.17146
1.16637
1.15574
1.14032
1.12208
1.10375
1.08813
1.07743
1.07276
1.07399
1.07978
1.08815
1.09702
1.10494
1.11157
1.11749
1.12379
1.13124
1.13966
1.14771
1.15322
1.1541
1.14927
1.13915
1.12561
1.11154
1.09996
1.09327
1.09278
1.09833
1.10882
1.12275
1.13899
1.15697
1.17622
1.19571
1.2136
1.22784
1.23736
1.24272
1.24585
1.249
1.2529
1.25603
1.25562
1.24949
1.23737
1.22055
1.20082
1.1795
1.15724
1.13467
1.11283
1.09329
1.0783
1.0703
1.07161
1.08346
1.10498
1.13276
1.1616
1.18637
1.20361
1.21216
1.21273
1.20731
1.19848
1.18865
1.17937
1.17124
1.16416
1.15779
1.15209
1.14751
1.14474
1.14416
1.14527
1.14665
1.14678
1.14483
1.14106
1.13653
1.13244
1.12974
1.12909
1.1307
1.13458
1.14057
1.14815
1.15629
1.1633
1.1669
1.16492
1.15639
1.14227
1.1253
1.10894
1.0958
1.08687
1.08166
1.07911
1.07828
1.07872
1.08038
1.08354
1.08874
1.09689
1.10917
1.12621
1.1474
1.17073
1.19358
1.21361
1.22949
1.24084
1.24798
1.25133
1.25144
1.24904
1.24502
1.24065
1.23733
1.23639
1.2387
1.24454
1.2534
1.26385
1.27379
1.28071
1.28183
1.27465
1.25751
1.22981
1.19264
1.14882
1.10263
1.05902
1.02244
0.995846
0.980707
0.97738
0.985536
1.00395
1.03029
1.06132
1.09357
1.12431
1.15206
1.17631
1.19726
1.2153
1.23069
1.24356
1.25372
1.26068
1.26366
1.26153
1.25345
1.23931
1.22006
1.19776
1.17485
1.15361
1.13543
1.12094
1.11026
1.1034
1.10051
1.1018
1.10734
1.11654
1.12811
1.14022
1.15095
1.15888
1.16334
1.16435
1.16222
1.15722
1.14931
1.13856
1.12525
1.1101
1.09421
1.07875
1.06499
1.05424
1.04786
1.04729
1.05361
1.06723
1.08748
1.11266
1.14054
1.16873
1.19476
1.21642
1.2321
1.24097
1.24339
1.24066
1.23469
1.22719
1.21906
1.21041
1.20095
1.19082
1.18092
1.17301
1.16914
1.1706
1.17711
1.18653
1.19538
1.20017
1.19856
1.18981
1.17474
1.15518
1.13351
1.1123
1.09384
1.07991
1.07122
1.06734
1.06703
1.06927
1.07374
1.08134
1.0937
1.11233
1.13762
1.16835
1.20178
1.23427
1.26219
1.28273
1.29443
1.29735
1.29245
1.28097
1.26402
1.2425
1.21753
1.19053
1.16324
1.13747
1.11486
1.09687
1.08468
1.07908
1.08048
1.08858
1.10228
1.11948
1.13737
1.15306
1.1644
1.17055
1.17204
1.17027
1.16684
1.16295
1.15912
1.15525
1.15097
1.14588
1.13998
1.13358
1.12725
1.12152
1.11666
1.11252
1.10863
1.10449
1.09996
1.09566
1.09295
1.09328
1.09732
1.10424
1.1121
1.11888
1.12356
1.12627
1.12811
1.13081
1.13609
1.1454
1.15935
1.17737
1.19765
1.21722
1.23283
1.24183
1.24287
1.23616
1.22332
1.20706
1.19057
1.177
1.16885
1.1673
1.17188
1.18071
1.19115
1.2005
1.20665
1.20826
1.20479
1.19659
1.18464
1.17017
1.15439
1.13831
1.12271
1.10828
1.09585
1.0865
1.08161
1.08288
1.09179
1.10866
1.13179
1.15767
1.18244
1.20291
1.21727
1.22487
1.22574
1.22018
1.20847
1.19085
1.16817
1.14228
1.11646
1.09495
1.08151
1.07799
1.0839
1.09727
1.11565
1.1367
1.1582
1.17784
1.19337
1.203
1.20581
1.20211
1.1935
1.18257
1.17221
1.16447
1.15988
1.15739
1.15539
1.15292
1.15035
1.14928
1.15147
1.15799
1.16855
1.18141
1.19405
1.20382
1.2086
1.20706
1.19879
1.18425
1.16509
1.1443
1.12596
1.11434
1.11277
1.12238
1.14139
1.16575
1.19058
1.21179
1.22684
1.23441
1.23384
1.22511
1.20914
1.1876
1.1624
1.13527
1.10822
1.08377
1.06473
1.05353
1.0514
1.05827
1.07315
1.09446
1.12015
1.1477
1.17419
1.19664
1.21245
1.21971
1.21757
1.20622
1.1872
1.1633
1.13849
1.11744
1.10419
1.10129
1.10909
1.12594
1.14886
1.1742
1.19842
1.21837
1.23157
1.23645
1.23252
1.22049
1.20207
1.17971
1.1564
1.13541
1.11984
1.11201
1.1126
1.12033
1.13258
1.14635
1.15949
1.17121
1.18203
1.19306
1.20509
1.2177
1.2289
1.23579
1.23562
1.22688
1.20983
1.18621
1.15884
1.13096
1.10576
1.0859
1.07325
1.06873
1.0721
1.0821
1.09667
1.11357
1.13113
1.14834
1.16453
1.17888
1.19006
1.19659
1.19736
1.19237
1.18275
1.17062
1.15831
1.14761
1.13946
1.13391
1.13033
1.12797
1.12613
1.12433
1.12248
1.12081
1.11992
1.12068
1.12405
1.13064
1.14041
1.15246
1.165
1.17571
1.18221
1.18272
1.17682
1.16547
1.15044
1.13374
1.1168
1.10058
1.08592
1.07412
1.06745
1.06896
1.08105
1.10369
1.13393
1.16713
1.19875
1.22554
1.24565
1.2583
1.26343
1.26173
1.25484
1.2453
1.23598
1.22881
1.22387
1.21985
1.21523
1.20911
1.20128
1.19186
1.18101
1.16878
1.15535
1.14104
1.12638
1.11185
1.09823
1.08673
1.07892
1.07636
1.07993
1.08923
1.10212
1.11528
1.12526
1.12973
1.12817
1.12201
1.11423
1.10862
1.10872
1.11684
1.13339
1.15692
1.18455
1.2128
1.23861
1.26017
1.27675
1.28853
1.2957
1.29807
1.29518
1.28681
1.27365
1.25707
1.23805
1.21645
1.19141
1.16272
1.1321
1.10334
1.08157
1.07185
1.07715
1.09644
1.12445
1.15405
1.17921
1.19663
1.20543
1.20613
1.19952
1.18624
1.16689
1.14241
1.11438
1.08521
1.05812
1.03684
1.02481
1.0242
1.03506
1.05522
1.0809
1.10781
1.13227
1.15176
1.1652
1.17297
1.17639
1.17731
1.1777
1.17951
1.18427
1.19265
1.20439
1.2183
1.2325
1.24512
1.25464
1.26
1.2608
1.25712
1.24933
1.23818
1.22435
1.20872
1.19197
1.17475
1.15746
1.14051
1.12428
1.10926
1.09596
1.08478
1.07591
1.06952
1.06596
1.06566
1.069
1.07604
1.0863
1.09863
1.1114
1.12291
1.13193
1.13833
1.14299
1.1472
1.15204
1.15799
1.16497
1.17259
1.18044
1.1882
1.19586
1.20373
1.21224
1.22133
1.23015
1.23676
1.23865
1.23366
1.22107
1.20223
1.18018
1.15831
1.13912
1.12376
1.1127
1.10614
1.10417
1.10695
1.11482
1.12828
1.14756
1.17208
1.20004
1.22847
1.25363
1.27178
1.27989
1.27654
1.26254
1.24062
1.21501
1.19011
1.16922
1.15389
1.14414
1.13922
1.13812
1.13996
1.14392
1.14887
1.15327
1.15519
1.15248
1.14359
1.12816
1.10767
1.0855
1.06645
1.05514
1.05422
1.06289
1.07762
1.09403
1.10883
1.12097
1.13151
1.14243
1.15513
1.16942
1.18325
1.19342
1.19711
1.193
1.18203
1.16723
1.15262
1.14119
1.13354
1.12832
1.12376
1.11866
1.11263
1.10583
1.09891
1.09306
1.08987
1.09077
1.09671
1.10771
1.12293
1.14083
1.15938
1.17664
1.19116
1.20225
1.21013
1.21552
1.21924
1.22153
1.22212
1.22035
1.21609
1.21023
1.20511
1.20365
1.20793
1.21793
1.23153
1.24595
1.25876
1.26797
1.27198
1.26945
1.25968
1.24277
1.2199
1.19334
1.1662
1.14201
1.12412
1.11497
1.11537
1.12404
1.13773
1.152
1.16245
1.16604
1.16174
1.1508
1.13618
1.12155
1.11019
1.10384
1.10238
1.10409
1.10651
1.1076
1.1067
1.10495
1.10459
1.10769
1.11491
1.1257
1.1388
1.15285
1.16644
1.17821
1.18733
1.19377
1.19822
1.20155
1.20381
1.20427
1.20186
1.19604
1.18729
1.17705
1.16705
1.15868
1.15258
1.14852
1.14577
1.14364
1.14226
1.1427
1.14659
1.15495
1.16718
1.18112
1.19371
1.20231
1.20533
1.20246
1.19482
1.18478
1.17531
1.16934
1.16908
1.17504
1.18614
1.20001
1.21334
1.22278
1.22552
1.21992
1.20586
1.18497
1.16023
1.13547
1.11447
1.10008
1.09351
1.09429
1.10026
1.10853
1.11637
1.12246
1.12749
1.13362
1.14302
1.15633
1.1723
1.18867
1.20304
1.21337
1.21806
1.21578
1.20564
1.18726
1.16139
1.13008
1.09705
1.06714
1.04515
1.03418
1.03455
1.04406
1.05943
1.0776
1.09615
1.11344
1.1285
1.1409
1.15091
1.15923
1.16669
1.17398
1.18135
1.18871
1.19566
1.20148
1.20524
1.20605
1.20345
1.19804
1.19159
1.18647
1.18466
1.18718
1.19379
1.20337
1.21439
1.22508
1.23366
1.23864
1.23896
1.23423
1.22497
1.2125
1.19843
1.18403
1.16982
1.15571
1.14156
1.1278
1.11568
1.10663
1.10158
1.10041
1.10194
1.10433
1.10585
1.10583
1.10516
1.10598
1.1103
1.11867
1.12974
1.14087
1.14942
1.15367
1.15312
1.14825
1.14034
1.13112
1.12245
1.11577
1.11156
1.10942
1.10862
1.10885
1.11035
1.11375
1.11957
1.12789
1.13816
1.1494
1.1602
1.16897
1.17443
1.17639
1.17632
1.17695
1.18056
1.18761
1.19688
1.20683
1.21648
1.22534
1.23292
1.23848
1.24102
1.23973
1.23451
1.2259
1.21504
1.20351
1.19317
1.18611
1.18416
1.18841
1.19831
1.21133
1.2233
1.22964
1.22668
1.21353
1.19263
1.16896
1.14791
1.13324
1.12605
1.12525
1.1287
1.13377
1.13785
1.13855
1.13413
1.12351
1.10637
1.0832
1.05565
1.0266
1.00002
0.980687
0.973535
0.982862
1.01081
1.05552
