9.69516
9.66342
9.61631
9.57499
9.52687
9.48312
9.4499
9.42733
9.42294
9.43519
9.45969
9.49195
9.53849
9.59006
9.64597
9.6958
9.74893
9.7949
9.82256
9.81555
9.77248
9.68263
9.55314
9.40003
9.2266
9.05399
8.90311
8.78558
8.69488
8.64657
8.64373
8.67406
8.75334
8.86286
8.98624
9.1184
9.23572
9.32576
9.37811
9.40527
9.40513
9.3891
9.37593
9.36085
9.35979
9.38604
9.44119
9.51363
9.59858
9.68184
9.75463
9.80185
9.82307
9.81994
9.79193
9.76101
9.72363
9.67841
9.6428
9.60725
9.57327
9.53788
9.49245
9.46081
9.43707
9.43552
9.46277
9.51027
9.57158
9.62777
9.67806
9.70069
9.70243
9.67128
9.61781
9.54554
9.46376
9.36695
9.26854
9.16694
9.07856
9.00944
8.95904
8.92752
8.90169
8.88163
8.86553
8.85777
8.86924
8.90247
8.97388
9.06462
9.16411
9.27084
9.38468
9.49758
9.60529
9.70096
9.76837
9.79773
9.78165
9.72051
9.6194
9.4923
9.36559
9.25173
9.16945
9.13171
9.13262
9.15594
9.19246
9.2312
9.26964
9.30657
9.33813
9.36132
9.39096
9.40622
9.42377
9.42606
9.42103
9.41981
9.42278
9.4411
9.46151
9.48179
9.50199
9.51906
9.52456
9.51744
9.5006
9.47317
9.43521
9.39767
9.36871
9.35568
9.37023
9.40624
9.4674
9.5452
9.61615
9.66433
9.6977
9.71704
9.7234
9.71809
9.70767
9.69276
9.66772
9.63685
9.58864
9.52301
9.4403
9.34341
9.24359
9.14852
9.06606
9.00328
8.96177
8.94183
8.93518
8.94287
8.95904
8.97824
8.99813
9.01176
9.01154
8.99348
8.95741
8.90909
8.85541
8.81124
8.78268
8.78037
8.82027
8.9108
9.05108
9.23186
9.44872
9.67335
9.88505
10.0553
10.1854
10.2557
10.2692
10.2278
10.135
10.0009
9.85138
9.69587
9.54233
9.40696
9.28236
9.17947
9.09215
9.01744
8.94957
8.8959
8.86516
8.85273
8.86181
8.90833
8.97785
9.06801
9.17573
9.2858
9.38201
9.46704
9.5291
9.58334
9.61382
9.62969
9.61544
9.58017
9.53791
9.48473
9.42514
9.37707
9.34906
9.33342
9.33292
9.35115
9.38415
9.4293
9.48558
9.55772
9.63241
9.71274
9.7936
9.85906
9.90788
9.93089
9.92406
9.88304
9.81194
9.71265
9.585
9.45382
9.32087
9.19488
9.09249
9.01568
8.97144
8.96774
8.98346
9.0248
9.06638
9.11072
9.16143
9.21564
9.26513
9.31609
9.35542
9.37107
9.36276
9.32691
9.28353
9.24142
9.22228
9.23124
9.27669
9.3433
9.43381
9.53379
9.62612
9.71315
9.77673
9.81329
9.83609
9.8365
9.82684
9.79746
9.75719
9.69044
9.59434
9.46695
9.3171
9.15456
8.99413
8.8609
8.76549
8.70948
8.69593
8.72106
8.77833
8.86556
8.97916
9.11006
9.24613
9.38455
9.51667
9.62759
9.71696
9.7762
9.79956
9.79306
9.74781
9.67538
9.5846
9.49354
9.41574
9.35731
9.31892
9.31373
9.3188
9.3329
9.35151
9.37285
9.39763
9.42843
9.46471
9.50012
9.53747
9.5695
9.60347
9.63322
9.65791
9.67386
9.69089
9.70378
9.71551
9.71987
9.70917
9.6804
9.63961
9.5998
9.56418
9.54518
9.52811
9.51395
9.49519
9.46571
9.41408
9.34397
9.25446
9.16009
9.06849
9.00433
8.97446
8.97356
9.00486
9.06327
9.13653
9.2139
9.26888
9.30511
9.31041
9.29542
9.25625
9.21527
9.17842
9.16049
9.15727
9.18041
9.22926
9.29621
9.36976
9.44074
9.51717
9.59386
9.65721
9.70936
9.74595
9.75441
9.73482
9.67973
9.58477
9.47142
9.34695
9.23177
9.14187
9.07674
9.05551
9.05746
9.09363
9.16001
9.24283
9.35325
9.47655
9.59712
9.69688
9.76
9.77788
9.75163
9.69121
9.61278
9.51488
9.41579
9.32856
9.25446
9.20727
9.19238
9.20242
9.24479
9.28742
9.33274
9.36434
9.37963
9.3964
9.41306
9.41985
9.43027
9.4372
9.4234
9.38307
9.32935
9.26737
9.20768
9.16015
9.14056
9.1489
9.19166
9.26017
9.34719
9.43679
9.51433
9.56422
9.56685
9.51933
9.43057
9.31782
9.20636
9.11502
9.0499
9.02037
9.02411
9.0701
9.15103
9.25692
9.38706
9.52602
9.65703
9.76895
9.8548
9.90523
9.91015
9.86751
9.78663
9.67965
9.55194
9.41826
9.29001
9.18071
9.10395
9.07523
9.08962
9.14232
9.2372
9.3496
9.46469
9.55998
9.61756
9.62617
9.58854
9.50709
9.40345
9.28848
9.1777
9.09107
9.03968
9.02605
9.05113
9.10984
9.19535
9.30015
9.40666
9.49856
9.56782
9.5994
9.594
9.55989
9.50314
9.43841
9.37451
9.31885
9.26527
9.20557
9.14333
9.0841
9.03614
9.00961
9.02012
9.06549
9.14994
9.26536
9.39273
9.52191
9.63989
9.7326
9.7904
9.81109
9.79123
9.74066
9.67317
9.59087
9.5055
9.42326
9.35124
9.28813
9.23789
9.20906
9.20578
9.23016
9.27284
9.32643
9.37943
9.42355
9.45719
9.48543
9.49617
9.51328
9.52561
9.53065
9.53995
9.54084
9.54587
9.53899
9.51687
9.47942
9.43387
9.37661
9.3239
9.27871
9.25153
9.25721
9.29123
9.35091
9.4251
9.50773
9.58704
9.67005
9.7336
9.78483
9.80796
9.78724
9.71894
9.6062
9.45814
9.29879
9.14879
9.02654
8.93458
8.87651
8.85731
8.86491
8.89718
8.94174
8.98415
9.02434
9.05077
9.08138
9.11413
9.1585
9.19872
9.24956
9.30751
9.37146
9.43291
9.5011
9.57337
9.63689
9.69955
9.74198
9.7716
9.78496
9.76566
9.72028
9.66245
9.60401
9.56503
9.54824
9.56218
9.58864
9.62406
9.64769
9.64121
9.59493
9.5106
9.39633
9.26284
9.12175
8.99378
8.88474
8.79745
8.7383
8.70081
8.69195
8.70254
8.74012
8.80494
8.89062
8.98176
9.08859
9.22199
9.3628
9.51005
9.64432
9.7443
9.78291
9.75359
9.65741
9.52932
9.39629
9.27967
9.19914
9.16142
9.16885
9.20145
9.27436
9.37669
9.49991
9.64287
9.78798
9.91527
10.0196
10.0738
10.0698
10.011
9.91482
9.79267
9.6647
9.54617
9.45189
9.3906
9.35573
9.33494
9.32263
9.31538
9.30038
9.269
9.22057
9.16377
9.09943
9.0351
8.97994
8.93871
8.91664
8.91415
8.93507
8.98025
9.03935
9.1072
9.18382
9.26689
9.35674
9.44105
9.51836
9.59295
9.6555
9.71315
9.7659
9.79829
9.81973
9.8164
9.80938
9.78563
9.74704
9.69799
9.63984
9.58291
9.52764
9.49208
9.46272
9.44933
9.43043
9.41519
9.39408
9.36264
9.33677
9.29807
9.25599
9.21405
9.1657
9.11642
9.06411
9.01672
8.98657
8.97927
9.00163
9.06009
9.14166
9.23851
9.33963
9.43312
9.50919
9.56148
9.59747
9.61251
9.60325
9.565
9.49716
9.40583
9.29405
9.16739
9.04274
8.92928
8.8528
8.82102
8.84601
8.91327
9.01641
9.13263
9.24126
9.32963
9.39059
9.42362
9.43945
9.43859
9.42341
9.40562
9.37548
9.35537
9.34867
9.36303
9.40946
9.486
9.5848
9.68488
9.77136
9.82176
9.83248
9.79593
9.73182
9.66473
9.60481
9.55194
9.50625
9.45559
9.39288
9.32177
9.25782
9.20934
9.19808
9.22031
9.26622
9.33085
9.39117
9.43684
9.46882
9.49422
9.52218
9.55144
9.58032
9.61536
9.64679
9.67683
9.68934
9.67955
9.65519
9.60531
9.53403
9.45406
9.37069
9.2945
9.23379
9.18349
9.14189
9.11229
9.08963
9.07453
9.07265
9.07627
9.09793
9.12122
9.13347
9.12724
9.0948
9.04397
8.98094
8.90955
8.85077
8.81298
8.79747
8.8187
8.86688
8.94837
9.0609
9.18879
9.3206
9.4322
9.51152
9.55481
9.55131
9.51446
9.45487
9.39121
9.34891
9.33361
9.35715
9.41394
9.47996
9.54479
9.59691
9.62588
9.63718
9.63637
9.6303
9.62779
9.63146
9.63936
9.64174
9.6291
9.59843
9.55049
9.4921
9.43431
9.37276
9.31952
9.27869
9.2516
9.23463
9.22691
9.21715
9.21296
9.22977
9.25635
9.30027
9.34278
9.38525
9.42094
9.44794
9.45751
9.46556
9.47202
9.46776
9.45391
9.42372
9.37791
9.31909
9.25628
9.20127
9.16232
9.15129
9.16892
9.20282
9.25106
9.29302
9.31024
9.30956
9.2808
9.23575
9.17726
9.1215
9.09109
9.07822
9.10847
9.17495
9.27814
9.39632
9.50382
9.59467
9.65338
9.68144
9.67541
9.64152
9.59615
9.5613
9.52591
9.49891
9.46384
9.41404
9.35521
9.28716
9.21796
9.1615
9.12502
9.11541
9.1422
9.20156
9.2993
9.42918
9.57669
9.73063
9.86156
9.9513
9.99348
9.98254
9.9338
9.86049
9.77629
9.68778
9.59983
9.52416
9.46605
9.41645
9.37281
9.33702
9.30481
9.27134
9.23611
9.20572
9.17908
9.15948
9.15189
9.15959
9.18267
9.20526
9.22191
9.22068
9.20427
9.16183
9.10545
9.043
8.98622
8.94933
8.92816
8.92893
8.95635
9.00954
9.0727
9.15567
9.23878
9.31825
9.40267
9.47595
9.54426
9.60332
9.64499
9.66316
9.66636
9.65567
9.64029
9.63329
9.63236
9.63196
9.62625
9.60404
9.56999
9.52606
9.48029
9.45214
9.44845
9.46304
9.50075
9.55298
9.60334
9.65417
9.69467
9.71749
9.736
9.73652
9.72434
9.70774
9.6804
9.63753
9.58701
9.52582
9.45994
9.40311
9.35237
9.31483
9.2917
9.27916
9.2684
9.24139
9.20014
9.14685
9.0927
9.0508
9.00481
8.97083
8.95543
8.95493
8.9683
9.00976
9.06205
9.12026
9.17975
9.2333
9.27122
9.28118
9.26099
9.2125
9.14977
9.09073
9.05955
9.07423
9.12914
9.22397
9.32137
9.40629
9.46558
9.49935
9.50028
9.49121
9.47234
9.46231
9.46502
9.49091
9.54518
9.63299
9.74616
9.87759
10.009
10.1301
10.21
10.225
10.1698
10.0266
9.80958
