1 1.63463 0
2 1.67582 0.0291239
3 1.67126 0.0197697
4 1.67408 0.0150269
5 1.67097 0.0123394
6 1.66905 0.0104301
7 1.66404 0.0100712
8 1.65975 0.00968441
9 1.6488 0.0134403
10 1.64437 0.0128054
11 1.6362 0.0140094
12 1.63438 0.0129597
13 1.63705 0.0122345
14 1.63446 0.0116317
15 1.63131 0.0112738
16 1.63823 0.0125158
17 1.6403 0.0119497
18 1.6386 0.0114071
19 1.63954 0.0108456
20 1.63696 0.0106067
21 1.64078 0.0107682
22 1.64099 0.0102808
23 1.64377 0.0102029
24 1.64512 0.00986626
25 1.64375 0.00956649
26 1.64046 0.00974681
27 1.64241 0.00957912
28 1.64456 0.00947568
29 1.6451 0.00916393
30 1.64562 0.00887321
31 1.64642 0.00862324
32 1.65082 0.0094078
33 1.65039 0.00913234
34 1.65169 0.00895611
35 1.65112 0.00871836
36 1.65137 0.00847969
37 1.6515 0.00825152
38 1.65084 0.00806064
39 1.65338 0.00824432
40 1.65412 0.00807152
41 1.65268 0.00800339
42 1.65272 0.00781295
43 1.65318 0.00764513
44 1.6517 0.00761351
45 1.65262 0.00749977
46 1.6523 0.00734353
47 1.6531 0.00722995
48 1.65563 0.00751017
49 1.65523 0.00736756
50 1.65518 0.00722042
