1 -5.00703 0
2 -5.049 0.0296747
3 -5.04465 0.0200986
4 -5.04785 0.0153267
5 -5.04469 0.0125832
6 -5.04276 0.010633
7 -5.03764 0.010272
8 -5.03285 0.0100436
9 -5.02168 0.0138105
10 -5.01686 0.0132427
11 -5.00855 0.0144132
12 -5.00703 0.0132914
13 -5.00987 0.0125672
14 -5.00724 0.0119416
15 -5.00419 0.0115283
16 -5.01136 0.0128452
17 -5.0136 0.0122841
18 -5.01196 0.0117102
19 -5.01303 0.0111419
20 -5.01055 0.0108568
21 -5.01446 0.0110203
22 -5.01471 0.0105223
23 -5.0177 0.0104804
24 -5.01901 0.0101259
25 -5.01759 0.00981974
26 -5.01439 0.00995173
27 -5.01641 0.00978651
28 -5.01865 0.00969033
29 -5.01937 0.00938261
30 -5.02 0.00909081
31 -5.02082 0.00883442
32 -5.02522 0.0095931
33 -5.02475 0.00931386
34 -5.02603 0.00912722
35 -5.02536 0.00889053
36 -5.0256 0.00864663
37 -5.02574 0.00841418
38 -5.02521 0.00820976
39 -5.02784 0.00841153
40 -5.0286 0.0082353
41 -5.02716 0.00816016
42 -5.0272 0.007966
43 -5.02769 0.00779536
44 -5.02614 0.00777068
45 -5.02703 0.00764865
46 -5.02673 0.0074882
47 -5.02754 0.00737334
48 -5.03006 0.00763788
49 -5.02966 0.00749261
50 -5.02963 0.00734284
