50 0 0 0
50 0.0256496 0 0
50 0.0512993 0 0
50 0.0769489 0 0
50 0.102599 0 0
50 0.128248 0 0
50 0.153898 0 0
50 0.179547 0 0
50 0.205197 0 0
50 0.230847 0 0
50 0.256496 0 0
50 0.282146 0 0
50 0.307796 0 0
50 0.333445 0 0
50 0.359095 0 0
50 0.384745 0 0
50 0.410394 0 0
50 0.436044 0 0
50 0.461694 0 0
50 0.487343 0 0
50 0.512993 0 0
50 0.538642 0 0
50 0.564292 0 0
50 0.589942 0 0
50 0.615591 0 0
50 0.641241 0 0
50 0.666891 0 0
50 0.69254 0 0
50 0.71819 0 0
50 0.74384 0 0
50 0.769489 0 0
50 0.795139 0 0
50 0.820788 0 0
50 0.846438 0 0
50 0.872088 0.00155899 0.000630169
50 0.897737 0.0258969 0.00263701
50 0.923387 0.177299 0.00623436
50 0.949037 0.593483 0.0119726
50 0.974686 1.1619 0.0159214
50 1.00034 1.81097 0.0214662
50 1.02599 2.33654 0.0235518
50 1.05164 2.60361 0.0298809
50 1.07728 2.56025 0.0269285
50 1.10293 2.40196 0.0227972
50 1.12858 2.16006 0.0196915
50 1.15423 1.97732 0.0214567
50 1.17988 1.7264 0.0212162
50 1.20553 1.54325 0.0218021
50 1.23118 1.38723 0.0183533
50 1.25683 1.25454 0.0179855
50 1.28248 1.15673 0.0159661
50 1.30813 1.04915 0.0156335
50 1.33378 0.944617 0.0146319
50 1.35943 0.848121 0.0108045
50 1.38508 0.810815 0.0131913
50 1.41073 0.770627 0.0121791
50 1.43638 0.751489 0.0138555
50 1.46203 0.715377 0.0108256
50 1.48768 0.700315 0.0121057
50 1.51333 0.685237 0.0123096
50 1.53898 0.659939 0.0117161
50 1.56463 0.670341 0.011357
50 1.59028 0.676532 0.00928676
50 1.61593 0.676128 0.00877374
50 1.64158 0.721866 0.0103985
50 1.66723 0.742661 0.00950924
50 1.69288 0.757643 0.0101077
50 1.71853 0.77482 0.0098936
50 1.74418 0.809986 0.0114747
50 1.76983 0.843048 0.01057
50 1.79547 0.907964 0.0111072
50 1.82112 0.953121 0.0100301
50 1.84677 0.972241 0.0109891
50 1.87242 1.01715 0.00986424
50 1.89807 1.06514 0.0116715
50 1.92372 1.08552 0.0122377
50 1.94937 1.12416 0.0135105
50 1.97502 1.14428 0.0106211
50 2.00067 1.17453 0.00992922
50 2.02632 1.18028 0.0102275
50 2.05197 1.2024 0.0110082
50 2.07762 1.20747 0.0103122
50 2.10327 1.21399 0.00974318
50 2.12892 1.18212 0.00865285
50 2.15457 1.19 0.00911256
50 2.18022 1.16579 0.0103482
50 2.20587 1.13174 0.00984361
50 2.23152 1.12148 0.0106946
50 2.25717 1.09353 0.0118721
50 2.28282 1.06212 0.0108457
50 2.30847 1.03094 0.00875194
50 2.33412 0.977862 0.00990423
50 2.35977 0.95011 0.00838667
50 2.38542 0.933292 0.00696371
50 2.41107 0.914793 0.00827063
50 2.43672 0.893318 0.00708565
50 2.46237 0.900126 0.00775909
50 2.48802 0.905285 0.0088058
50 2.51366 0.903322 0.00901689
50 2.53931 0.878387 0.00699229
