1 -3.3724 0
2 -3.37318 0.000550776
3 -3.37339 0.000407237
4 -3.37378 0.000450002
5 -3.37373 0.000362788
6 -3.37371 0.000302717
7 -3.3736 0.000278436
8 -3.3731 0.000525515
9 -3.37287 0.000514341
10 -3.37249 0.000590832
11 -3.37235 0.000552873
12 -3.37266 0.000585257
13 -3.37282 0.000562714
14 -3.37278 0.000523904
15 -3.37288 0.000497933
16 -3.37312 0.000524162
17 -3.3733 0.000521357
18 -3.37337 0.000497117
19 -3.37349 0.000484761
20 -3.37359 0.000472038
21 -3.37368 0.00045714
22 -3.37372 0.000438263
23 -3.37393 0.000465664
24 -3.37389 0.000447328
25 -3.37385 0.000431872
26 -3.37393 0.000422695
27 -3.374 0.000413014
28 -3.37409 0.000407859
29 -3.37427 0.000432894
30 -3.37438 0.000431567
31 -3.3744 0.000417959
32 -3.3744 0.000404959
33 -3.37436 0.000394997
34 -3.37434 0.000384102
35 -3.37424 0.000384245
36 -3.37423 0.000373817
37 -3.37424 0.000364026
38 -3.37437 0.000374873
39 -3.37446 0.00037724
40 -3.37448 0.000368145
41 -3.37448 0.000359178
42 -3.37449 0.00035064
43 -3.3745 0.000342898
44 -3.37443 0.000341852
45 -3.3744 0.00033574
46 -3.37442 0.000329075
47 -3.37445 0.000322979
48 -3.37443 0.000316588
49 -3.37443 0.000310134
50 -3.37445 0.000304612
