1 1.08975 0
2 1.11721 0.0194159
3 1.11417 0.0131798
4 1.11605 0.010018
5 1.11398 0.0082263
6 1.1127 0.0069534
7 1.10936 0.00671412
8 1.1065 0.00645627
9 1.0992 0.00896017
10 1.09625 0.00853691
11 1.0908 0.00933963
12 1.08959 0.00863977
13 1.09136 0.00815631
14 1.08964 0.00775444
15 1.08754 0.00751587
16 1.09216 0.00834388
17 1.09354 0.00796646
18 1.0924 0.00760471
19 1.09303 0.00723043
20 1.0913 0.00707114
21 1.09385 0.00717878
22 1.09399 0.00685387
23 1.09585 0.00680192
24 1.09675 0.00657751
25 1.09583 0.00637766
26 1.09364 0.00649787
27 1.09494 0.00638608
28 1.09638 0.00631712
29 1.09673 0.00610929
30 1.09708 0.00591547
31 1.09761 0.00574882
32 1.10054 0.00627187
33 1.10026 0.00608823
34 1.10113 0.00597074
35 1.10075 0.00581224
36 1.10091 0.00565313
37 1.101 0.00550102
38 1.10056 0.00537376
39 1.10225 0.00549621
40 1.10275 0.00538101
41 1.10178 0.00533559
42 1.10181 0.00520863
43 1.10212 0.00509675
44 1.10114 0.00507567
45 1.10175 0.00499985
46 1.10154 0.00489568
47 1.10206 0.00481997
48 1.10375 0.00500678
49 1.10349 0.00491171
50 1.10345 0.00481361
