1 2.6032 0
2 2.35718 0.173963
3 2.28315 0.130783
4 2.18359 0.130599
5 2.14534 0.109937
6 2.12432 0.0936021
7 2.12967 0.080383
8 2.14586 0.0719485
9 2.17838 0.0709242
10 2.19481 0.0657074
11 2.23738 0.0722157
12 2.23874 0.0662105
13 2.21789 0.0643149
14 2.22806 0.060519
15 2.23897 0.0574605
16 2.20177 0.0648054
17 2.18633 0.0628054
18 2.19658 0.0601473
19 2.19483 0.0570072
20 2.19436 0.0541588
21 2.17125 0.0562951
22 2.1677 0.053848
23 2.15932 0.0521548
24 2.15671 0.050047
25 2.15764 0.0480538
26 2.16512 0.0467839
27 2.15199 0.046856
28 2.13907 0.0469307
29 2.13633 0.0453925
30 2.13337 0.0439755
31 2.12847 0.0428289
32 2.11121 0.044835
33 2.1131 0.0435162
34 2.10802 0.0425315
35 2.1117 0.0414754
36 2.11203 0.0403245
37 2.11198 0.0392347
38 2.10716 0.0384967
39 2.09241 0.0402364
40 2.09069 0.0392674
41 2.09617 0.0386911
42 2.09449 0.0378065
43 2.09289 0.0369609
44 2.10386 0.0377128
45 2.10401 0.0368751
46 2.10521 0.0360927
47 2.09908 0.0358415
48 2.08911 0.0364553
49 2.09349 0.0359744
50 2.09224 0.0352769
