1.5236
1.53043
1.53917
1.55151
1.56884
1.59142
1.61834
1.64772
1.6768
1.70205
1.71978
1.7271
1.72292
1.70842
1.68697
1.6634
1.64275
1.62857
1.62183
1.62097
1.62284
1.62413
1.62282
1.61909
1.61565
1.61696
1.62704
1.64714
1.67488
1.70585
1.73588
1.76224
1.78368
1.7999
1.81112
1.81771
1.81999
1.81815
1.81232
1.80271
1.79002
1.77582
1.76233
1.75111
1.74171
1.73195
1.71976
1.7044
1.68644
1.66708
1.64762
1.62898
1.61146
1.59494
1.5796
1.56683
1.55955
1.56084
1.57182
1.59049
1.61271
1.6344
1.65262
1.66574
1.67308
1.67472
1.67172
1.66635
1.66232
1.66411
1.6748
1.6932
1.71349
1.72869
1.73492
1.73267
1.72439
1.71123
1.69233
1.66718
1.63762
1.60771
1.58247
1.5662
1.56134
1.56824
1.58545
1.61026
1.63931
1.66891
1.69561
1.71687
1.73131
1.73868
1.73937
1.73402
1.72327
1.70784
1.68867
1.66726
1.64579
1.62702
1.61358
1.6071
1.60774
1.61449
1.62588
1.64046
1.65692
1.67388
1.68983
1.70314
1.71226
1.716
1.7137
1.70525
1.691
1.67176
1.64899
1.62499
1.60278
1.58551
1.57559
1.57419
1.58117
1.5951
1.61366
1.634
1.65324
1.6689
1.67916
1.68286
1.67951
1.66959
1.65542
1.64186
1.63492
1.63808
1.64968
1.66459
1.67789
1.68678
1.69048
1.68948
1.68457
1.67637
1.66579
1.65454
1.64469
1.63726
1.63148
1.6256
1.6182
1.60893
1.59817
1.58648
1.57422
1.5615
1.54809
1.53335
1.51688
1.49927
1.48235
1.46878
1.46115
1.46125
1.46973
1.48598
1.50841
1.5347
1.56216
1.58816
1.61071
1.62865
1.64182
1.65089
1.65704
1.66155
1.6655
1.66945
1.67316
1.6754
1.67407
1.66705
1.65326
1.63327
1.60933
1.58494
1.56386
1.54875
1.54042
1.53799
1.54008
1.54605
1.55635
1.57196
1.59289
1.61734
1.64179
1.66218
1.67513
1.67841
1.67116
1.65402
1.62937
1.60111
1.57362
1.55007
1.53134
1.5169
1.50621
1.4994
1.49671
1.49778
1.50123
1.50493
1.50673
1.50505
1.49937
1.49053
1.48064
1.47265
1.46971
1.47401
1.48579
1.5035
1.52488
1.54806
1.57216
1.597
1.62263
1.64877
1.67468
1.69924
1.72132
1.73985
1.75404
1.76337
1.76762
1.76726
1.76351
1.75815
1.75269
1.74753
1.74176
1.73393
1.72321
1.7101
1.69604
1.68271
1.67113
1.66121
1.65182
1.64122
1.62773
1.61024
1.58871
1.56428
1.53915
1.51635
1.49918
1.49062
1.49224
1.5036
1.52222
1.54449
1.56714
1.58827
1.6076
1.62569
1.64301
1.65905
1.67213
1.68008
1.68124
1.67532
1.66356
1.64836
1.63262
1.61911
1.61
1.60662
1.60905
1.61566
1.62335
1.62862
1.62911
1.62434
1.61538
1.60373
1.59039
1.57567
1.55973
1.54357
1.52972
1.52233
1.52587
1.54321
1.57402
1.61481
1.66029
1.70506
1.74477
1.77642
1.79847
1.81046
1.81278
1.80643
1.79292
1.77422
1.75274
1.73125
1.71276
1.70009
1.69515
1.698
1.70637
1.71622
1.72322
1.72409
1.71734
1.70342
1.68414
1.66225
1.64103
1.62374
1.61286
1.60947
1.61312
1.62228
1.63535
1.65139
1.6699
1.68993
1.70926
1.72475
1.73336
1.73332
1.72439
1.70746
1.68413
1.6563
1.62646
1.5977
1.57333
1.55614
1.54754
1.54718
1.5533
1.56361
1.576
1.58874
1.60051
1.61048
1.61887
1.62748
1.63896
1.655
1.67477
1.69514
1.71239
1.72354
1.7269
1.72215
1.71029
1.69363
1.67537
1.6587
1.64546
1.63553
1.62736
1.61932
1.61113
1.60423
1.60112
1.60413
1.61403
1.62971
1.64856
1.66696
1.68068
1.68586
1.68031
1.66421
1.63999
1.61134
1.58215
1.55589
1.53561
1.52396
1.52276
1.53196
1.54867
1.56757
1.58265
1.5893
1.58564
1.57301
1.55565
1.54002
1.53318
1.54045
1.56307
1.5979
1.63932
1.68176
1.7211
1.75474
1.78106
1.79939
1.81002
1.81392
1.81217
1.8055
1.79434
1.7791
1.76044
1.73952
1.71824
1.69906
1.68457
1.67667
1.67587
1.68118
1.69062
1.70175
1.71201
1.71894
1.72018
1.71381
1.69887
1.67582
1.64684
1.61547
1.58571
1.56097
1.54346
1.53411
1.53294
1.53927
1.55178
1.56856
1.58743
1.60662
1.62482
1.64108
1.6545
1.66429
1.67039
1.67397
1.67755
1.68467
1.69921
1.72401
1.75885
1.79941
1.83901
1.87184
1.89463
1.90621
1.90659
1.89637
1.87657
1.84876
1.81479
1.77649
1.73551
1.69369
1.65375
1.61942
1.59413
1.57882
1.57146
1.56862
1.56733
1.56569
1.5632
1.56118
1.56212
1.56747
1.57612
1.58519
1.59203
1.5954
1.59523
1.5921
1.58689
1.58067
1.57483
1.57125
1.57198
1.57863
1.59178
1.61056
1.63275
1.65511
1.67396
1.68574
1.68771
1.67858
1.65892
1.63145
1.60085
1.57214
1.5474
1.52425
1.49895
1.47099
1.44504
1.42879
1.42871
1.44664
1.47936
1.52072
1.56437
1.60574
1.64259
1.67441
1.70134
1.72318
1.73914
1.74774
1.74709
1.73536
1.71208
1.68049
1.64943
1.63085
1.63171
1.6479
1.66835
1.68387
1.69123
1.69197
1.68981
1.68866
1.69143
1.69924
1.71127
1.7252
1.73821
1.74797
1.7531
1.7532
1.74863
1.74013
1.72862
1.71521
1.70134
1.68895
1.68007
1.67589
1.67585
1.67765
1.67858
1.6771
1.6737
1.66998
1.66669
1.66255
1.65502
1.64222
1.62445
1.60468
1.58746
1.57698
1.57568
1.58414
1.60171
1.62668
1.65594
1.68546
1.71138
1.73093
1.74259
1.74568
1.74002
1.72595
1.7047
1.67892
1.65271
1.63082
1.61716
1.6133
1.61764
1.62627
1.63512
1.64219
1.64811
1.65491
1.66412
1.67557
1.68755
1.69767
1.70388
1.705
1.70083
1.69216
1.6806
1.66834
1.65767
1.65025
1.64667
1.64665
1.64949
1.65431
1.66014
1.66591
1.67082
1.67447
1.67693
1.67855
1.67954
1.67986
1.6794
1.67861
1.67894
1.68264
1.69189
1.7075
1.72821
1.75107
1.77258
1.78993
1.8017
1.80801
1.81021
1.81023
1.81001
1.81081
1.81294
1.81566
1.8175
1.81663
1.81129
1.80021
1.78293
1.75981
1.73182
1.70034
1.66652
1.63104
1.59508
1.56189
1.53689
1.52505
1.52808
1.54442
1.57128
1.60525
1.64186
1.67574
1.70224
1.71882
1.72556
1.72429
1.71702
1.70505
1.68915
1.67019
1.64964
1.62954
1.61238
1.60072
1.5969
1.60234
1.61691
1.63865
1.66433
1.69042
1.71418
1.73423
1.75053
1.76353
1.77339
1.77945
1.78066
1.77632
1.76663
1.75258
1.73544
1.71631
1.69612
1.67575
1.65591
1.63689
1.61832
1.59956
1.58056
1.56293
1.55049
1.54795
1.55817
1.57974
1.60739
1.63469
1.65676
1.67102
1.67666
1.67393
1.66417
1.65003
1.63534
1.62423
1.61976
1.62277
1.63163
1.64347
1.65567
1.66659
1.67519
1.68075
1.68293
1.68204
1.6792
1.67615
1.67457
1.67544
1.67846
1.68209
1.68415
1.68273
1.6771
1.66823
1.65849
1.65076
1.64691
1.64678
1.64846
1.64953
1.64856
1.64581
1.643
1.6422
1.64464
1.65018
1.65714
1.66246
1.66256
1.65465
1.63832
1.61626
1.59372
1.57652
1.56835
1.5695
1.57786
1.59045
1.60433
1.61677
1.62563
1.63013
1.63127
1.63161
1.63447
1.64281
1.65825
1.68045
1.70722
1.73531
1.76163
1.78377
1.80011
1.8097
1.81221
1.80798
1.79803
1.78404
1.76809
1.75237
1.73864
1.72788
1.72007
1.71428
1.70947
1.70508
1.70137
1.69919
1.69978
1.70401
1.71184
1.72192
1.73177
1.73859
1.74027
1.73628
1.72765
1.71636
1.70447
1.69339
1.68383
1.67589
1.66924
1.66305
1.65611
1.64719
1.6354
1.62053
1.60308
1.58426
1.56588
1.54998
1.53843
1.53246
1.53246
1.53807
1.54838
1.56211
1.57765
1.59331
1.60766
1.61985
1.62966
1.63716
1.64246
1.64547
1.64616
1.64491
1.64268
1.64078
1.64022
1.64107
1.64266
1.6444
1.64648
1.64956
1.65398
1.6593
1.66432
1.66769
1.66849
1.66652
1.66255
1.65812
1.65494
1.65407
1.65515
1.6563
1.65487
1.64896
1.63858
1.62571
1.61333
1.60402
1.59941
1.60016
1.60602
1.61581
1.62756
1.63922
1.65014
1.66206
1.67832
1.70093
1.72798
1.75423
1.77409
1.78388
1.78254
1.77103
1.75158
1.72703
1.70022
1.67337
1.6475
1.62244
1.59754
1.57274
1.5491
1.52823
1.51129
1.49879
1.49161
1.49175
1.50146
1.52126
1.54892
1.58003
1.60996
1.63541
1.65491
1.66865
1.67802
1.68497
1.69141
1.69858
1.70689
1.71586
1.72444
1.73112
1.73419
1.73205
1.72369
1.7094
1.69123
1.67297
1.65939
1.65435
1.65905
1.67141
1.6876
1.70389
1.71764
1.72719
1.73152
1.72999
1.72239
1.70901
1.69057
1.66811
1.64301
1.61707
1.59244
1.57137
1.55561
1.54558
1.54025
1.53758
1.53542
1.53245
1.52875
1.5259
1.52682
1.53515
1.55422
1.58524
1.62612
1.67177
1.716
1.75345
1.78065
1.7962
1.80057
1.79613
1.78677
1.77661
1.76817
1.76142
1.75464
1.74676
1.73877
1.73316
1.73172
1.7342
1.73877
1.74406
1.75053
1.75983
1.77326
1.79026
1.80845
1.82463
1.83569
1.83923
1.834
1.8201
1.79905
1.7734
1.74598
1.71917
1.69471
1.67378
1.65715
1.64508
1.6372
1.63261
1.63026
1.6292
1.62863
1.62777
1.62589
1.62262
1.61848
1.61528
1.61545
1.61994
1.62701
1.63392
1.63966
1.64567
1.65414
1.666
1.68004
1.69356
1.70365
1.7082
1.70627
1.6977
1.68306
1.66384
1.64309
1.62507
1.61338
1.60858
1.60832
1.61002
1.61272
1.6169
1.6232
1.6315
