-3.37243
-3.37242
-3.3733
-3.3742
-3.37383
-3.37387
-3.37421
-3.37402
-3.3729
-3.37337
-3.37259
-3.37146
-3.37093
-3.3699
-3.36946
-3.37029
-3.37035
-3.37246
-3.37301
-3.37298
-3.37246
-3.37256
-3.37363
-3.37274
-3.37315
-3.37372
-3.37488
-3.37641
-3.37649
-3.37581
-3.37524
-3.37403
-3.37305
-3.37209
-3.37387
-3.37464
-3.37346
-3.37412
-3.37418
-3.37262
-3.37223
-3.37325
-3.37329
-3.37458
-3.37496
-3.3745
-3.37373
-3.37328
-3.37263
-3.37332
-3.37291
-3.37302
-3.37298
-3.37353
-3.37355
-3.37288
-3.37316
-3.37443
-3.37685
-3.37742
-3.37693
-3.3779
-3.37578
-3.37447
-3.37328
-3.3729
-3.37208
-3.37248
-3.37421
-3.37547
-3.37683
-3.3781
-3.37743
-3.3777
-3.37646
-3.37575
-3.37434
-3.37307
-3.37214
-3.37111
-3.37087
-3.37065
-3.37153
-3.37183
-3.37379
-3.37551
-3.37565
-3.37594
-3.37646
-3.37632
-3.37527
-3.37357
-3.37362
-3.37323
-3.3732
-3.37323
-3.37258
-3.37246
-3.37231
-3.37249
-3.37278
-3.37366
-3.37491
-3.37534
-3.37586
-3.37533
-3.37541
-3.37611
-3.37653
-3.37529
-3.3748
-3.37444
-3.37395
-3.37367
-3.3726
-3.372
-3.3707
-3.37011
-3.36957
-3.36945
-3.37011
-3.3712
-3.37263
-3.3735
-3.37518
-3.37621
-3.37502
-3.37534
-3.37448
-3.37416
-3.37294
-3.37089
-3.37155
-3.37022
-3.37017
-3.37042
-3.37195
-3.37386
-3.37415
-3.37494
-3.37353
-3.37271
-3.37236
-3.37284
-3.37158
-3.37099
-3.36947
-3.36892
-3.36899
-3.36937
-3.36944
-3.36919
-3.36855
-3.36837
-3.36705
-3.36667
-3.36693
-3.36824
-3.36859
-3.36858
-3.36812
-3.36763
-3.36784
-3.36907
-3.37024
-3.37001
-3.37068
-3.37123
-3.37189
-3.37288
-3.37315
-3.37319
-3.37276
-3.37273
-3.37259
-3.37223
-3.37186
-3.37116
-3.37144
-3.37024
-3.37002
-3.36991
-3.36973
-3.36818
-3.36795
-3.36773
-3.36812
-3.36708
-3.36667
-3.36841
-3.36845
-3.36851
-3.36876
-3.36946
-3.36995
-3.3705
-3.37067
-3.37009
-3.36987
-3.37002
-3.36958
-3.37006
-3.36886
-3.36933
-3.36817
-3.36805
-3.36924
-3.36942
-3.36943
-3.36997
-3.37004
-3.37166
-3.37176
-3.37299
-3.37357
-3.37377
-3.37424
-3.37384
-3.37256
-3.37294
-3.37344
-3.37396
-3.37431
-3.37463
-3.37516
-3.37548
-3.37619
-3.3766
-3.37668
-3.37736
-3.37668
-3.37685
-3.37601
-3.37687
-3.37671
-3.37707
-3.3772
-3.3767
-3.37681
-3.37565
-3.376
-3.37564
-3.37567
-3.37461
-3.37432
-3.3739
-3.37482
-3.37511
-3.37466
-3.37556
-3.37605
-3.37601
-3.37673
-3.37591
-3.37479
-3.37407
-3.3728
-3.37292
-3.3727
-3.37342
-3.3728
-3.37347
-3.37481
-3.37461
-3.37515
-3.37547
-3.37523
-3.37489
-3.37488
-3.37494
-3.37456
-3.3733
-3.37152
-3.37136
-3.37048
-3.36861
-3.36754
-3.3669
-3.36776
-3.36705
-3.36894
-3.37
-3.37067
-3.37184
-3.37175
-3.37226
-3.37278
-3.37245
-3.37272
-3.37312
-3.37419
-3.3739
-3.37336
-3.37496
-3.37524
-3.3766
-3.37819
-3.37976
-3.38066
-3.38138
-3.38079
-3.38046
-3.37977
-3.37992
-3.37891
-3.37716
-3.37564
-3.3756
-3.37362
-3.37429
-3.3743
-3.37416
-3.37583
-3.37624
-3.37675
-3.37714
-3.37734
-3.3771
-3.376
-3.37528
-3.37496
-3.37493
-3.37438
-3.3743
-3.37424
-3.37419
-3.37461
-3.3746
-3.37569
-3.3772
-3.37813
-3.37931
-3.37922
-3.37851
-3.37904
-3.37817
-3.3763
-3.37616
-3.3744
-3.37322
-3.37298
-3.371
-3.37095
-3.37215
-3.37306
-3.37328
-3.37369
-3.37474
-3.37511
-3.37541
-3.37537
-3.37472
-3.37532
-3.37528
-3.3758
-3.37596
-3.37577
-3.37668
-3.37736
-3.37661
-3.37673
-3.37615
-3.37458
-3.37319
-3.37364
-3.37257
-3.3732
-3.37349
-3.37462
-3.37473
-3.37465
-3.37522
-3.37662
-3.37612
-3.37649
-3.37627
-3.37799
-3.37859
-3.37873
-3.37861
-3.37776
-3.3772
-3.37565
-3.37409
-3.37422
-3.37384
-3.37308
-3.374
-3.3743
-3.37589
-3.37682
-3.37805
-3.37869
-3.37858
-3.37791
-3.37766
-3.37469
-3.37323
-3.37323
-3.37334
-3.37517
-3.37597
-3.37739
-3.37939
-3.37897
-3.37791
-3.3782
-3.37782
-3.37613
-3.37579
-3.37506
-3.3743
-3.37393
-3.37362
-3.37304
-3.37356
-3.37313
-3.37254
-3.37263
-3.37298
-3.37342
-3.37519
-3.37587
-3.37669
-3.37682
-3.37746
-3.37769
-3.37631
-3.37503
-3.37449
-3.37288
-3.37155
-3.37159
-3.37172
-3.37254
-3.37303
-3.37367
-3.3739
-3.3756
-3.37644
-3.37771
-3.37847
-3.37812
-3.37868
-3.37928
-3.37919
-3.37962
-3.37908
-3.3786
-3.37726
-3.37683
-3.37831
-3.37894
-3.38002
-3.3807
-3.37925
-3.3782
-3.37806
-3.37802
-3.37538
-3.37443
-3.37402
-3.3739
-3.3729
-3.37283
-3.37204
-3.37232
-3.37206
-3.37169
-3.37216
-3.37256
-3.37288
-3.37365
-3.37422
-3.37456
-3.37477
-3.37397
-3.37294
-3.37275
-3.37272
-3.37306
-3.37203
-3.37247
-3.37241
-3.37223
-3.37228
-3.37228
-3.37209
-3.37147
-3.37241
-3.3734
-3.37434
-3.37376
-3.37544
-3.3744
-3.37422
-3.37322
-3.37159
-3.37111
-3.3703
-3.36997
-3.37062
-3.37121
-3.37189
-3.37282
-3.37275
-3.37334
-3.37339
-3.3749
-3.37583
-3.37734
-3.37843
-3.37975
-3.3804
-3.38095
-3.38041
-3.3793
-3.37896
-3.37862
-3.37793
-3.37621
-3.37523
-3.37434
-3.37317
-3.37165
-3.37257
-3.37358
-3.37567
-3.37879
-3.3796
-3.37913
-3.37701
-3.37697
-3.37619
-3.37597
-3.37535
-3.37599
-3.37633
-3.37634
-3.37698
-3.37584
-3.37587
-3.37462
-3.37428
-3.37445
-3.3738
-3.37356
-3.37359
-3.3744
-3.37647
-3.37827
-3.37814
-3.3783
-3.37879
-3.37873
-3.37773
-3.37732
-3.37797
-3.37888
-3.37912
-3.37925
-3.37839
-3.37817
-3.3773
-3.3775
-3.37925
-3.38022
-3.38133
-3.38247
-3.38307
-3.38298
-3.38263
-3.38195
-3.38076
-3.37962
-3.37844
-3.37833
-3.37694
-3.37513
-3.37412
-3.37389
-3.37531
-3.37582
-3.37722
-3.378
-3.37864
-3.37866
-3.37772
-3.37756
-3.37805
-3.37952
-3.38028
-3.38035
-3.37944
-3.37942
-3.37752
-3.37672
-3.37469
-3.37511
-3.37593
-3.37544
-3.37521
-3.37483
-3.37516
-3.37419
-3.37403
-3.37377
-3.37538
-3.37541
-3.37453
-3.37533
-3.37436
-3.37369
-3.37362
-3.37385
-3.37509
-3.37516
-3.37593
-3.37656
-3.37626
-3.37678
-3.37771
-3.3768
-3.37613
-3.37615
-3.37582
-3.37505
-3.3748
-3.3747
-3.37423
-3.3751
-3.37524
-3.3746
-3.37498
-3.37385
-3.37278
-3.37293
-3.37224
-3.37182
-3.37079
-3.3709
-3.36972
-3.3695
-3.37035
-3.37118
-3.3725
-3.37394
-3.37483
-3.37646
-3.3768
-3.37662
-3.37592
-3.37364
-3.37382
-3.37337
-3.37299
-3.37247
-3.37205
-3.37124
-3.37116
-3.37185
-3.37158
-3.37231
-3.3736
-3.37419
-3.37498
-3.37612
-3.37698
-3.37748
-3.3772
-3.37671
-3.37602
-3.37537
-3.3743
-3.37291
-3.37141
-3.37012
-3.37016
-3.36937
-3.36825
-3.36906
-3.36922
-3.36826
-3.36753
-3.36791
-3.36798
-3.36814
-3.369
-3.36828
-3.36904
-3.36922
-3.37103
-3.37351
-3.37501
-3.37617
-3.37643
-3.37543
-3.37458
-3.37357
-3.37218
-3.3719
-3.37166
-3.37108
-3.37148
-3.37254
-3.37323
-3.37457
-3.37517
-3.37464
-3.37415
-3.37448
-3.37506
-3.37427
-3.37356
-3.3736
-3.37413
-3.37495
-3.3752
-3.3746
-3.37469
-3.37306
-3.37219
-3.3721
-3.37219
-3.37302
-3.37214
-3.37286
-3.37451
-3.37455
-3.37393
-3.37462
-3.37512
-3.37614
-3.37658
-3.37798
-3.37777
-3.37777
-3.37771
-3.3764
-3.37523
-3.37478
-3.37447
-3.37399
-3.37584
-3.37681
-3.3778
-3.37882
-3.37817
-3.3783
-3.37999
-3.37941
-3.37945
-3.37923
-3.37993
-3.38051
-3.38072
-3.3819
-3.38279
-3.38322
-3.38273
-3.3821
-3.38173
-3.38049
-3.37858
-3.37803
-3.37694
-3.3763
-3.3754
-3.37593
-3.37712
-3.37769
-3.37816
-3.37871
-3.37855
-3.37785
-3.37744
-3.37755
-3.37716
-3.3775
-3.37863
-3.37879
-3.37769
-3.37721
-3.37722
-3.3762
-3.37536
-3.37545
-3.3753
-3.37473
-3.37441
-3.37412
-3.37397
-3.37436
-3.37435
-3.37481
-3.3741
-3.37303
-3.37334
-3.37465
-3.37294
-3.3743
-3.37481
-3.37578
-3.37562
-3.37621
-3.37642
-3.37623
-3.37618
-3.37567
-3.37635
-3.37571
-3.37532
-3.37448
-3.37395
-3.37328
-3.37214
-3.37222
-3.37222
-3.37234
-3.37274
-3.37365
-3.37316
-3.37304
-3.37411
-3.37463
-3.37522
-3.3761
-3.37643
-3.37602
-3.37534
-3.37536
-3.37526
-3.37393
-3.37383
-3.37388
-3.37381
-3.37484
-3.37515
-3.37431
-3.37428
-3.37422
-3.37428
-3.37448
-3.37535
-3.37617
-3.37656
-3.37702
-3.37701
-3.37588
-3.37625
-3.37638
-3.37575
-3.3762
-3.3765
-3.37624
-3.37598
-3.37359
-3.37294
-3.3723
-3.37124
-3.36939
-3.36889
-3.36744
-3.36827
-3.36867
-3.36872
-3.36871
-3.36846
-3.36972
-3.37023
-3.3705
-3.37083
-3.37205
-3.37352
-3.37425
-3.37534
-3.37635
-3.37644
-3.37671
-3.3754
-3.37509
-3.37367
-3.37227
-3.37244
-3.37142
-3.37168
-3.37223
-3.3727
-3.37319
-3.37291
-3.37261
-3.37368
-3.37335
-3.37268
-3.37233
-3.37182
-3.37268
-3.3726
-3.37441
-3.37619
-3.3762
-3.37635
-3.3769
-3.37718
-3.37571
-3.3745
-3.3748
-3.37396
-3.37486
-3.37423
-3.3736
-3.37393
-3.37494
-3.3739
-3.37508
-3.37547
-3.37569
-3.37628
-3.377
-3.37644
-3.37537
-3.3759
-3.37617
-3.37636
-3.37679
-3.37884
-3.37928
-3.37972
-3.3785
-3.37866
-3.37647
-3.37363
-3.37337
-3.3739
-3.37228
-3.37177
-3.37274
-3.37373
-3.37349
-3.37445
-3.37442
-3.37448
-3.37462
-3.37492
-3.37503
-3.37419
-3.37363
-3.37477
-3.37594
-3.37543
-3.37478
-3.3738
-3.37329
-3.37275
-3.37276
-3.37211
-3.37167
-3.37152
-3.37269
-3.37195
-3.37241
-3.3722
-3.37327
-3.37371
-3.37348
-3.37466
-3.37423
-3.3731
-3.37296
-3.37243
-3.37245
-3.37323
-3.37382
-3.3739
-3.37479
-3.37607
-3.37693
-3.37772
-3.37765
-3.3775
-3.37768
-3.37844
-3.37746
-3.3777
-3.37677
-3.37585
-3.37533
-3.37423
-3.37383
-3.37397
-3.37449
-3.37424
-3.37481
-3.37434
-3.37479
-3.3752
-3.37532
-3.37566
-3.37422
-3.37483
