-4.89603
-4.90284
-4.91247
-4.92571
-4.94267
-4.96529
-4.99256
-5.02175
-5.04971
-5.07542
-5.09237
-5.09856
-5.09386
-5.07833
-5.05643
-5.03369
-5.0131
-5.00103
-4.99483
-4.99396
-4.9953
-4.99669
-4.99645
-4.99183
-4.9888
-4.99068
-5.00192
-5.02355
-5.05137
-5.08166
-5.11112
-5.13627
-5.15674
-5.17199
-5.18499
-5.19235
-5.19345
-5.19227
-5.1865
-5.17533
-5.16225
-5.14907
-5.13561
-5.1257
-5.11667
-5.10645
-5.09349
-5.07768
-5.05907
-5.0404
-5.02053
-5.002
-4.98445
-4.96847
-4.95315
-4.93972
-4.93271
-4.93528
-4.94868
-4.9679
-4.98964
-5.0123
-5.0284
-5.04021
-5.04636
-5.04762
-5.0438
-5.03883
-5.03653
-5.03957
-5.05164
-5.0713
-5.09092
-5.10638
-5.11139
-5.10842
-5.09873
-5.0843
-5.06446
-5.0383
-5.00848
-4.97836
-4.954
-4.93803
-4.93512
-4.94376
-4.9611
-4.9862
-5.01578
-5.04523
-5.07088
-5.09044
-5.10493
-5.1119
-5.11256
-5.10725
-5.09585
-5.0803
-5.06098
-5.03975
-5.01858
-5.00068
-4.98848
-4.98244
-4.9836
-4.98982
-5.00129
-5.01657
-5.03344
-5.04916
-5.06462
-5.07758
-5.08621
-5.08967
-5.0863
-5.07724
-5.06169
-5.04188
-5.01856
-4.99444
-4.97289
-4.95671
-4.94822
-4.94769
-4.95635
-4.97131
-4.98868
-5.00934
-5.02772
-5.04306
-5.0521
-5.05375
-5.05106
-5.03981
-5.02559
-5.01227
-5.00687
-5.01194
-5.02383
-5.03953
-5.05142
-5.05949
-5.06284
-5.06233
-5.05615
-5.04736
-5.03526
-5.02346
-5.01368
-5.00662
-5.00092
-4.99479
-4.98675
-4.9773
-4.96522
-4.95315
-4.94115
-4.92974
-4.91668
-4.90193
-4.88499
-4.86689
-4.85019
-4.83786
-4.83139
-4.83126
-4.8404
-4.85721
-4.88029
-4.90758
-4.93531
-4.96135
-4.98347
-5.00138
-5.0144
-5.02313
-5.0289
-5.03271
-5.03695
-5.03969
-5.04318
-5.04532
-5.0438
-5.03522
-5.02121
-5.001
-4.97745
-4.95202
-4.93054
-4.91716
-4.90887
-4.9065
-4.90884
-4.9155
-4.9263
-4.94246
-4.96356
-4.98744
-5.01166
-5.0322
-5.04471
-5.04847
-5.04002
-5.02336
-4.99754
-4.96916
-4.94287
-4.91949
-4.90077
-4.88687
-4.87626
-4.87105
-4.86848
-4.87077
-4.8748
-4.87871
-4.88097
-4.87889
-4.87193
-4.86348
-4.85408
-4.84662
-4.84402
-4.84864
-4.86095
-4.87899
-4.90107
-4.92467
-4.94884
-4.97437
-4.99931
-5.02562
-5.05069
-5.07612
-5.09803
-5.11691
-5.13125
-5.14007
-5.14443
-5.1429
-5.13951
-5.13378
-5.12836
-5.12214
-5.11608
-5.10783
-5.09804
-5.0852
-5.07069
-5.05827
-5.04718
-5.03723
-5.02855
-5.01713
-5.00252
-4.98431
-4.96152
-4.9372
-4.91186
-4.88977
-4.87198
-4.8641
-4.86705
-4.87821
-4.89737
-4.91996
-4.94237
-4.96316
-4.98248
-5.00064
-5.01757
-5.03235
-5.04365
-5.05144
-5.05173
-5.04393
-5.0311
-5.01525
-5.00038
-4.98616
-4.97894
-4.97661
-4.97972
-4.9875
-4.9951
-5.00088
-5.00189
-4.99679
-4.9881
-4.97685
-4.96457
-4.94957
-4.93309
-4.91852
-4.90496
-4.89892
-4.90406
-4.92297
-4.95468
-4.99619
-5.04108
-5.08552
-5.12453
-5.15634
-5.17739
-5.18763
-5.18842
-5.18203
-5.16654
-5.14851
-5.12704
-5.10541
-5.08859
-5.07633
-5.07191
-5.07515
-5.08371
-5.09332
-5.09923
-5.09936
-5.09231
-5.07836
-5.05852
-5.03654
-5.01527
-4.99793
-4.98747
-4.98407
-4.98881
-4.99948
-5.01348
-5.03069
-5.04912
-5.06844
-5.0883
-5.10292
-5.10966
-5.10948
-5.09878
-5.08069
-5.05711
-5.02729
-4.99742
-4.96985
-4.94639
-4.92942
-4.92123
-4.92192
-4.92841
-4.93902
-4.95137
-4.96346
-4.97583
-4.98576
-4.99467
-5.00345
-5.01473
-5.03169
-5.05213
-5.07176
-5.08911
-5.09969
-5.10148
-5.09534
-5.08394
-5.0662
-5.04857
-5.03219
-5.02008
-5.01025
-5.00201
-4.99454
-4.98775
-4.98035
-4.97762
-4.9804
-4.99202
-5.00831
-5.02729
-5.04556
-5.05844
-5.06307
-5.05595
-5.0383
-5.01421
-4.98518
-4.95523
-4.92989
-4.90991
-4.89985
-4.89958
-4.91001
-4.92737
-4.94615
-4.96056
-4.96696
-4.96033
-4.94624
-4.92888
-4.91336
-4.90835
-4.91642
-4.94046
-4.97729
-5.01829
-5.05967
-5.0993
-5.13256
-5.15719
-5.17518
-5.18508
-5.18822
-5.1861
-5.17911
-5.16738
-5.15267
-5.13357
-5.11206
-5.09086
-5.07204
-5.058
-5.05186
-5.05174
-5.05787
-5.06744
-5.0792
-5.0897
-5.09525
-5.0952
-5.08831
-5.07175
-5.04737
-5.01843
-4.98719
-4.95825
-4.934
-4.91713
-4.90801
-4.90853
-4.9157
-4.9295
-4.94703
-4.96556
-4.9853
-5.0041
-5.02028
-5.03411
-5.04337
-5.04899
-5.05123
-5.05439
-5.06298
-5.07815
-5.10402
-5.13955
-5.17866
-5.21721
-5.2499
-5.27265
-5.28159
-5.28103
-5.27039
-5.25047
-5.22166
-5.18763
-5.14853
-5.10783
-5.06575
-5.02543
-4.99158
-4.96669
-4.95171
-4.94511
-4.94284
-4.94189
-4.94046
-4.93717
-4.93413
-4.93486
-4.94019
-4.94918
-4.95721
-4.9645
-4.96781
-4.96746
-4.96438
-4.95917
-4.95276
-4.9463
-4.94366
-4.94538
-4.95298
-4.96555
-4.986
-5.00715
-5.02933
-5.04718
-5.05733
-5.05882
-5.04888
-5.02889
-5.00207
-4.97206
-4.94403
-4.92022
-4.89701
-4.87228
-4.84438
-4.81994
-4.80462
-4.80605
-4.82507
-4.85911
-4.90112
-4.94532
-4.98615
-5.02189
-5.05337
-5.07996
-5.10111
-5.11535
-5.12296
-5.12144
-5.10853
-5.08373
-5.05306
-5.02301
-5.00653
-5.0105
-5.0275
-5.04749
-5.06088
-5.0682
-5.06816
-5.06578
-5.06402
-5.06742
-5.07557
-5.08761
-5.10217
-5.11405
-5.12384
-5.12772
-5.12748
-5.12308
-5.11393
-5.10218
-5.0888
-5.07574
-5.06543
-5.05835
-5.05403
-5.05415
-5.05644
-5.05731
-5.05483
-5.05102
-5.04794
-5.04557
-5.04166
-5.03427
-5.02062
-5.00262
-4.98198
-4.96496
-4.95623
-4.9559
-4.96547
-4.98419
-5.00975
-5.03892
-5.0681
-5.09333
-5.11169
-5.12221
-5.12412
-5.11835
-5.10289
-5.07983
-5.05305
-5.0266
-5.00613
-4.99298
-4.99051
-4.99564
-5.00491
-5.01378
-5.01991
-5.02567
-5.03296
-5.04364
-5.05585
-5.0679
-5.07711
-5.0833
-5.08252
-5.07755
-5.06684
-5.05571
-5.04427
-5.0331
-5.02546
-5.0215
-5.02181
-5.02367
-5.02834
-5.03391
-5.04128
-5.04623
-5.04899
-5.05227
-5.0529
-5.05324
-5.05348
-5.05324
-5.05369
-5.0541
-5.05857
-5.06845
-5.08376
-5.10499
-5.12877
-5.14938
-5.16606
-5.17786
-5.18382
-5.18526
-5.18503
-5.18472
-5.18505
-5.18804
-5.1909
-5.1921
-5.19161
-5.18514
-5.17299
-5.15585
-5.13204
-5.10364
-5.07113
-5.03742
-5.00076
-4.96458
-4.93224
-4.90807
-4.89756
-4.90202
-4.91925
-4.94774
-4.98205
-5.01848
-5.05166
-5.07588
-5.09264
-5.09894
-5.09728
-5.0895
-5.0771
-5.06039
-5.04135
-5.02149
-5.00112
-4.9847
-4.97433
-4.97108
-4.97732
-4.99303
-5.01563
-5.04181
-5.06762
-5.09089
-5.11025
-5.12589
-5.13784
-5.14629
-5.15086
-5.15078
-5.14649
-5.13601
-5.12083
-5.1045
-5.08553
-5.06438
-5.04327
-5.02382
-5.00486
-4.98646
-4.96857
-4.94884
-4.93197
-4.91971
-4.91898
-4.93168
-4.95476
-4.98356
-5.01112
-5.03219
-5.0456
-5.05023
-5.04611
-5.03608
-5.02169
-5.00642
-4.99571
-4.9923
-4.99601
-5.0062
-5.01864
-5.03032
-5.04074
-5.04967
-5.05581
-5.0572
-5.0556
-5.0528
-5.05028
-5.04953
-5.05064
-5.05305
-5.05678
-5.05721
-5.05492
-5.0492
-5.04041
-5.03151
-5.0229
-5.01977
-5.02129
-5.02301
-5.02347
-5.02318
-5.02093
-5.01914
-5.01878
-5.02262
-5.02796
-5.03491
-5.04016
-5.03896
-5.02988
-5.0131
-4.99073
-4.96771
-4.95236
-4.94517
-4.9473
-4.95668
-4.96863
-4.98263
-4.99675
-5.00504
-5.00958
-5.0105
-5.01154
-5.01498
-5.02353
-5.04015
-5.06324
-5.09044
-5.11803
-5.14373
-5.16551
-5.1806
-5.18828
-5.19024
-5.18493
-5.17434
-5.15944
-5.14403
-5.12949
-5.11633
-5.10604
-5.09878
-5.09283
-5.08732
-5.08252
-5.07891
-5.07636
-5.07728
-5.08264
-5.09063
-5.0996
-5.10897
-5.11581
-5.11647
-5.11164
-5.1031
-5.09167
-5.07919
-5.0678
-5.05795
-5.04986
-5.0436
-5.03739
-5.03092
-5.02129
-5.00843
-4.99387
-4.97772
-4.9572
-4.94018
-4.9248
-4.91421
-4.90808
-4.90867
-4.91449
-4.9246
-4.93829
-4.95332
-4.96966
-4.98337
-4.99517
-5.00414
-5.01112
-5.01574
-5.0176
-5.01838
-5.01713
-5.01502
-5.01352
-5.01388
-5.01423
-5.0157
-5.01851
-5.02111
-5.02477
-5.03008
-5.03573
-5.04034
-5.04303
-5.04385
-5.04178
-5.03648
-5.03195
-5.02882
-5.02789
-5.02999
-5.03145
-5.02918
-5.02324
-5.01279
-4.99999
-4.98781
-4.97936
-4.97558
-4.97672
-4.98304
-4.99282
-5.00343
-5.01547
-5.02652
-5.03781
-5.05452
-5.07743
-5.10421
-5.13021
-5.14767
-5.15682
-5.15484
-5.14227
-5.12096
-5.09592
-5.06766
-5.04163
-5.01617
-4.99116
-4.96625
-4.9412
-4.91882
-4.89846
-4.88179
-4.86961
-4.86367
-4.86528
-4.87571
-4.8966
-4.92527
-4.95646
-4.98668
-5.01081
-5.03
-5.04232
-5.05029
-5.05742
-5.06282
-5.07026
-5.07912
-5.08857
-5.09763
-5.10403
-5.1068
-5.10573
-5.09704
-5.08208
-5.06355
-5.04479
-5.03207
-5.02696
-5.03346
-5.04761
-5.0638
-5.08024
-5.09454
-5.10437
-5.10723
-5.10448
-5.09719
-5.08297
-5.06544
-5.04234
-5.01661
-4.991
-4.96738
-4.94527
-4.93069
-4.92105
-4.91594
-4.91387
-4.91242
-4.90889
-4.90412
-4.90181
-4.90299
-4.91151
-4.93101
-4.96408
-5.0054
-5.05149
-5.0945
-5.13211
-5.15712
-5.16984
-5.17394
-5.17003
-5.15905
-5.14838
-5.14091
-5.13515
-5.12813
-5.12121
-5.11319
-5.10764
-5.10634
-5.10912
-5.1138
-5.11825
-5.12417
-5.1346
-5.1492
-5.16569
-5.18323
-5.19843
-5.20898
-5.21198
-5.20677
-5.19221
-5.17072
-5.14492
-5.11867
-5.09113
-5.06712
-5.04599
-5.03041
-5.01879
-5.01068
-5.00727
-5.00449
-5.0023
-5.00158
-5.00021
-4.99834
-4.99584
-4.9923
-4.98919
-4.99024
-4.99601
-5.00394
-5.01164
-5.01731
-5.02317
-5.03182
-5.04443
-5.05751
-5.07126
-5.08042
-5.08404
-5.08159
-5.07193
-5.05689
-5.03781
-5.01758
-4.99931
-4.98819
-4.98292
-4.98311
-4.98522
-4.98803
-4.99256
-4.99742
-5.00633
