0 0.333186 -0.0546591
15 0.119545 -0.0557723
7 -0.0333161 0.11318
17 -0.0521255 -0.0582017
28 0.0552245 -0.173918
20 0.18626 -0.171264
6 0.217455 -0.185629
13 0.258378 -0.216949
14 0.324116 -0.280996
23 0.304532 -0.414587
11 0.217119 -0.490867
12 0.161441 -0.331103
18 -0.0551741 -0.349138
3 -0.123629 -0.445019
8 -0.219662 -0.358833
9 -0.25517 -0.320444
1 -0.461964 -0.468802
22 -0.498921 -0.133514
27 -0.344418 0.227325
4 -0.463013 0.400206
19 -0.415481 0.458317
16 0.0924081 0.427773
25 0.0983248 0.402374
5 0.188534 0.454057
2 0.315623 0.472259
26 0.41893 0.328624
21 0.497936 0.317653
29 0.3012 0.27029
10 0.305499 0.213178
24 0.409006 -0.0372459
