0 20 10.5341
1 18 9.37308
2 16.2 9.37308
3 14.58 9.37308
4 13.122 9.37308
5 11.8098 9.37308
6 10.6288 9.12234
7 9.56594 9.12234
8 8.60934 8.75363
9 7.74841 8.75363
10 6.97357 8.75363
11 6.27621 8.75363
12 5.64859 8.75363
13 5.08373 8.75363
14 4.57536 8.75363
15 4.11782 8.75363
16 3.70604 8.75363
17 3.33544 7.1429
18 3.00189 7.1429
19 2.7017 7.1429
20 2.43153 7.1429
21 2.18838 7.1429
22 1.96954 7.1429
23 1.77259 7.1429
24 1.59533 7.1429
25 1.4358 7.1429
26 1.29222 7.1429
27 1.16299 7.1429
28 1.0467 7.1429
29 0.942026 7.1429
30 0.847823 7.07943
31 0.763041 7.07943
32 0.686737 7.07943
33 0.618063 7.07943
34 0.556257 6.8936
35 0.500631 6.8936
36 0.450568 6.8936
37 0.405511 6.68393
38 0.36496 6.68393
39 0.328464 6.61691
40 0.295618 6.61691
41 0.266056 6.28063
42 0.23945 5.66721
43 0.215505 5.01637
44 0.193955 4.64242
45 0.174559 3.20382
46 0.157103 3.20382
47 0.141393 3.20382
48 0.127254 2.32791
49 0.114528 2.32791
50 0.103076 2.15669
51 0.092768 2.15669
52 0.0834912 2.15669
53 0.075142 2.15669
54 0.0676278 1.95325
55 0.0608651 1.95325
56 0.0547785 1.77477
57 0.0493007 1.71182
58 0.0443706 1.71182
59 0.0399336 1.45145
60 0.0359402 1.37638
61 0.0323462 1.37638
62 0.0291116 1.37638
63 0.0262004 1.35535
64 0.0235804 1.35535
65 0.0212223 1.2826
66 0.0191001 1.22764
67 0.0171901 1.21682
68 0.0154711 1.21682
69 0.013924 1.2132
70 0.0125316 1.16772
71 0.0112784 1.15905
72 0.0101506 1.15905
73 0.00913552 1.15905
74 0.00822197 1.15905
75 0.00739977 1.15905
76 0.00665979 1.15905
77 0.00599381 1.15905
78 0.00539443 1.15905
79 0.00485499 1.15905
80 0.00436949 1.15905
81 0.00393254 1.15905
82 0.00353929 1.15291
83 0.00318536 1.15291
84 0.00286682 1.15291
85 0.00258014 1.15291
86 0.00232213 1.15291
87 0.00208991 1.15291
88 0.00188092 1.15291
89 0.00169283 1.15291
90 0.00152355 1.15291
91 0.00137119 1.15291
92 0.00123407 1.15291
93 0.00111067 1.15291
94 0.000999599 1.15291
95 0.000899639 1.15291
96 0.000809675 1.15291
97 0.000728708 1.15291
98 0.000655837 1.15291
99 0.000590253 1.15291
