50 0 0 0
50 0.0230664 0 0
50 0.0461329 0 0
50 0.0691993 0 0
50 0.0922657 0 0
50 0.115332 0 0
50 0.138399 0 0
50 0.161465 0 0
50 0.184531 0 0
50 0.207598 0 0
50 0.230664 0 0
50 0.253731 0 0
50 0.276797 0 0
50 0.299864 0 0
50 0.32293 0 0
50 0.345996 0 0
50 0.369063 0 0
50 0.392129 0 0
50 0.415196 0 0
50 0.438262 0 0
50 0.461329 0 0
50 0.484395 0 0
50 0.507461 0 0
50 0.530528 0 0
50 0.553594 0 0
50 0.576661 0 0
50 0.599727 0 0
50 0.622794 0 0
50 0.64586 0 0
50 0.668926 0 0
50 0.691993 0 0
50 0.715059 0 0
50 0.738126 0 0
50 0.761192 0 0
50 0.784259 0 0
50 0.807325 0 0
50 0.830391 0 0
50 0.853458 0 0
50 0.876524 0.000294562 0.000204079
50 0.899591 0.00503707 0.00110243
50 0.922657 0.0472486 0.00310997
50 0.945724 0.300733 0.0090409
50 0.96879 1.06765 0.0136649
50 0.991856 2.29772 0.021235
50 1.01492 3.64009 0.0242137
50 1.03799 4.54701 0.0270282
50 1.06106 4.8245 0.0289415
50 1.08412 4.45201 0.0275257
50 1.10719 3.60622 0.0282687
50 1.13026 2.6606 0.0213191
50 1.15332 1.85885 0.0180986
50 1.17639 1.14426 0.0111794
50 1.19945 0.662444 0.0103705
50 1.22252 0.380032 0.00916554
50 1.24559 0.197421 0.00834754
50 1.26865 0.0940515 0.00572641
50 1.29172 0.0533432 0.00359122
50 1.31479 0.0499852 0.00294227
50 1.33785 0.075658 0.00475355
50 1.36092 0.133446 0.00492968
50 1.38399 0.206222 0.00573896
50 1.40705 0.32012 0.00678378
50 1.43012 0.465496 0.00757537
50 1.45319 0.63322 0.00907498
50 1.47625 0.769016 0.00970663
50 1.49932 0.895422 0.0117513
50 1.52238 0.942845 0.0122677
50 1.54545 0.89147 0.0130383
50 1.56852 0.776603 0.00872181
50 1.59158 0.614507 0.00719802
50 1.61465 0.459824 0.00521305
50 1.63772 0.332924 0.00576379
50 1.66078 0.238242 0.0047294
50 1.68385 0.226348 0.0067609
50 1.70692 0.285234 0.00741048
50 1.72998 0.464917 0.00829265
50 1.75305 0.786159 0.0101755
50 1.77612 1.21298 0.0105383
50 1.79918 1.73578 0.0122557
50 1.82225 2.22322 0.013492
50 1.84531 2.54995 0.0153447
50 1.86838 2.65135 0.0183785
50 1.89145 2.51698 0.0204646
50 1.91451 2.13601 0.0146584
50 1.93758 1.68269 0.010346
50 1.96065 1.21353 0.0074909
50 1.98371 0.824731 0.00957814
50 2.00678 0.579722 0.00896392
50 2.02985 0.470404 0.00880476
50 2.05291 0.487247 0.00726627
50 2.07598 0.605565 0.0068116
50 2.09905 0.753397 0.00676924
50 2.12211 0.899972 0.00703211
50 2.14518 0.983861 0.0069416
50 2.16824 0.990102 0.00873161
50 2.19131 0.919602 0.00632325
50 2.21438 0.795787 0.00647972
50 2.23744 0.687352 0.00669074
50 2.26051 0.616109 0.00862113
50 2.28358 0.616148 0.00862421
