1 -6.65375 0
2 -6.65616 0.00170728
3 -6.63601 0.0164925
4 -6.6481 0.016204
5 -6.64623 0.0130702
6 -6.65165 0.0119622
7 -6.64932 0.010478
8 -6.64909 0.00917092
9 -6.65645 0.0107106
10 -6.6532 0.0101224
11 -6.65149 0.00934527
12 -6.65795 0.0105674
13 -6.65637 0.00987241
14 -6.65706 0.00919154
15 -6.6567 0.00858587
16 -6.65815 0.00817072
17 -6.65635 0.00788505
18 -6.65819 0.0076567
19 -6.65695 0.00735253
20 -6.65661 0.00699298
21 -6.65834 0.0068702
22 -6.65777 0.00658108
23 -6.6567 0.00638097
24 -6.65544 0.00623974
25 -6.659 0.00693416
26 -6.6561 0.00724809
27 -6.65506 0.00705445
28 -6.65698 0.00706026
29 -6.65546 0.00697993
30 -6.65594 0.00676418
31 -6.65455 0.00668724
32 -6.65651 0.00675986
33 -6.6551 0.00670115
34 -6.65452 0.00652901
35 -6.65666 0.00668245
36 -6.65535 0.00662277
37 -6.65597 0.00647231
38 -6.65571 0.00630696
39 -6.65544 0.00615121
40 -6.65653 0.00609408
41 -6.65546 0.00603904
42 -6.65555 0.00589587
43 -6.6562 0.00579515
44 -6.65671 0.00568554
45 -6.65629 0.00557485
46 -6.65599 0.00546147
47 -6.65771 0.00560965
48 -6.65648 0.00562684
49 -6.65701 0.00553717
50 -6.65749 0.00544682
