1 1.19668 0
2 1.20029 0.00255297
3 1.1803 0.0164101
4 1.19154 0.015691
5 1.18977 0.0126523
6 1.19515 0.0116319
7 1.19278 0.0102092
8 1.19237 0.00894138
9 1.19947 0.010395
10 1.19622 0.00985107
11 1.19467 0.00907699
12 1.20108 0.0103398
13 1.19967 0.00964005
14 1.20045 0.00898262
15 1.20016 0.00838821
16 1.20151 0.00797065
17 1.19963 0.0077205
18 1.20136 0.00748347
19 1.20023 0.00717341
20 1.19978 0.00682898
21 1.20144 0.00670221
22 1.20088 0.00642139
23 1.19988 0.0062191
24 1.19877 0.00605722
25 1.20221 0.00671729
26 1.19939 0.00702353
27 1.19849 0.00682174
28 1.20044 0.00685316
29 1.19888 0.00679297
30 1.1994 0.0065864
31 1.19804 0.0065124
32 1.20001 0.00659842
33 1.19857 0.00655188
34 1.19796 0.00638808
35 1.2001 0.00655377
36 1.19884 0.00649029
37 1.19948 0.00634633
38 1.1992 0.00618578
39 1.19896 0.00603158
40 1.20004 0.00597526
41 1.19902 0.00591438
42 1.19912 0.00577438
43 1.1998 0.00567993
44 1.20027 0.00556968
45 1.19978 0.00546729
46 1.19945 0.005358
47 1.20116 0.00551034
48 1.19996 0.00552526
49 1.20047 0.00543574
50 1.20096 0.00534905
