1 9.64524 0
2 9.63845 0.00480654
3 9.74284 0.0852993
4 9.67537 0.0866416
5 9.69427 0.0713453
6 9.66527 0.0650836
7 9.67754 0.0569314
8 9.67349 0.0499589
9 9.63879 0.0551603
10 9.65314 0.0514778
11 9.66147 0.0474663
12 9.63185 0.0519362
13 9.64079 0.0487046
14 9.63801 0.0453046
15 9.64299 0.0425562
16 9.6344 0.0407531
17 9.64341 0.039339
18 9.63326 0.0384405
19 9.63884 0.0368196
20 9.64018 0.0350032
21 9.63096 0.0345293
22 9.63371 0.0330691
23 9.63793 0.0318989
24 9.64177 0.0308009
25 9.62523 0.0337178
26 9.63905 0.035137
27 9.64269 0.0340235
28 9.63323 0.0340967
29 9.64171 0.0339578
30 9.63887 0.0329446
31 9.6446 0.0323761
32 9.63407 0.03303
33 9.63989 0.0325366
34 9.64158 0.0316235
35 9.63051 0.0325993
36 9.63616 0.0321808
37 9.63252 0.0315167
38 9.63327 0.0306962
39 9.63399 0.0299176
40 9.62894 0.0295933
41 9.63412 0.0293217
42 9.63403 0.0286237
43 9.63144 0.0280757
44 9.62914 0.0275309
45 9.63167 0.0270344
46 9.63314 0.0264869
47 9.6244 0.0273289
48 9.62959 0.0272481
49 9.62628 0.0268913
50 9.62368 0.026479
