1 -5.45707 0
2 -5.45587 0.000845691
3 -5.45571 0.000578953
4 -5.45656 0.000853123
5 -5.45646 0.000687877
6 -5.4565 0.000574208
7 -5.45654 0.000493636
8 -5.45672 0.0004628
9 -5.45698 0.000480033
10 -5.45698 0.000432048
11 -5.45682 0.000420098
12 -5.45687 0.000388227
13 -5.4567 0.000395016
14 -5.45662 0.000375285
15 -5.45654 0.000358509
16 -5.45664 0.000351769
17 -5.45673 0.0003411
18 -5.45683 0.000336127
19 -5.45672 0.000336286
20 -5.45682 0.000336233
21 -5.45689 0.000327304
22 -5.45689 0.000312428
23 -5.45682 0.000306759
24 -5.45666 0.000334664
25 -5.45679 0.000346635
26 -5.45671 0.000343597
27 -5.45657 0.000357109
28 -5.45654 0.00034582
29 -5.45658 0.000335895
30 -5.45654 0.000326373
31 -5.45651 0.000317406
32 -5.45651 0.000307496
33 -5.45653 0.000298701
34 -5.45656 0.000292226
35 -5.45656 0.000283898
36 -5.45651 0.000280595
37 -5.45648 0.000274063
38 -5.45652 0.000268752
39 -5.45648 0.000264914
40 -5.4565 0.000259289
41 -5.45644 0.000260167
42 -5.45643 0.00025424
43 -5.4564 0.000249406
44 -5.45645 0.000247535
45 -5.45651 0.000250736
46 -5.45654 0.000246887
47 -5.45655 0.000241818
48 -5.45652 0.000238759
49 -5.45654 0.000235232
50 -5.45653 0.00023095
