1 0.797788 0
2 0.800195 0.00170198
3 0.786868 0.01094
4 0.794361 0.0104607
5 0.793181 0.00843483
6 0.796768 0.00775458
7 0.795187 0.00680612
8 0.794911 0.00596092
9 0.799649 0.00693001
10 0.797481 0.00656738
11 0.796446 0.00605133
12 0.80072 0.00689318
13 0.79978 0.0064267
14 0.800297 0.00598841
15 0.800109 0.00559214
16 0.801004 0.00531377
17 0.79975 0.005147
18 0.800905 0.00498898
19 0.800156 0.00478227
20 0.799855 0.00455265
21 0.800961 0.00446814
22 0.800584 0.00428093
23 0.799919 0.00414607
24 0.799183 0.00403815
25 0.801471 0.00447819
26 0.799595 0.00468235
27 0.79899 0.00454782
28 0.800295 0.00456878
29 0.799253 0.00452865
30 0.799599 0.00439093
31 0.798694 0.0043416
32 0.800003 0.00439895
33 0.799049 0.00436792
34 0.798638 0.00425872
35 0.800064 0.00436918
36 0.799229 0.00432686
37 0.799656 0.00423089
38 0.799465 0.00412385
39 0.799309 0.00402106
40 0.800024 0.00398351
41 0.79935 0.00394292
42 0.799415 0.00384959
43 0.799868 0.00378662
44 0.800177 0.00371312
45 0.799851 0.00364486
46 0.799635 0.003572
47 0.800776 0.00367356
48 0.799974 0.00368351
49 0.800312 0.00362383
50 0.800639 0.00356603
