0.809547
0.795871
0.785246
0.779658
0.780104
0.78615
0.795778
0.805973
0.813728
0.816866
0.814667
0.807995
0.798974
0.790418
0.784844
0.783745
0.787356
0.795015
0.805659
0.818155
0.831061
0.842458
0.850093
0.852064
0.847319
0.835993
0.819423
0.79983
0.779996
0.762909
0.751329
0.747311
0.751451
0.762517
0.77764
0.793192
0.805911
0.813606
0.815553
0.812374
0.805743
0.797802
0.79047
0.784855
0.781056
0.778483
0.77639
0.774135
0.771273
0.76744
0.762403
0.756212
0.749284
0.742262
0.735683
0.729951
0.72543
0.722834
0.723478
0.729117
0.741197
0.759898
0.783493
0.808753
0.831965
0.850122
0.861548
0.865764
0.863199
0.854769
0.841734
0.82587
0.809593
0.795812
0.78745
0.786574
0.793647
0.807284
0.82484
0.843252
0.859758
0.872352
0.879668
0.880872
0.875419
0.863062
0.843984
0.819162
0.790535
0.760877
0.733575
0.712014
0.69877
0.695052
0.700574
0.713871
0.732871
0.755338
0.779153
0.802309
0.823155
0.840428
0.85351
0.862415
0.867867
0.870924
0.872415
0.872289
0.869351
0.861623
0.847317
0.82596
0.799245
0.771056
0.746545
0.73048
0.725837
0.732878
0.749366
0.771471
0.794807
0.815481
0.830673
0.838834
0.839801
0.834606
0.825252
0.814101
0.803062
0.792883
0.783285
0.773798
0.764449
0.755818
0.748581
0.743081
0.739318
0.737361
0.73768
0.7411
0.748328
0.759335
0.773143
0.787925
0.801499
0.811761
0.817103
0.816841
0.81145
0.802561
0.792463
0.783525
0.777567
0.775693
0.778226
0.784696
0.793915
0.804426
0.81487
0.82435
0.83257
0.839851
0.846648
0.853224
0.859324
0.864064
0.86636
0.865375
0.860891
0.853365
0.843868
0.833846
0.824895
0.818404
0.815114
0.814736
0.815983
0.816866
0.815389
0.810204
0.801057
0.788898
0.775507
0.762823
0.752414
0.745329
0.742035
0.742568
0.746542
0.75328
0.761928
0.771597
0.78141
0.790612
0.798632
0.805025
0.80941
0.811423
0.810894
0.807995
0.803392
0.798066
0.792985
0.788685
0.785276
0.782716
0.781062
0.780463
0.780936
0.781981
0.782743
0.782388
0.780626
0.778106
0.776256
0.776611
0.780098
0.786799
0.796041
0.806726
0.817239
0.825766
0.831136
0.833794
0.835864
0.839812
0.846703
0.855581
0.86447
0.871613
0.876041
0.877389
0.875772
0.871431
0.864704
0.856036
0.845878
0.834496
0.822061
0.808935
0.795859
0.784055
0.775211
0.771154
0.773006
0.780254
0.790694
0.801195
0.808883
0.811925
0.80991
0.803806
0.795624
0.78779
0.782318
0.780001
0.780075
0.780833
0.780312
0.777108
0.770864
0.762273
0.752953
0.744905
0.739927
0.73908
0.742577
0.750159
0.76142
0.775878
0.793002
0.812076
0.832014
0.851487
0.868978
0.882914
0.891919
0.894919
0.891391
0.881636
0.866627
0.847821
0.826874
0.805371
0.784744
0.766365
0.751443
0.741162
0.736597
0.738563
0.747363
0.762405
0.781827
0.802612
0.821282
0.834782
0.841203
0.8401
0.832395
0.819945
0.805082
0.790135
0.777007
0.767175
0.761875
0.762091
0.76824
0.779828
0.795406
0.812886
0.829972
0.844665
0.855539
0.861937
0.863866
0.861664
0.855698
0.846123
0.832972
0.816412
0.796948
0.775495
0.75342
0.732422
0.714431
0.701338
0.694622
0.695179
0.703217
0.7183
0.739278
0.764262
0.79085
0.816508
0.839014
0.856846
0.869292
0.87639
0.878729
0.877229
0.87294
0.866964
0.860457
0.854676
0.850544
0.847993
0.845759
0.842102
0.836052
0.827832
0.818634
0.80984
0.802335
0.796297
0.791336
0.786785
0.782039
0.77697
0.772214
0.76906
0.768952
0.772763
0.780333
0.790453
0.801408
0.811547
0.819488
0.82429
0.82546
0.822951
0.817164
0.808797
0.798612
0.787124
0.774794
0.76236
0.750987
0.742149
0.737179
0.736735
0.740515
0.747358
0.755555
0.763329
0.769309
0.772863
0.7743
0.774745
0.775829
0.779108
0.785534
0.79508
0.806768
0.81902
0.83003
0.838215
0.842532
0.842537
0.838488
0.831423
0.823163
0.815996
0.81195
0.812071
0.815838
0.821292
0.825829
0.827233
0.824531
0.818358
0.810715
0.804237
0.801342
0.80343
0.810613
0.821854
0.835349
0.848979
0.860603
0.868167
0.870077
0.865568
0.854927
0.839603
0.821842
0.80404
0.788124
0.775204
0.765652
0.759479
0.756566
0.75676
0.759674
0.76467
0.77074
0.776561
0.780829
0.782613
0.781687
0.77869
0.774774
0.770989
0.767854
0.765465
0.763839
0.763308
0.764538
0.768078
0.773923
0.781382
0.789313
0.796556
0.802253
0.806013
0.807773
0.807717
0.806089
0.803078
0.798914
0.794098
0.789637
0.786926
0.787364
0.791754
0.800065
0.811332
0.82368
0.834547
0.841174
0.841094
0.832819
0.816143
0.792439
0.764716
0.737378
0.715658
0.704454
0.706585
0.721549
0.745698
0.77406
0.8023
0.827674
0.848953
0.865761
0.877844
0.884718
0.885847
0.881274
0.872221
0.861335
0.852167
0.847642
0.848586
0.853681
0.860647
0.867292
0.871925
0.87331
0.870474
0.862674
0.849595
0.831585
0.809757
0.785912
0.762288
0.740969
0.723391
0.710108
0.700847
0.695161
0.692818
0.694138
0.699641
0.709694
0.723958
0.741112
0.758935
0.77482
0.786619
0.793341
0.795238
0.793483
0.7895
0.784431
0.779093
0.774156
0.77036
0.76847
0.768948
0.771628
0.775832
0.780594
0.784886
0.787979
0.789624
0.790049
0.78969
0.789114
0.788887
0.789655
0.792178
0.797389
0.805997
0.817895
0.831984
0.846374
0.859057
0.868584
0.874378
0.876477
0.875345
0.871372
0.864769
0.855683
0.844372
0.831294
0.817094
0.802481
0.788177
0.775009
0.763997
0.756301
0.752917
0.754262
0.759897
0.768401
0.777813
0.786096
0.791546
0.793258
0.79117
0.786026
0.779068
0.771659
0.764987
0.759892
0.756841
0.75579
0.756224
0.757294
0.758136
0.758386
0.758284
0.758574
0.760282
0.764471
0.771956
0.783093
0.797522
0.814222
0.831696
0.84823
0.862129
0.871824
0.876004
0.873863
0.865182
0.850533
0.831287
0.809535
0.787617
0.7675
0.750408
0.736754
0.726381
0.719149
0.715324
0.715609
0.720673
0.730513
0.744169
0.760127
0.777044
0.793977
0.810222
0.825068
0.837775
0.847835
0.855059
0.859647
0.861922
0.862228
0.86085
0.858014
0.853951
0.849031
0.843788
0.838915
0.835131
0.832896
0.83231
0.833025
0.834376
0.835436
0.83522
0.832796
0.827429
0.818633
0.806294
0.790702
0.772655
0.753615
0.735671
0.721415
0.713283
0.712746
0.719665
0.732416
0.748558
0.765605
0.781503
0.794761
0.804396
0.809905
0.811313
0.809135
0.804316
0.797888
0.790711
0.783363
0.776114
0.76913
0.76267
0.757069
0.752657
0.749635
0.748201
0.748796
0.752164
0.759007
0.769445
0.782529
0.796431
0.809349
0.820393
0.82982
0.838256
0.845648
0.851016
0.853102
0.85127
0.845945
0.838403
0.830284
0.823224
0.818736
0.818153
0.822245
0.830898
0.84299
0.85659
0.869357
0.879024
0.883959
0.883343
0.877117
0.865775
0.849992
0.830366
0.807569
0.78274
0.757714
0.734921
0.716928
0.705513
0.701131
0.702843
0.709049
0.718352
0.730173
0.744649
0.761996
0.781747
0.802592
0.822714
0.840242
0.853616
0.861698
0.863918
0.860618
0.85331
0.844824
0.838436
0.836183
0.837659
0.84065
0.842734
0.8423
0.838701
0.831755
0.821618
0.809185
0.796607
0.78645
0.779509
0.77376
0.766228
0.755796
0.743897
0.732852
0.72425
0.718673
0.716276
0.717126
0.721134
0.727771
0.736155
0.745351
0.754898
0.765095
0.777023
0.792045
0.81127
0.834963
0.862259
0.89113
0.918798
0.942257
0.958762
0.966432
0.964458
0.953205
0.93399
0.908774
0.879503
0.847754
0.814545
0.780822
0.748064
0.718712
0.695593
0.680729
0.674592
0.676616
0.685972
0.701703
0.722352
0.745554
0.768355
0.787961
0.802451
0.811138
0.814528
0.813929
0.811156
0.80809
0.806448
0.807505
0.811846
0.819278
0.828822
0.83913
0.848756
0.856426
0.861272
0.862846
0.861121
0.856314
0.848786
0.839074
0.827951
0.816459
0.805809
0.797032
0.790708
0.786782
0.784546
0.782914
0.780651
0.776626
0.770077
0.760962
0.750082
0.739067
0.729919
0.724459
0.723583
0.727088
0.734168
0.74391
0.755413
0.767773
0.780091
0.791566
0.80164
0.810108
0.816958
0.822329
0.82643
0.829338
0.830885
0.830588
0.827835
0.822335
0.814455
0.805114
0.795725
0.787643
0.78192
0.779167
0.779596
0.783264
0.79011
0.79983
0.81184
0.825146
0.838438
0.85032
0.859426
0.864325
0.863789
0.857162
0.844822
0.828756
0.812583
0.800443
0.794893
0.795351
0.798618
0.800776
0.79891
0.791865
0.780439
0.767238
0.756185
0.751556
0.756361
0.770872
0.792339
0.816187
0.837832
0.854116
0.863764
0.867206
0.865749
0.860904
0.85393
0.845704
0.837006
0.828601
0.821229
0.815372
0.811028
0.807606
0.804231
0.800057
0.794668
0.788479
0.782608
0.778436
0.776657
0.776731
0.777011
0.775554
0.771056
0.763462
0.754077
0.74503
0.738518
0.735994
0.737792
0.743327
0.751546
0.761323
0.771416
0.780742
0.788601
0.794732
0.799352
0.802841
0.805481
0.807257
0.807993
0.807974
0.808258
0.810623
0.816689
0.82682
0.839794
0.853601
0.866511
0.87777
0.887675
0.896787
0.905052
0.911598
0.915273
0.915299
0.911303
0.903072
0.890397
0.872887
0.850519
0.824106
0.795699
0.768847
0.747966
0.736312
0.734078
0.738276
0.744896
0.750975
0.755267
0.757822
0.759374
0.760827
0.762972
0.766251
0.77062
0.775476
0.779748
0.782227
0.781888
0.778186
0.77131
0.762443
0.753645
0.747441
0.746066
0.750595
0.760578
0.774328
0.78968
0.804597
0.817604
0.827769
0.834548
0.837663
0.837242
0.833909
0.828823
0.823619
0.819909
0.818855
0.821007
0.82617
0.833488
0.841603
0.848973
0.854284
0.856667
0.855802
0.851978
0.846088
0.83941
0.833352
0.828993
0.826553
0.825344
0.824081
0.821561
0.817025
0.810274
0.801483
0.79107
0.77964
0.767816
0.756168
0.745196
