9.59134
9.68821
9.75628
9.79598
9.79014
9.74352
9.67879
9.60765
9.55973
9.53739
9.54821
9.58125
9.63029
9.68176
9.71284
9.71092
9.6728
9.61779
9.5435
9.45645
9.36768
9.29853
9.24988
9.25026
9.2959
9.38411
9.50925
9.6533
9.79389
9.9141
9.99127
10.0176
9.98839
9.91603
9.81904
9.72165
9.64386
9.60161
9.59346
9.62313
9.67493
9.7296
9.78086
9.8208
9.84999
9.86691
9.87676
9.88284
9.89821
9.92076
9.94599
9.97797
10.0192
10.0615
10.0968
10.1249
10.1437
10.1487
10.1337
10.0786
9.98444
9.84693
9.67422
9.49786
9.34504
9.22381
9.15069
9.12583
9.14911
9.21538
9.30587
9.41662
9.53455
9.63166
9.68575
9.69384
9.64993
9.55913
9.44454
9.32411
9.21228
9.13865
9.09875
9.10376
9.15611
9.25423
9.40251
9.58906
9.79336
10.0062
10.1981
10.3444
10.4317
10.4487
10.396
10.29
10.1494
9.97933
9.79395
9.61123
9.44838
9.30916
9.20155
9.12614
9.07765
9.05584
9.05299
9.0598
9.09976
9.17397
9.30068
9.47151
9.6729
9.88202
10.0558
10.1715
10.1975
10.1443
10.0261
9.87734
9.70807
9.55964
9.44925
9.39316
9.38421
9.41546
9.47791
9.5533
9.63438
9.70765
9.77803
9.8449
9.90587
9.96983
10.0118
10.0423
10.064
10.0642
10.0477
10.0121
9.94362
9.85624
9.75025
9.64162
9.54771
9.47563
9.4448
9.45171
9.49969
9.56758
9.6434
9.71373
9.76376
9.78367
9.77335
9.73676
9.6795
9.61336
9.5403
9.47618
9.41459
9.36044
9.30861
9.2647
9.21729
9.1886
9.17556
9.18435
9.20932
9.25876
9.31875
9.38437
9.43881
9.47917
9.49801
9.49738
9.49286
9.49061
9.50203
9.53876
9.60568
9.69368
9.78382
9.87119
9.94408
9.99368
10.0183
10.016
9.98823
9.94187
9.88082
9.81779
9.75673
9.69627
9.64501
9.61054
9.58517
9.58413
9.59442
9.61889
9.65185
9.6916
9.71804
9.75125
9.77229
9.78433
9.79209
9.79296
9.78424
9.77609
9.775
9.774
9.78045
9.79213
9.79737
9.78656
9.75709
9.707
9.64375
9.56602
9.48559
9.4289
9.39329
9.36892
9.34732
9.31862
9.26992
9.2131
9.16065
9.11627
9.09869
9.10219
9.12271
9.16917
9.22272
9.29211
9.36783
9.45393
9.54689
9.64193
9.72753
9.80409
9.85893
9.88035
9.85388
9.79698
9.71946
9.64529
9.59739
9.57845
9.59374
9.63743
9.69508
9.74016
9.77638
9.79388
9.8001
9.80202
9.81457
9.84591
9.89256
9.95596
10.0157
10.0655
10.0907
10.0897
10.0549
9.9973
9.91131
9.80454
9.67475
9.53758
9.39834
9.25971
9.13826
9.04568
8.99105
8.98296
9.02563
9.10722
9.22728
9.36579
9.52182
9.68128
9.82183
9.95868
10.0629
10.1332
10.1564
10.1337
10.0623
9.94624
9.79732
9.65324
9.52632
9.43369
9.38862
9.39882
9.44893
9.53357
9.63363
9.73524
9.82125
9.88139
9.90732
9.89251
9.83493
9.74052
9.61964
9.48977
9.36307
9.25594
9.18064
9.13584
9.12355
9.1398
9.19503
9.27219
9.37903
9.51145
9.6623
9.82947
9.99038
10.1457
10.2751
10.37
10.4145
10.4024
10.3409
10.226
10.0712
9.89145
9.69598
9.51136
9.3483
9.22132
9.13046
9.08351
9.06959
9.07111
9.09976
9.14069
9.18131
9.22159
9.24799
9.26853
9.28449
9.31051
9.3528
9.41273
9.47286
9.52919
9.57746
9.61708
9.65298
9.69508
9.73412
9.7731
9.80878
9.83321
9.83801
9.81176
9.77033
9.70457
9.64353
9.5827
9.53336
9.50413
9.49812
9.5149
9.54775
9.6023
9.66855
9.74182
9.82239
9.89876
9.96936
10.0241
10.0549
10.053
10.0282
9.98527
9.9359
9.88478
9.85466
9.83493
9.83225
9.82973
9.81771
9.78613
9.73376
9.65891
9.57184
9.47974
9.39865
9.34281
9.31079
9.30803
9.3349
9.38496
9.44056
9.48379
9.51169
9.51007
9.48699
9.45513
9.42916
9.42539
9.44608
9.48822
9.53892
9.58154
9.59507
9.57657
9.53017
9.45471
9.36447
9.27306
9.19165
9.14789
9.13784
9.16818
9.24543
9.35741
9.48281
9.6067
9.71741
9.80281
9.87069
9.91635
9.93671
9.94001
9.92185
9.89255
9.85356
9.81508
9.78912
9.7813
9.78673
9.80655
9.82638
9.84744
9.86573
9.8749
9.87808
9.87995
9.86171
9.83262
9.79025
9.73224
9.68121
9.63623
9.6005
9.58557
9.57928
9.58682
9.59596
9.62289
9.65087
9.68464
9.70772
9.71236
9.70594
9.66486
9.59755
9.51524
9.42861
9.35011
9.3055
9.3125
9.37906
9.50308
9.67168
9.86821
10.0567
10.2003
10.2671
10.2458
10.14
9.97271
9.77912
9.59294
9.42509
9.28349
9.17439
9.09386
9.05204
9.04699
9.08436
9.14631
9.20829
9.26329
9.28945
9.27402
9.23588
9.18217
9.13004
9.09641
9.09266
9.11549
9.17768
9.27514
9.40667
9.56928
9.74693
9.91491
10.0724
10.2031
10.3054
10.3739
10.4149
10.4321
10.419
10.3731
10.2945
10.1856
10.0546
9.92651
9.81259
9.72956
9.681
9.66445
9.671
9.69728
9.72802
9.76464
9.79934
9.82028
9.84203
9.83698
9.81597
9.78639
9.75266
9.72357
9.70449
9.69082
9.68848
9.68689
9.69499
9.69673
9.69153
9.67627
9.64096
9.58337
9.50116
9.40008
9.30131
9.21519
9.14837
9.10511
9.08562
9.09137
9.11546
9.16443
9.23007
9.31596
9.41429
9.52031
9.62731
9.73116
9.82843
9.90603
9.96097
9.98407
9.97401
9.93827
9.88395
9.82853
9.78048
9.74828
9.74088
9.7565
9.79175
9.83677
9.88263
9.92397
9.94514
9.96078
9.95848
9.95015
9.93757
9.93034
9.92686
9.92289
9.91867
9.9007
9.86675
9.81071
9.73006
9.62286
9.50433
9.38228
9.26794
9.17457
9.11505
9.0923
9.11429
9.18454
9.29179
9.43484
9.59326
9.74906
9.88887
10.0065
10.1003
10.1678
10.2128
10.2307
10.2132
10.1671
10.0878
9.98427
9.86455
9.74188
9.62532
9.51191
9.41076
9.32089
9.25034
9.20208
9.16717
9.15276
9.14895
9.1575
9.17753
9.20573
9.24413
9.28292
9.31779
9.34745
9.36113
9.36199
9.3569
9.34801
9.34183
9.35235
9.37326
9.41451
9.47978
9.56597
9.67683
9.80251
9.93654
10.0612
10.1528
10.2089
10.2068
10.1557
10.069
9.95624
9.84157
9.73238
9.6409
9.57594
9.53864
9.53146
9.54851
9.58419
9.62528
9.67237
9.7259
9.77896
9.82519
9.87118
9.91517
9.94909
9.97458
9.9867
9.97689
9.94714
9.89043
9.80706
9.70659
9.59959
9.50574
9.42094
9.34648
9.28704
9.23453
9.19784
9.188
9.20845
9.25419
9.31138
9.37469
9.42899
9.4615
9.46551
9.43287
9.36944
9.28153
9.19072
9.10838
9.04215
9.0125
9.02164
9.07298
9.15848
9.27715
9.42342
9.5968
9.77232
9.95231
10.113
10.2361
10.3132
10.3353
10.3189
10.2663
10.1936
10.1055
9.99367
9.86682
9.72246
9.57655
9.43512
9.31525
9.22681
9.17723
9.16558
9.18767
9.23001
9.28689
9.32287
9.33497
9.32309
9.30561
9.29234
9.29675
9.32587
9.38507
9.45856
9.54843
9.62824
9.69811
9.75784
9.80585
9.86394
9.94255
10.0315
10.1105
10.1716
10.2131
10.2304
10.2242
10.1959
10.1476
10.0858
10.0176
9.94033
9.85745
9.76294
9.64379
9.49351
9.31772
9.12177
8.91675
8.73028
8.57
8.4657
8.42018
8.44287
8.53189
8.6762
8.86164
9.07182
9.30338
9.54128
9.782
10.0141
10.2156
10.3674
10.4608
10.4932
10.472
10.3966
10.2767
10.1308
9.96688
9.80485
9.66507
9.56239
9.50609
9.48905
9.49576
9.51454
9.54272
9.56315
9.56531
9.54288
9.50142
9.44637
9.38093
9.31952
9.26913
9.23703
9.22571
9.23302
9.26516
9.31231
9.37322
9.4518
9.53026
9.60461
9.66505
9.71061
9.73831
9.75706
9.77624
9.792
9.82355
9.86904
9.93189
10.0051
10.0794
10.1383
10.1715
10.1705
10.1439
10.0958
10.0347
9.95747
9.86908
9.78508
9.71045
9.64156
9.58081
9.52872
9.48646
9.45279
9.42795
9.41444
9.41926
9.44246
9.48452
9.54529
9.61924
9.68054
9.74037
9.78874
9.81089
9.8084
9.78618
9.7396
9.67569
9.58621
9.49253
9.39952
9.31627
9.25608
9.21848
9.22104
9.26743
9.34264
9.44727
9.54683
9.61583
9.64632
9.64316
9.62642
9.62259
9.648
9.70708
9.79294
9.88439
9.95865
9.98085
9.94147
9.83133
9.67463
9.50787
9.35539
9.2392
9.1656
9.13672
9.14188
9.17243
9.22031
9.28271
9.34878
9.4146
9.46976
9.52129
9.56045
9.59061
9.62553
9.66382
9.70243
9.74606
9.77833
9.80211
9.81025
9.80771
9.80367
9.814
9.83919
9.89184
9.95074
10.0102
10.0506
10.0653
10.0544
10.017
9.96077
9.90547
9.84208
9.77874
9.72522
9.68175
9.65415
9.6291
9.61471
9.59624
9.5868
9.58388
9.57423
9.54287
9.48456
9.39908
9.29319
9.18544
9.08165
8.99467
8.91577
8.84772
8.7859
8.7499
8.73641
8.74451
8.7946
8.86504
8.97595
9.12622
9.29421
9.49553
9.70069
9.88758
10.0334
10.1064
10.1207
10.0931
10.0503
10.0087
9.9698
9.94703
9.92412
9.89859
9.87383
9.84008
9.8015
9.76433
9.73246
9.71239
9.70898
9.73612
9.78401
9.84776
9.90146
9.93663
9.93995
9.89917
9.82474
9.7278
9.62114
9.51428
9.42944
9.36824
9.3316
9.31592
9.32671
9.35657
9.39431
9.43392
9.46716
9.48119
9.46925
9.42907
9.37568
9.31944
9.27007
9.23428
9.21918
9.22288
9.25349
9.29202
9.33473
9.37257
9.3992
9.41539
9.42278
9.43544
9.4583
9.49259
9.54248
9.60541
9.67631
9.76024
9.84508
9.93108
10.0115
