-6.6694
-6.64887
-6.63583
-6.62703
-6.62893
-6.64033
-6.6541
-6.66954
-6.67769
-6.68063
-6.67592
-6.66733
-6.65464
-6.64016
-6.63078
-6.63017
-6.6395
-6.65086
-6.66686
-6.68643
-6.707
-6.72206
-6.73472
-6.73477
-6.72533
-6.70712
-6.68034
-6.64942
-6.61988
-6.59457
-6.57952
-6.57537
-6.58372
-6.60115
-6.62383
-6.64629
-6.6644
-6.67412
-6.67717
-6.67078
-6.65952
-6.64888
-6.63873
-6.63092
-6.62481
-6.62172
-6.62022
-6.61968
-6.61495
-6.60773
-6.60064
-6.59185
-6.57978
-6.56734
-6.55758
-6.54978
-6.5442
-6.54133
-6.54195
-6.55259
-6.57109
-6.59971
-6.63787
-6.67635
-6.70832
-6.73463
-6.75037
-6.75627
-6.7518
-6.73772
-6.7202
-6.69778
-6.67224
-6.65154
-6.6413
-6.6399
-6.64969
-6.67061
-6.69631
-6.72349
-6.75005
-6.76596
-6.77574
-6.77593
-6.7664
-6.74812
-6.71823
-6.67995
-6.63891
-6.59421
-6.55358
-6.52266
-6.50353
-6.4994
-6.51059
-6.53186
-6.55812
-6.59087
-6.6276
-6.66371
-6.69451
-6.72079
-6.74042
-6.75351
-6.76191
-6.7646
-6.76436
-6.7658
-6.75985
-6.74834
-6.72452
-6.6915
-6.65155
-6.60815
-6.57268
-6.54821
-6.545
-6.55815
-6.58499
-6.61603
-6.6538
-6.68576
-6.70887
-6.71839
-6.71817
-6.70992
-6.69481
-6.67767
-6.65896
-6.64349
-6.62881
-6.61523
-6.60321
-6.58752
-6.57853
-6.57086
-6.56321
-6.56122
-6.5621
-6.56615
-6.5792
-6.59558
-6.61722
-6.64001
-6.65969
-6.67638
-6.68357
-6.68364
-6.67392
-6.66121
-6.64706
-6.63367
-6.62464
-6.62249
-6.6266
-6.63584
-6.64932
-6.66386
-6.68073
-6.69412
-6.70757
-6.71871
-6.72951
-6.73739
-6.74836
-6.75356
-6.7559
-6.75358
-6.74926
-6.73824
-6.7251
-6.7098
-6.69763
-6.68802
-6.68357
-6.684
-6.68435
-6.6848
-6.68307
-6.67565
-6.66042
-6.63992
-6.62013
-6.60038
-6.58359
-6.57222
-6.56624
-6.56662
-6.57337
-6.58447
-6.5996
-6.61451
-6.62886
-6.64447
-6.65822
-6.66721
-6.6754
-6.6761
-6.67525
-6.67091
-6.66448
-6.65517
-6.65088
-6.64165
-6.63602
-6.63262
-6.62932
-6.62729
-6.62814
-6.62811
-6.62557
-6.62483
-6.62265
-6.61886
-6.61664
-6.61825
-6.62365
-6.63382
-6.64637
-6.66379
-6.68326
-6.69531
-6.70256
-6.70855
-6.71405
-6.72039
-6.73242
-6.74621
-6.75873
-6.77071
-6.77496
-6.77458
-6.7714
-6.76094
-6.75118
-6.73728
-6.72281
-6.70525
-6.68549
-6.66477
-6.64687
-6.62948
-6.61584
-6.60898
-6.61459
-6.62613
-6.64299
-6.65915
-6.66845
-6.67225
-6.66852
-6.65825
-6.64489
-6.63693
-6.62983
-6.62712
-6.6265
-6.62725
-6.62517
-6.61829
-6.6085
-6.59375
-6.5808
-6.5694
-6.56379
-6.56318
-6.57068
-6.58166
-6.59939
-6.62119
-6.64917
-6.67767
-6.70631
-6.7363
-6.76275
-6.78301
-6.79535
-6.79759
-6.78841
-6.77259
-6.74842
-6.72237
-6.69173
-6.65984
-6.634
-6.6046
-6.58251
-6.56626
-6.56035
-6.56335
-6.57691
-6.60093
-6.63374
-6.66322
-6.68934
-6.70895
-6.71874
-6.71568
-6.70521
-6.68665
-6.66485
-6.64226
-6.62329
-6.60979
-6.60326
-6.60511
-6.61585
-6.63395
-6.65743
-6.68213
-6.70655
-6.72681
-6.73988
-6.74782
-6.75007
-6.74812
-6.73669
-6.72308
-6.70315
-6.67783
-6.64891
-6.61523
-6.58443
-6.55292
-6.52654
-6.50616
-6.4968
-6.50006
-6.51257
-6.53715
-6.57001
-6.60758
-6.64976
-6.68856
-6.72267
-6.74799
-6.76584
-6.77281
-6.77308
-6.77326
-6.76617
-6.75672
-6.74861
-6.73981
-6.73518
-6.73119
-6.72904
-6.7242
-6.71508
-6.70057
-6.68707
-6.67467
-6.66429
-6.65608
-6.64842
-6.63772
-6.62892
-6.62065
-6.61333
-6.60865
-6.60839
-6.61665
-6.62655
-6.64392
-6.65774
-6.67239
-6.68453
-6.69154
-6.69273
-6.68844
-6.68126
-6.66774
-6.65159
-6.6342
-6.61466
-6.59704
-6.58027
-6.56686
-6.55877
-6.55942
-6.565
-6.57527
-6.5873
-6.60136
-6.60869
-6.61463
-6.61525
-6.61622
-6.61937
-6.62699
-6.63842
-6.65476
-6.67315
-6.69308
-6.71024
-6.7207
-6.72686
-6.72687
-6.71993
-6.70707
-6.69339
-6.68363
-6.67621
-6.67637
-6.68146
-6.68871
-6.69518
-6.69637
-6.69236
-6.68337
-6.67222
-6.66256
-6.66052
-6.66541
-6.67527
-6.69229
-6.71269
-6.73364
-6.75351
-6.7628
-6.7657
-6.76024
-6.7428
-6.7167
-6.68827
-6.66077
-6.63664
-6.6197
-6.60556
-6.59615
-6.5929
-6.59234
-6.59708
-6.60352
-6.61268
-6.62191
-6.62766
-6.62863
-6.62719
-6.62183
-6.61753
-6.61225
-6.60701
-6.60451
-6.60317
-6.60033
-6.60378
-6.60881
-6.61691
-6.63052
-6.64109
-6.6508
-6.6594
-6.66214
-6.66449
-6.66351
-6.66409
-6.65809
-6.65234
-6.64348
-6.63727
-6.6352
-6.63221
-6.63844
-6.65079
-6.66638
-6.6839
-6.70202
-6.71337
-6.71338
-6.70034
-6.67478
-6.63967
-6.59717
-6.55632
-6.52566
-6.51267
-6.51889
-6.54399
-6.58313
-6.62754
-6.66832
-6.70485
-6.73579
-6.75934
-6.77801
-6.78782
-6.78993
-6.78098
-6.76659
-6.75351
-6.73964
-6.73109
-6.73294
-6.73876
-6.74898
-6.75939
-6.76528
-6.76387
-6.75859
-6.74481
-6.72473
-6.69802
-6.66387
-6.62635
-6.59308
-6.56093
-6.53487
-6.51461
-6.50258
-6.49618
-6.4935
-6.49705
-6.50726
-6.52399
-6.54723
-6.57582
-6.60212
-6.62513
-6.64049
-6.64818
-6.64909
-6.6457
-6.63755
-6.62986
-6.62058
-6.61199
-6.60815
-6.60112
-6.60284
-6.60844
-6.61555
-6.62366
-6.63028
-6.63406
-6.63762
-6.6381
-6.63976
-6.63761
-6.63803
-6.64003
-6.6435
-6.65147
-6.66394
-6.68221
-6.70547
-6.72693
-6.74491
-6.75866
-6.76744
-6.77136
-6.76954
-6.76479
-6.75385
-6.74019
-6.72163
-6.70082
-6.67876
-6.65716
-6.63647
-6.61664
-6.60183
-6.59153
-6.58845
-6.59278
-6.6021
-6.61546
-6.62793
-6.63873
-6.64639
-6.64804
-6.64438
-6.63566
-6.62441
-6.61269
-6.60125
-6.59616
-6.59028
-6.58962
-6.58979
-6.59141
-6.5913
-6.59062
-6.59079
-6.59039
-6.5939
-6.60063
-6.61207
-6.62899
-6.653
-6.67893
-6.70576
-6.73125
-6.75222
-6.76537
-6.77138
-6.76783
-6.75321
-6.73141
-6.70039
-6.66596
-6.63258
-6.60312
-6.57832
-6.55802
-6.54326
-6.53224
-6.52674
-6.5298
-6.53781
-6.55355
-6.57481
-6.60027
-6.62603
-6.64943
-6.67299
-6.69369
-6.71303
-6.72802
-6.73747
-6.74528
-6.74772
-6.74888
-6.74755
-6.74374
-6.73846
-6.73002
-6.72184
-6.71464
-6.70788
-6.70575
-6.70672
-6.70827
-6.71064
-6.71243
-6.70892
-6.70456
-6.69602
-6.6823
-6.66489
-6.64138
-6.6147
-6.58517
-6.55733
-6.53801
-6.52462
-6.52563
-6.53735
-6.55619
-6.58167
-6.60655
-6.63073
-6.65111
-6.66528
-6.67356
-6.67476
-6.67071
-6.66252
-6.65466
-6.64545
-6.63378
-6.62229
-6.61349
-6.60391
-6.59372
-6.586
-6.57943
-6.5756
-6.5775
-6.58303
-6.5945
-6.61194
-6.6328
-6.65523
-6.67306
-6.68967
-6.70459
-6.7155
-6.7267
-6.73563
-6.73884
-6.73519
-6.7258
-6.7146
-6.70118
-6.68958
-6.68303
-6.6825
-6.69064
-6.70521
-6.72534
-6.74449
-6.76137
-6.77623
-6.78251
-6.78073
-6.76961
-6.75221
-6.72793
-6.69796
-6.66077
-6.6253
-6.58695
-6.55234
-6.52592
-6.50888
-6.50494
-6.50797
-6.51944
-6.53411
-6.55092
-6.57404
-6.59983
-6.63069
-6.66166
-6.69287
-6.71928
-6.73862
-6.74891
-6.75104
-6.746
-6.73723
-6.72298
-6.7149
-6.71185
-6.71479
-6.71865
-6.72245
-6.72232
-6.71611
-6.70162
-6.68566
-6.66552
-6.65009
-6.636
-6.62273
-6.61403
-6.60359
-6.58758
-6.56841
-6.55213
-6.53998
-6.53176
-6.52898
-6.53106
-6.53751
-6.54812
-6.5612
-6.57474
-6.59041
-6.6062
-6.62349
-6.64659
-6.6774
-6.71357
-6.75459
-6.79888
-6.83835
-6.87428
-6.89716
-6.90855
-6.90511
-6.88693
-6.85674
-6.81786
-6.77446
-6.72526
-6.67498
-6.62312
-6.57204
-6.52779
-6.49489
-6.47456
-6.46728
-6.4705
-6.48589
-6.51099
-6.54026
-6.57424
-6.60879
-6.63915
-6.66165
-6.67318
-6.67627
-6.67588
-6.67446
-6.66997
-6.66719
-6.6686
-6.67593
-6.68683
-6.70006
-6.71616
-6.73071
-6.74249
-6.74961
-6.75179
-6.75035
-6.74237
-6.73201
-6.71911
-6.70068
-6.68316
-6.66643
-6.65328
-6.64321
-6.63763
-6.63348
-6.6281
-6.62516
-6.61749
-6.60694
-6.59196
-6.57452
-6.55652
-6.54259
-6.53505
-6.5367
-6.54385
-6.55558
-6.56923
-6.58732
-6.60882
-6.62788
-6.64329
-6.65752
-6.66997
-6.68066
-6.68917
-6.69611
-6.70158
-6.70496
-6.70386
-6.699
-6.69036
-6.67727
-6.66055
-6.64982
-6.63766
-6.62691
-6.62325
-6.62535
-6.63068
-6.64141
-6.65476
-6.67564
-6.69602
-6.71584
-6.73334
-6.74485
-6.75275
-6.75073
-6.73793
-6.7203
-6.69429
-6.67036
-6.65465
-6.648
-6.64969
-6.65533
-6.65813
-6.65426
-6.64261
-6.62434
-6.60457
-6.58737
-6.58234
-6.58977
-6.61413
-6.64896
-6.6847
-6.71718
-6.7413
-6.75639
-6.76137
-6.75955
-6.75286
-6.74313
-6.73002
-6.71696
-6.70414
-6.69491
-6.68506
-6.67842
-6.674
-6.6666
-6.65791
-6.64965
-6.63903
-6.63201
-6.62576
-6.62312
-6.62307
-6.624
-6.62142
-6.61677
-6.60402
-6.59081
-6.5765
-6.56694
-6.56316
-6.56485
-6.57331
-6.5866
-6.59752
-6.61196
-6.62771
-6.64118
-6.6524
-6.65816
-6.6639
-6.66547
-6.66961
-6.67024
-6.6679
-6.66689
-6.67154
-6.68224
-6.69895
-6.72062
-6.74194
-6.76303
-6.77935
-6.79503
-6.8086
-6.82275
-6.82995
-6.83334
-6.83441
-6.82423
-6.81285
-6.7912
-6.75966
-6.72736
-6.685
-6.64202
-6.60266
-6.57094
-6.55722
-6.55541
-6.56234
-6.57138
-6.5793
-6.58739
-6.58972
-6.59294
-6.59712
-6.59984
-6.60526
-6.61194
-6.61825
-6.62414
-6.62847
-6.6304
-6.62401
-6.61297
-6.59726
-6.58524
-6.57685
-6.57499
-6.58397
-6.59996
-6.62066
-6.64375
-6.66819
-6.68635
-6.69918
-6.70719
-6.71228
-6.71148
-6.70677
-6.70095
-6.69391
-6.68674
-6.68335
-6.68609
-6.69649
-6.70931
-6.72213
-6.73295
-6.74085
-6.74395
-6.74346
-6.73508
-6.72603
-6.71601
-6.70712
-6.70088
-6.69683
-6.69542
-6.69212
-6.68646
-6.679
-6.66822
-6.65508
-6.64121
-6.62331
-6.60589
-6.58784
-6.5712
