-5.45508
-5.45507
-5.45796
-5.45754
-5.45877
-5.4611
-5.46043
-5.46058
-5.4571
-5.45533
-5.45392
-5.45534
-5.45618
-5.45453
-5.45351
-5.45456
-5.45846
-5.45834
-5.45838
-5.45919
-5.46041
-5.45838
-5.45958
-5.45668
-5.45435
-5.45313
-5.45121
-5.44967
-5.44988
-5.45021
-5.45252
-5.4544
-5.45654
-5.45738
-5.45737
-5.4565
-5.45554
-5.45372
-5.45385
-5.45222
-5.45091
-5.45217
-5.45303
-5.45364
-5.45323
-5.454
-5.45564
-5.45848
-5.45804
-5.45657
-5.45704
-5.45754
-5.45586
-5.45395
-5.45405
-5.45485
-5.45605
-5.45708
-5.45673
-5.45892
-5.45929
-5.45987
-5.46263
-5.46322
-5.46038
-5.45945
-5.45805
-5.45763
-5.457
-5.45557
-5.4576
-5.45898
-5.45785
-5.45782
-5.46013
-5.46004
-5.45922
-5.45968
-5.45905
-5.45861
-5.46041
-5.45743
-5.45624
-5.45462
-5.45327
-5.45353
-5.45226
-5.4512
-5.45311
-5.4529
-5.45321
-5.45464
-5.45538
-5.45682
-5.45973
-5.46106
-5.45881
-5.45786
-5.45887
-5.46024
-5.45978
-5.46015
-5.46015
-5.45989
-5.46011
-5.45821
-5.45573
-5.45737
-5.45582
-5.45591
-5.45354
-5.45256
-5.45268
-5.45157
-5.45287
-5.45249
-5.45624
-5.45884
-5.46094
-5.45883
-5.46159
-5.46254
-5.46286
-5.46014
-5.45847
-5.45801
-5.45694
-5.45652
-5.45437
-5.45416
-5.45389
-5.45453
-5.45653
-5.45379
-5.45565
-5.45624
-5.45423
-5.45518
-5.45558
-5.4545
-5.45671
-5.45657
-5.45751
-5.45813
-5.45744
-5.45874
-5.45792
-5.45838
-5.45675
-5.45737
-5.45836
-5.45838
-5.45829
-5.45895
-5.45927
-5.4588
-5.45845
-5.45723
-5.45843
-5.45759
-5.45872
-5.45894
-5.45954
-5.45756
-5.45937
-5.45746
-5.45636
-5.45551
-5.45793
-5.45819
-5.4593
-5.45903
-5.46029
-5.46041
-5.4609
-5.4619
-5.46037
-5.4595
-5.45998
-5.46035
-5.45883
-5.45657
-5.45687
-5.45614
-5.45497
-5.45422
-5.45318
-5.45277
-5.45355
-5.45455
-5.45671
-5.45711
-5.45675
-5.45855
-5.46027
-5.45968
-5.46128
-5.45897
-5.45891
-5.45892
-5.45939
-5.45807
-5.4614
-5.45862
-5.4581
-5.45855
-5.45773
-5.4566
-5.45673
-5.45513
-5.45146
-5.45124
-5.45171
-5.4517
-5.45226
-5.45333
-5.45351
-5.45362
-5.45231
-5.4537
-5.45741
-5.45666
-5.45585
-5.45786
-5.46025
-5.46067
-5.46237
-5.46283
-5.46203
-5.46329
-5.4609
-5.45849
-5.45774
-5.4538
-5.45412
-5.45322
-5.454
-5.4535
-5.4524
-5.45137
-5.45308
-5.4534
-5.45302
-5.45225
-5.45508
-5.45575
-5.45695
-5.45736
-5.45513
-5.45436
-5.45365
-5.45254
-5.45145
-5.45525
-5.45636
-5.45712
-5.45639
-5.456
-5.4547
-5.45262
-5.4522
-5.45034
-5.45137
-5.45204
-5.4539
-5.45456
-5.45681
-5.45642
-5.45726
-5.45738
-5.45966
-5.45956
-5.45829
-5.45907
-5.45929
-5.45863
-5.45747
-5.45521
-5.45133
-5.45013
-5.44848
-5.45064
-5.45142
-5.45178
-5.45689
-5.45505
-5.45535
-5.45452
-5.45545
-5.45551
-5.45586
-5.45733
-5.461
-5.4593
-5.45742
-5.45678
-5.45694
-5.45553
-5.45662
-5.45673
-5.45723
-5.45705
-5.45778
-5.45903
-5.46045
-5.46197
-5.46349
-5.46421
-5.46433
-5.4628
-5.4616
-5.45981
-5.45657
-5.45492
-5.45427
-5.45563
-5.45314
-5.4539
-5.45369
-5.45321
-5.45349
-5.45199
-5.4543
-5.45429
-5.4549
-5.45415
-5.45487
-5.45729
-5.45775
-5.4597
-5.46109
-5.46118
-5.46348
-5.46379
-5.46415
-5.46272
-5.4619
-5.45822
-5.45499
-5.45742
-5.45676
-5.45627
-5.45792
-5.4578
-5.45937
-5.4592
-5.4604
-5.46105
-5.461
-5.45882
-5.45911
-5.45991
-5.46078
-5.46163
-5.46142
-5.45754
-5.45586
-5.4552
-5.45501
-5.45506
-5.45496
-5.45751
-5.45605
-5.45824
-5.45563
-5.45507
-5.4553
-5.4551
-5.45454
-5.45401
-5.45551
-5.45455
-5.45367
-5.45351
-5.45247
-5.4535
-5.45379
-5.45364
-5.453
-5.45432
-5.45423
-5.45423
-5.45397
-5.45637
-5.45473
-5.45534
-5.4538
-5.4541
-5.45563
-5.45833
-5.46012
-5.46214
-5.463
-5.46455
-5.46519
-5.46337
-5.46306
-5.46307
-5.4622
-5.45994
-5.45864
-5.45964
-5.45828
-5.45826
-5.4577
-5.45678
-5.45644
-5.45552
-5.45557
-5.45583
-5.45614
-5.45621
-5.45851
-5.46027
-5.45935
-5.4595
-5.45967
-5.46017
-5.4626
-5.46055
-5.46059
-5.46189
-5.46041
-5.45729
-5.45551
-5.45471
-5.45446
-5.45689
-5.45708
-5.45693
-5.45806
-5.4572
-5.45756
-5.45651
-5.45657
-5.45707
-5.45642
-5.45471
-5.45466
-5.45379
-5.45537
-5.45577
-5.45523
-5.45632
-5.45742
-5.45537
-5.45698
-5.45669
-5.45603
-5.45845
-5.45712
-5.45597
-5.45602
-5.45312
-5.45283
-5.45194
-5.45496
-5.45347
-5.45397
-5.45233
-5.45281
-5.45482
-5.45117
-5.45081
-5.45069
-5.44938
-5.44838
-5.4502
-5.45161
-5.45174
-5.45111
-5.45057
-5.45101
-5.4501
-5.45025
-5.45217
-5.45599
-5.45901
-5.46167
-5.46459
-5.46645
-5.46487
-5.46334
-5.46236
-5.4607
-5.46125
-5.46074
-5.46116
-5.45907
-5.45826
-5.4615
-5.46139
-5.45963
-5.46006
-5.45823
-5.458
-5.45845
-5.45739
-5.45391
-5.45288
-5.4508
-5.45034
-5.45064
-5.44923
-5.44749
-5.44964
-5.44948
-5.44979
-5.44945
-5.45131
-5.45343
-5.45428
-5.45584
-5.4578
-5.45945
-5.4613
-5.46415
-5.46372
-5.46291
-5.46056
-5.45817
-5.45623
-5.45548
-5.4533
-5.45322
-5.45194
-5.45075
-5.45261
-5.44842
-5.44942
-5.451
-5.4518
-5.45277
-5.45295
-5.45209
-5.45318
-5.45303
-5.45522
-5.45394
-5.45469
-5.45555
-5.45523
-5.45539
-5.45494
-5.45537
-5.4575
-5.45737
-5.45633
-5.45579
-5.45587
-5.45664
-5.45652
-5.45773
-5.4567
-5.45667
-5.45507
-5.45388
-5.45312
-5.45344
-5.4542
-5.45412
-5.45584
-5.45707
-5.45907
-5.46138
-5.46226
-5.46286
-5.46121
-5.45959
-5.45907
-5.45816
-5.45763
-5.45662
-5.45581
-5.4552
-5.45377
-5.45632
-5.45502
-5.45594
-5.45545
-5.45547
-5.45409
-5.45304
-5.45336
-5.45252
-5.45348
-5.45392
-5.45414
-5.45435
-5.45672
-5.45759
-5.45822
-5.45891
-5.45903
-5.45763
-5.45737
-5.45704
-5.45544
-5.45561
-5.45346
-5.45166
-5.45116
-5.45187
-5.4527
-5.45289
-5.45369
-5.45352
-5.45376
-5.45639
-5.4568
-5.45778
-5.45856
-5.46008
-5.46046
-5.45846
-5.45766
-5.45609
-5.45637
-5.45627
-5.45488
-5.45581
-5.45484
-5.45554
-5.45627
-5.45672
-5.45753
-5.45647
-5.45615
-5.45627
-5.45518
-5.4564
-5.45825
-5.45873
-5.45907
-5.45927
-5.45609
-5.45537
-5.45488
-5.45435
-5.45544
-5.45533
-5.45571
-5.45475
-5.45383
-5.45589
-5.4547
-5.45651
-5.45785
-5.45757
-5.45883
-5.45814
-5.45848
-5.45896
-5.45869
-5.45871
-5.4578
-5.457
-5.45605
-5.45782
-5.45939
-5.45874
-5.45812
-5.4598
-5.4599
-5.45812
-5.45702
-5.45498
-5.4533
-5.45431
-5.45478
-5.45599
-5.45777
-5.459
-5.46058
-5.45904
-5.45908
-5.45986
-5.45812
-5.45823
-5.45911
-5.45919
-5.45828
-5.45688
-5.457
-5.45575
-5.45474
-5.45492
-5.45527
-5.45728
-5.45886
-5.46086
-5.4596
-5.45734
-5.45769
-5.45657
-5.45572
-5.45394
-5.45355
-5.45294
-5.45241
-5.44942
-5.45119
-5.45037
-5.44996
-5.45053
-5.45061
-5.45324
-5.45371
-5.45587
-5.45659
-5.45567
-5.45707
-5.45683
-5.45807
-5.45777
-5.4588
-5.45892
-5.45819
-5.45636
-5.45516
-5.45507
-5.45726
-5.45574
-5.45725
-5.45757
-5.4583
-5.45767
-5.45835
-5.45887
-5.45805
-5.45399
-5.45323
-5.45174
-5.45518
-5.45633
-5.45347
-5.45339
-5.45425
-5.45389
-5.45256
-5.45285
-5.45361
-5.45375
-5.45456
-5.45537
-5.45581
-5.45647
-5.45697
-5.45671
-5.45806
-5.45856
-5.45796
-5.45852
-5.46049
-5.46112
-5.4612
-5.46219
-5.46015
-5.46089
-5.45902
-5.4589
-5.45843
-5.45712
-5.45575
-5.4547
-5.4552
-5.45363
-5.45316
-5.45189
-5.44995
-5.44972
-5.4515
-5.45347
-5.45539
-5.45558
-5.45693
-5.45843
-5.45674
-5.45591
-5.45626
-5.45721
-5.45798
-5.45647
-5.45447
-5.45499
-5.45773
-5.45783
-5.45752
-5.45734
-5.45816
-5.45791
-5.45683
-5.45747
-5.45758
-5.45785
-5.4577
-5.45752
-5.45866
-5.4579
-5.45883
-5.4605
-5.45875
-5.45847
-5.45772
-5.45774
-5.45715
-5.45746
-5.45666
-5.45373
-5.45419
-5.45256
-5.45183
-5.45051
-5.44939
-5.44792
-5.44771
-5.44837
-5.45133
-5.45322
-5.45433
-5.45336
-5.4542
-5.45717
-5.45774
-5.45594
-5.45506
-5.45481
-5.45523
-5.45567
-5.45646
-5.45757
-5.45863
-5.45798
-5.45725
-5.45685
-5.45559
-5.45288
-5.45623
-5.4562
-5.45403
-5.4545
-5.45595
-5.45579
-5.45624
-5.45502
-5.45788
-5.4583
-5.45818
-5.45786
-5.45571
-5.45626
-5.45505
-5.45219
-5.45307
-5.45115
-5.45149
-5.45399
-5.45566
-5.45666
-5.4574
-5.45696
-5.45589
-5.45481
-5.45368
-5.45371
-5.45309
-5.455
-5.45522
-5.45782
-5.46046
-5.46042
-5.46043
-5.46012
-5.46075
-5.46056
-5.46092
-5.4615
-5.46223
-5.46146
-5.46145
-5.46124
-5.46306
-5.46201
-5.46188
-5.46259
-5.46026
-5.45782
-5.45765
-5.45631
-5.4581
-5.45811
-5.45813
-5.45797
-5.45848
-5.45809
-5.46019
-5.45883
-5.45969
-5.45896
-5.45916
-5.45917
-5.45816
-5.45832
-5.45928
-5.45553
-5.45483
-5.45659
-5.45828
-5.4603
-5.45913
-5.45964
-5.45725
-5.45872
-5.45825
-5.45593
-5.4545
-5.45561
-5.45721
-5.45872
-5.46093
-5.46154
-5.46326
-5.46269
-5.46352
-5.46341
-5.46517
-5.46255
-5.46043
-5.46146
-5.45727
-5.45825
-5.4556
-5.45033
-5.45158
-5.44884
-5.44847
-5.44939
-5.44899
-5.45275
-5.4543
-5.45493
-5.45403
-5.45284
-5.45449
-5.45298
-5.45388
-5.45588
-5.45538
-5.45588
-5.45601
-5.45503
-5.45452
-5.45513
-5.45757
-5.45673
-5.45601
-5.45359
-5.45477
-5.45569
-5.45589
-5.45807
-5.4591
-5.45916
-5.45923
-5.46129
-5.45995
-5.45753
-5.45537
-5.45579
-5.45562
-5.45591
-5.45771
-5.45848
-5.45687
-5.45507
-5.45458
-5.45724
-5.45908
-5.45972
-5.45949
-5.45943
-5.45894
-5.45976
-5.45711
-5.4569
-5.4569
-5.45709
-5.45739
-5.457
-5.45741
-5.456
-5.45411
-5.45346
-5.45281
-5.45286
-5.4546
-5.45385
-5.45417
-5.45359
-5.45341
