1.21432
1.19381
1.17787
1.16949
1.17016
1.17922
1.19367
1.20896
1.22059
1.2253
1.222
1.21199
1.19846
1.18563
1.17727
1.17562
1.18103
1.19252
1.20849
1.22723
1.24659
1.26369
1.27514
1.2781
1.27098
1.25399
1.22913
1.19975
1.16999
1.14436
1.12699
1.12097
1.12718
1.14377
1.16646
1.18979
1.20887
1.22041
1.22333
1.21856
1.20861
1.1967
1.18571
1.17728
1.17158
1.16772
1.16458
1.1612
1.15691
1.15116
1.1436
1.13432
1.12393
1.11339
1.10352
1.09493
1.08814
1.08425
1.08522
1.09367
1.1118
1.13985
1.17524
1.21313
1.24795
1.27518
1.29232
1.29865
1.2948
1.28215
1.2626
1.23881
1.21439
1.19372
1.18118
1.17986
1.19047
1.21093
1.23726
1.26488
1.28964
1.30853
1.3195
1.32131
1.31313
1.29459
1.26598
1.22874
1.1858
1.14132
1.10036
1.06802
1.04815
1.04258
1.05086
1.07081
1.09931
1.13301
1.16873
1.20346
1.23473
1.26064
1.28027
1.29362
1.3018
1.30639
1.30862
1.30843
1.30403
1.29243
1.27098
1.23894
1.19887
1.15658
1.11982
1.09572
1.08875
1.09932
1.12405
1.15721
1.19221
1.22322
1.24601
1.25825
1.2597
1.25191
1.23788
1.22115
1.20459
1.18932
1.17493
1.1607
1.14667
1.13373
1.12287
1.11462
1.10898
1.10604
1.10652
1.11165
1.12249
1.139
1.15971
1.18189
1.20225
1.21764
1.22565
1.22526
1.21717
1.20384
1.18869
1.17529
1.16635
1.16354
1.16734
1.17704
1.19087
1.20664
1.2223
1.23653
1.24885
1.25978
1.26997
1.27984
1.28899
1.2961
1.29954
1.29806
1.29134
1.28005
1.2658
1.25077
1.23734
1.22761
1.22267
1.2221
1.22397
1.2253
1.22308
1.21531
1.20159
1.18335
1.16326
1.14423
1.12862
1.11799
1.11305
1.11385
1.11981
1.12992
1.14289
1.1574
1.17212
1.18592
1.19795
1.20754
1.21411
1.21713
1.21634
1.21199
1.20509
1.1971
1.18948
1.18303
1.17791
1.17407
1.17159
1.17069
1.1714
1.17297
1.17411
1.17358
1.17094
1.16716
1.16438
1.16492
1.17015
1.1802
1.19406
1.21009
1.22586
1.23865
1.2467
1.25069
1.2538
1.25972
1.27005
1.28337
1.2967
1.30742
1.31406
1.31608
1.31366
1.30715
1.29706
1.28405
1.26882
1.25174
1.23309
1.2134
1.19379
1.17608
1.16282
1.15673
1.15951
1.17038
1.18604
1.20179
1.21332
1.21789
1.21487
1.20571
1.19344
1.18169
1.17348
1.17
1.17011
1.17125
1.17047
1.16566
1.1563
1.14341
1.12943
1.11736
1.10989
1.10862
1.11387
1.12524
1.14213
1.16382
1.1895
1.21811
1.24802
1.27723
1.30347
1.32437
1.33788
1.34238
1.33709
1.32245
1.29994
1.27173
1.24031
1.20806
1.17712
1.14955
1.12717
1.11174
1.1049
1.10784
1.12104
1.14361
1.17274
1.20392
1.23192
1.25217
1.2618
1.26015
1.24859
1.22992
1.20762
1.1852
1.16551
1.15076
1.14281
1.14314
1.15236
1.16974
1.19311
1.21933
1.24496
1.267
1.28331
1.29291
1.2958
1.2925
1.28355
1.26918
1.24946
1.22462
1.19542
1.16324
1.13013
1.09863
1.07165
1.05201
1.04193
1.04277
1.05483
1.07745
1.10892
1.14639
1.18628
1.22476
1.25852
1.28527
1.30394
1.31459
1.31809
1.31584
1.30941
1.30045
1.29068
1.28201
1.27582
1.27199
1.26864
1.26315
1.25408
1.24175
1.22795
1.21476
1.2035
1.19445
1.187
1.18018
1.17306
1.16545
1.15832
1.15359
1.15343
1.15914
1.1705
1.18568
1.20211
1.21732
1.22923
1.23643
1.23819
1.23443
1.22575
1.2132
1.19792
1.18069
1.16219
1.14354
1.12648
1.11322
1.10577
1.1051
1.11077
1.12104
1.13333
1.14499
1.15396
1.15929
1.16145
1.16212
1.16374
1.16866
1.1783
1.19262
1.21015
1.22853
1.24504
1.25732
1.2638
1.26381
1.25773
1.24713
1.23474
1.22399
1.21792
1.21811
1.22376
1.23194
1.23874
1.24085
1.2368
1.22754
1.21607
1.20636
1.20201
1.20515
1.21592
1.23278
1.25302
1.27347
1.2909
1.30225
1.30512
1.29835
1.28239
1.25941
1.23276
1.20606
1.18219
1.16281
1.14848
1.13922
1.13485
1.13514
1.13951
1.147
1.15611
1.16484
1.17124
1.17392
1.17253
1.16804
1.16216
1.15648
1.15178
1.1482
1.14576
1.14496
1.14681
1.15212
1.16088
1.17207
1.18397
1.19483
1.20338
1.20902
1.21166
1.21157
1.20913
1.20462
1.19837
1.19115
1.18446
1.18039
1.18105
1.18763
1.2001
1.217
1.23552
1.25182
1.26176
1.26164
1.24923
1.22421
1.18866
1.14707
1.10607
1.07349
1.05668
1.05988
1.08232
1.11855
1.16109
1.20345
1.24151
1.27343
1.29864
1.31677
1.32708
1.32877
1.32191
1.30833
1.292
1.27825
1.27146
1.27288
1.28052
1.29097
1.30094
1.30789
1.30997
1.30571
1.29401
1.27439
1.24738
1.21464
1.17887
1.14343
1.11145
1.08509
1.06516
1.05127
1.04274
1.03923
1.04121
1.04946
1.06454
1.08594
1.11167
1.1384
1.16223
1.17993
1.19001
1.19286
1.19022
1.18425
1.17665
1.16864
1.16123
1.15554
1.1527
1.15342
1.15744
1.16375
1.17089
1.17733
1.18197
1.18444
1.18507
1.18454
1.18367
1.18333
1.18448
1.18827
1.19608
1.209
1.22684
1.24798
1.26956
1.28859
1.30288
1.31157
1.31471
1.31302
1.30706
1.29715
1.28353
1.26656
1.24694
1.22564
1.20372
1.18227
1.16251
1.146
1.13445
1.12938
1.13139
1.13985
1.1526
1.16672
1.17914
1.18732
1.18989
1.18675
1.17904
1.1686
1.15749
1.14748
1.13984
1.13526
1.13369
1.13434
1.13594
1.1372
1.13758
1.13743
1.13786
1.14042
1.14671
1.15793
1.17464
1.19628
1.22133
1.24754
1.27234
1.29319
1.30774
1.31401
1.31079
1.29777
1.2758
1.24693
1.2143
1.18143
1.15125
1.12561
1.10513
1.08957
1.07872
1.07299
1.07341
1.08101
1.09577
1.11625
1.14019
1.16557
1.19097
1.21533
1.2376
1.25666
1.27175
1.28259
1.28947
1.29288
1.29334
1.29128
1.28702
1.28093
1.27355
1.26568
1.25837
1.2527
1.24934
1.24847
1.24954
1.25156
1.25315
1.25283
1.24919
1.24114
1.22795
1.20944
1.18605
1.15898
1.13042
1.10351
1.08212
1.06992
1.06912
1.0795
1.09862
1.12284
1.14841
1.17225
1.19214
1.20659
1.21486
1.21697
1.2137
1.20647
1.19683
1.18607
1.17504
1.16417
1.15369
1.14401
1.1356
1.12899
1.12445
1.1223
1.12319
1.12825
1.13851
1.15417
1.17379
1.19465
1.21402
1.23059
1.24473
1.25738
1.26847
1.27652
1.27965
1.2769
1.26892
1.25761
1.24543
1.23484
1.2281
1.22723
1.23337
1.24635
1.26449
1.28488
1.30404
1.31854
1.32594
1.32501
1.31568
1.29866
1.27499
1.24555
1.21135
1.17411
1.13657
1.10238
1.07539
1.05827
1.0517
1.05426
1.06357
1.07753
1.09526
1.11697
1.14299
1.17262
1.20389
1.23407
1.26036
1.28042
1.29255
1.29588
1.29093
1.27996
1.26724
1.25765
1.25427
1.25649
1.26097
1.2641
1.26345
1.25805
1.24763
1.23243
1.21378
1.19491
1.17967
1.16926
1.16064
1.14934
1.13369
1.11585
1.09928
1.08637
1.07801
1.07441
1.07569
1.0817
1.09166
1.10423
1.11803
1.13235
1.14764
1.16553
1.18807
1.2169
1.25245
1.29339
1.33669
1.3782
1.41339
1.43814
1.44965
1.44669
1.42981
1.40098
1.36316
1.31925
1.27163
1.22182
1.17123
1.1221
1.07807
1.04339
1.02109
1.01189
1.01492
1.02896
1.05255
1.08353
1.11833
1.15253
1.18194
1.20368
1.21671
1.22179
1.22089
1.21673
1.21213
1.20967
1.21126
1.21777
1.22892
1.24323
1.25869
1.27313
1.28464
1.29191
1.29427
1.29168
1.28447
1.27318
1.25861
1.24193
1.22469
1.20871
1.19555
1.18606
1.18017
1.17682
1.17437
1.17098
1.16494
1.15512
1.14144
1.12512
1.1086
1.09488
1.08669
1.08537
1.09063
1.10125
1.11586
1.13312
1.15166
1.17014
1.18735
1.20246
1.21516
1.22544
1.23349
1.23964
1.24401
1.24633
1.24588
1.24175
1.2335
1.22168
1.20767
1.19359
1.18146
1.17288
1.16875
1.16939
1.1749
1.18517
1.19975
1.21776
1.23772
1.25766
1.27548
1.28914
1.29649
1.29568
1.28574
1.26723
1.24313
1.21887
1.20066
1.19234
1.19303
1.19793
1.20116
1.19837
1.1878
1.17066
1.15086
1.13428
1.12733
1.13454
1.15631
1.18851
1.22428
1.25675
1.28117
1.29565
1.30081
1.29862
1.29136
1.2809
1.26856
1.25551
1.2429
1.23184
1.22306
1.21654
1.21141
1.20635
1.20008
1.192
1.18272
1.17391
1.16765
1.16498
1.1651
1.16552
1.16333
1.15658
1.14519
1.13112
1.11755
1.10778
1.10399
1.10669
1.11499
1.12732
1.14198
1.15712
1.17111
1.1829
1.1921
1.19903
1.20426
1.20822
1.21089
1.21199
1.21196
1.21239
1.21593
1.22503
1.24023
1.25969
1.2804
1.29977
1.31665
1.33151
1.34518
1.35758
1.3674
1.37291
1.37295
1.36695
1.35461
1.3356
1.30933
1.27578
1.23616
1.19355
1.15327
1.12195
1.10447
1.10112
1.10741
1.11734
1.12646
1.1329
1.13673
1.13906
1.14124
1.14446
1.14938
1.15593
1.16321
1.16962
1.17334
1.17283
1.16728
1.15696
1.14366
1.13047
1.12116
1.1191
1.12589
1.14087
1.16149
1.18452
1.2069
1.22641
1.24165
1.25182
1.25649
1.25586
1.25086
1.24323
1.23543
1.22986
1.22828
1.23151
1.23925
1.25023
1.2624
1.27346
1.28143
1.285
1.2837
1.27797
1.26913
1.25912
1.25003
1.24349
1.23983
1.23802
1.23612
1.23234
1.22554
1.21541
1.20223
1.18661
1.16946
1.15172
1.13425
1.11779
