20 -5.53188e-21 0
40 -5.53203e-21 1.54785e-25
60 -5.5322e-21 1.88472e-25
80 -5.53095e-21 1.25596e-24
100 -5.53015e-21 1.25802e-24
120 -5.52981e-21 1.08223e-24
140 -5.52998e-21 9.3121e-25
160 -5.52973e-21 8.46119e-25
180 -5.52965e-21 7.49964e-25
200 -5.52946e-21 6.97897e-25
220 -5.52943e-21 6.3193e-25
240 -5.52967e-21 6.22365e-25
260 -5.52982e-21 5.92665e-25
280 -5.53e-21 5.78438e-25
300 -5.52997e-21 5.39488e-25
320 -5.52995e-21 5.04885e-25
340 -5.52992e-21 4.75171e-25
360 -5.52978e-21 4.71309e-25
380 -5.52962e-21 4.72972e-25
400 -5.52949e-21 4.66641e-25
420 -5.5293e-21 4.8241e-25
440 -5.52923e-21 4.65882e-25
460 -5.52939e-21 4.72122e-25
480 -5.52946e-21 4.57453e-25
500 -5.52959e-21 4.59028e-25
520 -5.52979e-21 4.83051e-25
540 -5.52971e-21 4.71015e-25
560 -5.52972e-21 4.53891e-25
580 -5.52968e-21 4.39481e-25
600 -5.52968e-21 4.24623e-25
620 -5.5297e-21 4.10843e-25
640 -5.5297e-21 3.97895e-25
660 -5.52975e-21 3.88422e-25
680 -5.52988e-21 3.97704e-25
700 -5.52986e-21 3.86752e-25
720 -5.52988e-21 3.76462e-25
740 -5.52991e-21 3.67769e-25
760 -5.52988e-21 3.59513e-25
780 -5.52979e-21 3.6152e-25
800 -5.52968e-21 3.69203e-25
820 -5.52964e-21 3.62434e-25
840 -5.52964e-21 3.53702e-25
860 -5.52961e-21 3.46385e-25
880 -5.52959e-21 3.39133e-25
900 -5.52959e-21 3.31511e-25
920 -5.52963e-21 3.27145e-25
940 -5.52971e-21 3.28856e-25
960 -5.52974e-21 3.23717e-25
980 -5.52984e-21 3.31184e-25
1000 -5.52993e-21 3.35813e-25
