20 7.55167e+07 0
40 8.37427e+07 8.22601e+06
60 8.46249e+07 4.83053e+06
80 8.93144e+07 5.80153e+06
100 8.78579e+07 4.72399e+06
120 8.87971e+07 3.96984e+06
140 8.70336e+07 3.79039e+06
160 8.69585e+07 3.28343e+06
180 8.69713e+07 2.89574e+06
200 8.75353e+07 2.65072e+06
220 8.71478e+07 2.42878e+06
240 8.74269e+07 2.23466e+06
260 8.90267e+07 2.60479e+06
280 8.89991e+07 2.41172e+06
300 8.96154e+07 2.32824e+06
320 8.99294e+07 2.20039e+06
340 9.07425e+07 2.22109e+06
360 9.09201e+07 2.10158e+06
380 9.17525e+07 2.15513e+06
400 9.24658e+07 2.16538e+06
420 9.33783e+07 2.25279e+06
440 9.28972e+07 2.20116e+06
460 9.22312e+07 2.20623e+06
480 9.23048e+07 2.11358e+06
500 9.23239e+07 2.02737e+06
520 9.20293e+07 1.96998e+06
540 9.16328e+07 1.93664e+06
560 9.15508e+07 1.86799e+06
580 9.17353e+07 1.81185e+06
600 9.18888e+07 1.75713e+06
620 9.16748e+07 1.71292e+06
640 9.16013e+07 1.66015e+06
660 9.17413e+07 1.61514e+06
680 9.20107e+07 1.5899e+06
700 9.2337e+07 1.5779e+06
720 9.25284e+07 1.54535e+06
740 9.25029e+07 1.50322e+06
760 9.24861e+07 1.46322e+06
780 9.2512e+07 1.42544e+06
800 9.23091e+07 1.40409e+06
820 9.28805e+07 1.48384e+06
840 9.30305e+07 1.45583e+06
860 9.26049e+07 1.48392e+06
880 9.26713e+07 1.45132e+06
900 9.22987e+07 1.46683e+06
920 9.195e+07 1.47634e+06
940 9.19337e+07 1.44468e+06
960 9.17277e+07 1.42919e+06
980 9.13808e+07 1.44207e+06
1000 9.14106e+07 1.41325e+06
