20 140.435 0
40 138.489 1.94581
60 138.062 1.20164
80 136.551 1.73374
100 138.126 2.0697
120 137.5 1.80228
140 138.067 1.6255
160 137.927 1.4147
180 137.531 1.30901
200 137.08 1.25466
220 137.31 1.15795
240 137.245 1.05907
260 136.716 1.10835
280 136.859 1.03601
300 136.571 1.00646
320 136.343 0.968619
340 135.928 1.00023
360 136.021 0.947608
380 135.843 0.913877
400 135.613 0.896803
420 135.196 0.949725
440 135.266 0.908214
460 135.358 0.872717
480 135.154 0.860057
500 135.002 0.838833
520 135.059 0.807933
540 135.232 0.796525
560 135.195 0.768466
580 135.019 0.762043
600 134.865 0.752175
620 134.948 0.732201
640 134.956 0.709001
660 134.755 0.716109
680 134.546 0.725446
700 134.378 0.724052
720 134.178 0.731703
740 134.107 0.715148
760 134.105 0.696076
780 134.103 0.677996
800 134.204 0.668416
820 133.898 0.720128
840 133.808 0.708521
860 133.988 0.714822
880 133.914 0.70226
900 134.064 0.702676
920 134.175 0.696163
940 134.096 0.685821
960 134.104 0.671436
980 134.188 0.662913
1000 134.151 0.650552
