20 -8.44024e-21 0
40 -8.4001e-21 4.01425e-23
60 -8.39143e-21 2.47436e-23
80 -8.35889e-21 3.69513e-23
100 -8.3907e-21 4.27967e-23
120 -8.37739e-21 3.7394e-23
140 -8.38932e-21 3.378e-23
160 -8.38616e-21 2.94246e-23
180 -8.37788e-21 2.72383e-23
200 -8.36835e-21 2.61611e-23
220 -8.37308e-21 2.41324e-23
240 -8.37196e-21 2.20581e-23
260 -8.36117e-21 2.29824e-23
280 -8.36431e-21 2.15079e-23
300 -8.35832e-21 2.08995e-23
320 -8.35359e-21 2.01145e-23
340 -8.34495e-21 2.07735e-23
360 -8.34673e-21 1.96662e-23
380 -8.34289e-21 1.8996e-23
400 -8.33801e-21 1.86697e-23
420 -8.32917e-21 1.9835e-23
440 -8.33054e-21 1.89616e-23
460 -8.33261e-21 1.8236e-23
480 -8.32846e-21 1.79462e-23
500 -8.32545e-21 1.74753e-23
520 -8.32682e-21 1.6846e-23
540 -8.33034e-21 1.65865e-23
560 -8.32956e-21 1.60019e-23
580 -8.32589e-21 1.5872e-23
600 -8.3227e-21 1.56615e-23
620 -8.32442e-21 1.52458e-23
640 -8.32461e-21 1.47628e-23
660 -8.32048e-21 1.48915e-23
680 -8.31629e-21 1.50446e-23
700 -8.3128e-21 1.50195e-23
720 -8.30866e-21 1.51705e-23
740 -8.30723e-21 1.48237e-23
760 -8.30716e-21 1.44285e-23
780 -8.30704e-21 1.40543e-23
800 -8.309e-21 1.38393e-23
820 -8.30263e-21 1.49282e-23
840 -8.30076e-21 1.46871e-23
860 -8.30446e-21 1.48103e-23
880 -8.30291e-21 1.45523e-23
900 -8.30602e-21 1.45604e-23
920 -8.30837e-21 1.44322e-23
940 -8.30679e-21 1.42091e-23
960 -8.30701e-21 1.39115e-23
980 -8.30884e-21 1.37473e-23
1000 -8.30816e-21 1.34863e-23
