20 2.90836e-21 0
40 2.86807e-21 4.02972e-23
60 2.85924e-21 2.48857e-23
80 2.82794e-21 3.59053e-23
100 2.86055e-21 4.28629e-23
120 2.84758e-21 3.73247e-23
140 2.85933e-21 3.36637e-23
160 2.85643e-21 2.9298e-23
180 2.84822e-21 2.71092e-23
200 2.83889e-21 2.59837e-23
220 2.84365e-21 2.39808e-23
240 2.8423e-21 2.19331e-23
260 2.83135e-21 2.29536e-23
280 2.83431e-21 2.14556e-23
300 2.82835e-21 2.08434e-23
320 2.82363e-21 2.00598e-23
340 2.81503e-21 2.07146e-23
360 2.81695e-21 1.96247e-23
380 2.81327e-21 1.89261e-23
400 2.80852e-21 1.85725e-23
420 2.79987e-21 1.96685e-23
440 2.80131e-21 1.88089e-23
460 2.80322e-21 1.80737e-23
480 2.799e-21 1.78115e-23
500 2.79586e-21 1.7372e-23
520 2.79703e-21 1.67321e-23
540 2.80062e-21 1.64958e-23
560 2.79985e-21 1.59147e-23
580 2.79621e-21 1.57817e-23
600 2.79301e-21 1.55773e-23
620 2.79473e-21 1.51637e-23
640 2.79491e-21 1.46832e-23
660 2.79073e-21 1.48304e-23
680 2.78641e-21 1.50238e-23
700 2.78294e-21 1.49949e-23
720 2.77878e-21 1.51534e-23
740 2.77732e-21 1.48105e-23
760 2.77728e-21 1.44156e-23
780 2.77725e-21 1.40411e-23
800 2.77933e-21 1.38427e-23
820 2.77299e-21 1.49137e-23
840 2.77112e-21 1.46733e-23
860 2.77485e-21 1.48038e-23
880 2.77332e-21 1.45436e-23
900 2.77643e-21 1.45522e-23
920 2.77873e-21 1.44173e-23
940 2.77708e-21 1.42032e-23
960 2.77726e-21 1.39053e-23
980 2.779e-21 1.37287e-23
1000 2.77824e-21 1.34728e-23
