-5.53221e-21
-5.53166e-21
-5.53211e-21
-5.53325e-21
-5.53389e-21
-5.53483e-21
-5.53439e-21
-5.53572e-21
-5.53425e-21
-5.534e-21
-5.5298e-21
-5.5287e-21
-5.5274e-21
-5.5289e-21
-5.53005e-21
-5.52952e-21
-5.53074e-21
-5.53203e-21
-5.53156e-21
-5.53251e-21
-5.53143e-21
-5.53174e-21
-5.53027e-21
-5.52921e-21
-5.52944e-21
-5.52821e-21
-5.52928e-21
-5.53192e-21
-5.53424e-21
-5.53478e-21
-5.53623e-21
-5.53567e-21
-5.53297e-21
-5.53266e-21
-5.53236e-21
-5.5307e-21
-5.53167e-21
-5.53147e-21
-5.53483e-21
-5.53465e-21
-5.53602e-21
-5.53679e-21
-5.53734e-21
-5.53839e-21
-5.5384e-21
-5.535e-21
-5.5353e-21
-5.53256e-21
-5.53053e-21
-5.52974e-21
-5.52978e-21
-5.52913e-21
-5.5299e-21
-5.5294e-21
-5.52896e-21
-5.52997e-21
-5.53039e-21
-5.53087e-21
-5.53145e-21
-5.53066e-21
-5.53025e-21
-5.53182e-21
-5.52927e-21
-5.52903e-21
-5.5277e-21
-5.52798e-21
-5.52837e-21
-5.52871e-21
-5.52792e-21
-5.52673e-21
-5.52557e-21
-5.52791e-21
-5.52786e-21
-5.52622e-21
-5.52549e-21
-5.52546e-21
-5.52485e-21
-5.52336e-21
-5.52459e-21
-5.52494e-21
-5.52583e-21
-5.52682e-21
-5.52603e-21
-5.52845e-21
-5.52991e-21
-5.53015e-21
-5.52959e-21
-5.52889e-21
-5.52923e-21
-5.52929e-21
-5.52832e-21
-5.52909e-21
-5.52873e-21
-5.52727e-21
-5.52635e-21
-5.52313e-21
-5.52281e-21
-5.52276e-21
-5.52352e-21
-5.52305e-21
-5.52227e-21
-5.52287e-21
-5.52159e-21
-5.52243e-21
-5.52327e-21
-5.52397e-21
-5.52638e-21
-5.52892e-21
-5.52904e-21
-5.52987e-21
-5.53276e-21
-5.53125e-21
-5.53083e-21
-5.53062e-21
-5.53181e-21
-5.53097e-21
-5.53241e-21
-5.53161e-21
-5.52925e-21
-5.53003e-21
-5.52997e-21
-5.53042e-21
-5.53123e-21
-5.53248e-21
-5.532e-21
-5.53173e-21
-5.53224e-21
-5.53182e-21
-5.53249e-21
-5.53078e-21
-5.53119e-21
-5.53085e-21
-5.53075e-21
-5.53144e-21
-5.5306e-21
-5.5295e-21
-5.52962e-21
-5.53126e-21
-5.5308e-21
-5.52951e-21
-5.52993e-21
-5.5283e-21
-5.52641e-21
-5.52708e-21
-5.52834e-21
-5.52643e-21
-5.52626e-21
-5.52624e-21
-5.52681e-21
-5.529e-21
-5.52916e-21
-5.52769e-21
-5.52721e-21
-5.52553e-21
-5.52568e-21
-5.52683e-21
-5.52841e-21
-5.53028e-21
-5.53183e-21
-5.53132e-21
-5.53305e-21
-5.53234e-21
-5.53362e-21
-5.53217e-21
-5.5313e-21
-5.5315e-21
-5.53118e-21
-5.53102e-21
-5.53065e-21
-5.52889e-21
-5.52926e-21
-5.52923e-21
-5.52775e-21
-5.52749e-21
-5.52746e-21
-5.5264e-21
-5.52631e-21
-5.52593e-21
-5.52425e-21
-5.52128e-21
-5.52008e-21
-5.51927e-21
-5.51851e-21
-5.51967e-21
-5.52106e-21
-5.52461e-21
-5.5271e-21
-5.52794e-21
-5.52937e-21
-5.52758e-21
-5.52767e-21
-5.52988e-21
-5.53144e-21
-5.53197e-21
-5.53194e-21
-5.53223e-21
-5.53289e-21
-5.53346e-21
-5.53436e-21
-5.53355e-21
-5.53262e-21
-5.53196e-21
-5.52971e-21
-5.52896e-21
-5.52779e-21
-5.52777e-21
-5.52626e-21
-5.52535e-21
-5.52537e-21
-5.5251e-21
-5.52497e-21
-5.52643e-21
-5.52636e-21
-5.52639e-21
-5.52966e-21
-5.53133e-21
-5.53283e-21
-5.53336e-21
-5.53511e-21
-5.53556e-21
-5.53473e-21
-5.53741e-21
-5.53664e-21
-5.53426e-21
-5.53308e-21
-5.53246e-21
-5.53147e-21
-5.53087e-21
-5.53016e-21
-5.52926e-21
-5.53109e-21
-5.52908e-21
-5.52996e-21
-5.52874e-21
-5.5296e-21
-5.53027e-21
-5.5313e-21
-5.53328e-21
-5.53502e-21
-5.53604e-21
-5.53737e-21
-5.53647e-21
-5.53727e-21
-5.53712e-21
-5.53617e-21
-5.53385e-21
-5.53265e-21
-5.53053e-21
-5.5297e-21
-5.5286e-21
-5.52804e-21
-5.52776e-21
-5.52641e-21
-5.52867e-21
-5.52736e-21
-5.5283e-21
-5.52897e-21
-5.53116e-21
-5.53272e-21
-5.53406e-21
-5.53596e-21
-5.53713e-21
-5.53715e-21
-5.53445e-21
-5.53369e-21
-5.53303e-21
-5.53183e-21
-5.53166e-21
-5.53181e-21
-5.5316e-21
-5.5296e-21
-5.53085e-21
-5.52959e-21
-5.53006e-21
-5.52944e-21
-5.53066e-21
-5.53133e-21
-5.53259e-21
-5.53264e-21
-5.53258e-21
-5.53058e-21
-5.5301e-21
-5.53077e-21
-5.53181e-21
-5.53303e-21
-5.53262e-21
-5.53201e-21
-5.53126e-21
-5.52982e-21
-5.52783e-21
-5.5261e-21
-5.52509e-21
-5.52481e-21
-5.52542e-21
-5.52709e-21
-5.52878e-21
-5.52932e-21
-5.52945e-21
-5.53207e-21
-5.53232e-21
-5.53408e-21
-5.53455e-21
-5.53275e-21
-5.53271e-21
-5.53064e-21
-5.52885e-21
-5.52744e-21
-5.52728e-21
-5.52568e-21
-5.52604e-21
-5.52555e-21
-5.52812e-21
-5.52975e-21
-5.5314e-21
-5.53247e-21
-5.53313e-21
-5.53079e-21
-5.52831e-21
-5.52885e-21
-5.52603e-21
-5.5259e-21
-5.52687e-21
-5.52628e-21
-5.52746e-21
-5.52891e-21
-5.53059e-21
-5.53118e-21
-5.52976e-21
-5.52934e-21
-5.53028e-21
-5.5296e-21
-5.5286e-21
-5.52911e-21
-5.52986e-21
-5.5314e-21
-5.53199e-21
-5.532e-21
-5.53143e-21
-5.52944e-21
-5.52907e-21
-5.52677e-21
-5.52739e-21
-5.52818e-21
-5.52789e-21
-5.52767e-21
-5.52741e-21
-5.52502e-21
-5.52588e-21
-5.52429e-21
-5.52504e-21
-5.52507e-21
-5.53012e-21
-5.53209e-21
-5.5323e-21
-5.53177e-21
-5.52971e-21
-5.52753e-21
-5.5254e-21
-5.52413e-21
-5.52215e-21
-5.52158e-21
-5.52222e-21
-5.52118e-21
-5.52237e-21
-5.52524e-21
-5.52673e-21
-5.52856e-21
-5.53041e-21
-5.53217e-21
-5.53108e-21
-5.52883e-21
-5.52924e-21
-5.528e-21
-5.52774e-21
-5.52709e-21
-5.52832e-21
-5.52572e-21
-5.52568e-21
-5.52568e-21
-5.52772e-21
-5.53108e-21
-5.53151e-21
-5.53103e-21
-5.52859e-21
-5.52898e-21
-5.52853e-21
-5.52535e-21
-5.52358e-21
-5.52185e-21
-5.52028e-21
-5.52025e-21
-5.52086e-21
-5.52432e-21
-5.52764e-21
-5.52817e-21
-5.52952e-21
-5.52898e-21
-5.53109e-21
-5.52998e-21
-5.52958e-21
-5.52609e-21
-5.52513e-21
-5.52206e-21
-5.5214e-21
-5.51964e-21
-5.5197e-21
-5.52134e-21
-5.52035e-21
-5.52136e-21
-5.51985e-21
-5.52174e-21
-5.52399e-21
-5.52698e-21
-5.52806e-21
-5.53032e-21
-5.53189e-21
-5.53372e-21
-5.53289e-21
-5.53258e-21
-5.53141e-21
-5.52902e-21
-5.52742e-21
-5.52633e-21
-5.52474e-21
-5.52485e-21
-5.52402e-21
-5.52484e-21
-5.52428e-21
-5.52487e-21
-5.52546e-21
-5.52819e-21
-5.52915e-21
-5.52995e-21
-5.53057e-21
-5.53067e-21
-5.53087e-21
-5.52971e-21
-5.52921e-21
-5.52913e-21
-5.53021e-21
-5.52963e-21
-5.53061e-21
-5.53156e-21
-5.53216e-21
-5.53242e-21
-5.53369e-21
-5.53366e-21
-5.53414e-21
-5.5352e-21
-5.53665e-21
-5.53694e-21
-5.5356e-21
-5.53492e-21
-5.53341e-21
-5.53247e-21
-5.53211e-21
-5.53036e-21
-5.53127e-21
-5.52992e-21
-5.53018e-21
-5.52964e-21
-5.53056e-21
-5.52985e-21
-5.53135e-21
-5.53156e-21
-5.53244e-21
-5.53285e-21
-5.53277e-21
-5.5314e-21
-5.53076e-21
-5.53075e-21
-5.52978e-21
-5.53068e-21
-5.52894e-21
-5.52939e-21
-5.52948e-21
-5.53099e-21
-5.53181e-21
-5.53327e-21
-5.53319e-21
-5.53121e-21
-5.52974e-21
-5.52798e-21
-5.52686e-21
-5.52693e-21
-5.5291e-21
-5.53386e-21
-5.53773e-21
-5.53948e-21
-5.54041e-21
-5.53959e-21
-5.53719e-21
-5.53699e-21
-5.53685e-21
-5.5355e-21
-5.53185e-21
-5.52949e-21
-5.52846e-21
-5.52919e-21
-5.52815e-21
-5.52722e-21
-5.52881e-21
-5.52793e-21
-5.52883e-21
-5.53016e-21
-5.5317e-21
-5.53246e-21
-5.5348e-21
-5.53575e-21
-5.53596e-21
-5.53607e-21
-5.5372e-21
-5.53839e-21
-5.53788e-21
-5.53964e-21
-5.53814e-21
-5.53868e-21
-5.5396e-21
-5.53793e-21
-5.53715e-21
-5.53395e-21
-5.53277e-21
-5.53009e-21
-5.53015e-21
-5.52839e-21
-5.52848e-21
-5.52957e-21
-5.52832e-21
-5.52678e-21
-5.52404e-21
-5.52428e-21
-5.52413e-21
-5.52519e-21
-5.52521e-21
-5.52646e-21
-5.52624e-21
-5.5261e-21
-5.52755e-21
-5.52777e-21
-5.52918e-21
-5.53119e-21
-5.53217e-21
-5.53217e-21
-5.53345e-21
-5.53337e-21
-5.53327e-21
-5.53308e-21
-5.53202e-21
-5.53068e-21
-5.52913e-21
-5.52672e-21
-5.5274e-21
-5.5264e-21
-5.52709e-21
-5.52776e-21
-5.52818e-21
-5.5286e-21
-5.52804e-21
-5.5281e-21
-5.52704e-21
-5.52743e-21
-5.52778e-21
-5.52683e-21
-5.52598e-21
-5.52697e-21
-5.5279e-21
-5.52962e-21
-5.53097e-21
-5.52991e-21
-5.53034e-21
-5.53099e-21
-5.52962e-21
-5.52685e-21
-5.52627e-21
-5.52607e-21
-5.52748e-21
-5.52932e-21
-5.52995e-21
-5.53103e-21
-5.53181e-21
-5.53197e-21
-5.53063e-21
-5.5304e-21
-5.5293e-21
-5.52814e-21
-5.52917e-21
-5.52881e-21
-5.52918e-21
-5.53114e-21
-5.53093e-21
-5.53278e-21
-5.5315e-21
-5.52891e-21
-5.52769e-21
-5.52658e-21
-5.52684e-21
-5.52915e-21
-5.53077e-21
-5.53096e-21
-5.53239e-21
-5.53232e-21
-5.53413e-21
-5.53478e-21
-5.5339e-21
-5.53378e-21
-5.53357e-21
-5.53076e-21
-5.52943e-21
-5.5274e-21
-5.52692e-21
-5.52578e-21
-5.52485e-21
-5.52547e-21
-5.52676e-21
-5.52938e-21
-5.52826e-21
-5.53101e-21
-5.53175e-21
-5.53093e-21
-5.52933e-21
-5.53077e-21
-5.52979e-21
-5.52825e-21
-5.52805e-21
-5.52721e-21
-5.52775e-21
-5.52901e-21
-5.53029e-21
-5.53282e-21
-5.53403e-21
-5.53513e-21
-5.53396e-21
-5.5316e-21
-5.52959e-21
-5.52983e-21
-5.52916e-21
-5.52888e-21
-5.5289e-21
-5.52818e-21
-5.52639e-21
-5.52729e-21
-5.52806e-21
-5.53199e-21
-5.53302e-21
-5.53296e-21
-5.53195e-21
-5.5323e-21
-5.53187e-21
-5.53275e-21
-5.53247e-21
-5.53198e-21
-5.53136e-21
-5.52985e-21
-5.52979e-21
-5.53036e-21
-5.53137e-21
-5.53185e-21
-5.53158e-21
-5.53089e-21
-5.53099e-21
-5.52909e-21
-5.53005e-21
-5.53072e-21
-5.53204e-21
-5.53211e-21
-5.5334e-21
-5.53559e-21
-5.53702e-21
-5.53663e-21
-5.53719e-21
-5.53795e-21
-5.53699e-21
-5.53782e-21
-5.53699e-21
-5.53532e-21
-5.53469e-21
-5.53463e-21
-5.53226e-21
-5.53159e-21
-5.52942e-21
-5.52818e-21
-5.52823e-21
-5.52948e-21
-5.52747e-21
-5.52654e-21
-5.52692e-21
-5.52946e-21
-5.52887e-21
-5.52941e-21
-5.52981e-21
-5.52952e-21
-5.53148e-21
-5.53119e-21
-5.53045e-21
-5.53062e-21
-5.5298e-21
-5.53052e-21
-5.52951e-21
-5.52696e-21
-5.52835e-21
-5.52691e-21
-5.5253e-21
-5.52481e-21
-5.52577e-21
-5.52644e-21
-5.52746e-21
-5.52976e-21
-5.53221e-21
-5.53353e-21
-5.53388e-21
-5.5343e-21
-5.53312e-21
-5.53104e-21
-5.5308e-21
-5.53248e-21
-5.53388e-21
-5.53312e-21
-5.53212e-21
-5.53339e-21
-5.5322e-21
-5.53243e-21
-5.53121e-21
-5.53163e-21
-5.53165e-21
-5.53096e-21
-5.52977e-21
-5.52992e-21
-5.5295e-21
-5.52953e-21
-5.52942e-21
-5.52984e-21
-5.53276e-21
-5.53398e-21
-5.53299e-21
-5.53276e-21
-5.53338e-21
-5.53322e-21
-5.53011e-21
-5.52996e-21
-5.5281e-21
-5.52786e-21
-5.52697e-21
-5.52685e-21
-5.52708e-21
-5.52686e-21
-5.52871e-21
-5.52886e-21
-5.53029e-21
-5.53189e-21
-5.53313e-21
-5.53192e-21
-5.53088e-21
-5.53053e-21
-5.53072e-21
-5.52857e-21
-5.52792e-21
-5.52757e-21
-5.52603e-21
-5.52508e-21
-5.5252e-21
-5.52364e-21
-5.52495e-21
-5.52442e-21
-5.52386e-21
-5.52356e-21
-5.52498e-21
-5.52432e-21
-5.52621e-21
-5.52468e-21
-5.5268e-21
-5.52627e-21
-5.52654e-21
-5.52689e-21
-5.52575e-21
-5.52835e-21
-5.52855e-21
-5.52991e-21
-5.52975e-21
-5.52957e-21
-5.5285e-21
-5.5282e-21
-5.52795e-21
-5.52835e-21
-5.52617e-21
-5.52849e-21
-5.52664e-21
-5.52394e-21
-5.5221e-21
-5.52083e-21
-5.52059e-21
-5.52147e-21
-5.5243e-21
-5.52612e-21
-5.52679e-21
-5.52534e-21
-5.52672e-21
-5.52673e-21
-5.52678e-21
-5.52581e-21
-5.52429e-21
-5.52373e-21
-5.5226e-21
-5.52378e-21
-5.52592e-21
-5.52767e-21
-5.52695e-21
-5.52659e-21
-5.52695e-21
-5.52703e-21
-5.52857e-21
-5.52761e-21
-5.52929e-21
-5.52942e-21
-5.52871e-21
-5.52962e-21
-5.53022e-21
-5.52995e-21
-5.53139e-21
-5.53111e-21
-5.53271e-21
-5.531e-21
-5.53085e-21
-5.53118e-21
-5.53165e-21
-5.53105e-21
-5.52983e-21
-5.52945e-21
-5.52883e-21
-5.53098e-21
-5.53171e-21
-5.53089e-21
-5.5304e-21
-5.52885e-21
-5.5268e-21
-5.52724e-21
-5.52689e-21
-5.52703e-21
-5.52796e-21
-5.52975e-21
-5.53162e-21
-5.5319e-21
-5.53184e-21
-5.53221e-21
-5.53316e-21
-5.53346e-21
-5.53402e-21
-5.53271e-21
-5.53283e-21
-5.53036e-21
-5.5285e-21
-5.52744e-21
-5.52643e-21
-5.52525e-21
-5.52379e-21
-5.52396e-21
-5.52371e-21
-5.52291e-21
-5.52383e-21
-5.52558e-21
-5.5262e-21
-5.52728e-21
-5.52744e-21
-5.5294e-21
-5.5292e-21
-5.53021e-21
-5.5316e-21
-5.53226e-21
-5.53195e-21
-5.53177e-21
-5.53119e-21
-5.53014e-21
-5.5298e-21
-5.52846e-21
-5.52605e-21
-5.52412e-21
-5.5242e-21
-5.5244e-21
-5.52581e-21
-5.52839e-21
-5.52928e-21
-5.5321e-21
-5.53281e-21
-5.53152e-21
-5.53319e-21
-5.53297e-21
-5.53114e-21
-5.52923e-21
-5.52746e-21
-5.52671e-21
-5.52624e-21
-5.52649e-21
-5.52677e-21
-5.52848e-21
-5.53056e-21
-5.53005e-21
-5.52898e-21
-5.5287e-21
-5.52976e-21
-5.52899e-21
-5.52917e-21
-5.52853e-21
-5.52954e-21
-5.53017e-21
-5.5299e-21
-5.53068e-21
-5.53289e-21
-5.5346e-21
-5.5347e-21
-5.53317e-21
-5.53014e-21
-5.52832e-21
-5.528e-21
-5.52849e-21
-5.52921e-21
-5.5306e-21
-5.53403e-21
-5.53481e-21
-5.53504e-21
-5.53481e-21
-5.53432e-21
-5.53253e-21
-5.53169e-21
-5.53022e-21
-5.532e-21
-5.5318e-21
-5.53097e-21
-5.53048e-21
-5.53163e-21
-5.53154e-21
-5.53375e-21
-5.53412e-21
-5.53615e-21
-5.53564e-21
-5.53685e-21
-5.5351e-21
-5.53326e-21
-5.53336e-21
-5.53384e-21
-5.53364e-21
-5.53496e-21
-5.53381e-21
-5.53152e-21
-5.52964e-21
-5.5303e-21
-5.52864e-21
-5.52959e-21
-5.52927e-21
-5.52896e-21
-5.52929e-21
-5.52982e-21
-5.53086e-21
-5.53273e-21
-5.53376e-21
-5.53331e-21
-5.53354e-21
-5.5332e-21
-5.53368e-21
-5.53325e-21
-5.53126e-21
-5.53036e-21
-5.53273e-21
-5.53554e-21
-5.53568e-21
-5.53744e-21
-5.54024e-21
-5.53975e-21
-5.53956e-21
-5.53935e-21
-5.53771e-21
-5.53566e-21
-5.53471e-21
-5.53241e-21
-5.5294e-21
-5.52865e-21
-5.52817e-21
-5.52913e-21
-5.53135e-21
-5.53299e-21
-5.53406e-21
-5.53419e-21
-5.53625e-21
-5.53745e-21
-5.5379e-21
-5.53912e-21
-5.53879e-21
-5.53716e-21
-5.5347e-21
-5.53484e-21
-5.53363e-21
-5.5325e-21
-5.53059e-21
-5.52965e-21
-5.53003e-21
-5.53091e-21
-5.53107e-21
-5.53196e-21
-5.53491e-21
-5.53518e-21
-5.5341e-21
-5.53251e-21
