2.77767e-21
2.79248e-21
2.80769e-21
2.8269e-21
2.85393e-21
2.88937e-21
2.92905e-21
2.96593e-21
2.99342e-21
3.0072e-21
3.00592e-21
2.99147e-21
2.96846e-21
2.94258e-21
2.91863e-21
2.90024e-21
2.89025e-21
2.89047e-21
2.90025e-21
2.9154e-21
2.92901e-21
2.93381e-21
2.92507e-21
2.90199e-21
2.86798e-21
2.82979e-21
2.79553e-21
2.77233e-21
2.76421e-21
2.77083e-21
2.78787e-21
2.80843e-21
2.82536e-21
2.83333e-21
2.83037e-21
2.81843e-21
2.80266e-21
2.78935e-21
2.78326e-21
2.7858e-21
2.79567e-21
2.81118e-21
2.83196e-21
2.85841e-21
2.88934e-21
2.9201e-21
2.94319e-21
2.95145e-21
2.94162e-21
2.91581e-21
2.88074e-21
2.84498e-21
2.81505e-21
2.79307e-21
2.77769e-21
2.76752e-21
2.76314e-21
2.76585e-21
2.77542e-21
2.7892e-21
2.80336e-21
2.81453e-21
2.82068e-21
2.82147e-21
2.81811e-21
2.81209e-21
2.80341e-21
2.78981e-21
2.76872e-21
2.74085e-21
2.71191e-21
2.69014e-21
2.68045e-21
2.68051e-21
2.68278e-21
2.67988e-21
2.6684e-21
2.64972e-21
2.62918e-21
2.6149e-21
2.61547e-21
2.63698e-21
2.68013e-21
2.73959e-21
2.80635e-21
2.87161e-21
2.92999e-21
2.98051e-21
3.02535e-21
3.06724e-21
3.10732e-21
3.14414e-21
3.1745e-21
3.19462e-21
3.20154e-21
3.19385e-21
3.17201e-21
3.13807e-21
3.09504e-21
3.04592e-21
2.99304e-21
2.93802e-21
2.882e-21
2.82618e-21
2.77229e-21
2.72328e-21
2.68337e-21
2.65693e-21
2.64655e-21
2.65131e-21
2.66741e-21
2.69046e-21
2.71754e-21
2.74768e-21
2.78039e-21
2.81389e-21
2.84446e-21
2.86711e-21
2.8776e-21
2.8747e-21
2.86216e-21
2.84856e-21
2.84375e-21
2.85354e-21
2.87658e-21
2.90632e-21
2.93491e-21
2.9564e-21
2.96768e-21
2.96852e-21
2.96126e-21
2.95028e-21
2.94079e-21
2.9369e-21
2.94e-21
2.94865e-21
2.95997e-21
2.97135e-21
2.98111e-21
2.98838e-21
2.99259e-21
2.99323e-21
2.99e-21
2.98312e-21
2.97331e-21
2.96148e-21
2.94811e-21
2.9327e-21
2.91388e-21
2.89002e-21
2.86027e-21
2.82506e-21
2.78617e-21
2.74637e-21
2.70882e-21
2.67644e-21
2.65146e-21
2.63504e-21
2.62705e-21
2.62675e-21
2.6337e-21
2.64826e-21
2.67083e-21
2.70037e-21
2.7336e-21
2.76608e-21
2.79419e-21
2.81604e-21
2.83137e-21
2.84102e-21
2.84618e-21
2.84805e-21
2.84737e-21
2.84432e-21
2.83859e-21
2.82988e-21
2.81793e-21
2.80243e-21
2.78293e-21
2.75892e-21
2.73022e-21
2.69758e-21
2.66311e-21
2.63033e-21
2.60382e-21
2.58822e-21
2.58672e-21
2.59964e-21
2.62428e-21
2.65607e-21
2.6906e-21
2.72522e-21
2.75972e-21
2.79576e-21
2.83558e-21
2.88062e-21
2.9306e-21
2.98324e-21
3.03472e-21
3.0805e-21
3.1164e-21
3.13935e-21
3.14768e-21
3.14094e-21
3.1195e-21
3.08451e-21
3.03788e-21
2.98262e-21
2.92272e-21
2.86258e-21
2.80657e-21
2.75837e-21
2.72091e-21
2.69586e-21
2.68363e-21
2.68367e-21
2.69468e-21
2.71472e-21
2.7413e-21
2.77156e-21
2.80254e-21
2.83151e-21
2.85627e-21
2.87529e-21
2.88777e-21
2.89367e-21
2.8939e-21
2.88988e-21
2.88306e-21
2.87446e-21
2.86434e-21
2.85217e-21
2.83686e-21
2.81735e-21
2.79333e-21
2.76653e-21
2.7415e-21
2.72499e-21
2.72342e-21
2.73986e-21
2.7724e-21
2.815e-21
2.85992e-21
2.89954e-21
2.92747e-21
2.93906e-21
2.93168e-21
2.90499e-21
2.86075e-21
2.80281e-21
2.73629e-21
2.66668e-21
2.59878e-21
2.53652e-21
2.48376e-21
2.44511e-21
2.42569e-21
2.42949e-21
2.45742e-21
2.50659e-21
2.57113e-21
2.64381e-21
2.71766e-21
2.78689e-21
2.84751e-21
2.89726e-21
2.9352e-21
2.96123e-21
2.9758e-21
2.97992e-21
2.97536e-21
2.96442e-21
2.9496e-21
2.93328e-21
2.91745e-21
2.90343e-21
2.89145e-21
2.88049e-21
2.86865e-21
2.85423e-21
2.83679e-21
2.81795e-21
2.80105e-21
2.79012e-21
2.78811e-21
2.79549e-21
2.80946e-21
2.82452e-21
2.83388e-21
2.83115e-21
2.81211e-21
2.77636e-21
2.72841e-21
2.67766e-21
2.63561e-21
2.61074e-21
2.60499e-21
2.61528e-21
2.63801e-21
2.67136e-21
2.71384e-21
2.7617e-21
2.80837e-21
2.8461e-21
2.86826e-21
2.87093e-21
2.85348e-21
2.81891e-21
2.77371e-21
2.72683e-21
2.68785e-21
2.66441e-21
2.65992e-21
2.67242e-21
2.69533e-21
2.71972e-21
2.73702e-21
2.74133e-21
2.73058e-21
2.70671e-21
2.67507e-21
2.64349e-21
2.62002e-21
2.6098e-21
2.61317e-21
2.62633e-21
2.64356e-21
2.65917e-21
2.66919e-21
2.67278e-21
2.67234e-21
2.67212e-21
2.67585e-21
2.68487e-21
2.69799e-21
2.71305e-21
2.72853e-21
2.74376e-21
2.75761e-21
2.7684e-21
2.77553e-21
2.78139e-21
2.79055e-21
2.80531e-21
2.82198e-21
2.83267e-21
2.83098e-21
2.81606e-21
2.793e-21
2.77138e-21
2.7622e-21
2.77383e-21
2.80764e-21
2.85697e-21
2.91019e-21
2.95559e-21
2.98475e-21
2.99341e-21
2.98103e-21
2.94967e-21
2.90282e-21
2.84477e-21
2.78062e-21
2.71673e-21
2.66139e-21
2.62388e-21
2.61097e-21
2.62236e-21
2.65005e-21
2.68261e-21
2.7108e-21
2.73067e-21
2.74348e-21
2.75357e-21
2.76543e-21
2.78161e-21
2.80233e-21
2.82628e-21
2.85136e-21
2.87544e-21
2.89657e-21
2.91296e-21
2.92294e-21
2.92463e-21
2.91613e-21
2.89604e-21
2.86388e-21
2.82056e-21
2.76825e-21
2.71044e-21
2.65184e-21
2.59829e-21
2.55612e-21
2.5305e-21
2.52325e-21
2.53211e-21
2.55163e-21
2.57548e-21
2.59811e-21
2.61568e-21
2.62622e-21
2.6294e-21
2.6261e-21
2.61786e-21
2.60627e-21
2.59239e-21
2.57694e-21
2.56083e-21
2.54588e-21
2.53465e-21
2.52917e-21
2.53045e-21
2.54011e-21
2.56124e-21
2.59673e-21
2.64672e-21
2.70791e-21
2.7745e-21
2.83945e-21
2.89591e-21
2.93831e-21
2.96317e-21
2.96939e-21
2.95819e-21
2.933e-21
2.89885e-21
2.86186e-21
2.82849e-21
2.80409e-21
2.79098e-21
2.78739e-21
2.78868e-21
2.79003e-21
2.78838e-21
2.78269e-21
2.77342e-21
2.76175e-21
2.74921e-21
2.73747e-21
2.72817e-21
2.72261e-21
2.72162e-21
2.7253e-21
2.73309e-21
2.7439e-21
2.75726e-21
2.77409e-21
2.79686e-21
2.8276e-21
2.86515e-21
2.90428e-21
2.93821e-21
2.96195e-21
2.9734e-21
2.97253e-21
2.96011e-21
2.93705e-21
2.90463e-21
2.8648e-21
2.82054e-21
2.77589e-21
2.73546e-21
2.70351e-21
2.68313e-21
2.67526e-21
2.67819e-21
2.68788e-21
2.69935e-21
2.70848e-21
2.71367e-21
2.71549e-21
2.71497e-21
2.71179e-21
2.70437e-21
2.69252e-21
2.68033e-21
2.67484e-21
2.68033e-21
2.69418e-21
2.70899e-21
2.71734e-21
2.71351e-21
2.69349e-21
2.65601e-21
2.60576e-21
2.55658e-21
2.52817e-21
2.53302e-21
2.5672e-21
2.61752e-21
2.67322e-21
2.72908e-21
2.78216e-21
2.82884e-21
2.86448e-21
2.88505e-21
2.88905e-21
2.87823e-21
2.85687e-21
2.83008e-21
2.80214e-21
2.77622e-21
2.75496e-21
2.74119e-21
2.73742e-21
2.74453e-21
2.76089e-21
2.78296e-21
2.80655e-21
2.82841e-21
2.84679e-21
2.8613e-21
2.87238e-21
2.88062e-21
2.8863e-21
2.88949e-21
2.89032e-21
2.8896e-21
2.88877e-21
2.88941e-21
2.8927e-21
2.89918e-21
2.90891e-21
2.92183e-21
2.93759e-21
2.95519e-21
2.97263e-21
2.98693e-21
2.99487e-21
2.9938e-21
2.98262e-21
2.96178e-21
2.93287e-21
2.89795e-21
2.85926e-21
2.81928e-21
2.78109e-21
2.74808e-21
2.72337e-21
2.70932e-21
2.70738e-21
2.71803e-21
2.74017e-21
2.77035e-21
2.80306e-21
2.83243e-21
2.85405e-21
2.86558e-21
2.86631e-21
2.85631e-21
2.83632e-21
2.80858e-21
2.77757e-21
2.74971e-21
2.73125e-21
2.725e-21
2.72847e-21
2.73536e-21
2.73863e-21
2.73308e-21
2.71647e-21
2.68944e-21
2.6553e-21
2.61934e-21
2.58765e-21
2.56548e-21
2.55658e-21
2.56312e-21
2.58521e-21
2.61972e-21
2.66008e-21
2.69824e-21
2.72796e-21
2.74786e-21
2.76215e-21
2.77743e-21
2.79805e-21
2.82384e-21
2.85204e-21
2.87967e-21
2.90351e-21
2.91919e-21
2.92204e-21
2.90926e-21
2.8811e-21
2.84066e-21
2.79317e-21
2.74544e-21
2.70433e-21
2.67366e-21
2.65177e-21
2.63293e-21
2.61201e-21
2.58792e-21
2.5632e-21
2.54163e-21
2.52658e-21
2.52102e-21
2.52809e-21
2.55082e-21
2.59068e-21
2.64594e-21
2.71145e-21
2.77993e-21
2.84367e-21
2.89581e-21
2.93148e-21
2.94868e-21
2.94868e-21
2.93576e-21
2.91576e-21
2.89413e-21
2.87475e-21
2.85989e-21
2.85082e-21
2.84811e-21
2.85121e-21
2.85817e-21
2.86611e-21
2.87205e-21
2.8735e-21
2.86848e-21
2.8558e-21
2.83543e-21
2.80949e-21
2.78284e-21
2.76239e-21
2.75474e-21
2.76289e-21
2.78414e-21
2.81114e-21
2.83545e-21
2.85083e-21
2.85422e-21
2.84493e-21
2.82341e-21
2.79072e-21
2.74897e-21
2.702e-21
2.65585e-21
2.61765e-21
2.59302e-21
2.58352e-21
2.58658e-21
2.59823e-21
2.61577e-21
2.63764e-21
2.66187e-21
2.68489e-21
2.7022e-21
2.71053e-21
2.70923e-21
2.70073e-21
2.68915e-21
2.67882e-21
2.6727e-21
2.67174e-21
2.67463e-21
2.678e-21
2.6773e-21
2.66872e-21
2.65135e-21
2.62794e-21
2.60415e-21
2.58601e-21
2.57737e-21
2.5789e-21
2.58867e-21
2.60378e-21
2.62113e-21
2.63768e-21
2.65066e-21
2.65897e-21
2.66443e-21
2.67108e-21
2.68168e-21
2.69433e-21
2.70373e-21
2.70526e-21
2.69743e-21
2.68114e-21
2.65865e-21
2.63363e-21
2.61088e-21
2.59476e-21
2.58735e-21
2.58841e-21
2.59676e-21
2.61117e-21
2.6304e-21
2.65281e-21
2.67622e-21
2.69805e-21
2.71595e-21
2.72848e-21
2.7352e-21
2.73639e-21
2.73241e-21
2.72318e-21
2.70821e-21
2.6867e-21
2.65848e-21
2.62557e-21
2.59325e-21
2.56891e-21
2.55836e-21
2.56242e-21
2.5769e-21
2.59546e-21
2.61231e-21
2.6241e-21
2.63056e-21
2.63422e-21
2.6387e-21
2.64673e-21
2.65911e-21
2.6748e-21
2.69184e-21
2.70785e-21
2.72052e-21
2.72834e-21
2.73106e-21
2.72964e-21
2.72546e-21
2.71926e-21
2.71113e-21
2.70142e-21
2.69143e-21
2.68319e-21
2.67834e-21
2.67757e-21
2.68096e-21
2.68873e-21
2.70142e-21
2.71939e-21
2.74199e-21
2.76718e-21
2.7913e-21
2.80937e-21
2.81617e-21
2.80844e-21
2.78695e-21
2.75734e-21
2.72802e-21
2.70644e-21
2.69581e-21
2.69538e-21
2.70287e-21
2.71673e-21
2.73616e-21
2.75971e-21
2.78467e-21
2.80778e-21
2.82632e-21
2.83878e-21
2.84471e-21
2.84434e-21
2.83825e-21
2.82721e-21
2.81196e-21
2.7932e-21
2.77186e-21
2.74929e-21
2.72742e-21
2.70864e-21
2.69539e-21
2.6897e-21
2.69273e-21
2.7041e-21
2.72124e-21
2.74018e-21
2.75768e-21
2.77306e-21
2.788e-21
2.80519e-21
2.8265e-21
2.85204e-21
2.88007e-21
2.90774e-21
2.93282e-21
2.9547e-21
2.97387e-21
2.99029e-21
3.00187e-21
3.00437e-21
2.993e-21
2.96479e-21
2.92085e-21
2.86697e-21
2.81256e-21
2.76746e-21
2.73862e-21
2.72843e-21
2.73488e-21
2.75285e-21
2.77577e-21
2.79703e-21
2.81115e-21
2.81437e-21
2.80494e-21
2.78349e-21
2.75326e-21
2.7193e-21
2.68691e-21
2.65919e-21
2.63572e-21
2.61327e-21
2.58824e-21
2.55902e-21
2.52642e-21
2.49291e-21
2.4606e-21
2.42994e-21
2.40009e-21
2.37089e-21
2.34502e-21
2.32805e-21
2.32579e-21
2.341e-21
2.37196e-21
2.41388e-21
2.46157e-21
2.51138e-21
2.56143e-21
2.61086e-21
2.65881e-21
2.70391e-21
2.74411e-21
2.77706e-21
2.80063e-21
2.81359e-21
2.81608e-21
2.8095e-21
2.79608e-21
2.77828e-21
2.75837e-21
2.73846e-21
2.72119e-21
2.70986e-21
2.708e-21
2.71826e-21
2.74111e-21
2.77457e-21
2.8148e-21
2.85763e-21
2.89979e-21
2.93939e-21
2.97553e-21
3.00754e-21
3.0343e-21
3.05408e-21
3.06485e-21
3.06466e-21
3.05241e-21
3.02848e-21
2.99507e-21
2.95613e-21
2.91641e-21
2.87999e-21
2.8493e-21
2.82479e-21
2.80536e-21
2.78912e-21
2.77412e-21
2.75928e-21
2.74496e-21
2.73319e-21
2.72688e-21
2.72823e-21
2.73742e-21
2.75151e-21
2.76422e-21
2.76647e-21
2.74867e-21
2.70578e-21
2.64324e-21
2.57835e-21
2.53169e-21
2.51464e-21
2.52673e-21
2.56257e-21
2.61646e-21
2.68172e-21
2.75046e-21
2.81526e-21
2.871e-21
2.91539e-21
2.94864e-21
2.97286e-21
2.99089e-21
3.00534e-21
3.01752e-21
3.02724e-21
3.03346e-21
3.03502e-21
3.03115e-21
3.02169e-21
3.00725e-21
2.98917e-21
2.96934e-21
2.94961e-21
2.93167e-21
2.91688e-21
2.9064e-21
2.90108e-21
2.90083e-21
2.9041e-21
2.90787e-21
2.90839e-21
2.90237e-21
2.88814e-21
2.86662e-21
2.84175e-21
2.82003e-21
2.80877e-21
2.81319e-21
2.83315e-21
2.86151e-21
2.88648e-21
2.89762e-21
2.8906e-21
2.86743e-21
2.83369e-21
2.79521e-21
2.75592e-21
2.71782e-21
2.68181e-21
2.64892e-21
2.62114e-21
2.60139e-21
2.59214e-21
2.59382e-21
2.6046e-21
2.62149e-21
2.64195e-21
2.66446e-21
2.6883e-21
2.71265e-21
2.73606e-21
2.75635e-21
2.77134e-21
2.77916e-21
2.77863e-21
2.7694e-21
2.75241e-21
2.73028e-21
2.70729e-21
2.68851e-21
2.67856e-21
2.68049e-21
2.6954e-21
2.72255e-21
2.75945e-21
2.80207e-21
2.84515e-21
2.8829e-21
2.9101e-21
2.92353e-21
2.92319e-21
2.91288e-21
2.8995e-21
2.89069e-21
2.89186e-21
2.9042e-21
2.92468e-21
2.94814e-21
2.96954e-21
2.98519e-21
2.99286e-21
2.99093e-21
2.97782e-21
2.95213e-21
2.91344e-21
2.86319e-21
2.80509e-21
2.7452e-21
2.69087e-21
2.64946e-21
2.62669e-21
2.6252e-21
2.64387e-21
2.67805e-21
2.72085e-21
2.76474e-21
2.80316e-21
2.83172e-21
2.84847e-21
2.85345e-21
2.84798e-21
2.8334e-21
2.81001e-21
2.77724e-21
2.736e-21
2.69258e-21
2.65895e-21
2.64515e-21
2.65044e-21
2.66479e-21
2.67746e-21
2.68264e-21
