-8.30988e-21
-8.32414e-21
-8.3398e-21
-8.36015e-21
-8.38782e-21
-8.42421e-21
-8.46344e-21
-8.50165e-21
-8.52767e-21
-8.5412e-21
-8.53571e-21
-8.52016e-21
-8.49586e-21
-8.47148e-21
-8.44868e-21
-8.42976e-21
-8.42099e-21
-8.4225e-21
-8.43181e-21
-8.44791e-21
-8.46044e-21
-8.46555e-21
-8.45534e-21
-8.43119e-21
-8.39743e-21
-8.358e-21
-8.32481e-21
-8.30426e-21
-8.29845e-21
-8.30562e-21
-8.32409e-21
-8.3441e-21
-8.35833e-21
-8.36598e-21
-8.36273e-21
-8.34913e-21
-8.33433e-21
-8.32082e-21
-8.31808e-21
-8.32044e-21
-8.3317e-21
-8.34797e-21
-8.36931e-21
-8.3968e-21
-8.42774e-21
-8.4551e-21
-8.4785e-21
-8.48401e-21
-8.47214e-21
-8.44555e-21
-8.41052e-21
-8.37411e-21
-8.34496e-21
-8.32248e-21
-8.30665e-21
-8.2975e-21
-8.29352e-21
-8.29672e-21
-8.30687e-21
-8.31986e-21
-8.33361e-21
-8.34635e-21
-8.34995e-21
-8.3505e-21
-8.34582e-21
-8.34007e-21
-8.33178e-21
-8.31853e-21
-8.29664e-21
-8.26757e-21
-8.23748e-21
-8.21805e-21
-8.20831e-21
-8.20673e-21
-8.20827e-21
-8.20533e-21
-8.19325e-21
-8.17308e-21
-8.15377e-21
-8.13984e-21
-8.1413e-21
-8.1638e-21
-8.20616e-21
-8.26804e-21
-8.33626e-21
-8.40176e-21
-8.45957e-21
-8.5094e-21
-8.55458e-21
-8.59653e-21
-8.63563e-21
-8.67323e-21
-8.70323e-21
-8.7219e-21
-8.72789e-21
-8.71698e-21
-8.69481e-21
-8.66083e-21
-8.61856e-21
-8.56897e-21
-8.51531e-21
-8.46089e-21
-8.40358e-21
-8.34861e-21
-8.29556e-21
-8.24725e-21
-8.20975e-21
-8.18585e-21
-8.17558e-21
-8.18118e-21
-8.20017e-21
-8.22171e-21
-8.24837e-21
-8.2783e-21
-8.31219e-21
-8.34486e-21
-8.37687e-21
-8.39872e-21
-8.40685e-21
-8.40472e-21
-8.39213e-21
-8.37898e-21
-8.37498e-21
-8.38602e-21
-8.40858e-21
-8.43804e-21
-8.46716e-21
-8.48822e-21
-8.50017e-21
-8.49931e-21
-8.49245e-21
-8.48113e-21
-8.47154e-21
-8.46834e-21
-8.4706e-21
-8.47815e-21
-8.48958e-21
-8.50261e-21
-8.51191e-21
-8.51789e-21
-8.52252e-21
-8.52153e-21
-8.51641e-21
-8.5102e-21
-8.50165e-21
-8.4879e-21
-8.47437e-21
-8.45895e-21
-8.44069e-21
-8.41902e-21
-8.38943e-21
-8.35274e-21
-8.31338e-21
-8.2719e-21
-8.2345e-21
-8.20328e-21
-8.17987e-21
-8.16532e-21
-8.15889e-21
-8.15806e-21
-8.16675e-21
-8.1806e-21
-8.20445e-21
-8.23255e-21
-8.2649e-21
-8.29758e-21
-8.32537e-21
-8.34706e-21
-8.36202e-21
-8.36991e-21
-8.37545e-21
-8.37728e-21
-8.37512e-21
-8.37181e-21
-8.36605e-21
-8.35628e-21
-8.34424e-21
-8.32837e-21
-8.30718e-21
-8.28019e-21
-8.2503e-21
-8.21685e-21
-8.18162e-21
-8.14999e-21
-8.12488e-21
-8.11284e-21
-8.11381e-21
-8.12758e-21
-8.15365e-21
-8.18365e-21
-8.21827e-21
-8.2551e-21
-8.29116e-21
-8.32773e-21
-8.36752e-21
-8.41286e-21
-8.46348e-21
-8.51671e-21
-8.56907e-21
-8.61404e-21
-8.64902e-21
-8.67131e-21
-8.67739e-21
-8.6699e-21
-8.64729e-21
-8.61228e-21
-8.56414e-21
-8.50797e-21
-8.44809e-21
-8.38768e-21
-8.33153e-21
-8.2848e-21
-8.24727e-21
-8.22226e-21
-8.21329e-21
-8.215e-21
-8.22751e-21
-8.24808e-21
-8.27641e-21
-8.30713e-21
-8.33727e-21
-8.36892e-21
-8.39291e-21
-8.40954e-21
-8.42085e-21
-8.42614e-21
-8.42536e-21
-8.42075e-21
-8.41322e-21
-8.40372e-21
-8.39543e-21
-8.38125e-21
-8.36682e-21
-8.34609e-21
-8.32293e-21
-8.2968e-21
-8.2728e-21
-8.25827e-21
-8.25844e-21
-8.2759e-21
-8.30977e-21
-8.35146e-21
-8.39719e-21
-8.43666e-21
-8.46363e-21
-8.47291e-21
-8.46433e-21
-8.43552e-21
-8.39046e-21
-8.33141e-21
-8.26433e-21
-8.19444e-21
-8.12518e-21
-8.06519e-21
-8.01111e-21
-7.97341e-21
-7.95466e-21
-7.96065e-21
-7.99014e-21
-8.04065e-21
-8.10709e-21
-8.18095e-21
-8.25481e-21
-8.32133e-21
-8.3812e-21
-8.43029e-21
-8.46703e-21
-8.49289e-21
-8.5076e-21
-8.51152e-21
-8.50495e-21
-8.49527e-21
-8.47919e-21
-8.46334e-21
-8.4469e-21
-8.43409e-21
-8.42278e-21
-8.41308e-21
-8.4013e-21
-8.38682e-21
-8.36738e-21
-8.34805e-21
-8.33182e-21
-8.32192e-21
-8.32114e-21
-8.3281e-21
-8.34147e-21
-8.35578e-21
-8.36369e-21
-8.35898e-21
-8.3382e-21
-8.30145e-21
-8.25321e-21
-8.20308e-21
-8.1627e-21
-8.13952e-21
-8.13431e-21
-8.14473e-21
-8.17008e-21
-8.20368e-21
-8.24792e-21
-8.29625e-21
-8.34113e-21
-8.37881e-21
-8.3989e-21
-8.39978e-21
-8.38091e-21
-8.34619e-21
-8.29939e-21
-8.25286e-21
-8.21339e-21
-8.19253e-21
-8.18967e-21
-8.20382e-21
-8.22781e-21
-8.25285e-21
-8.26781e-21
-8.26964e-21
-8.25943e-21
-8.23274e-21
-8.20097e-21
-8.17036e-21
-8.1463e-21
-8.13726e-21
-8.14208e-21
-8.15692e-21
-8.17473e-21
-8.18893e-21
-8.19853e-21
-8.20306e-21
-8.20194e-21
-8.20072e-21
-8.20497e-21
-8.21473e-21
-8.22939e-21
-8.24504e-21
-8.26053e-21
-8.27519e-21
-8.28706e-21
-8.29747e-21
-8.3023e-21
-8.30878e-21
-8.31873e-21
-8.33321e-21
-8.34965e-21
-8.36008e-21
-8.356e-21
-8.34194e-21
-8.31729e-21
-8.29641e-21
-8.28727e-21
-8.30395e-21
-8.33973e-21
-8.38927e-21
-8.44196e-21
-8.4853e-21
-8.51229e-21
-8.51881e-21
-8.50515e-21
-8.47182e-21
-8.42439e-21
-8.36699e-21
-8.30179e-21
-8.2391e-21
-8.18663e-21
-8.15061e-21
-8.13953e-21
-8.15277e-21
-8.18222e-21
-8.21369e-21
-8.23963e-21
-8.25991e-21
-8.27148e-21
-8.28131e-21
-8.29253e-21
-8.30994e-21
-8.32805e-21
-8.35196e-21
-8.37704e-21
-8.40316e-21
-8.42764e-21
-8.44447e-21
-8.45397e-21
-8.45322e-21
-8.44512e-21
-8.42457e-21
-8.38922e-21
-8.34414e-21
-8.2901e-21
-8.23072e-21
-8.17209e-21
-8.11915e-21
-8.08044e-21
-8.05814e-21
-8.05142e-21
-8.06162e-21
-8.08061e-21
-8.10657e-21
-8.12809e-21
-8.14526e-21
-8.15231e-21
-8.15453e-21
-8.14816e-21
-8.13927e-21
-8.1259e-21
-8.11209e-21
-8.09828e-21
-8.08118e-21
-8.06724e-21
-8.05451e-21
-8.05091e-21
-8.05444e-21
-8.06709e-21
-8.0893e-21
-8.12705e-21
-8.17861e-21
-8.24164e-21
-8.30738e-21
-8.37204e-21
-8.42731e-21
-8.46733e-21
-8.49059e-21
-8.49572e-21
-8.48293e-21
-8.45785e-21
-8.42287e-21
-8.3867e-21
-8.35277e-21
-8.32896e-21
-8.31645e-21
-8.31558e-21
-8.31783e-21
-8.31998e-21
-8.31894e-21
-8.31336e-21
-8.30429e-21
-8.29146e-21
-8.27842e-21
-8.2666e-21
-8.25838e-21
-8.25225e-21
-8.25223e-21
-8.25686e-21
-8.26525e-21
-8.27632e-21
-8.29096e-21
-8.30775e-21
-8.331e-21
-8.3628e-21
-8.40181e-21
-8.44121e-21
-8.47381e-21
-8.49687e-21
-8.50681e-21
-8.505e-21
-8.49222e-21
-8.46741e-21
-8.4359e-21
-8.39472e-21
-8.35072e-21
-8.30553e-21
-8.26602e-21
-8.23336e-21
-8.21448e-21
-8.20682e-21
-8.21063e-21
-8.22073e-21
-8.23212e-21
-8.23989e-21
-8.24443e-21
-8.24623e-21
-8.24474e-21
-8.24247e-21
-8.23331e-21
-8.22191e-21
-8.20981e-21
-8.20582e-21
-8.21214e-21
-8.22745e-21
-8.24218e-21
-8.24855e-21
-8.24325e-21
-8.22147e-21
-8.18287e-21
-8.13269e-21
-8.08568e-21
-8.06203e-21
-8.07075e-21
-8.10668e-21
-8.15793e-21
-8.21281e-21
-8.26627e-21
-8.31914e-21
-8.36569e-21
-8.39997e-21
-8.4169e-21
-8.41853e-21
-8.40669e-21
-8.38606e-21
-8.35822e-21
-8.32935e-21
-8.30503e-21
-8.28289e-21
-8.27002e-21
-8.26759e-21
-8.27624e-21
-8.29335e-21
-8.31776e-21
-8.34231e-21
-8.36437e-21
-8.38286e-21
-8.3985e-21
-8.41078e-21
-8.4185e-21
-8.42594e-21
-8.42762e-21
-8.429e-21
-8.42921e-21
-8.4267e-21
-8.42656e-21
-8.42664e-21
-8.43195e-21
-8.439e-21
-8.45198e-21
-8.46598e-21
-8.48367e-21
-8.5022e-21
-8.51526e-21
-8.52164e-21
-8.51784e-21
-8.5069e-21
-8.48591e-21
-8.45806e-21
-8.42316e-21
-8.38572e-21
-8.34552e-21
-8.30719e-21
-8.27563e-21
-8.25114e-21
-8.2385e-21
-8.23857e-21
-8.2502e-21
-8.27234e-21
-8.3038e-21
-8.33643e-21
-8.36569e-21
-8.38713e-21
-8.3976e-21
-8.39699e-21
-8.38544e-21
-8.36304e-21
-8.33598e-21
-8.30397e-21
-8.2768e-21
-8.25901e-21
-8.25318e-21
-8.25707e-21
-8.2634e-21
-8.26673e-21
-8.26012e-21
-8.2439e-21
-8.21722e-21
-8.18213e-21
-8.14532e-21
-8.11462e-21
-8.09338e-21
-8.0862e-21
-8.09408e-21
-8.11512e-21
-8.15006e-21
-8.19107e-21
-8.22786e-21
-8.25481e-21
-8.27413e-21
-8.28822e-21
-8.30491e-21
-8.32737e-21
-8.35379e-21
-8.38307e-21
-8.41149e-21
-8.43548e-21
-8.44981e-21
-8.45244e-21
-8.43856e-21
-8.40924e-21
-8.36983e-21
-8.32198e-21
-8.27463e-21
-8.23546e-21
-8.2046e-21
-8.18455e-21
-8.16443e-21
-8.14092e-21
-8.11561e-21
-8.08978e-21
-8.06847e-21
-8.05573e-21
-8.05179e-21
-8.05905e-21
-8.08322e-21
-8.123e-21
-8.18007e-21
-8.24623e-21
-8.31384e-21
-8.37746e-21
-8.42937e-21
-8.46224e-21
-8.47811e-21
-8.47608e-21
-8.46268e-21
-8.44153e-21
-8.41899e-21
-8.40023e-21
-8.38665e-21
-8.3802e-21
-8.37637e-21
-8.38222e-21
-8.38992e-21
-8.39704e-21
-8.40138e-21
-8.40427e-21
-8.39827e-21
-8.38404e-21
-8.36347e-21
-8.3367e-21
-8.31058e-21
-8.2914e-21
-8.28503e-21
-8.29571e-21
-8.31817e-21
-8.34627e-21
-8.36942e-21
-8.38243e-21
-8.38381e-21
-8.37477e-21
-8.35257e-21
-8.31961e-21
-8.27787e-21
-8.23018e-21
-8.18224e-21
-8.14494e-21
-8.12108e-21
-8.11551e-21
-8.1196e-21
-8.13119e-21
-8.14772e-21
-8.16993e-21
-8.19374e-21
-8.21764e-21
-8.23467e-21
-8.24251e-21
-8.24059e-21
-8.23058e-21
-8.21894e-21
-8.20917e-21
-8.20406e-21
-8.20359e-21
-8.20621e-21
-8.20889e-21
-8.20829e-21
-8.19781e-21
-8.1814e-21
-8.15866e-21
-8.13618e-21
-8.11812e-21
-8.11077e-21
-8.11449e-21
-8.12569e-21
-8.14041e-21
-8.15832e-21
-8.17563e-21
-8.18764e-21
-8.19679e-21
-8.20142e-21
-8.2064e-21
-8.21637e-21
-8.22896e-21
-8.23598e-21
-8.23685e-21
-8.22686e-21
-8.20932e-21
-8.18689e-21
-8.16311e-21
-8.13835e-21
-8.12129e-21
-8.11427e-21
-8.11787e-21
-8.12563e-21
-8.14058e-21
-8.16021e-21
-8.18233e-21
-8.20771e-21
-8.22923e-21
-8.24639e-21
-8.2591e-21
-8.265e-21
-8.26691e-21
-8.26192e-21
-8.25014e-21
-8.23656e-21
-8.21362e-21
-8.18378e-21
-8.15038e-21
-8.11901e-21
-8.09535e-21
-8.08582e-21
-8.09218e-21
-8.10912e-21
-8.12899e-21
-8.14619e-21
-8.1584e-21
-8.16368e-21
-8.16525e-21
-8.1695e-21
-8.17921e-21
-8.19299e-21
-8.20792e-21
-8.22397e-21
-8.24124e-21
-8.25272e-21
-8.26077e-21
-8.26227e-21
-8.26127e-21
-8.25711e-21
-8.25023e-21
-8.2409e-21
-8.23134e-21
-8.22093e-21
-8.21272e-21
-8.20776e-21
-8.20741e-21
-8.21372e-21
-8.2227e-21
-8.23442e-21
-8.25215e-21
-8.27537e-21
-8.3004e-21
-8.32141e-21
-8.33932e-21
-8.34426e-21
-8.3363e-21
-8.31392e-21
-8.28418e-21
-8.2551e-21
-8.23329e-21
-8.22452e-21
-8.22423e-21
-8.23316e-21
-8.24862e-21
-8.26929e-21
-8.29162e-21
-8.31555e-21
-8.33831e-21
-8.35703e-21
-8.36735e-21
-8.37263e-21
-8.3719e-21
-8.36428e-21
-8.35229e-21
-8.33716e-21
-8.31683e-21
-8.29681e-21
-8.27371e-21
-8.25128e-21
-8.2322e-21
-8.22037e-21
-8.21402e-21
-8.21894e-21
-8.22879e-21
-8.24805e-21
-8.26645e-21
-8.28423e-21
-8.29995e-21
-8.31374e-21
-8.33354e-21
-8.35504e-21
-8.38195e-21
-8.40982e-21
-8.43732e-21
-8.46132e-21
-8.4829e-21
-8.50182e-21
-8.51865e-21
-8.52803e-21
-8.53286e-21
-8.51964e-21
-8.48873e-21
-8.44295e-21
-8.3878e-21
-8.33315e-21
-8.28892e-21
-8.26293e-21
-8.25455e-21
-8.26167e-21
-8.27819e-21
-8.30249e-21
-8.32376e-21
-8.33793e-21
-8.34019e-21
-8.32923e-21
-8.30722e-21
-8.27586e-21
-8.24308e-21
-8.21283e-21
-8.18686e-21
-8.16266e-21
-8.13985e-21
-8.11519e-21
-8.08605e-21
-8.055e-21
-8.02052e-21
-7.98989e-21
-7.95936e-21
-7.9288e-21
-7.90051e-21
-7.87524e-21
-7.858e-21
-7.85718e-21
-7.87211e-21
-7.90467e-21
-7.94488e-21
-7.99241e-21
-8.04256e-21
-8.09308e-21
-8.14191e-21
-8.18864e-21
-8.23336e-21
-8.27295e-21
-8.30805e-21
-8.33234e-21
-8.34448e-21
-8.34647e-21
-8.33835e-21
-8.32288e-21
-8.30553e-21
-8.28526e-21
-8.26549e-21
-8.24915e-21
-8.23961e-21
-8.23963e-21
-8.25016e-21
-8.27295e-21
-8.30678e-21
-8.34795e-21
-8.39109e-21
-8.43382e-21
-8.4721e-21
-8.50836e-21
-8.5379e-21
-8.5628e-21
-8.58152e-21
-8.59128e-21
-8.58992e-21
-8.5762e-21
-8.55244e-21
-8.51878e-21
-8.47905e-21
-8.44024e-21
-8.40557e-21
-8.37551e-21
-8.35207e-21
-8.33281e-21
-8.31852e-21
-8.30332e-21
-8.28949e-21
-8.27655e-21
-8.26545e-21
-8.25883e-21
-8.26e-21
-8.26861e-21
-8.28165e-21
-8.29402e-21
-8.29492e-21
-8.27472e-21
-8.2299e-21
-8.16744e-21
-8.10274e-21
-8.0575e-21
-8.04303e-21
-8.056e-21
-8.09467e-21
-8.14928e-21
-8.21325e-21
-8.28365e-21
-8.34823e-21
-8.40214e-21
-8.44462e-21
-8.4761e-21
-8.49957e-21
-8.51713e-21
-8.53183e-21
-8.54429e-21
-8.55572e-21
-8.56402e-21
-8.56507e-21
-8.56014e-21
-8.55039e-21
-8.53701e-21
-8.51817e-21
-8.49851e-21
-8.47814e-21
-8.4612e-21
-8.44705e-21
-8.43631e-21
-8.43176e-21
-8.43372e-21
-8.4387e-21
-8.44257e-21
-8.44156e-21
-8.43251e-21
-8.41646e-21
-8.39462e-21
-8.37024e-21
-8.34924e-21
-8.33938e-21
-8.34722e-21
-8.36796e-21
-8.39655e-21
-8.42128e-21
-8.43195e-21
-8.42313e-21
-8.39912e-21
-8.36391e-21
-8.32721e-21
-8.28772e-21
-8.2488e-21
-8.21229e-21
-8.18054e-21
-8.15268e-21
-8.13514e-21
-8.12625e-21
-8.12996e-21
-8.14025e-21
-8.15834e-21
-8.17705e-21
-8.19772e-21
-8.22165e-21
-8.2465e-21
-8.26969e-21
-8.29131e-21
-8.30515e-21
-8.31068e-21
-8.30827e-21
-8.29971e-21
-8.28105e-21
-8.25986e-21
-8.23656e-21
-8.21747e-21
-8.20785e-21
-8.21031e-21
-8.22626e-21
-8.25528e-21
-8.2932e-21
-8.33538e-21
-8.37869e-21
-8.41611e-21
-8.44378e-21
-8.45678e-21
-8.45445e-21
-8.44323e-21
-8.43223e-21
-8.42623e-21
-8.42754e-21
-8.44164e-21
-8.46492e-21
-8.48789e-21
-8.5091e-21
-8.52454e-21
-8.53057e-21
-8.52659e-21
-8.51253e-21
-8.48454e-21
-8.44284e-21
-8.39184e-21
-8.33325e-21
-8.27432e-21
-8.22222e-21
-8.18245e-21
-8.16074e-21
-8.15938e-21
-8.18012e-21
-8.21549e-21
-8.25875e-21
-8.30386e-21
-8.34195e-21
-8.36888e-21
-8.38317e-21
-8.38829e-21
-8.38161e-21
-8.36591e-21
-8.34061e-21
-8.30689e-21
-8.26603e-21
-8.22349e-21
-8.19002e-21
-8.17711e-21
-8.18535e-21
-8.19997e-21
-8.21156e-21
-8.21515e-21
