8.41002e+07
8.28099e+07
8.14689e+07
7.981e+07
7.76007e+07
7.47946e+07
7.18068e+07
6.90591e+07
6.72492e+07
6.65446e+07
6.72488e+07
6.89122e+07
7.12937e+07
7.38215e+07
7.62335e+07
7.82862e+07
7.96097e+07
8.01421e+07
8.00337e+07
7.95088e+07
7.926e+07
7.97043e+07
8.13159e+07
8.40328e+07
8.75105e+07
9.12971e+07
9.45753e+07
9.6804e+07
9.77537e+07
9.75257e+07
9.63744e+07
9.49722e+07
9.38934e+07
9.33633e+07
9.36115e+07
9.45154e+07
9.54859e+07
9.61713e+07
9.60122e+07
9.51959e+07
9.36258e+07
9.15392e+07
8.8988e+07
8.59749e+07
8.27298e+07
7.97802e+07
7.74601e+07
7.65998e+07
7.72774e+07
7.92722e+07
8.20474e+07
8.4981e+07
8.74662e+07
8.94331e+07
9.09019e+07
9.18919e+07
9.24329e+07
9.24097e+07
9.18701e+07
9.11048e+07
9.03605e+07
8.98489e+07
8.99864e+07
9.05453e+07
9.15759e+07
9.28602e+07
9.44623e+07
9.65467e+07
9.93103e+07
1.0261e+08
1.05939e+08
1.08511e+08
1.10205e+08
1.11181e+08
1.11904e+08
1.1292e+08
1.14502e+08
1.16517e+08
1.18358e+08
1.19509e+08
1.19235e+08
1.17098e+08
1.13152e+08
1.07645e+08
1.01472e+08
9.5348e+07
8.96942e+07
8.45892e+07
7.98592e+07
7.53944e+07
7.11894e+07
6.72837e+07
6.40774e+07
6.18821e+07
6.08759e+07
6.12849e+07
6.28569e+07
6.55243e+07
6.90157e+07
7.31579e+07
7.76998e+07
8.24084e+07
8.72821e+07
9.20184e+07
9.65209e+07
1.00523e+08
1.03595e+08
1.05452e+08
1.06015e+08
1.05246e+08
1.03402e+08
1.01098e+08
9.83558e+07
9.532e+07
9.20237e+07
8.87906e+07
8.57757e+07
8.35661e+07
8.24563e+07
8.23215e+07
8.29923e+07
8.37227e+07
8.37556e+07
8.26624e+07
8.06546e+07
7.81711e+07
7.57908e+07
7.40451e+07
7.30891e+07
7.3075e+07
7.36259e+07
7.45053e+07
7.52654e+07
7.55696e+07
7.54105e+07
7.48473e+07
7.40382e+07
7.31712e+07
7.25266e+07
7.2126e+07
7.19174e+07
7.20971e+07
7.26157e+07
7.33424e+07
7.42971e+07
7.55625e+07
7.69057e+07
7.84329e+07
8.023e+07
8.23683e+07
8.50479e+07
8.81993e+07
9.15541e+07
9.49649e+07
9.80429e+07
1.00572e+08
1.02383e+08
1.03383e+08
1.03596e+08
1.03148e+08
1.01902e+08
1.00043e+08
9.7402e+07
9.43098e+07
9.09422e+07
8.76627e+07
8.48508e+07
8.26499e+07
8.11133e+07
8.02411e+07
7.98012e+07
7.98034e+07
8.02245e+07
8.0931e+07
8.19663e+07
8.33835e+07
8.5095e+07
8.71471e+07
8.95867e+07
9.24178e+07
9.54894e+07
9.87585e+07
1.02039e+08
1.04951e+08
1.0719e+08
1.08317e+08
1.08232e+08
1.06959e+08
1.04642e+08
1.01806e+08
9.85964e+07
9.52146e+07
9.18012e+07
8.82611e+07
8.44266e+07
8.01831e+07
7.5589e+07
7.08769e+07
6.63664e+07
6.25233e+07
5.9636e+07
5.79471e+07
5.76732e+07
5.87254e+07
6.11407e+07
6.4742e+07
6.94427e+07
7.48697e+07
8.06452e+07
8.64198e+07
9.17852e+07
9.63426e+07
9.99574e+07
1.0241e+08
1.03526e+08
1.03547e+08
1.02527e+08
1.00679e+08
9.81453e+07
9.52954e+07
9.24063e+07
8.95395e+07
8.71872e+07
8.54249e+07
8.42227e+07
8.36192e+07
8.35897e+07
8.39912e+07
8.47281e+07
8.57166e+07
8.68076e+07
8.82928e+07
8.9963e+07
9.20774e+07
9.44505e+07
9.69934e+07
9.92929e+07
1.00784e+08
1.01026e+08
9.98279e+07
9.7338e+07
9.41646e+07
9.07896e+07
8.79534e+07
8.61823e+07
8.58865e+07
8.7179e+07
9.01636e+07
9.45839e+07
1.00167e+08
1.06431e+08
1.12904e+08
1.19206e+08
1.24769e+08
1.29516e+08
1.3279e+08
1.34264e+08
1.33555e+08
1.30701e+08
1.25951e+08
1.19783e+08
1.12868e+08
1.05829e+08
9.92394e+07
9.32747e+07
8.82337e+07
8.42535e+07
8.13057e+07
7.93965e+07
7.84728e+07
7.84501e+07
7.89324e+07
7.99447e+07
8.1116e+07
8.23937e+07
8.35489e+07
8.46519e+07
8.57229e+07
8.6961e+07
8.84259e+07
9.01886e+07
9.19489e+07
9.34333e+07
9.43531e+07
9.44964e+07
9.39307e+07
9.28497e+07
9.17148e+07
9.11066e+07
9.15304e+07
9.32748e+07
9.63243e+07
1.00282e+08
1.04363e+08
1.07636e+08
1.0947e+08
1.09749e+08
1.08661e+08
1.06357e+08
1.03199e+08
9.9206e+07
9.4856e+07
9.07625e+07
8.74068e+07
8.54792e+07
8.51942e+07
8.65753e+07
8.93129e+07
9.29642e+07
9.66476e+07
9.97038e+07
1.01376e+08
1.0158e+08
1.0046e+08
9.85819e+07
9.66631e+07
9.54891e+07
9.54064e+07
9.64403e+07
9.86822e+07
1.01443e+08
1.04157e+08
1.06301e+08
1.07344e+08
1.07328e+08
1.06553e+08
1.05515e+08
1.04686e+08
1.04242e+08
1.04223e+08
1.04552e+08
1.04848e+08
1.04753e+08
1.04223e+08
1.03327e+08
1.02295e+08
1.01225e+08
1.00178e+08
9.92857e+07
9.85636e+07
9.8197e+07
9.78042e+07
9.71652e+07
9.61916e+07
9.51489e+07
9.46378e+07
9.51949e+07
9.66208e+07
9.87048e+07
1.00479e+08
1.01207e+08
1.0004e+08
9.72531e+07
9.33628e+07
8.9268e+07
8.59389e+07
8.39978e+07
8.37841e+07
8.53125e+07
8.84796e+07
9.29012e+07
9.82038e+07
1.04049e+08
1.09712e+08
1.14508e+08
1.17811e+08
1.19037e+08
1.18251e+08
1.16098e+08
1.13577e+08
1.11323e+08
1.09476e+08
1.08106e+08
1.06778e+08
1.05214e+08
1.03143e+08
1.00803e+08
9.80648e+07
9.52288e+07
9.2422e+07
8.98708e+07
8.79287e+07
8.66895e+07
8.63761e+07
8.69633e+07
8.87194e+07
9.17479e+07
9.57898e+07
1.00692e+08
1.06122e+08
1.1159e+08
1.16607e+08
1.20531e+08
1.23048e+08
1.24108e+08
1.23744e+08
1.22496e+08
1.20688e+08
1.19014e+08
1.17633e+08
1.16874e+08
1.16545e+08
1.16773e+08
1.17255e+08
1.18009e+08
1.18818e+08
1.19621e+08
1.20492e+08
1.21074e+08
1.21336e+08
1.20872e+08
1.19711e+08
1.17703e+08
1.14725e+08
1.10467e+08
1.05052e+08
9.87566e+07
9.22106e+07
8.58811e+07
8.04036e+07
7.62553e+07
7.36434e+07
7.26635e+07
7.32388e+07
7.49812e+07
7.75629e+07
8.03617e+07
8.29659e+07
8.48381e+07
8.58424e+07
8.60321e+07
8.59192e+07
8.5802e+07
8.59119e+07
8.63369e+07
8.70169e+07
8.79164e+07
8.88297e+07
8.96286e+07
9.01486e+07
9.03938e+07
9.01662e+07
8.95156e+07
8.8498e+07
8.71885e+07
8.55673e+07
8.36581e+07
8.12187e+07
7.81375e+07
7.45753e+07
7.10535e+07
6.81471e+07
6.61716e+07
6.53616e+07
6.56677e+07
6.70252e+07
6.94254e+07
7.25768e+07
7.64865e+07
8.07187e+07
8.5012e+07
8.88764e+07
9.20708e+07
9.41808e+07
9.52693e+07
9.53919e+07
9.49183e+07
9.42498e+07
9.37482e+07
9.34769e+07
9.34203e+07
9.35914e+07
9.39195e+07
9.47046e+07
9.57332e+07
9.67667e+07
9.71953e+07
9.68115e+07
9.57962e+07
9.48122e+07
9.44452e+07
9.50295e+07
9.68816e+07
1.00008e+08
1.03942e+08
1.07508e+08
1.09176e+08
1.08199e+08
1.04989e+08
1.00522e+08
9.56733e+07
9.08899e+07
8.6313e+07
8.23676e+07
7.94976e+07
7.80625e+07
7.8016e+07
7.9188e+07
8.11945e+07
8.37463e+07
8.6393e+07
8.87508e+07
9.07787e+07
9.20594e+07
9.24458e+07
9.18896e+07
9.05741e+07
8.8698e+07
8.6716e+07
8.48671e+07
8.32713e+07
8.19247e+07
8.08439e+07
8.00645e+07
7.94086e+07
7.90993e+07
7.89082e+07
7.88406e+07
7.89067e+07
7.88445e+07
7.87026e+07
7.82621e+07
7.76624e+07
7.67414e+07
7.57172e+07
7.45305e+07
7.3385e+07
7.26567e+07
7.25176e+07
7.31966e+07
7.4594e+07
7.67859e+07
7.95548e+07
8.27982e+07
8.62135e+07
8.96775e+07
9.28583e+07
9.54154e+07
9.72174e+07
9.79925e+07
9.76713e+07
9.63166e+07
9.40585e+07
9.11205e+07
8.80731e+07
8.53413e+07
8.32839e+07
8.21239e+07
8.18982e+07
8.25948e+07
8.41629e+07
8.62425e+07
8.86529e+07
9.0748e+07
9.21278e+07
9.26184e+07
9.24318e+07
9.21138e+07
9.21502e+07
9.30075e+07
9.47442e+07
9.73445e+07
1.00567e+08
1.039e+08
1.06754e+08
1.08757e+08
1.09549e+08
1.08989e+08
1.07159e+08
1.04175e+08
1.00635e+08
9.72791e+07
9.45749e+07
9.24857e+07
9.07767e+07
8.8921e+07
8.66774e+07
8.41572e+07
8.15233e+07
7.90563e+07
7.70466e+07
7.58847e+07
7.58197e+07
7.71292e+07
7.97339e+07
8.32728e+07
8.74529e+07
9.1639e+07
9.52616e+07
9.81884e+07
1.00389e+08
1.02502e+08
1.0481e+08
1.07251e+08
1.09652e+08
1.11643e+08
1.12905e+08
1.13287e+08
1.12557e+08
1.10372e+08
1.06765e+08
1.01787e+08
9.60211e+07
9.01131e+07
8.46282e+07
8.01749e+07
7.72557e+07
7.58676e+07
7.59864e+07
7.71654e+07
7.90141e+07
8.10444e+07
8.28723e+07
8.43261e+07
8.52543e+07
8.58098e+07
8.57277e+07
8.54027e+07
8.50446e+07
8.48575e+07
8.48839e+07
8.5493e+07
8.66925e+07
8.83815e+07
9.04445e+07
9.23952e+07
9.37111e+07
9.39228e+07
9.27854e+07
9.06588e+07
8.80979e+07
8.58642e+07
8.44157e+07
8.39454e+07
8.44451e+07
8.60104e+07
8.8487e+07
9.16843e+07
9.53047e+07
9.88579e+07
1.0162e+08
1.03271e+08
1.03567e+08
1.02958e+08
1.01678e+08
9.99446e+07
9.7812e+07
9.55592e+07
9.34147e+07
9.18417e+07
9.10573e+07
9.10971e+07
9.17966e+07
9.27302e+07
9.3593e+07
9.41607e+07
9.44036e+07
9.44406e+07
9.45268e+07
9.49603e+07
9.61288e+07
9.78757e+07
1.0008e+08
1.02245e+08
1.03971e+08
1.04859e+08
1.04881e+08
1.04263e+08
1.03287e+08
1.02105e+08
1.01003e+08
1.00284e+08
9.98876e+07
9.98142e+07
9.97307e+07
9.93763e+07
9.8933e+07
9.89185e+07
9.94948e+07
1.00876e+08
1.0286e+08
1.05216e+08
1.07617e+08
1.09833e+08
1.1133e+08
1.1193e+08
1.11616e+08
1.10705e+08
1.09144e+08
1.07116e+08
1.04813e+08
1.02326e+08
1.0007e+08
9.81729e+07
9.67051e+07
9.57839e+07
9.529e+07
9.53315e+07
9.5902e+07
9.6815e+07
9.83927e+07
1.00515e+08
1.02938e+08
1.05208e+08
1.06812e+08
1.07286e+08
1.06546e+08
1.04963e+08
1.03079e+08
1.01325e+08
9.99154e+07
9.89375e+07
9.81799e+07
9.72726e+07
9.60286e+07
9.45068e+07
9.28886e+07
9.12742e+07
8.97675e+07
8.87489e+07
8.81843e+07
8.82048e+07
8.86007e+07
8.93344e+07
9.03377e+07
9.15609e+07
9.2864e+07
9.41863e+07
9.53036e+07
9.60908e+07
9.64511e+07
9.62843e+07
9.57378e+07
9.47948e+07
9.33326e+07
9.14323e+07
8.93663e+07
8.75546e+07
8.61871e+07
8.58766e+07
8.67354e+07
8.87665e+07
9.14437e+07
9.41038e+07
9.619e+07
9.73308e+07
9.77141e+07
9.73668e+07
9.64426e+07
9.50357e+07
9.33673e+07
9.15648e+07
8.98821e+07
8.85492e+07
8.78115e+07
8.75569e+07
8.78186e+07
8.86065e+07
8.97824e+07
9.12569e+07
9.30696e+07
9.49442e+07
9.69446e+07
9.88239e+07
1.00368e+08
1.01318e+08
1.01673e+08
1.01165e+08
1.00087e+08
9.83731e+07
9.65992e+07
9.48785e+07
9.32986e+07
9.18014e+07
8.99881e+07
8.79834e+07
8.5647e+07
8.32291e+07
8.08828e+07
7.88055e+07
7.69714e+07
7.53777e+07
7.40245e+07
7.32296e+07
7.30432e+07
7.41796e+07
7.67004e+07
8.04063e+07
8.48072e+07
8.9119e+07
9.25589e+07
9.45532e+07
9.50502e+07
9.42347e+07
9.25779e+07
9.04318e+07
8.85207e+07
8.7253e+07
8.69967e+07
8.78833e+07
8.97971e+07
9.25376e+07
9.55805e+07
9.85648e+07
1.01298e+08
1.03889e+08
1.06447e+08
1.09201e+08
1.12285e+08
1.15535e+08
1.18909e+08
1.22029e+08
1.25021e+08
1.27903e+08
1.30561e+08
1.32837e+08
1.34312e+08
1.34435e+08
1.33143e+08
1.30432e+08
1.26883e+08
1.22695e+08
1.18197e+08
1.13564e+08
1.08939e+08
1.04408e+08
1.00058e+08
9.61247e+07
9.27027e+07
9.01482e+07
8.85735e+07
8.78982e+07
8.80669e+07
8.88748e+07
8.9994e+07
9.13607e+07
9.27254e+07
9.38404e+07
9.44166e+07
9.41951e+07
9.30396e+07
9.08694e+07
8.78217e+07
8.42012e+07
8.03957e+07
7.66385e+07
7.31824e+07
6.99885e+07
6.73011e+07
6.51048e+07
6.3547e+07
6.28313e+07
6.31171e+07
6.44855e+07
6.68083e+07
6.99671e+07
7.36287e+07
7.73071e+07
8.06945e+07
8.36591e+07
8.60813e+07
8.80809e+07
8.96759e+07
9.11576e+07
9.24576e+07
9.35673e+07
9.43729e+07
9.46762e+07
9.42929e+07
9.32834e+07
9.19384e+07
9.07531e+07
9.05362e+07
9.20227e+07
9.54776e+07
1.00327e+08
1.05251e+08
1.08625e+08
1.09604e+08
1.08338e+08
1.05086e+08
1.00472e+08
9.50441e+07
8.92432e+07
8.38587e+07
7.92882e+07
7.56518e+07
7.29228e+07
7.09016e+07
6.93901e+07
6.81678e+07
6.71605e+07
6.63266e+07
6.57896e+07
6.57575e+07
6.62036e+07
6.70793e+07
6.8301e+07
6.98762e+07
7.15294e+07
7.31674e+07
7.45439e+07
7.56203e+07
7.63197e+07
7.65032e+07
7.61783e+07
7.55674e+07
7.49737e+07
7.47057e+07
7.50194e+07
7.59272e+07
7.73312e+07
7.89363e+07
8.02502e+07
8.06943e+07
7.98425e+07
7.79475e+07
7.55247e+07
7.34989e+07
7.26606e+07
7.33783e+07
7.53985e+07
7.83567e+07
8.16498e+07
8.51743e+07
8.86984e+07
9.20791e+07
9.51435e+07
9.7814e+07
9.96961e+07
1.00755e+08
1.0081e+08
1.00173e+08
9.89018e+07
9.73867e+07
9.56378e+07
9.36482e+07
9.15691e+07
8.95852e+07
8.77926e+07
8.65398e+07
8.59237e+07
8.59704e+07
8.66037e+07
8.79193e+07
8.94748e+07
9.10576e+07
9.21916e+07
9.24756e+07
9.16865e+07
8.97366e+07
8.66999e+07
8.28821e+07
7.86774e+07
7.44642e+07
7.07919e+07
6.80411e+07
6.65421e+07
6.631e+07
6.69188e+07
6.77238e+07
6.82366e+07
6.8164e+07
6.72479e+07
6.57502e+07
6.42498e+07
6.29959e+07
6.22943e+07
6.23882e+07
6.33704e+07
6.52969e+07
6.83514e+07
7.24973e+07
7.74462e+07
8.29232e+07
8.83519e+07
9.31189e+07
9.67e+07
9.86505e+07
9.8805e+07
9.71794e+07
9.43024e+07
9.07651e+07
8.71477e+07
8.41002e+07
8.19938e+07
8.0992e+07
8.09703e+07
8.19983e+07
8.39132e+07
8.67064e+07
9.03035e+07
9.45399e+07
9.8879e+07
1.02404e+08
1.04298e+08
1.04593e+08
1.04237e+08
1.03971e+08
1.0417e+08
