134.124
134.839
135.574
136.501
137.806
139.518
141.434
143.214
144.541
145.207
145.145
144.447
143.337
142.087
140.93
140.042
139.56
139.571
140.043
140.775
141.432
141.663
141.241
140.127
138.485
136.641
134.986
133.866
133.474
133.794
134.616
135.609
136.426
136.811
136.669
136.092
135.331
134.688
134.394
134.516
134.993
135.742
136.745
138.022
139.516
141.002
142.116
142.515
142.04
140.794
139.101
137.374
135.929
134.868
134.125
133.634
133.422
133.553
134.015
134.681
135.364
135.904
136.201
136.239
136.077
135.786
135.367
134.71
133.692
132.346
130.948
129.897
129.43
129.433
129.542
129.402
128.848
127.946
126.954
126.264
126.292
127.33
129.414
132.285
135.509
138.66
141.479
143.918
146.083
148.106
150.041
151.82
153.285
154.257
154.591
154.22
153.165
151.526
149.449
147.077
144.523
141.867
139.162
136.466
133.864
131.498
129.57
128.294
127.792
128.022
128.8
129.913
131.221
132.676
134.255
135.873
137.349
138.443
138.949
138.809
138.204
137.547
137.315
137.787
138.9
140.336
141.717
142.754
143.299
143.34
142.989
142.459
142
141.813
141.962
142.38
142.926
143.476
143.947
144.298
144.502
144.533
144.377
144.044
143.571
142.999
142.354
141.61
140.701
139.549
138.113
136.412
134.535
132.613
130.799
129.236
128.03
127.237
126.851
126.836
127.172
127.875
128.965
130.392
131.996
133.564
134.922
135.977
136.717
137.183
137.432
137.522
137.49
137.342
137.065
136.645
136.068
135.32
134.378
133.218
131.833
130.257
128.592
127.009
125.729
124.976
124.903
125.528
126.717
128.252
129.92
131.591
133.257
134.998
136.92
139.095
141.508
144.05
146.536
148.746
150.48
151.588
151.99
151.665
150.63
148.94
146.689
144.02
141.128
138.224
135.519
133.192
131.383
130.174
129.583
129.585
130.117
131.084
132.368
133.829
135.325
136.724
137.919
138.838
139.44
139.725
139.736
139.542
139.213
138.798
138.309
137.721
136.982
136.04
134.88
133.586
132.377
131.58
131.504
132.298
133.869
135.926
138.095
140.009
141.357
141.917
141.561
140.272
138.136
135.338
132.126
128.765
125.486
122.48
119.932
118.066
117.128
117.311
118.66
121.034
124.151
127.66
131.226
134.569
137.496
139.899
141.731
142.988
143.691
143.89
143.669
143.141
142.426
141.638
140.874
140.196
139.618
139.089
138.517
137.821
136.979
136.069
135.253
134.725
134.628
134.984
135.659
136.386
136.838
136.706
135.787
134.061
131.745
129.295
127.264
126.064
125.786
126.283
127.38
128.991
131.042
133.353
135.606
137.428
138.498
138.627
137.784
136.115
133.933
131.669
129.787
128.655
128.438
129.042
130.148
131.326
132.161
132.369
131.85
130.698
129.17
127.645
126.512
126.018
126.181
126.816
127.648
128.402
128.886
129.059
129.038
129.027
129.207
129.643
130.276
131.004
131.751
132.487
133.156
133.676
134.02
134.304
134.746
135.459
136.263
136.78
136.698
135.978
134.864
133.82
133.377
133.939
135.571
137.953
140.523
142.715
144.123
144.541
143.943
142.429
140.167
137.364
134.266
131.181
128.509
126.698
126.075
126.625
127.961
129.534
130.895
131.855
132.473
132.96
133.533
134.314
135.315
136.471
137.682
138.845
139.865
140.657
141.139
141.22
140.81
139.839
138.287
136.195
133.669
130.878
128.048
125.462
123.426
122.189
121.839
122.267
123.209
124.361
125.454
126.302
126.811
126.964
126.805
126.407
125.847
125.178
124.431
123.653
122.932
122.39
122.124
122.187
122.653
123.673
125.387
127.801
130.756
133.971
137.107
139.833
141.881
143.081
143.381
142.841
141.624
139.975
138.189
136.578
135.4
134.767
134.593
134.655
134.721
134.641
134.366
133.919
133.355
132.75
132.183
131.734
131.465
131.417
131.595
131.971
132.494
133.139
133.951
135.05
136.535
138.348
140.237
141.876
143.022
143.575
143.533
142.933
141.82
140.254
138.331
136.194
134.038
132.086
130.543
129.559
129.179
129.32
129.788
130.342
130.783
131.033
131.121
131.096
130.943
130.585
130.012
129.424
129.158
129.424
130.092
130.808
131.211
131.026
130.059
128.249
125.823
123.448
122.076
122.31
123.961
126.391
129.081
131.778
134.341
136.595
138.315
139.309
139.502
138.98
137.948
136.655
135.305
134.054
133.028
132.363
132.181
132.524
133.314
134.379
135.519
136.574
137.461
138.162
138.697
139.095
139.369
139.523
139.563
139.529
139.488
139.52
139.678
139.991
140.461
141.085
141.846
142.696
143.538
144.229
144.612
144.56
144.02
143.014
141.618
139.932
138.064
136.133
134.289
132.695
131.502
130.823
130.73
131.244
132.313
133.77
135.35
136.768
137.812
138.369
138.404
137.921
136.956
135.616
134.119
132.774
131.883
131.581
131.748
132.081
132.239
131.971
131.169
129.864
128.215
126.479
124.948
123.878
123.448
123.764
124.831
126.497
128.446
130.289
131.724
132.685
133.374
134.112
135.108
136.353
137.715
139.049
140.201
140.957
141.095
140.478
139.118
137.165
134.872
132.568
130.582
129.102
128.045
127.135
126.125
124.962
123.768
122.726
122
121.731
122.073
123.17
125.095
127.763
130.926
134.233
137.311
139.828
141.551
142.381
142.381
141.758
140.792
139.748
138.812
138.094
137.656
137.525
137.675
138.011
138.394
138.681
138.751
138.509
137.896
136.913
135.66
134.373
133.386
133.017
133.41
134.437
135.74
136.914
137.656
137.82
137.372
136.333
134.754
132.738
130.47
128.242
126.397
125.208
124.749
124.897
125.459
126.306
127.362
128.532
129.644
130.48
130.882
130.819
130.409
129.85
129.351
129.055
129.009
129.149
129.311
129.277
128.863
128.025
126.894
125.745
124.87
124.452
124.526
124.998
125.727
126.565
127.364
127.991
128.392
128.656
128.977
129.489
130.1
130.553
130.628
130.25
129.463
128.377
127.169
126.07
125.292
124.934
124.985
125.388
126.084
127.013
128.095
129.225
130.279
131.143
131.749
132.073
132.131
131.938
131.493
130.77
129.732
128.369
126.779
125.219
124.044
123.534
123.73
124.43
125.326
126.139
126.708
127.02
127.197
127.414
127.801
128.399
129.157
129.98
130.753
131.364
131.742
131.873
131.805
131.603
131.304
130.911
130.442
129.96
129.562
129.328
129.291
129.454
129.829
130.442
131.31
132.401
133.617
134.782
135.654
135.983
135.61
134.572
133.142
131.727
130.684
130.171
130.15
130.512
131.181
132.119
133.257
134.462
135.578
136.473
137.075
137.361
137.343
137.049
136.516
135.78
134.874
133.844
132.754
131.698
130.791
130.151
129.876
130.023
130.572
131.399
132.314
133.159
133.901
134.623
135.453
136.482
137.715
139.068
140.405
141.616
142.672
143.598
144.391
144.95
145.07
144.522
143.16
141.037
138.436
135.809
133.631
132.239
131.746
132.058
132.925
134.032
135.059
135.741
135.896
135.441
134.405
132.945
131.305
129.741
128.403
127.269
126.185
124.977
123.566
121.992
120.374
118.814
117.333
115.892
114.482
113.233
112.413
112.304
113.038
114.534
116.558
118.86
121.266
123.682
126.069
128.385
130.562
132.504
134.095
135.233
135.859
135.978
135.661
135.013
134.153
133.192
132.231
131.397
130.849
130.76
131.255
132.359
133.974
135.917
137.985
140.021
141.933
143.678
145.223
146.515
147.471
147.991
147.982
147.39
146.235
144.621
142.741
140.823
139.065
137.583
136.399
135.461
134.677
133.952
133.236
132.544
131.976
131.672
131.737
132.18
132.861
133.475
133.583
132.723
130.653
127.633
124.499
122.247
121.423
122.007
123.738
126.34
129.491
132.81
135.939
138.63
140.774
142.379
143.549
144.42
145.117
145.705
146.175
146.475
146.55
146.364
145.907
145.21
144.337
143.379
142.426
141.56
140.846
140.34
140.083
140.071
140.229
140.411
140.436
140.145
139.458
138.419
137.218
136.169
135.626
135.839
136.803
138.172
139.378
139.916
139.577
138.458
136.829
134.971
133.074
131.234
129.495
127.907
126.566
125.612
125.165
125.246
125.767
126.582
127.57
128.657
129.808
130.985
132.115
133.095
133.818
134.196
134.17
133.725
132.904
131.836
130.726
129.819
129.338
129.431
130.151
131.462
133.244
135.302
137.382
139.205
140.519
141.167
141.151
140.653
140.006
139.581
139.638
140.233
141.222
142.355
143.388
144.144
144.515
144.422
143.788
142.548
140.68
138.253
135.448
132.556
129.933
127.933
126.833
126.762
127.663
129.314
131.38
133.5
135.355
136.734
137.542
137.783
137.519
136.815
135.686
134.103
132.112
130.015
128.391
127.725
127.98
128.674
129.285
129.535
