20 -5.00703 0
40 -5.049 0.0419663
60 -5.04465 0.0246157
80 -5.04785 0.0176977
100 -5.04469 0.0140684
120 -5.04276 0.0116478
140 -5.03764 0.0110951
160 -5.03285 0.010737
180 -5.02168 0.0146482
200 -5.01686 0.0139591
220 -5.00855 0.0151167
240 -5.00703 0.0138824
260 -5.00987 0.0130803
280 -5.00724 0.0123924
300 -5.00419 0.0119329
320 -5.01136 0.0132664
340 -5.0136 0.0126622
360 -5.01196 0.0120497
380 -5.01303 0.0114472
400 -5.01055 0.0111388
420 -5.01446 0.0112924
440 -5.01471 0.0107699
460 -5.0177 0.010716
480 -5.01901 0.0103437
500 -5.01759 0.0100222
520 -5.01439 0.0101488
540 -5.01641 0.00997293
560 -5.01865 0.00986815
580 -5.01937 0.00954869
600 -5.02 0.00924622
620 -5.02082 0.00898045
640 -5.02522 0.0097466
660 -5.02475 0.00945827
680 -5.02603 0.00926448
700 -5.02536 0.00902032
720 -5.0256 0.00876929
740 -5.02574 0.00853024
760 -5.02521 0.00831996
780 -5.02784 0.00852149
800 -5.0286 0.00834022
820 -5.02716 0.00826153
840 -5.0272 0.00806256
860 -5.02769 0.00788762
880 -5.02614 0.00786052
900 -5.02703 0.00773508
920 -5.02673 0.00757095
940 -5.02754 0.00745306
960 -5.03006 0.00771871
980 -5.02966 0.00757025
1000 -5.02963 0.00741738
