20 1.63463 0
40 1.67582 0.0411874
60 1.67126 0.0242129
80 1.67408 0.0173516
100 1.67097 0.0137959
120 1.66905 0.0114256
140 1.66404 0.0108781
160 1.65975 0.0103531
180 1.6488 0.0142555
200 1.64437 0.013498
220 1.6362 0.0146932
240 1.63438 0.0135359
260 1.63705 0.012734
280 1.63446 0.0120707
300 1.63131 0.0116695
320 1.63823 0.0129263
340 1.6403 0.0123175
360 1.6386 0.0117378
380 1.63954 0.0111428
400 1.63696 0.0108823
420 1.64078 0.0110341
440 1.64099 0.0105227
460 1.64377 0.0104322
480 1.64512 0.0100785
500 1.64375 0.00976376
520 1.64046 0.00993983
540 1.64241 0.0097616
560 1.64456 0.00964956
580 1.6451 0.00932614
600 1.64562 0.0090249
620 1.64642 0.00876578
640 1.65082 0.00955834
660 1.65039 0.00927394
680 1.65169 0.00909079
700 1.65112 0.00884564
720 1.65137 0.00859998
740 1.6515 0.00836534
760 1.65084 0.00816885
780 1.65338 0.00835209
800 1.65412 0.00817434
820 1.65268 0.00810281
840 1.65272 0.00790765
860 1.65318 0.0077356
880 1.6517 0.00770153
900 1.65262 0.00758452
920 1.6523 0.00742467
940 1.6531 0.00730812
960 1.65563 0.00758965
980 1.65523 0.00744391
1000 1.65518 0.00729373
