20 1.08975 0
40 1.11721 0.0274583
60 1.11417 0.0161419
80 1.11605 0.0115677
100 1.11398 0.00919728
120 1.1127 0.00761707
140 1.10936 0.00725208
160 1.1065 0.00690205
180 1.0992 0.00950369
200 1.09625 0.0089987
220 1.0908 0.00979548
240 1.08959 0.00902395
260 1.09136 0.00848936
280 1.08964 0.00804716
300 1.08754 0.00777966
320 1.09216 0.00861753
340 1.09354 0.00821164
360 1.0924 0.00782518
380 1.09303 0.00742856
400 1.0913 0.00725484
420 1.09385 0.00735606
440 1.09399 0.00701516
460 1.09585 0.00695479
480 1.09675 0.00671898
500 1.09583 0.00650917
520 1.09364 0.00662655
540 1.09494 0.00650773
560 1.09638 0.00643304
580 1.09673 0.00621742
600 1.09708 0.0060166
620 1.09761 0.00584385
640 1.10054 0.00637223
660 1.10026 0.00618262
680 1.10113 0.00606053
700 1.10075 0.0058971
720 1.10091 0.00573332
740 1.101 0.00557689
760 1.10056 0.0054459
780 1.10225 0.00556806
800 1.10275 0.00544956
820 1.10178 0.00540187
840 1.10181 0.00527177
860 1.10212 0.00515707
880 1.10114 0.00513435
900 1.10175 0.00505634
920 1.10154 0.00494978
940 1.10206 0.00487208
960 1.10375 0.00505976
980 1.10349 0.00496261
1000 1.10345 0.00486248
