20 2.6032 0
40 2.35718 0.24602
60 2.28315 0.160175
80 2.18359 0.150802
100 2.14534 0.122914
120 2.12432 0.102536
140 2.12967 0.0868236
160 2.14586 0.0769162
180 2.17838 0.0752264
200 2.19481 0.0692617
220 2.23738 0.0757405
240 2.23874 0.0691546
260 2.21789 0.0669411
280 2.22806 0.0628036
300 2.23897 0.0594773
320 2.20177 0.0669307
340 2.18633 0.0647383
360 2.19658 0.0618911
380 2.19483 0.0585693
400 2.19436 0.0555657
420 2.17125 0.0576853
440 2.1677 0.0551152
460 2.15932 0.053327
480 2.15671 0.0511234
500 2.15764 0.0490447
520 2.16512 0.0477104
540 2.15199 0.0477486
560 2.13907 0.0477918
580 2.13633 0.046196
600 2.13337 0.0447273
620 2.12847 0.0435369
640 2.11121 0.0455525
660 2.1131 0.0441909
680 2.10802 0.0431712
700 2.1117 0.0420809
720 2.11203 0.0408965
740 2.11198 0.0397759
760 2.10716 0.0390134
780 2.09241 0.0407624
800 2.09069 0.0397676
820 2.09617 0.0391717
840 2.09449 0.0382647
860 2.09289 0.0373983
880 2.10386 0.0381488
900 2.10401 0.0372917
920 2.10521 0.0364916
940 2.09908 0.036229
960 2.08911 0.036841
980 2.09349 0.0363472
1000 2.09224 0.0356351
