20 -3.3724 0
40 -3.37318 0.000778915
60 -3.37339 0.000498761
80 -3.37378 0.000519618
100 -3.37373 0.00040561
120 -3.37371 0.00033161
140 -3.3736 0.000300745
160 -3.3731 0.0005618
180 -3.37287 0.000545541
200 -3.37249 0.000622792
220 -3.37235 0.000579859
240 -3.37266 0.000611281
260 -3.37282 0.000585691
280 -3.37278 0.000543681
300 -3.37288 0.00051541
320 -3.37312 0.000541352
340 -3.3733 0.000537403
360 -3.37337 0.000511529
380 -3.37349 0.000498045
400 -3.37359 0.0004843
420 -3.37368 0.000468429
440 -3.37372 0.000448576
460 -3.37393 0.000476129
480 -3.37389 0.000456949
500 -3.37385 0.000440777
520 -3.37393 0.000431066
540 -3.374 0.000420882
560 -3.37409 0.000415343
580 -3.37427 0.000440556
600 -3.37438 0.000438944
620 -3.3744 0.000424868
640 -3.3744 0.000411438
660 -3.37436 0.000401122
680 -3.37434 0.000389879
700 -3.37424 0.000389855
720 -3.37423 0.00037912
740 -3.37424 0.000369047
760 -3.37437 0.000379905
780 -3.37446 0.000382171
800 -3.37448 0.000372835
820 -3.37448 0.00036364
840 -3.37449 0.000354891
860 -3.3745 0.000346957
880 -3.37443 0.000345804
900 -3.3744 0.000339533
920 -3.37442 0.000332711
940 -3.37445 0.000326471
960 -3.37443 0.000319938
980 -3.37443 0.000313348
1000 -3.37445 0.000307704
