1.01573
1.02028
1.02612
1.03434
1.0459
1.06095
1.0789
1.09848
1.11787
1.1347
1.14652
1.1514
1.14862
1.13895
1.12465
1.10893
1.09517
1.08571
1.08122
1.08065
1.0819
1.08275
1.08188
1.07939
1.0771
1.07797
1.08469
1.0981
1.11659
1.13723
1.15725
1.17483
1.18912
1.19993
1.20741
1.21181
1.21332
1.2121
1.20821
1.20181
1.19335
1.18388
1.17488
1.16741
1.16114
1.15464
1.14651
1.13626
1.12429
1.11139
1.09841
1.08598
1.07431
1.0633
1.05307
1.04456
1.0397
1.04056
1.04788
1.06032
1.07514
1.0896
1.10175
1.1105
1.11539
1.11648
1.11448
1.1109
1.10821
1.1094
1.11654
1.1288
1.14232
1.15246
1.15662
1.15511
1.14959
1.14082
1.12822
1.11146
1.09175
1.07181
1.05498
1.04413
1.04089
1.0455
1.05696
1.07351
1.09287
1.11261
1.13041
1.14458
1.15421
1.15912
1.15958
1.15601
1.14885
1.13856
1.12578
1.11151
1.09719
1.08468
1.07572
1.0714
1.07183
1.07633
1.08392
1.09364
1.10461
1.11592
1.12655
1.13542
1.1415
1.144
1.14247
1.13683
1.12733
1.11451
1.09933
1.08332
1.06852
1.05701
1.05039
1.04946
1.05411
1.0634
1.07577
1.08933
1.10216
1.1126
1.11944
1.12191
1.11968
1.11306
1.10361
1.09457
1.08994
1.09206
1.09979
1.10973
1.1186
1.12452
1.12699
1.12632
1.12305
1.11758
1.11053
1.10303
1.09646
1.09151
1.08765
1.08374
1.0788
1.07262
1.06545
1.05765
1.04948
1.041
1.03206
1.02223
1.01125
0.99951
0.988234
0.979187
0.9741
0.97417
0.979817
0.99065
1.00561
1.02313
1.04144
1.05877
1.0738
1.08576
1.09454
1.1006
1.10469
1.1077
1.11033
1.11296
1.11544
1.11694
1.11605
1.11136
1.10217
1.08884
1.07289
1.05663
1.04257
1.0325
1.02695
1.02532
1.02672
1.0307
1.03757
1.04797
1.06193
1.07823
1.09452
1.10812
1.11675
1.11894
1.11411
1.10268
1.08625
1.06741
1.04908
1.03338
1.0209
1.01127
1.00414
0.999597
0.997809
0.998523
1.00082
1.00329
1.00449
1.00337
0.999582
0.99369
0.987091
0.981769
0.979809
0.982673
0.990526
1.00234
1.01659
1.03204
1.0481
1.06467
1.08175
1.09918
1.11645
1.13283
1.14754
1.1599
1.16936
1.17558
1.17841
1.17817
1.17567
1.1721
1.16846
1.16502
1.16117
1.15595
1.14881
1.14006
1.13069
1.12181
1.11409
1.10748
1.10121
1.09415
1.08515
1.07349
1.05914
1.04285
1.0261
1.0109
0.999456
0.993748
0.99483
1.0024
1.01481
1.02966
1.04476
1.05885
1.07173
1.08379
1.09534
1.10603
1.11475
1.12005
1.12083
1.11688
1.10904
1.0989
1.08841
1.07941
1.07333
1.07108
1.0727
1.0771
1.08223
1.08574
1.08607
1.08289
1.07692
1.06915
1.06026
1.05044
1.03982
1.02904
1.01981
1.01488
1.01725
1.0288
1.04935
1.07654
1.10686
1.13671
1.16318
1.18428
1.19898
1.20698
1.20852
1.20429
1.19528
1.18281
1.16849
1.15416
1.14184
1.13339
1.1301
1.132
1.13758
1.14415
1.14881
1.14939
1.1449
1.13562
1.12276
1.10817
1.09402
1.08249
1.07524
1.07298
1.07541
1.08152
1.09023
1.10092
1.11327
1.12662
1.13951
1.14983
1.15557
1.15555
1.14959
1.13831
1.12275
1.1042
1.08431
1.06513
1.04888
1.03743
1.03169
1.03145
1.03553
1.04241
1.05067
1.05916
1.067
1.07365
1.07925
1.08499
1.09264
1.10333
1.11651
1.13009
1.14159
1.14903
1.15127
1.1481
1.1402
1.12909
1.11691
1.1058
1.09697
1.09035
1.0849
1.07955
1.07409
1.06948
1.06742
1.06942
1.07602
1.08648
1.09904
1.1113
1.12045
1.12391
1.1202
1.10947
1.09333
1.07423
1.05477
1.03726
1.02374
1.01597
1.01518
1.0213
1.03245
1.04505
1.0551
1.05953
1.05709
1.04867
1.0371
1.02668
1.02212
1.02697
1.04205
1.06527
1.09288
1.12117
1.1474
1.16982
1.18737
1.19959
1.20668
1.20928
1.20811
1.20367
1.19623
1.18607
1.17363
1.15968
1.14549
1.13271
1.12305
1.11778
1.11724
1.12079
1.12708
1.1345
1.14134
1.14596
1.14678
1.14254
1.13258
1.11721
1.09789
1.07698
1.05714
1.04065
1.02897
1.02274
1.02196
1.02618
1.03452
1.04571
1.05829
1.07108
1.08321
1.09406
1.103
1.10953
1.1136
1.11598
1.11837
1.12311
1.13281
1.14934
1.17257
1.19961
1.226
1.24789
1.26309
1.27081
1.27106
1.26425
1.25105
1.23251
1.20986
1.18433
1.15701
1.12912
1.1025
1.07961
1.06275
1.05255
1.04764
1.04575
1.04488
1.04379
1.04213
1.04079
1.04141
1.04498
1.05075
1.05679
1.06136
1.0636
1.06349
1.0614
1.05793
1.05378
1.04989
1.0475
1.04799
1.05242
1.06119
1.07371
1.0885
1.10341
1.11598
1.12383
1.12514
1.11905
1.10595
1.08763
1.06724
1.04809
1.0316
1.01617
0.999298
0.980658
0.96336
0.952529
0.952474
0.964424
0.986239
1.01381
1.04292
1.0705
1.09506
1.11627
1.13423
1.14879
1.15943
1.16516
1.16473
1.15691
1.14139
1.12033
1.09962
1.08724
1.08781
1.0986
1.11224
1.12258
1.12749
1.12798
1.12654
1.12577
1.12762
1.13283
1.14085
1.15013
1.15881
1.16532
1.16874
1.1688
1.16575
1.16009
1.15241
1.14348
1.13423
1.12597
1.12005
1.11726
1.11723
1.11844
1.11905
1.11807
1.1158
1.11332
1.11113
1.10836
1.10335
1.09481
1.08297
1.06978
1.0583
1.05132
1.05045
1.05609
1.06781
1.08445
1.10396
1.12364
1.14092
1.15396
1.16173
1.16379
1.16001
1.15063
1.13647
1.11928
1.10181
1.08721
1.07811
1.07553
1.07843
1.08418
1.09008
1.09479
1.09874
1.10327
1.10941
1.11705
1.12503
1.13178
1.13592
1.13667
1.13389
1.12811
1.1204
1.11223
1.10511
1.10017
1.09778
1.09777
1.09966
1.10287
1.10676
1.1106
1.11388
1.11631
1.11796
1.11903
1.1197
1.11991
1.1196
1.11907
1.11929
1.12176
1.12793
1.13833
1.15214
1.16738
1.18172
1.19329
1.20113
1.20534
1.2068
1.20682
1.20668
1.20721
1.20863
1.21044
1.21167
1.21109
1.20753
1.20014
1.18862
1.1732
1.15454
1.13356
1.11101
1.08736
1.06339
1.04126
1.02459
1.0167
1.01872
1.02961
1.04752
1.07017
1.09457
1.11716
1.13483
1.14588
1.15038
1.14953
1.14468
1.1367
1.1261
1.11346
1.09976
1.08636
1.07492
1.06715
1.0646
1.06822
1.07794
1.09243
1.10955
1.12695
1.14278
1.15615
1.16702
1.17569
1.18226
1.1863
1.18711
1.18422
1.17776
1.16839
1.15696
1.14421
1.13075
1.11717
1.10394
1.09126
1.07888
1.06637
1.05371
1.04196
1.03366
1.03197
1.03878
1.05316
1.0716
1.08979
1.1045
1.11401
1.11777
1.11595
1.10945
1.10002
1.09023
1.08282
1.07984
1.08185
1.08776
1.09565
1.10378
1.11106
1.1168
1.1205
1.12196
1.12136
1.11947
1.11743
1.11638
1.11696
1.11897
1.12139
1.12277
1.12182
1.11807
1.11215
1.10566
1.10051
1.09794
1.09785
1.09897
1.09969
1.09904
1.0972
1.09533
1.0948
1.09643
1.10012
1.10476
1.10831
1.10837
1.1031
1.09221
1.07751
1.06248
1.05102
1.04557
1.04633
1.05191
1.0603
1.06956
1.07784
1.08375
1.08675
1.08751
1.08774
1.08965
1.09521
1.1055
1.1203
1.13814
1.15687
1.17442
1.18918
1.20007
1.20647
1.20814
1.20532
1.19869
1.18936
1.17873
1.16825
1.15909
1.15192
1.14671
1.14285
1.13964
1.13672
1.13424
1.1328
1.13319
1.136
1.14123
1.14794
1.15451
1.15906
1.16018
1.15752
1.15177
1.14424
1.13631
1.12893
1.12255
1.11726
1.11283
1.1087
1.10407
1.09813
1.09027
1.08035
1.06872
1.05617
1.04392
1.03332
1.02562
1.02164
1.02164
1.02538
1.03225
1.04141
1.05177
1.06221
1.07178
1.0799
1.08644
1.09144
1.09497
1.09698
1.09744
1.09661
1.09512
1.09385
1.09348
1.09405
1.09511
1.09627
1.09765
1.0997
1.10266
1.1062
1.10955
1.11179
1.11233
1.11101
1.10837
1.10542
1.1033
1.10272
1.10344
1.1042
1.10325
1.09931
1.09238
1.08381
1.07555
1.06934
1.06627
1.06677
1.07068
1.07721
1.08504
1.09281
1.10009
1.10804
1.11888
1.13396
1.15198
1.16949
1.18272
1.18925
1.18836
1.18068
1.16772
1.15135
1.13348
1.11558
1.09833
1.08163
1.06503
1.04849
1.03273
1.01882
1.00753
0.999191
0.994407
0.994502
1.00097
1.01418
1.03261
1.05335
1.07331
1.09028
1.10327
1.11243
1.11868
1.12332
1.1276
1.13239
1.13792
1.14391
1.14963
1.15408
1.15613
1.1547
1.14913
1.1396
1.12748
1.11532
1.10626
1.1029
1.10603
1.11428
1.12507
1.13593
1.14509
1.15146
1.15435
1.15333
1.14826
1.13934
1.12705
1.11208
1.09534
1.07804
1.06163
1.04758
1.03707
1.03038
1.02683
1.02505
1.02362
1.02163
1.01916
1.01727
1.01788
1.02344
1.03615
1.05683
1.08408
1.11452
1.144
1.16896
1.1871
1.19747
1.20038
1.19742
1.19118
1.1844
1.17878
1.17428
1.16976
1.1645
1.15918
1.15544
1.15448
1.15614
1.15918
1.16271
1.16702
1.17322
1.18217
1.1935
1.20563
1.21642
1.22379
1.22615
1.22267
1.2134
1.19937
1.18227
1.16399
1.14612
1.12981
1.11585
1.10476
1.09672
1.09146
1.08841
1.08684
1.08613
1.08575
1.08518
1.08393
1.08174
1.07899
1.07686
1.07697
1.07996
1.08468
1.08928
1.09311
1.09711
1.10276
1.11066
1.12003
1.12904
1.13577
1.1388
1.13751
1.1318
1.12204
1.10923
1.09539
1.08338
1.07559
1.07239
1.07222
1.07334
1.07514
1.07793
1.08214
1.08767
