2.96449
2.94263
2.91221
2.86947
2.81245
2.73806
2.64975
2.55528
2.46449
2.38474
2.33205
2.31348
2.33012
2.37918
2.44761
2.51863
2.57975
2.61568
2.62946
2.62453
2.61053
2.59558
2.58487
2.58171
2.572
2.54389
2.48487
2.39242
2.27756
2.15329
2.03161
1.92276
1.82999
1.75534
1.6944
1.65255
1.63063
1.62214
1.63056
1.65656
1.69312
1.73462
1.7779
1.81468
1.84989
1.88962
1.93866
1.99759
2.06498
2.13419
2.20469
2.27065
2.33165
2.38618
2.43456
2.47181
2.48604
2.46796
2.41474
2.3382
2.25024
2.16005
2.08446
2.02303
1.97953
1.95285
1.94181
1.93668
1.92596
1.89951
1.84844
1.77838
1.7108
1.66225
1.6479
1.66284
1.70164
1.75938
1.83707
1.93498
2.04426
2.15211
2.24056
2.2986
2.31499
2.29184
2.23622
2.15428
2.05723
1.95888
1.87106
1.80196
1.75256
1.7276
1.7248
1.74265
1.78007
1.83241
1.89697
1.96781
2.0379
2.09763
2.13915
2.15949
2.15699
2.13681
2.10105
2.0544
2.00281
1.95323
1.90699
1.87041
1.84886
1.84548
1.86381
1.90186
1.95992
2.0325
2.11535
2.19982
2.2753
2.33223
2.36313
2.36586
2.33911
2.29009
2.22921
2.16008
2.0966
2.04429
2.01154
2.00199
2.01132
2.0449
2.08942
2.13091
2.14956
2.13722
2.10303
2.05935
2.02547
2.00567
2.00265
2.01441
2.04251
2.08059
2.1276
2.17441
2.2148
2.24614
2.27177
2.29704
2.32623
2.35921
2.3977
2.43703
2.47687
2.51647
2.56
2.60831
2.66229
2.7188
2.77033
2.80773
2.82446
2.81693
2.77963
2.71621
2.63169
2.53341
2.43197
2.33517
2.25003
2.17912
2.12415
2.08364
2.05422
2.03295
2.01502
2.00326
1.995
1.99587
2.01266
2.0534
2.11615
2.20011
2.29606
2.39528
2.48199
2.54485
2.58685
2.60727
2.60938
2.59436
2.56202
2.50986
2.43986
2.35967
2.2797
2.21349
2.17401
2.16638
2.19763
2.26018
2.35143
2.45443
2.55476
2.64598
2.72323
2.78612
2.83694
2.87152
2.89366
2.90036
2.89868
2.89453
2.8932
2.90082
2.91826
2.93815
2.95587
2.96209
2.94762
2.90609
2.83709
2.74684
2.64212
2.53053
2.41592
2.29841
2.18217
2.06552
1.9546
1.84914
1.7575
1.68066
1.62235
1.58483
1.56632
1.56783
1.58041
1.60164
1.62472
1.65052
1.67846
1.71378
1.75597
1.80629
1.86026
1.90959
1.95447
1.99588
2.03573
2.08329
2.14185
2.21341
2.29914
2.39179
2.48654
2.57139
2.63912
2.6762
2.67875
2.65182
2.59956
2.53453
2.46733
2.4031
2.34244
2.28452
2.2295
2.18038
2.14213
2.11813
2.11696
2.13964
2.17901
2.22788
2.27536
2.31778
2.34182
2.34912
2.33923
2.31632
2.29311
2.27738
2.27707
2.29475
2.32466
2.36281
2.40486
2.45236
2.50198
2.54564
2.57978
2.58722
2.55552
2.47707
2.35499
2.20033
2.03219
1.86568
1.7163
1.59222
1.50228
1.44782
1.4264
1.43287
1.46769
1.51693
1.57775
1.64019
1.69141
1.72756
1.74096
1.73253
1.71009
1.68688
1.67702
1.68846
1.7251
1.78514
1.86319
1.94789
2.02858
2.09438
2.13629
2.15225
2.14139
2.10983
2.06471
2.0087
1.9472
1.8838
1.82385
1.78228
1.7682
1.7828
1.83191
1.90863
2.00667
2.12304
2.24273
2.35596
2.45376
2.52749
2.57116
2.58511
2.57685
2.55256
2.51947
2.48358
2.44629
2.41328
2.38191
2.34827
2.30482
2.24499
2.17445
2.10524
2.04547
2.00695
1.99542
2.00983
2.04406
2.09586
2.14966
2.19864
2.23501
2.26176
2.28174
2.29778
2.3098
2.31731
2.30823
2.27842
2.22235
2.14944
2.06797
1.99002
1.93029
1.89959
1.9069
1.94982
2.01792
2.10298
2.19232
2.27128
2.33345
2.36711
2.36971
2.3404
2.2901
2.23582
2.19567
2.18185
2.20442
2.25155
2.30905
2.35822
2.37419
2.345
2.26447
2.14259
2.00164
1.85632
1.71685
1.59555
1.49946
1.42734
1.38192
1.36047
1.35967
1.37816
1.41514
1.46684
1.53394
1.61073
1.68915
1.76133
1.81893
1.8538
1.86814
1.86306
1.8463
1.82407
1.80634
1.80341
1.82024
1.86172
1.93341
2.0308
2.14439
2.26418
2.37598
2.47013
2.53856
2.57896
2.58827
2.57255
2.53424
2.48123
2.42147
2.35767
2.29552
2.23943
2.19041
2.15302
2.12538
2.1047
2.07976
2.0378
1.97147
1.87104
1.74028
1.59703
1.45901
1.34418
1.26499
1.23033
1.23399
1.2761
1.35332
1.46178
1.59162
1.73832
1.89206
2.04774
2.19451
2.31818
2.40945
2.46569
2.49272
2.5022
2.50369
2.50325
2.50415
2.50145
2.48654
2.45689
2.41625
2.37631
2.34047
2.31575
2.30188
2.29666
2.29791
2.30242
2.30598
2.29952
2.27929
2.24087
2.18565
2.11118
2.03322
1.95702
1.89744
1.86568
1.86746
1.90878
1.98582
2.08833
2.20255
2.31227
2.41044
2.50502
2.60248
2.70341
2.78839
2.83643
2.82633
2.75505
2.63257
2.48032
2.31816
2.16327
2.02346
1.89999
1.79537
1.71203
1.65439
1.62446
1.62878
1.67243
1.75472
1.85834
1.9576
2.01397
2.00784
1.95837
1.8975
1.85317
1.82903
1.82501
1.82788
1.8274
1.81232
1.78197
1.73936
1.6904
1.64787
1.61459
1.59903
1.59909
1.61435
1.64458
1.68471
1.73119
1.77831
1.81904
1.84962
1.8693
1.87661
1.8786
1.88481
1.90025
1.9209
1.94153
1.96174
1.98731
2.02481
2.08068
2.15029
2.22557
2.28907
2.32666
2.33419
2.30821
2.25108
2.16975
2.07492
1.9793
1.89584
1.83416
1.79885
1.79261
1.81434
1.86627
1.94219
2.03066
2.11792
2.18716
2.2302
2.23953
2.22267
2.19095
2.15734
2.1284
2.09974
2.06621
2.02378
1.97671
1.93098
1.89481
1.87164
1.86946
1.88384
1.91563
1.95341
1.99313
2.03003
2.05621
2.07029
2.07153
2.06518
2.05062
2.03253
2.01107
1.99433
1.98245
1.97106
1.9647
1.95928
1.95435
1.95023
1.94391
1.93404
1.91069
1.86902
1.80877
1.73207
1.6496
1.57639
1.5182
1.47883
1.4595
1.45593
1.46028
1.46691
1.47256
1.47349
1.47513
1.48214
1.49738
1.53033
1.58225
1.65253
1.74304
1.84851
1.96569
2.08758
2.21484
2.33883
2.44797
2.52674
2.55943
2.54221
2.48151
2.38487
2.26748
2.14344
2.03029
1.9446
1.88785
1.86483
1.86898
1.89439
1.93628
1.99226
2.05687
2.12446
2.19055
2.24355
2.27568
2.28166
2.25594
2.19945
2.12005
2.02867
1.93752
1.8547
1.78496
1.72873
1.68594
1.65662
1.64265
1.64676
1.66897
1.71167
1.77052
1.8375
1.91269
1.99327
2.07378
2.15008
2.22321
2.29322
2.36057
2.42834
2.48584
2.52441
2.52658
2.4864
2.41212
2.31982
2.2305
2.16007
2.11451
2.0971
2.10726
2.13808
2.18241
2.2284
2.26096
2.27124
2.25848
2.22612
2.18514
2.14413
2.10651
2.07451
2.05156
2.04142
2.04085
2.04533
2.05014
2.0507
2.04587
2.0374
2.02775
2.02738
2.03775
2.06038
2.09262
2.12569
2.15449
2.16805
2.16795
2.1639
2.16132
2.16092
2.16381
2.16346
2.15543
2.13385
2.10379
2.06814
2.03711
2.02374
2.03402
2.06768
2.11688
2.16588
2.19348
2.19438
2.16704
2.11855
2.0612
2.0007
1.94447
1.90494
1.87936
1.86533
1.85243
1.83182
1.79478
1.73446
1.65442
1.56227
1.46915
1.38378
1.31346
1.26544
1.24257
1.24265
1.26747
1.31193
1.37155
1.43671
1.50154
1.56217
1.6145
1.65809
1.69656
1.73242
1.76555
1.79448
1.81789
1.8302
1.82885
1.8173
1.80067
1.78393
1.77601
1.78556
1.81206
1.85094
1.89792
1.94702
1.99278
2.03338
2.06836
2.09825
2.12727
2.15781
2.19629
2.24391
2.29818
2.35765
2.42442
2.48272
2.53204
2.56436
2.57841
2.57017
2.54285
2.49977
2.44462
2.38395
2.32086
2.26423
2.21454
2.17402
2.14146
2.11753
2.10286
2.09457
2.09319
2.09508
2.09571
2.09152
2.08525
2.07595
2.06381
2.05105
2.03498
2.01464
1.9933
1.97524
1.96407
1.96116
1.96828
1.98478
2.00203
2.01663
2.02596
2.0294
2.03556
2.05274
2.08281
2.12607
2.17531
2.2209
2.25364
2.2693
2.26635
2.24489
2.20988
2.16898
2.12466
2.08215
2.03768
1.9795
1.90532
1.82319
1.74874
1.70247
1.68904
1.71418
1.77508
1.86478
1.97037
2.08599
2.19902
2.30997
2.41857
2.5255
2.63037
2.72638
2.81173
2.8816
2.93327
2.96193
2.96228
2.9295
2.86104
2.76543
2.65818
2.55212
2.46065
2.38453
2.32688
2.2819
2.24133
2.20403
2.16242
2.11722
2.07077
2.02651
1.99057
1.9672
1.95905
1.97321
2.00641
2.05053
2.09396
2.11962
2.11975
2.08714
2.03196
1.96934
1.90826
1.85712
1.82277
1.81124
1.82146
1.85186
1.90532
1.97426
2.05973
2.15383
2.24834
2.33589
2.41305
2.46719
2.50149
2.51793
2.52176
2.51972
2.51786
2.5145
2.50127
2.47237
2.41686
2.3253
2.19343
2.03464
1.86344
1.70258
1.56447
1.46632
1.41004
1.38887
1.39797
1.42973
1.46615
1.4987
1.52941
1.56448
1.60197
1.64117
1.67215
1.68908
1.69232
1.68737
1.67899
1.66384
1.63521
1.59307
1.54314
1.49146
1.44922
1.42551
1.42896
1.46267
1.52797
1.61818
1.72458
1.83591
1.94893
2.05227
2.14414
2.21822
2.27605
2.31851
2.34478
2.36284
2.3742
2.37886
2.38165
2.38362
2.38572
2.38799
2.38567
2.36988
2.33919
2.30064
2.26182
2.22665
2.18959
2.1439
2.08714
2.02736
1.96862
1.92379
1.89754
1.89225
1.90975
1.94596
1.99583
2.04958
2.09564
2.12088
2.12714
2.11846
2.10403
2.08713
2.06576
2.04159
2.00918
