20 1.87951 0
40 1.88356 0.00405292
60 1.87877 0.00532824
80 1.86828 0.0111433
100 1.86511 0.00919592
120 1.85995 0.00911028
140 1.85543 0.00893088
160 1.8506 0.00911918
180 1.84622 0.00915614
200 1.84046 0.0100102
220 1.83413 0.011052
240 1.82923 0.0112125
260 1.82479 0.0112309
280 1.82246 0.0106564
300 1.82027 0.0101596
320 1.81867 0.00963571
340 1.81676 0.00925128
360 1.81576 0.00877901
380 1.81311 0.0087191
400 1.81274 0.0082799
420 1.81155 0.00796448
440 1.81084 0.00762722
460 1.81063 0.00729095
480 1.80927 0.00711178
500 1.80792 0.00695483
520 1.80715 0.00672607
540 1.80637 0.00651822
560 1.80501 0.00642749
580 1.80451 0.00622223
600 1.80458 0.00601163
620 1.80571 0.00592462
640 1.80613 0.00575154
660 1.80678 0.00561195
680 1.8073 0.00546916
700 1.80716 0.00531233
720 1.80698 0.00516598
740 1.80641 0.00505658
760 1.80575 0.00496564
780 1.80473 0.00494329
800 1.80446 0.0048255
820 1.80414 0.00471683
840 1.8046 0.00462567
860 1.8053 0.00457056
880 1.80635 0.00458695
900 1.80834 0.00490635
920 1.81038 0.00521528
940 1.81166 0.00526012
960 1.8133 0.00540567
980 1.81449 0.00542636
1000 1.81515 0.00535661
