20 0.0587389 0
40 0.0548895 0.0038494
60 0.0547265 0.00222842
80 0.0564096 0.00230558
100 0.0544962 0.00261732
120 0.0530225 0.00259593
140 0.0517271 0.00254784
160 0.0512403 0.00225956
180 0.0510406 0.00200272
200 0.0508205 0.00180475
220 0.050189 0.00175037
240 0.0491605 0.00190025
260 0.0489229 0.00176404
280 0.0490341 0.00163697
300 0.0494888 0.00159032
320 0.0496034 0.00149202
340 0.0494794 0.00140698
360 0.0491509 0.00136659
380 0.0496674 0.00139201
400 0.0497483 0.00132305
420 0.050058 0.00129601
440 0.0500085 0.00123668
460 0.0498312 0.00119491
480 0.0502771 0.00122786
500 0.0506251 0.00122805
520 0.050617 0.0011799
540 0.050552 0.00113723
560 0.0506068 0.00109723
580 0.0505565 0.00105992
600 0.0506242 0.00102621
620 0.0507037 0.000995736
640 0.0510961 0.00104089
660 0.0512685 0.00102348
680 0.051286 0.00099308
700 0.0512693 0.000964435
720 0.0509616 0.00098646
740 0.0507774 0.000976954
760 0.0508105 0.000951472
780 0.0509416 0.000935982
800 0.0507716 0.000927989
820 0.0507048 0.000907535
840 0.0506668 0.000886477
860 0.050806 0.000876743
880 0.0509479 0.000868262
900 0.0508633 0.000852954
920 0.0509148 0.00083579
940 0.0512033 0.000867227
960 0.051204 0.000848968
980 0.0511241 0.000835295
1000 0.051119 0.000818434
