20 1.45229 0
40 1.45205 0.000247848
60 1.45219 0.000201738
80 1.45209 0.000174881
100 1.45211 0.000137424
120 1.4521 0.000112508
140 1.45209 9.61702e-05
160 1.4521 8.40052e-05
180 1.4521 7.41062e-05
200 1.4521 6.638e-05
220 1.45209 6.03309e-05
240 1.45208 5.5478e-05
260 1.45208 5.15137e-05
280 1.45207 4.89838e-05
300 1.45206 4.58146e-05
320 1.45206 4.29993e-05
340 1.45205 4.08282e-05
360 1.45206 3.89524e-05
380 1.45205 3.89709e-05
400 1.45205 3.69752e-05
420 1.45204 3.56514e-05
440 1.45204 3.42009e-05
460 1.45203 3.28523e-05
480 1.45204 3.16571e-05
500 1.45203 3.13437e-05
520 1.45203 3.05618e-05
540 1.45204 2.95989e-05
560 1.45202 3.29828e-05
580 1.45202 3.19359e-05
600 1.45201 3.30829e-05
620 1.452 3.20281e-05
640 1.452 3.18742e-05
660 1.452 3.08975e-05
680 1.45199 3.00744e-05
700 1.452 2.92119e-05
720 1.45199 2.86191e-05
740 1.452 2.79934e-05
760 1.45199 2.83489e-05
780 1.45199 2.76283e-05
800 1.45198 2.73523e-05
820 1.45198 2.68904e-05
840 1.45197 2.65885e-05
860 1.45197 2.59629e-05
880 1.45196 2.69839e-05
900 1.45196 2.66137e-05
920 1.45196 2.60514e-05
940 1.45196 2.54914e-05
960 1.45196 2.49758e-05
980 1.45196 2.44874e-05
1000 1.45197 2.41732e-05
