20 -0.427211 0
40 -0.431511 0.00430077
60 -0.426582 0.00551923
80 -0.416196 0.0110949
100 -0.413001 0.00916879
120 -0.40785 0.00908737
140 -0.403339 0.00890689
160 -0.398497 0.00910739
180 -0.394119 0.00914785
200 -0.388366 0.010002
220 -0.382035 0.0110426
240 -0.377149 0.0112018
260 -0.372712 0.0112191
280 -0.37039 0.0106433
300 -0.368203 0.0101468
320 -0.366615 0.00962329
340 -0.364708 0.00923864
360 -0.363705 0.00876784
380 -0.361059 0.00870517
400 -0.360691 0.00826668
420 -0.359511 0.00795118
440 -0.358802 0.00761423
460 -0.3586 0.00727845
480 -0.357237 0.00710073
500 -0.355888 0.00694292
520 -0.355114 0.0067153
540 -0.354338 0.00650833
560 -0.35299 0.00641468
580 -0.35249 0.00620969
600 -0.35257 0.00599966
620 -0.353709 0.00591354
640 -0.354132 0.00574137
660 -0.354778 0.0056021
680 -0.355301 0.00545988
700 -0.355165 0.00530334
720 -0.354983 0.00515712
740 -0.354411 0.00504835
760 -0.353759 0.00495667
780 -0.352739 0.00493455
800 -0.352477 0.00481673
820 -0.352166 0.00470807
840 -0.352626 0.00461759
860 -0.353325 0.00456274
880 -0.354383 0.00458164
900 -0.356378 0.00490305
920 -0.358422 0.00521273
940 -0.359698 0.00525773
960 -0.361342 0.00540313
980 -0.362531 0.00542368
1000 -0.36318 0.00535365
