20 1.253 0
40 1.25571 0.00270194
60 1.25251 0.00355216
80 1.24552 0.00742888
100 1.24341 0.00613061
120 1.23997 0.00607352
140 1.23695 0.00595392
160 1.23373 0.00607945
180 1.23081 0.00610409
200 1.22698 0.00667344
220 1.22275 0.00736802
240 1.21949 0.00747497
260 1.21653 0.00748724
280 1.21497 0.00710426
300 1.21351 0.00677308
320 1.21245 0.00642381
340 1.21117 0.00616752
360 1.21051 0.00585267
380 1.20874 0.00581273
400 1.20849 0.00551993
420 1.2077 0.00530966
440 1.20723 0.00508481
460 1.20709 0.00486063
480 1.20618 0.00474119
500 1.20528 0.00463655
520 1.20477 0.00448405
540 1.20425 0.00434548
560 1.20334 0.004285
580 1.20301 0.00414815
600 1.20305 0.00400775
620 1.20381 0.00394975
640 1.20409 0.00383436
660 1.20452 0.0037413
680 1.20486 0.00364611
700 1.20477 0.00354155
720 1.20465 0.00344399
740 1.20427 0.00337105
760 1.20383 0.00331043
780 1.20315 0.00329553
800 1.20297 0.003217
820 1.20276 0.00314455
840 1.20307 0.00308378
860 1.20353 0.00304704
880 1.20423 0.00305797
900 1.20556 0.0032709
920 1.20692 0.00347686
940 1.20777 0.00350675
960 1.20887 0.00360378
980 1.20966 0.00361757
1000 1.2101 0.00357107
