-0.461741
-0.464331
-0.464428
-0.462375
-0.458552
-0.453341
-0.447126
-0.440275
-0.433138
-0.426072
-0.419377
-0.413307
-0.407989
-0.403503
-0.3999
-0.397298
-0.395905
-0.396034
-0.397921
-0.401597
-0.406798
-0.412919
-0.419263
-0.425192
-0.430241
-0.434174
-0.436957
-0.438687
-0.439567
-0.439864
-0.439852
-0.439815
-0.43998
-0.440497
-0.441428
-0.442762
-0.444404
-0.446197
-0.447992
-0.449654
-0.45103
-0.451998
-0.452455
-0.452319
-0.45151
-0.449928
-0.447518
-0.444201
-0.439894
-0.434478
-0.427823
-0.419736
-0.410089
-0.398962
-0.38684
-0.374917
-0.364942
-0.358707
-0.357183
-0.359949
-0.365446
-0.371775
-0.37745
-0.381617
-0.383996
-0.38466
-0.383936
-0.382267
-0.380212
-0.378376
-0.377349
-0.377608
-0.379422
-0.382727
-0.387171
-0.392214
-0.397309
-0.40201
-0.406017
-0.409211
-0.411619
-0.4133
-0.41437
-0.41492
-0.415006
-0.414646
-0.413791
-0.412407
-0.410413
-0.407761
-0.404439
-0.400503
-0.39611
-0.391527
-0.387116
-0.383234
-0.380203
-0.378236
-0.377361
-0.377465
-0.378321
-0.379664
-0.381234
-0.382787
-0.38413
-0.385158
-0.385792
-0.386028
-0.385906
-0.385496
-0.384875
-0.384128
-0.383307
-0.382429
-0.381501
-0.380525
-0.379471
-0.378319
-0.377067
-0.375732
-0.374353
-0.373008
-0.371778
-0.370758
-0.370053
-0.369743
-0.369884
-0.370479
-0.371503
-0.372878
-0.374502
-0.376255
-0.378049
-0.379781
-0.381354
-0.382711
-0.383807
-0.384586
-0.385002
-0.385012
-0.384579
-0.383675
-0.382242
-0.380271
-0.37774
-0.374709
-0.371277
-0.367602
-0.363921
-0.360471
-0.357493
-0.35516
-0.353567
-0.352697
-0.352463
-0.352766
-0.353497
-0.354565
-0.355913
-0.357455
-0.359136
-0.360845
-0.362513
-0.364029
-0.365337
-0.366363
-0.367051
-0.367347
-0.367189
-0.36655
-0.365397
-0.363711
-0.361515
-0.358845
-0.355794
-0.35249
-0.349087
-0.345768
-0.342725
-0.340134
-0.338114
-0.336716
-0.33595
-0.335742
-0.335964
-0.336502
-0.33721
-0.337966
-0.338661
-0.33921
-0.339539
-0.3396
-0.339359
-0.338787
-0.33787
-0.336617
-0.335035
-0.333173
-0.33105
-0.328765
-0.326383
-0.323983
-0.32162
-0.319374
-0.317309
-0.315513
-0.314065
-0.313066
-0.312615
-0.312745
-0.313441
-0.314612
-0.316125
-0.317809
-0.319496
-0.321073
-0.322426
-0.323528
-0.324332
-0.324871
-0.325165
-0.325263
-0.325186
-0.324984
-0.324716
-0.324393
-0.324055
-0.323712
-0.323406
-0.323131
-0.322899
-0.322723
-0.322591
-0.322498
-0.322431
-0.322381
-0.322334
-0.322267
-0.322149
-0.321981
-0.321744
-0.321436
-0.321054
-0.320616
-0.320159
-0.319702
-0.319268
-0.318882
-0.318561
-0.318321
-0.318144
-0.318036
-0.317993
-0.318012
-0.31812
-0.318374
-0.318816
-0.319519
-0.32054
-0.321925
-0.323706
-0.325856
-0.328319
-0.331013
-0.33383
-0.336627
-0.33929
-0.341728
-0.343821
-0.345521
-0.346808
-0.347673
-0.348138
-0.348192
-0.347816
-0.346946
-0.345516
-0.343512
-0.341092
-0.338569
-0.336461
-0.335247
-0.335201
-0.336217
-0.337842
-0.339496
-0.340694
-0.341172
-0.340981
-0.340305
-0.339406
-0.338485
-0.337669
-0.336961
-0.336349
-0.335825
-0.335467
-0.335413
-0.335827
-0.336805
-0.338354
-0.340306
-0.342405
-0.344392
-0.346029
-0.347179
-0.347784
-0.347855
-0.347452
-0.346684
-0.345647
-0.344467
-0.34326
-0.342081
-0.341007
-0.340043
-0.339165
-0.338291
-0.337363
-0.3363
-0.335062
-0.333683
-0.332207
-0.330753
-0.329453
-0.328426
-0.327791
-0.327608
-0.32792
-0.328712
-0.32991
-0.331448
-0.333241
-0.335188
-0.337207
-0.33923
-0.341218
-0.34312
-0.344903
-0.346569
-0.348091
-0.349483
-0.350755
-0.351914
-0.352957
-0.353874
-0.354643
-0.355248
-0.355599
-0.355621
-0.355195
-0.354185
-0.352422
-0.349733
-0.346001
-0.341212
-0.335534
-0.329351
-0.32327
-0.317944
-0.313853
-0.31112
-0.30945
-0.30829
-0.307045
-0.305332
-0.303098
-0.300648
-0.298591
-0.297674
-0.298522
-0.30136
-0.30598
-0.311806
-0.318175
-0.324537
-0.330548
-0.336089
-0.341117
-0.345681
-0.349794
-0.353421
-0.356546
-0.359091
-0.361019
-0.362293
-0.362906
-0.362872
-0.362248
-0.361077
-0.359445
-0.357435
-0.355141
-0.352628
-0.349973
-0.347226
-0.344415
-0.341566
-0.338719
-0.335908
-0.333217
-0.330804
-0.328861
-0.32758
-0.327085
-0.327395
-0.328379
-0.329832
-0.331531
-0.333358
-0.335304
-0.337428
-0.339732
-0.342104
-0.344231
-0.345708
-0.346148
-0.34535
-0.343426
-0.340867
-0.338461
-0.337087
-0.337398
-0.339456
-0.342812
-0.346639
-0.350082
-0.352523
-0.353643
-0.353397
-0.351952
-0.34962
-0.346809
-0.343908
-0.341306
-0.339318
-0.338133
-0.337824
-0.338336
-0.33956
-0.341311
-0.343377
-0.345557
-0.347672
-0.349642
-0.351416
-0.353019
-0.354479
-0.355837
-0.357114
-0.358285
-0.359301
-0.360098
-0.360591
-0.360684
-0.36028
-0.359294
-0.35766
-0.355304
-0.352217
-0.348424
-0.343976
-0.338997
-0.33369
-0.3283
-0.323169
-0.318651
-0.315114
-0.312868
-0.3121
-0.312845
-0.314935
-0.318015
-0.321639
-0.325267
-0.328374
-0.330482
-0.331272
-0.33065
-0.328762
-0.325974
-0.322769
-0.319536
-0.316389
-0.313142
-0.309491
-0.305335
-0.30115
-0.298165
-0.297909
-0.301446
-0.308678
-0.318327
-0.328606
-0.337979
-0.345589
-0.351153
-0.354789
-0.35679
-0.357463
-0.35711
-0.355981
-0.354294
-0.352211
-0.349887
-0.347446
-0.344993
-0.342594
-0.340284
-0.338021
-0.335726
-0.333267
-0.330503
-0.327376
-0.323923
-0.320359
-0.317115
-0.31481
-0.314068
-0.315297
-0.318464
-0.323064
-0.328325
-0.333465
-0.337978
-0.341671
-0.344539
-0.346738
-0.348388
-0.349564
-0.350213
-0.350194
-0.34928
-0.34712
-0.343276
-0.337232
-0.328453
-0.316623
-0.302022
-0.286188
-0.272109
-0.263405
-0.26244
-0.26874
-0.279573
-0.291832
-0.303409
-0.313431
-0.321779
-0.328602
-0.334075
-0.338343
-0.341537
-0.343748
-0.345097
-0.345692
-0.345675
-0.345173
-0.344322
-0.34324
-0.342064
-0.340894
-0.339827
-0.338918
-0.338238
-0.337805
-0.337638
-0.337739
-0.338106
-0.338692
-0.339444
-0.340287
-0.341069
-0.341574
-0.341521
-0.340603
-0.338621
-0.335622
-0.332106
-0.329086
-0.327845
-0.329419
-0.333984
-0.340741
-0.348267
-0.35517
-0.360518
-0.363891
-0.365351
-0.365174
-0.363831
-0.361816
-0.359667
-0.357873
-0.35685
-0.356898
-0.358145
-0.360539
-0.363885
-0.367925
-0.372393
-0.377063
-0.381762
-0.386352
-0.390712
-0.39471
-0.398179
-0.400944
-0.40283
-0.403681
-0.403369
-0.401855
-0.399125
-0.395292
-0.390465
-0.384821
-0.378565
-0.371882
-0.365014
-0.358287
-0.352106
-0.346987
-0.343409
-0.341818
-0.342459
-0.345294
-0.350047
-0.356184
-0.363022
-0.369826
-0.375947
-0.380868
-0.384281
-0.386153
-0.386635
-0.386097
-0.384985
-0.383763
-0.382794
-0.382324
-0.382496
-0.383364
-0.384836
-0.386665
-0.388423
-0.389627
-0.389837
-0.388739
-0.386249
-0.382478
-0.377763
-0.372614
-0.367657
-0.363563
-0.360787
-0.35947
-0.359439
-0.360329
-0.361719
-0.363281
-0.364801
-0.366149
-0.367283
-0.368244
-0.369107
-0.370035
-0.371121
-0.372424
-0.373888
-0.375381
-0.376715
-0.377726
-0.37829
-0.378338
-0.377845
-0.376799
-0.375224
-0.373141
-0.370602
-0.367673
-0.364464
-0.361142
-0.357869
-0.354872
-0.35232
-0.350347
-0.348991
-0.348219
-0.347914
-0.347934
-0.348111
-0.34829
-0.348389
-0.348342
-0.348153
-0.347838
-0.347462
-0.347062
-0.346676
-0.346363
-0.346149
-0.346022
-0.34603
-0.346144
-0.346358
-0.34668
-0.347057
-0.347488
-0.347955
-0.348435
-0.348904
-0.349357
-0.349783
-0.350166
-0.3505
-0.35078
-0.351001
-0.351162
-0.351243
-0.351246
-0.351153
-0.350941
-0.350566
-0.350006
-0.349229
-0.348178
-0.346808
-0.34505
-0.342859
-0.340189
-0.337013
-0.333342
-0.329262
-0.324929
-0.320587
-0.316526
-0.313046
-0.310359
-0.308548
-0.307548
-0.307193
-0.307301
-0.307774
-0.308657
-0.310098
-0.312316
-0.315434
-0.31944
-0.324112
-0.32909
-0.334009
-0.338511
-0.34238
-0.345508
-0.347854
-0.349402
-0.350102
-0.349851
-0.348469
-0.345767
-0.341597
-0.335928
-0.32894
-0.321101
-0.313136
-0.305928
-0.300272
-0.296679
-0.295262
-0.29581
-0.297926
-0.301182
-0.305142
-0.309411
-0.313659
-0.317616
-0.321075
-0.323986
-0.326362
-0.328297
-0.329929
-0.331385
-0.332795
-0.334239
-0.335749
-0.337329
-0.338953
-0.340599
-0.342216
-0.343757
-0.345196
-0.346502
-0.347608
-0.348488
-0.349088
-0.349357
-0.349254
-0.348732
-0.347769
-0.346363
-0.344545
-0.342392
-0.339976
-0.337424
-0.334882
-0.33248
-0.330398
-0.328875
-0.328151
-0.328469
-0.329945
-0.332549
-0.336025
-0.339986
-0.343996
-0.347724
-0.350909
-0.353475
-0.355395
-0.3568
-0.357817
-0.358646
-0.35944
-0.360338
-0.361477
-0.362928
-0.364698
-0.366771
-0.369075
-0.371512
-0.373963
-0.376303
-0.378399
-0.38015
-0.381422
-0.382153
-0.382277
-0.381813
-0.380887
-0.379739
-0.378752
-0.378409
-0.379119
-0.381116
-0.384313
-0.388229
-0.392192
-0.39546
-0.397377
-0.397564
-0.395918
-0.392699
-0.388427
-0.383739
-0.37915
-0.374949
-0.371175
-0.367747
-0.364719
-0.36239
-0.36126
-0.361858
-0.364513
-0.369222
-0.375589
-0.382931
-0.390424
-0.39734
-0.403189
-0.407731
-0.411024
-0.41333
-0.414968
-0.416277
-0.417515
-0.418843
-0.420328
-0.421951
-0.423679
-0.425462
-0.4273
-0.429184
-0.431096
-0.433064
-0.435087
-0.437168
-0.439294
-0.441432
-0.443569
-0.445651
-0.447632
-0.449474
-0.451121
-0.452495
-0.453546
-0.454185
-0.454337
-0.453914
-0.452832
-0.451079
-0.448648
-0.445623
-0.44218
-0.438607
-0.435289
-0.43271
-0.43139
-0.431759
-0.4341
-0.438394
-0.444282
-0.451078
-0.457948
-0.464064
-0.468755
-0.471585
-0.472285
-0.470784
-0.467132
-0.461435
-0.453863
-0.44461
-0.433927
-0.422113
-0.409713
-0.397752
-0.387771
-0.38152
-0.380269
-0.383982
-0.391409
-0.400703
-0.410321
-0.41933
-0.427364
-0.434381
-0.440444
-0.445573
-0.449724
-0.452826
-0.454768
-0.455481
-0.454933
-0.453177
-0.450307
-0.44656
-0.442209
-0.437639
-0.433293
-0.429605
-0.426983
-0.425641
-0.425664
-0.426901
-0.429025
-0.431633
-0.434278
-0.436571
-0.43823
-0.43907
-0.439035
-0.43814
-0.436487
-0.434225
-0.431508
-0.428508
-0.42535
-0.42209
-0.418794
-0.415482
-0.412255
-0.409296
-0.406938
-0.405544
-0.405426
-0.406686
-0.409138
-0.41236
-0.415837
-0.419084
-0.421707
-0.423485
-0.424257
-0.423958
-0.422525
-0.419928
-0.416109
-0.411054
-0.40481
-0.397543
-0.389614
-0.381558
-0.374162
-0.368266
-0.364626
-0.363727
-0.36557
-0.36975
-0.375511
-0.381984
