0 20 57.3487
1 18 57.3487
2 16.2 57.3487
3 14.58 57.3487
4 13.122 48.9556
5 11.8098 48.9556
6 10.6288 48.9556
7 9.56594 47.9598
8 8.60934 47.9598
9 7.74841 47.9598
10 6.97357 47.9598
11 6.27621 47.9598
12 5.64859 40.0516
13 5.08373 40.0516
14 4.57536 40.0516
15 4.11782 40.0516
16 3.70604 40.0516
17 3.33544 40.0516
18 3.00189 40.0516
19 2.7017 40.0516
20 2.43153 40.0516
21 2.18838 34.5879
22 1.96954 26.1793
23 1.77259 26.1793
24 1.59533 23.7737
25 1.4358 23.7737
26 1.29222 22.314
27 1.16299 16.817
28 1.0467 16.817
29 0.942026 16.817
30 0.847823 16.817
31 0.763041 16.817
32 0.686737 11.4668
33 0.618063 10.0835
34 0.556257 10.0835
35 0.500631 10.0835
36 0.450568 7.26287
37 0.405511 7.26287
38 0.36496 7.08024
39 0.328464 7.08024
40 0.295618 7.08024
41 0.266056 5.23482
42 0.23945 5.23482
43 0.215505 3.97309
44 0.193955 3.97309
45 0.174559 3.14764
46 0.157103 3.14764
47 0.141393 3.0529
48 0.127254 3.0529
49 0.114528 2.84995
50 0.103076 2.84995
51 0.092768 2.84995
52 0.0834912 2.84995
53 0.075142 2.64026
54 0.0676278 2.64026
55 0.0608651 2.54051
56 0.0547785 2.46028
57 0.0493007 2.40636
58 0.0443706 2.40636
59 0.0399336 2.33658
60 0.0359402 2.30109
61 0.0323462 2.30109
62 0.0291116 2.28848
63 0.0262004 2.2834
64 0.0235804 2.2834
65 0.0212223 2.27682
66 0.0191001 2.25771
67 0.0171901 2.24892
68 0.0154711 2.24892
69 0.013924 2.24714
70 0.0125316 2.24714
71 0.0112784 2.24714
72 0.0101506 2.24714
73 0.00913552 2.24714
74 0.00822197 2.24714
75 0.00739977 2.24714
76 0.00665979 2.24714
77 0.00599381 2.24714
78 0.00539443 2.24714
79 0.00485499 2.24714
80 0.00436949 2.24714
81 0.00393254 2.24714
82 0.00353929 2.24714
83 0.00318536 2.24714
84 0.00286682 2.24714
85 0.00258014 2.24714
86 0.00232213 2.24714
87 0.00208991 2.24714
88 0.00188092 2.24714
89 0.00169283 2.24714
90 0.00152355 2.24714
91 0.00137119 2.24714
92 0.00123407 2.24714
93 0.00111067 2.24714
94 0.000999599 2.24714
95 0.000899639 2.24714
96 0.000809675 2.24714
97 0.000728708 2.24714
98 0.000655837 2.24714
99 0.000590253 2.24714
