0 36.9379 54.8442
1 36.7949 54.0649
2 36.7949 53.2961
3 36.9379 53.0066
4 37.6315 53.0763
5 39.5347 52.6628
6 33.9833 52.001
7 33.9833 51.2362
8 33.7416 51.1666
9 33.7416 50.7304
10 33.7416 50.3485
11 33.7416 49.7653
12 33.1527 49.1157
13 32.3125 48.7387
14 31.8427 47.9762
15 32.3125 47.6199
16 33.2585 47.2045
17 31.7965 47.3794
18 31.7965 46.223
19 32.4206 45.6677
20 32.4206 45.1689
21 30.6472 44.8461
22 30.6472 44.2101
23 29.7526 43.7743
24 29.2317 43.8413
25 29.1155 43.5518
26 28.0905 42.673
27 28.0905 42.5482
28 28.9717 41.961
29 27.0734 41.4425
30 26.3466 40.8542
31 24.3771 40.3177
32 26.3466 40.1233
33 26.2782 39.8757
34 25.8318 39.1907
35 25.8318 38.9259
36 23.7243 38.0384
37 23.7243 37.6659
38 23.517 37.0323
39 20.6329 35.897
40 20.5514 34.9511
41 20.5514 34.2918
42 20.5514 33.7864
43 20.6329 32.7487
44 19.9209 31.8272
45 14.9593 31.3101
46 19.734 30.6646
47 17.2495 30.3947
48 16.6295 29.8414
49 15.6965 29.7629
50 15.6965 27.8334
51 16.5855 25.7802
52 15.6965 24.4316
53 15.6965 22.7669
54 15.2487 21.7083
55 14.7103 21.0339
56 14.3395 20.1356
57 12.7047 19.553
58 12.6877 18.8383
59 12.1398 17.9955
60 10.8792 17.0135
61 10.8792 15.7508
62 10.8792 15.0462
63 10.1373 14.7657
64 10.1373 14.7254
65 9.94039 13.8852
66 8.36462 13.4925
67 8.36462 13.2062
68 8.36462 12.5122
69 8.36462 12.0159
70 8.06275 11.6631
71 8.00169 11.2559
72 7.78844 10.9088
73 7.4968 10.5979
74 6.86338 10.3894
75 6.86338 10.0485
76 6.19844 9.55819
77 6.19844 8.94005
78 5.77286 8.57644
79 5.77286 8.06893
80 5.30788 7.74757
81 5.30788 7.34237
82 5.30788 7.215
83 5.27096 6.97413
84 5.27096 6.64598
85 4.56081 6.46911
86 4.56081 6.52601
87 4.56081 6.21405
88 4.56081 6.0315
89 3.69548 5.73703
90 3.69548 5.6669
91 3.69548 5.48525
92 3.69548 5.24995
93 3.69548 5.02492
94 2.86729 4.81822
95 2.65722 4.55549
96 2.65722 4.34197
97 2.65722 4.0943
98 2.61813 3.86062
99 2.61813 3.55142
100 2.60934 3.30211
101 2.45276 3.04342
102 2.45276 2.84981
103 2.45276 2.75934
104 2.45276 2.70583
105 2.44397 2.66576
106 2.44397 2.62541
107 2.43907 2.57917
108 2.43907 2.55831
109 2.43907 2.53683
110 2.43907 2.51171
111 2.43907 2.50382
112 2.4337 2.49049
113 2.4337 2.48652
114 2.43028 2.48414
115 2.43028 2.46493
116 2.42491 2.45036
117 2.42491 2.44778
118 2.42491 2.44325
119 2.42491 2.44039
120 2.42491 2.43896
121 2.42491 2.43735
122 2.42491 2.43748
123 2.42491 2.43555
124 2.42491 2.43414
125 2.42491 2.43286
126 2.42491 2.43179
127 2.42491 2.43093
128 2.42491 2.42962
129 2.42491 2.42844
130 2.42491 2.42737
131 2.42491 2.42643
132 2.42491 2.42618
133 2.42491 2.42555
134 2.42491 2.4258
135 2.42491 2.42529
136 2.42491 2.42506
137 2.42491 2.42491
138 2.42491 2.42491
139 2.42491 2.42491
140 2.42491 2.42491
141 2.42491 2.42491
142 2.42491 2.42491
143 2.42491 2.42491
144 2.42491 2.42491
145 2.42491 2.42491
146 2.42491 2.42491
147 2.42491 2.42491
148 2.41863 2.4249
149 2.41863 2.42488
150 2.41863 2.42485
151 2.41863 2.42485
152 2.24892 2.42445
153 2.24892 2.42403
154 2.24892 2.42318
155 2.24892 2.42157
156 2.24892 2.42066
157 2.24892 2.41886
158 2.24892 2.41557
159 2.24892 2.40996
160 2.24892 2.40275
161 2.24892 2.39337
162 2.24892 2.38138
163 2.24892 2.37531
164 2.24892 2.36988
165 2.24892 2.36636
166 2.24892 2.35848
167 2.24892 2.3442
168 2.24892 2.33644
169 2.24892 2.33143
170 2.24892 2.3351
171 2.24892 2.32765
172 2.24892 2.31625
173 2.24892 2.30897
174 2.24892 2.29489
175 2.24892 2.28674
176 2.24892 2.28241
177 2.24892 2.28508
178 2.24892 2.28435
179 2.24892 2.27881
180 2.24892 2.28128
181 2.24892 2.2763
182 2.24892 2.27318
183 2.24892 2.27175
184 2.24892 2.27608
185 2.24714 2.26474
186 2.24714 2.25897
187 2.24714 2.25189
188 2.24714 2.25538
189 2.24714 2.24907
190 2.24714 2.24905
191 2.24714 2.24888
192 2.24714 2.24886
193 2.24714 2.2488
194 2.24714 2.24878
195 2.24714 2.24852
196 2.24714 2.24837
197 2.24714 2.24815
198 2.24714 2.24802
199 2.24714 2.24788
200 2.24714 2.24784
201 2.24714 2.24768
202 2.24714 2.24759
203 2.24714 2.24748
204 2.24714 2.24757
205 2.24714 2.24744
206 2.24714 2.24754
207 2.24714 2.2474
208 2.24714 2.24746
209 2.24714 2.24741
210 2.24714 2.24735
211 2.24714 2.24735
212 2.24714 2.24731
213 2.24714 2.24728
214 2.24714 2.24718
215 2.24714 2.24714
216 2.24714 2.24714
217 2.24714 2.24714
218 2.24714 2.24714
219 2.24714 2.24714
220 2.24714 2.24714
221 2.24714 2.24714
222 2.24714 2.24714
223 2.24714 2.24714
224 2.24714 2.24714
225 2.24714 2.24714
226 2.24714 2.24714
227 2.24714 2.24714
228 2.24714 2.24714
229 2.24714 2.24714
230 2.24714 2.24714
231 2.24714 2.24714
232 2.24714 2.24714
233 2.24714 2.24714
234 2.24714 2.24714
235 2.24714 2.24714
236 2.24714 2.24714
237 2.24714 2.24714
238 2.24714 2.24714
239 2.24714 2.24714
240 2.24714 2.24714
241 2.24714 2.24714
242 2.24714 2.24714
243 2.24714 2.24714
244 2.24714 2.24714
245 2.24714 2.24714
246 2.24714 2.24714
247 2.24714 2.24714
248 2.24714 2.24714
249 2.24714 2.24714
250 2.24714 2.24714
251 2.24714 2.24714
252 2.24714 2.24714
253 2.24714 2.24714
254 2.24714 2.24714
255 2.24714 2.24714
256 2.24714 2.24714
257 2.24714 2.24714
258 2.24714 2.24714
259 2.24714 2.24714
260 2.24714 2.24714
261 2.24714 2.24714
262 2.24714 2.24714
263 2.24714 2.24714
264 2.24714 2.24714
265 2.24714 2.24714
266 2.24714 2.24714
267 2.24714 2.24714
268 2.24714 2.24714
269 2.24714 2.24714
270 2.24714 2.24714
271 2.24714 2.24714
272 2.24714 2.24714
273 2.24714 2.24714
274 2.24714 2.24714
275 2.24714 2.24714
276 2.24714 2.24714
277 2.24714 2.24714
278 2.24714 2.24714
279 2.24714 2.24714
280 2.24714 2.24714
281 2.24714 2.24714
282 2.24714 2.24714
283 2.24714 2.24714
284 2.24714 2.24714
285 2.24714 2.24714
286 2.24714 2.24714
287 2.24714 2.24714
288 2.24714 2.24714
289 2.24714 2.24714
290 2.24714 2.24714
291 2.24714 2.24714
292 2.24714 2.24714
293 2.24714 2.24714
294 2.24714 2.24714
295 2.24714 2.24714
296 2.24714 2.24714
297 2.24714 2.24714
298 2.24714 2.24714
299 2.24714 2.24714
