20 2.18251e+06 0
40 2.13626e+06 46250.3
60 2.10856e+06 38474
80 2.03567e+06 77801.4
100 2.03156e+06 60404.7
120 2.13283e+06 112635
140 2.22449e+06 132154
160 2.31238e+06 144302
180 2.30891e+06 127310
200 2.32625e+06 115183
220 2.29772e+06 108022
240 2.28128e+06 99971
260 2.27545e+06 92144.8
280 2.26921e+06 85537.1
300 2.25834e+06 80369.7
320 2.2595e+06 75188
340 2.24883e+06 71429
360 2.24851e+06 67344.7
380 2.25275e+06 63843
400 2.26088e+06 61110.4
420 2.27871e+06 60798.3
440 2.28539e+06 58353.5
460 2.26976e+06 57908.2
480 2.27379e+06 55588.6
500 2.27591e+06 53361
520 2.27568e+06 51268.1
540 2.28662e+06 50532.7
560 2.27497e+06 50070.3
580 2.26726e+06 48924.1
600 2.25226e+06 49588.7
620 2.25233e+06 47962.4
640 2.24422e+06 47142.7
660 2.24328e+06 45701.3
680 2.24044e+06 44428.1
700 2.23923e+06 43156.9
720 2.24306e+06 42115.4
740 2.25285e+06 42114.3
760 2.26043e+06 41686.7
780 2.2587e+06 40640.9
800 2.27164e+06 41672.9
820 2.27706e+06 41003.8
840 2.28156e+06 40267.3
860 2.27536e+06 39804.7
880 2.26072e+06 41553.6
900 2.25087e+06 41798.3
920 2.24758e+06 41011.7
940 2.25015e+06 40212.2
960 2.26138e+06 40936.6
980 2.25823e+06 40216
1000 2.25871e+06 39406.4
