20 4.03195e-21 0
40 4.03334e-21 1.39226e-24
60 4.03378e-21 9.16146e-25
80 4.04154e-21 7.78609e-24
100 4.04758e-21 8.53738e-24
120 4.04886e-21 7.08732e-24
140 4.05333e-21 7.47451e-24
160 4.04976e-21 7.39221e-24
180 4.05282e-21 7.19926e-24
200 4.04403e-21 1.08954e-23
220 4.03568e-21 1.29157e-23
240 4.02487e-21 1.59933e-23
260 4.01469e-21 1.78926e-23
280 4.00534e-21 1.90202e-23
300 3.99994e-21 1.85118e-23
320 3.99592e-21 1.77768e-23
340 3.99593e-21 1.66984e-23
360 3.99582e-21 1.57438e-23
380 3.99605e-21 1.4894e-23
400 3.99741e-21 1.41948e-23
420 3.99756e-21 1.35028e-23
440 3.99745e-21 1.28749e-23
460 4.00034e-21 1.26388e-23
480 4.00165e-21 1.21718e-23
500 4.00407e-21 1.19213e-23
520 4.00605e-21 1.16249e-23
540 4.00465e-21 1.12739e-23
560 4.00491e-21 1.08669e-23
580 4.00244e-21 1.07735e-23
600 4.0002e-21 1.06458e-23
620 3.99592e-21 1.11514e-23
640 3.99351e-21 1.10617e-23
660 3.99089e-21 1.1038e-23
680 3.98879e-21 1.09126e-23
700 3.98668e-21 1.08043e-23
720 3.9847e-21 1.06847e-23
740 3.98238e-21 1.06478e-23
760 3.98119e-21 1.04314e-23
780 3.98252e-21 1.02471e-23
800 3.98226e-21 9.99101e-24
820 3.98271e-21 9.75471e-24
840 3.9815e-21 9.59622e-24
860 3.98005e-21 9.48212e-24
880 3.9792e-21 9.30314e-24
900 3.97896e-21 9.09731e-24
920 3.98016e-21 8.97785e-24
940 3.98321e-21 9.30147e-24
960 3.98621e-21 9.58718e-24
980 3.99069e-21 1.04019e-23
1000 3.99413e-21 1.0757e-23
