20 3.13385e-21 0
40 3.13394e-21 9.18569e-26
60 3.13393e-21 5.48444e-26
80 3.13387e-21 7.17e-26
100 3.13387e-21 5.5946e-26
120 3.13391e-21 6.02791e-26
140 3.13386e-21 7.5623e-26
160 3.13391e-21 8.72036e-26
180 3.1339e-21 7.77723e-26
200 3.13394e-21 7.75147e-26
220 3.13394e-21 7.04333e-26
240 3.13398e-21 7.28975e-26
260 3.13397e-21 6.79793e-26
280 3.13396e-21 6.34122e-26
300 3.13396e-21 5.9235e-26
320 3.13393e-21 6.44963e-26
340 3.13393e-21 6.06529e-26
360 3.13392e-21 5.76239e-26
380 3.13391e-21 5.57692e-26
400 3.13392e-21 5.48987e-26
420 3.13392e-21 5.22475e-26
440 3.13391e-21 5.17558e-26
460 3.13392e-21 5.01456e-26
480 3.13392e-21 4.81216e-26
500 3.13392e-21 4.62893e-26
520 3.13393e-21 4.73355e-26
540 3.13393e-21 4.57512e-26
560 3.13394e-21 4.51334e-26
580 3.13393e-21 4.49226e-26
600 3.13393e-21 4.34014e-26
620 3.13393e-21 4.19831e-26
640 3.13392e-21 4.09083e-26
660 3.13394e-21 4.44135e-26
680 3.13391e-21 5.28404e-26
700 3.13392e-21 5.17255e-26
720 3.13391e-21 5.06545e-26
740 3.1339e-21 5.03947e-26
760 3.1339e-21 4.90507e-26
780 3.1339e-21 4.78141e-26
800 3.1339e-21 4.67447e-26
820 3.1339e-21 4.55911e-26
840 3.1339e-21 4.46376e-26
860 3.13391e-21 4.36651e-26
880 3.13391e-21 4.26887e-26
900 3.1339e-21 4.19572e-26
920 3.13389e-21 4.33345e-26
940 3.13389e-21 4.24395e-26
960 3.13388e-21 4.32721e-26
980 3.13388e-21 4.24028e-26
1000 3.13389e-21 4.3712e-26
