20 194.689 0
40 194.756 0.0672274
60 194.777 0.0442375
80 195.152 0.375963
100 195.444 0.41224
120 195.505 0.342222
140 195.721 0.360918
160 195.549 0.356944
180 195.696 0.347627
200 195.272 0.5261
220 194.869 0.623653
240 194.347 0.772261
260 193.855 0.863973
280 193.404 0.918417
300 193.143 0.893869
320 192.949 0.858378
340 192.95 0.806306
360 192.944 0.760213
380 192.955 0.719178
400 193.021 0.685417
420 193.028 0.652001
440 193.023 0.621683
460 193.162 0.610285
480 193.226 0.587734
500 193.342 0.57564
520 193.438 0.561325
540 193.37 0.544379
560 193.383 0.524726
580 193.264 0.520214
600 193.156 0.51405
620 192.949 0.538461
640 192.833 0.534133
660 192.706 0.532984
680 192.604 0.526933
700 192.503 0.521702
720 192.407 0.515926
740 192.295 0.514147
760 192.238 0.503697
780 192.302 0.494797
800 192.289 0.482431
820 192.311 0.471021
840 192.253 0.463368
860 192.183 0.457858
880 192.142 0.449216
900 192.13 0.439277
920 192.188 0.433509
940 192.335 0.449135
960 192.48 0.462931
980 192.696 0.502272
1000 192.863 0.519418
