20 -8.98099e-22 0
40 -8.994e-22 1.30041e-24
60 -8.99853e-22 8.7713e-25
80 -9.07673e-22 7.84396e-24
100 -9.13708e-22 8.56435e-24
120 -9.14949e-22 7.10201e-24
140 -9.19476e-22 7.51798e-24
160 -9.15849e-22 7.45305e-24
180 -9.18915e-22 7.25277e-24
200 -9.10091e-22 1.09513e-23
220 -9.01737e-22 1.29586e-23
240 -8.90896e-22 1.60454e-23
260 -8.80723e-22 1.79257e-23
280 -8.71385e-22 1.9043e-23
300 -8.6598e-22 1.85336e-23
320 -8.61993e-22 1.77892e-23
340 -8.62004e-22 1.67101e-23
360 -8.61896e-22 1.57548e-23
380 -8.62142e-22 1.49045e-23
400 -8.63485e-22 1.42034e-23
420 -8.63636e-22 1.35109e-23
440 -8.63537e-22 1.28826e-23
460 -8.66425e-22 1.26441e-23
480 -8.67735e-22 1.21764e-23
500 -8.70151e-22 1.19264e-23
520 -8.72122e-22 1.16269e-23
540 -8.70722e-22 1.12753e-23
560 -8.70971e-22 1.08681e-23
580 -8.68508e-22 1.0772e-23
600 -8.66272e-22 1.06444e-23
620 -8.6199e-22 1.11503e-23
640 -8.5959e-22 1.10597e-23
660 -8.56945e-22 1.10409e-23
680 -8.54874e-22 1.09095e-23
700 -8.52757e-22 1.08026e-23
720 -8.50785e-22 1.06819e-23
740 -8.48475e-22 1.06429e-23
760 -8.4729e-22 1.04267e-23
780 -8.48618e-22 1.02423e-23
800 -8.48362e-22 9.98619e-24
820 -8.48813e-22 9.75003e-24
840 -8.476e-22 9.59215e-24
860 -8.46146e-22 9.47859e-24
880 -8.45293e-22 9.29985e-24
900 -8.45054e-22 9.09398e-24
920 -8.46267e-22 8.97649e-24
940 -8.49323e-22 9.29963e-24
960 -8.52335e-22 9.58926e-24
980 -8.5681e-22 1.04032e-23
1000 -8.60238e-22 1.07538e-23
