4.01174e-21
4.02455e-21
4.03488e-21
4.04216e-21
4.04617e-21
4.04701e-21
4.04506e-21
4.04092e-21
4.0354e-21
4.02949e-21
4.02425e-21
4.02059e-21
4.01913e-21
4.02e-21
4.02286e-21
4.02702e-21
4.03163e-21
4.03589e-21
4.03917e-21
4.04105e-21
4.04135e-21
4.04009e-21
4.0375e-21
4.03397e-21
4.03002e-21
4.02627e-21
4.02336e-21
4.02178e-21
4.0218e-21
4.02341e-21
4.02633e-21
4.03009e-21
4.03416e-21
4.03804e-21
4.04135e-21
4.04383e-21
4.04537e-21
4.04594e-21
4.04558e-21
4.04443e-21
4.04262e-21
4.04034e-21
4.03779e-21
4.03517e-21
4.0327e-21
4.03053e-21
4.02882e-21
4.02766e-21
4.0271e-21
4.02713e-21
4.02772e-21
4.02883e-21
4.03037e-21
4.03228e-21
4.03447e-21
4.03687e-21
4.03939e-21
4.04195e-21
4.0445e-21
4.04696e-21
4.04929e-21
4.05146e-21
4.05346e-21
4.05528e-21
4.05696e-21
4.05854e-21
4.06006e-21
4.06157e-21
4.0631e-21
4.06467e-21
4.06628e-21
4.0679e-21
4.0695e-21
4.07103e-21
4.07242e-21
4.07362e-21
4.07458e-21
4.07526e-21
4.07564e-21
4.07571e-21
4.07548e-21
4.07497e-21
4.07423e-21
4.0733e-21
4.07226e-21
4.0712e-21
4.07021e-21
4.06938e-21
4.06883e-21
4.06862e-21
4.06881e-21
4.0694e-21
4.07032e-21
4.07146e-21
4.07261e-21
4.07353e-21
4.07393e-21
4.0736e-21
4.07241e-21
4.0705e-21
4.06825e-21
4.06637e-21
4.06576e-21
4.06719e-21
4.07104e-21
4.07703e-21
4.08415e-21
4.09094e-21
4.09575e-21
4.09702e-21
4.09351e-21
4.08442e-21
4.06962e-21
4.05e-21
4.02794e-21
4.00743e-21
3.99333e-21
3.98933e-21
3.99595e-21
4.01023e-21
4.02747e-21
4.04358e-21
4.0563e-21
4.06516e-21
4.0708e-21
4.0743e-21
4.07669e-21
4.07875e-21
4.08092e-21
4.08337e-21
4.08604e-21
4.08879e-21
4.09149e-21
4.09402e-21
4.09629e-21
4.09816e-21
4.09939e-21
4.09952e-21
4.09798e-21
4.09416e-21
4.08763e-21
4.07834e-21
4.06674e-21
4.05386e-21
4.04115e-21
4.0302e-21
4.0223e-21
4.01806e-21
4.01716e-21
4.01848e-21
4.02036e-21
4.02117e-21
4.01974e-21
4.01567e-21
4.00942e-21
4.00219e-21
3.99562e-21
3.99141e-21
3.99095e-21
3.99505e-21
4.0038e-21
4.01652e-21
4.03193e-21
4.04845e-21
4.06454e-21
4.07902e-21
4.09117e-21
4.10068e-21
4.10756e-21
4.11203e-21
4.11432e-21
4.11465e-21
4.1131e-21
4.10963e-21
4.10403e-21
4.09591e-21
4.08481e-21
4.07027e-21
4.05206e-21
4.03054e-21
4.00698e-21
3.98379e-21
3.96414e-21
3.95088e-21
3.94523e-21
3.94615e-21
3.95103e-21
3.95699e-21
3.96199e-21
3.96518e-21
3.96668e-21
3.96709e-21
3.9671e-21
3.96715e-21
3.96739e-21
3.96767e-21
3.96767e-21
3.96703e-21
3.96549e-21
3.96293e-21
3.95942e-21
3.9552e-21
3.95066e-21
3.94629e-21
3.94262e-21
3.94013e-21
3.93913e-21
3.93971e-21
3.94171e-21
3.9448e-21
3.94849e-21
3.95233e-21
3.95588e-21
3.95884e-21
3.96103e-21
3.96234e-21
3.96276e-21
3.96234e-21
3.96113e-21
3.9592e-21
3.95662e-21
3.95343e-21
3.94965e-21
3.94529e-21
3.94034e-21
3.93479e-21
3.9286e-21
3.92178e-21
3.91438e-21
3.90652e-21
3.8984e-21
3.89036e-21
3.88286e-21
3.87641e-21
3.87151e-21
3.86851e-21
3.86755e-21
3.86845e-21
3.87077e-21
3.87391e-21
3.87724e-21
3.8802e-21
3.88238e-21
3.88357e-21
3.88379e-21
3.88328e-21
3.8825e-21
3.88203e-21
3.88246e-21
3.8842e-21
3.88737e-21
3.89175e-21
3.8968e-21
3.90183e-21
3.90616e-21
3.90924e-21
3.91071e-21
3.91045e-21
3.90853e-21
3.90516e-21
3.90069e-21
3.89554e-21
3.89014e-21
3.88488e-21
3.88009e-21
3.87596e-21
3.87262e-21
3.8701e-21
3.86847e-21
3.86778e-21
3.86816e-21
3.86972e-21
3.87251e-21
3.87651e-21
3.88157e-21
3.88743e-21
3.8938e-21
3.90042e-21
3.90702e-21
3.91342e-21
3.91948e-21
3.9251e-21
3.93018e-21
3.93466e-21
3.93844e-21
3.94144e-21
3.94355e-21
3.94464e-21
3.94457e-21
3.9432e-21
3.9404e-21
3.9361e-21
3.9303e-21
3.9232e-21
3.91521e-21
3.90695e-21
3.89928e-21
3.89311e-21
3.8892e-21
3.888e-21
3.88951e-21
3.89333e-21
3.89882e-21
3.90526e-21
3.91201e-21
3.91857e-21
3.92464e-21
3.93003e-21
3.93473e-21
3.9388e-21
3.94236e-21
3.94559e-21
3.94864e-21
3.95166e-21
3.95474e-21
3.95793e-21
3.96123e-21
3.96464e-21
3.96814e-21
3.97173e-21
3.97541e-21
3.9792e-21
3.98311e-21
3.98713e-21
3.99125e-21
3.99541e-21
3.99949e-21
4.00336e-21
4.00683e-21
4.00964e-21
4.01155e-21
4.01227e-21
4.01155e-21
4.00923e-21
4.00528e-21
3.99995e-21
3.99372e-21
3.98738e-21
3.98182e-21
3.97785e-21
3.97597e-21
3.97622e-21
3.97821e-21
3.9813e-21
3.98487e-21
3.98841e-21
3.99164e-21
3.9945e-21
3.99701e-21
3.99925e-21
4.00125e-21
4.00296e-21
4.00424e-21
4.00492e-21
4.0048e-21
4.00376e-21
4.00179e-21
3.99897e-21
3.9955e-21
3.99165e-21
3.98773e-21
3.98406e-21
3.98093e-21
3.97859e-21
3.97723e-21
3.97696e-21
3.97785e-21
3.97996e-21
3.98335e-21
3.98804e-21
3.99393e-21
4.00075e-21
4.00804e-21
4.01516e-21
4.02152e-21
4.02657e-21
4.03001e-21
4.03173e-21
4.03188e-21
4.03073e-21
4.02867e-21
4.02607e-21
4.02326e-21
4.02056e-21
4.01829e-21
4.01683e-21
4.01655e-21
4.01775e-21
4.02048e-21
4.02447e-21
4.02911e-21
4.03356e-21
4.03695e-21
4.03847e-21
4.0375e-21
4.03368e-21
4.02692e-21
4.01739e-21
4.00556e-21
3.99221e-21
3.97849e-21
3.9659e-21
3.95629e-21
3.95152e-21
3.95294e-21
3.9608e-21
3.97398e-21
3.99022e-21
4.00679e-21
4.0212e-21
4.03168e-21
4.03739e-21
4.03839e-21
4.03553e-21
4.03021e-21
4.02403e-21
4.01841e-21
4.01426e-21
4.01187e-21
4.01103e-21
4.01124e-21
4.01186e-21
4.01211e-21
4.01107e-21
4.00761e-21
4.00055e-21
3.98897e-21
3.97281e-21
3.95377e-21
3.93592e-21
3.92507e-21
3.92625e-21
3.94061e-21
3.96454e-21
3.99204e-21
4.01781e-21
4.03885e-21
4.05435e-21
4.06474e-21
4.071e-21
4.07417e-21
4.07516e-21
4.07473e-21
4.07347e-21
4.07185e-21
4.07021e-21
4.06877e-21
4.06763e-21
4.06677e-21
4.06611e-21
4.06546e-21
4.06464e-21
4.06348e-21
4.06186e-21
4.05973e-21
4.05714e-21
4.05425e-21
4.05129e-21
4.04852e-21
4.04622e-21
4.04458e-21
4.04369e-21
4.04348e-21
4.04374e-21
4.04416e-21
4.04433e-21
4.04385e-21
4.04237e-21
4.03965e-21
4.03565e-21
4.03056e-21
4.02486e-21
4.01931e-21
4.0148e-21
4.0122e-21
4.01215e-21
4.01489e-21
4.02015e-21
4.02729e-21
4.03542e-21
4.04364e-21
4.0512e-21
4.05759e-21
4.06257e-21
4.06609e-21
4.06828e-21
4.06934e-21
4.06951e-21
4.06901e-21
4.06802e-21
4.06671e-21
4.06522e-21
4.06367e-21
4.06218e-21
4.06084e-21
4.05975e-21
4.059e-21
4.05863e-21
4.05869e-21
4.05917e-21
4.06006e-21
4.06132e-21
4.06289e-21
4.06469e-21
4.06667e-21
4.06875e-21
4.07083e-21
4.0728e-21
4.07449e-21
4.07567e-21
4.07605e-21
4.07521e-21
4.07266e-21
4.06782e-21
4.06012e-21
4.04914e-21
4.03486e-21
4.01793e-21
3.99992e-21
3.98317e-21
3.97019e-21
3.96274e-21
3.9611e-21
3.96411e-21
3.96987e-21
3.97643e-21
3.98222e-21
3.98617e-21
3.98755e-21
3.98599e-21
3.98144e-21
3.97425e-21
3.9653e-21
3.95602e-21
3.94837e-21
3.94447e-21
3.94596e-21
3.95335e-21
3.96574e-21
3.98118e-21
3.99741e-21
4.01252e-21
4.0253e-21
4.0352e-21
4.04218e-21
4.04643e-21
4.04829e-21
4.04809e-21
4.04607e-21
4.04244e-21
4.03728e-21
4.03061e-21
4.02241e-21
4.01261e-21
4.00116e-21
3.98812e-21
3.97367e-21
3.95825e-21
3.94258e-21
3.92765e-21
3.91467e-21
3.90479e-21
3.89891e-21
3.8974e-21
3.89997e-21
3.90582e-21
3.91379e-21
3.92267e-21
3.93142e-21
3.93929e-21
3.94583e-21
3.95084e-21
3.95432e-21
3.95639e-21
3.95723e-21
3.95704e-21
3.95602e-21
3.95439e-21
3.95232e-21
3.94998e-21
3.94752e-21
3.94507e-21
3.94272e-21
3.94058e-21
3.93869e-21
3.93708e-21
3.93577e-21
3.93474e-21
3.93398e-21
3.93344e-21
3.93308e-21
3.93287e-21
3.93273e-21
3.93263e-21
3.93251e-21
3.93228e-21
3.93185e-21
3.93111e-21
3.9299e-21
3.92804e-21
3.92532e-21
3.92149e-21
3.91633e-21
3.90959e-21
3.90109e-21
3.89073e-21
3.87856e-21
3.8648e-21
3.85005e-21
3.83535e-21
3.82231e-21
3.81301e-21
3.80952e-21
3.81314e-21
3.82373e-21
3.83961e-21
3.85816e-21
3.87672e-21
3.89328e-21
3.90665e-21
3.91642e-21
3.92265e-21
3.92574e-21
3.92621e-21
3.92468e-21
3.92179e-21
3.91819e-21
3.91448e-21
3.91123e-21
3.90887e-21
3.9077e-21
3.90783e-21
3.90924e-21
3.91177e-21
3.91517e-21
3.91916e-21
3.92342e-21
3.92769e-21
3.93177e-21
3.9355e-21
3.93881e-21
3.94168e-21
3.94413e-21
3.94617e-21
3.94778e-21
3.94887e-21
3.94927e-21
3.94872e-21
3.94684e-21
3.94321e-21
3.93734e-21
3.92875e-21
3.91707e-21
3.90207e-21
3.8838e-21
3.86276e-21
3.84018e-21
3.81832e-21
3.80068e-21
3.79134e-21
3.79339e-21
3.80703e-21
3.82919e-21
3.85503e-21
3.88009e-21
3.90159e-21
3.91852e-21
3.93105e-21
3.93991e-21
3.94601e-21
3.95016e-21
3.95303e-21
3.95514e-21
3.95683e-21
3.95833e-21
3.95978e-21
3.96125e-21
3.96273e-21
3.96419e-21
3.96556e-21
3.96675e-21
3.96763e-21
3.96803e-21
3.96774e-21
3.9665e-21
3.96398e-21
3.95978e-21
3.95348e-21
3.94464e-21
3.93295e-21
3.91838e-21
3.9014e-21
3.88323e-21
3.86589e-21
3.85203e-21
3.84419e-21
3.844e-21
3.85145e-21
3.86492e-21
3.88173e-21
3.89908e-21
3.91474e-21
3.92728e-21
3.93611e-21
3.94123e-21
3.94301e-21
3.94202e-21
3.93883e-21
3.93399e-21
3.92795e-21
3.92108e-21
3.91373e-21
3.90634e-21
3.89952e-21
3.89404e-21
3.89066e-21
3.88996e-21
3.89198e-21
3.89614e-21
3.90129e-21
3.90592e-21
3.90849e-21
3.90766e-21
3.90251e-21
3.89277e-21
3.87917e-21
3.86382e-21
3.85021e-21
3.84241e-21
3.84334e-21
3.85311e-21
3.86906e-21
3.88728e-21
3.90456e-21
3.91932e-21
3.93146e-21
3.94163e-21
3.95051e-21
3.95839e-21
3.9651e-21
3.97023e-21
3.97336e-21
3.97423e-21
3.97284e-21
3.96939e-21
3.96421e-21
3.95761e-21
3.94986e-21
3.94111e-21
3.93148e-21
3.92126e-21
3.91114e-21
3.9023e-21
3.89626e-21
3.89449e-21
3.89786e-21
3.90646e-21
3.9197e-21
3.93664e-21
3.95613e-21
3.97696e-21
3.99791e-21
4.01785e-21
4.03589e-21
4.05145e-21
4.0642e-21
4.07399e-21
4.08074e-21
4.08436e-21
4.08467e-21
4.08142e-21
4.07434e-21
4.06331e-21
4.04851e-21
4.03074e-21
4.01141e-21
3.99245e-21
3.97573e-21
3.96243e-21
3.9528e-21
3.94645e-21
3.943e-21
3.94245e-21
3.94508e-21
3.95094e-21
3.95955e-21
3.96978e-21
3.9802e-21
3.98939e-21
3.99621e-21
3.99994e-21
4.00033e-21
3.99759e-21
3.9923e-21
3.9854e-21
3.97802e-21
3.97135e-21
3.96644e-21
3.96405e-21
3.96447e-21
3.96753e-21
3.97259e-21
3.97877e-21
3.98513e-21
3.99095e-21
3.99593e-21
4.0002e-21
4.00415e-21
4.0082e-21
4.01252e-21
4.01692e-21
4.02086e-21
4.02363e-21
4.02452e-21
4.02298e-21
4.01863e-21
4.01125e-21
4.00083e-21
3.98756e-21
3.97189e-21
3.9547e-21
3.93739e-21
3.92182e-21
3.90998e-21
3.9034e-21
3.90246e-21
3.90626e-21
3.91297e-21
3.92063e-21
3.92773e-21
3.93357e-21
3.93807e-21
3.94155e-21
3.94434e-21
3.94662e-21
3.94827e-21
3.94903e-21
3.94859e-21
3.94678e-21
3.94362e-21
3.93934e-21
3.93434e-21
3.92908e-21
3.92396e-21
3.9193e-21
3.91531e-21
3.91208e-21
3.90964e-21
3.90804e-21
3.90731e-21
3.90745e-21
3.90846e-21
3.91026e-21
3.91272e-21
3.91568e-21
3.91897e-21
3.92242e-21
3.92589e-21
3.92925e-21
3.93243e-21
3.93536e-21
3.93799e-21
3.94031e-21
3.9423e-21
3.94396e-21
3.94529e-21
3.94631e-21
3.94703e-21
3.94744e-21
3.94756e-21
3.94738e-21
3.9469e-21
3.94611e-21
3.94501e-21
3.94359e-21
3.94188e-21
3.93994e-21
3.93785e-21
3.93578e-21
3.93393e-21
3.93256e-21
3.93196e-21
3.93243e-21
3.93418e-21
3.93734e-21
3.9419e-21
3.94771e-21
3.9545e-21
3.96191e-21
3.96955e-21
3.97703e-21
3.98397e-21
3.99001e-21
3.99483e-21
3.99814e-21
3.99969e-21
3.99932e-21
3.99702e-21
3.99302e-21
3.98791e-21
3.9826e-21
3.97826e-21
3.97607e-21
3.97683e-21
3.98074e-21
3.98735e-21
3.99578e-21
4.0051e-21
4.01459e-21
4.02388e-21
4.03294e-21
4.04194e-21
4.05111e-21
4.06063e-21
4.07054e-21
4.08078e-21
4.09113e-21
4.10133e-21
4.11107e-21
4.12005e-21
4.128e-21
4.1347e-21
4.13997e-21
4.14369e-21
4.14576e-21
4.14615e-21
4.1449e-21
4.14208e-21
4.13788e-21
4.13252e-21
4.12633e-21
4.1197e-21
4.11314e-21
4.1072e-21
4.10248e-21
4.09955e-21
4.09884e-21
4.10047e-21
4.10417e-21
4.10924e-21
4.11461e-21
4.11897e-21
4.12103e-21
4.11981e-21
4.11482e-21
4.10634e-21
4.0955e-21
4.08433e-21
4.07545e-21
4.07153e-21
4.07453e-21
4.08503e-21
4.10201e-21
4.12326e-21
4.14608e-21
4.16802e-21
4.18723e-21
4.20257e-21
4.21349e-21
4.21991e-21
4.222e-21
4.2202e-21
4.21518e-21
4.20786e-21
4.19946e-21
4.1914e-21
4.18512e-21
4.18172e-21
4.18172e-21
4.18487e-21
4.19035e-21
4.19705e-21
4.2039e-21
4.21008e-21
4.21512e-21
4.21879e-21
4.2211e-21
4.22213e-21
4.22204e-21
4.22098e-21
4.21911e-21
4.21655e-21
4.21339e-21
4.20968e-21
4.20543e-21
4.20063e-21
4.1952e-21
4.18904e-21
4.18207e-21
4.17419e-21
4.16539e-21
4.15576e-21
4.14551e-21
4.13503e-21
4.12486e-21
4.11561e-21
4.10793e-21
4.10233e-21
4.09908e-21
4.09815e-21
