3.13264e-21
3.13284e-21
3.13314e-21
3.13346e-21
3.1338e-21
3.1341e-21
3.13434e-21
3.13452e-21
3.13461e-21
3.1346e-21
3.1345e-21
3.13429e-21
3.13407e-21
3.13385e-21
3.13367e-21
3.13358e-21
3.13358e-21
3.13366e-21
3.1338e-21
3.13395e-21
3.13411e-21
3.13428e-21
3.1344e-21
3.13445e-21
3.13446e-21
3.1344e-21
3.13428e-21
3.13412e-21
3.13397e-21
3.13382e-21
3.13372e-21
3.13366e-21
3.13364e-21
3.13365e-21
3.13373e-21
3.13382e-21
3.1339e-21
3.134e-21
3.13409e-21
3.13416e-21
3.1342e-21
3.13425e-21
3.13427e-21
3.13427e-21
3.13422e-21
3.13416e-21
3.13411e-21
3.13404e-21
3.13397e-21
3.13389e-21
3.13383e-21
3.13377e-21
3.13371e-21
3.13366e-21
3.13364e-21
3.13363e-21
3.13361e-21
3.13359e-21
3.13358e-21
3.13358e-21
3.1336e-21
3.13361e-21
3.13361e-21
3.13363e-21
3.13365e-21
3.13364e-21
3.13363e-21
3.13363e-21
3.13364e-21
3.13362e-21
3.13365e-21
3.13365e-21
3.13369e-21
3.1337e-21
3.13373e-21
3.13374e-21
3.13377e-21
3.1338e-21
3.13384e-21
3.1339e-21
3.13394e-21
3.13395e-21
3.13396e-21
3.13396e-21
3.13396e-21
3.13395e-21
3.13394e-21
3.13391e-21
3.13388e-21
3.13386e-21
3.13382e-21
3.1338e-21
3.13377e-21
3.13376e-21
3.13377e-21
3.13381e-21
3.13386e-21
3.13396e-21
3.13405e-21
3.13411e-21
3.13412e-21
3.13404e-21
3.13387e-21
3.13363e-21
3.13339e-21
3.13318e-21
3.13315e-21
3.13328e-21
3.13354e-21
3.13396e-21
3.1345e-21
3.13507e-21
3.13561e-21
3.13599e-21
3.13601e-21
3.1356e-21
3.13473e-21
3.13364e-21
3.1327e-21
3.13218e-21
3.13212e-21
3.1324e-21
3.13279e-21
3.13316e-21
3.13344e-21
3.13361e-21
3.13369e-21
3.13368e-21
3.13364e-21
3.13361e-21
3.13361e-21
3.13361e-21
3.13362e-21
3.13367e-21
3.13369e-21
3.13373e-21
3.13382e-21
3.13396e-21
3.13416e-21
3.13442e-21
3.13469e-21
3.13493e-21
3.13509e-21
3.13515e-21
3.13506e-21
3.13481e-21
3.13448e-21
3.1341e-21
3.13384e-21
3.13369e-21
3.13373e-21
3.13389e-21
3.13413e-21
3.13435e-21
3.13452e-21
3.13453e-21
3.13438e-21
3.13408e-21
3.13367e-21
3.13322e-21
3.13279e-21
3.13245e-21
3.13228e-21
3.13225e-21
3.13235e-21
3.13257e-21
3.13283e-21
3.13309e-21
3.13333e-21
3.13357e-21
3.13377e-21
3.13398e-21
3.1342e-21
3.13438e-21
3.1346e-21
3.13488e-21
3.13521e-21
3.13555e-21
3.13592e-21
3.13621e-21
3.1363e-21
3.13611e-21
3.13558e-21
3.13484e-21
3.1341e-21
3.13356e-21
3.13335e-21
3.13339e-21
3.13355e-21
3.13375e-21
3.13389e-21
3.13397e-21
3.13397e-21
3.13396e-21
3.13397e-21
3.13398e-21
3.13403e-21
3.1341e-21
3.1342e-21
3.13431e-21
3.13439e-21
3.13444e-21
3.13445e-21
3.1344e-21
3.13431e-21
3.13417e-21
3.13401e-21
3.13385e-21
3.13373e-21
3.13365e-21
3.13363e-21
3.13363e-21
3.13368e-21
3.13375e-21
3.13384e-21
3.13392e-21
3.13399e-21
3.13405e-21
3.13413e-21
3.1342e-21
3.13426e-21
3.13432e-21
3.13439e-21
3.13444e-21
3.13451e-21
3.13457e-21
3.13461e-21
3.13467e-21
3.13472e-21
3.13474e-21
3.13475e-21
3.13475e-21
3.13465e-21
3.1345e-21
3.13431e-21
3.13411e-21
3.13391e-21
3.13373e-21
3.1336e-21
3.13356e-21
3.13358e-21
3.13365e-21
3.13374e-21
3.13383e-21
3.13394e-21
3.134e-21
3.134e-21
3.13396e-21
3.13386e-21
3.13372e-21
3.13361e-21
3.13352e-21
3.13349e-21
3.13353e-21
3.13364e-21
3.13379e-21
3.13397e-21
3.13415e-21
3.13429e-21
3.13439e-21
3.13446e-21
3.13451e-21
3.1345e-21
3.13445e-21
3.1344e-21
3.13431e-21
3.13422e-21
3.13413e-21
3.13405e-21
3.13394e-21
3.13384e-21
3.13372e-21
3.13358e-21
3.13346e-21
3.13336e-21
3.13327e-21
3.13324e-21
3.13322e-21
3.13323e-21
3.13327e-21
3.13332e-21
3.13337e-21
3.13342e-21
3.1335e-21
3.13359e-21
3.13366e-21
3.13377e-21
3.13385e-21
3.13397e-21
3.13409e-21
3.13424e-21
3.1344e-21
3.13455e-21
3.13467e-21
3.13472e-21
3.13468e-21
3.13456e-21
3.13436e-21
3.13411e-21
3.13383e-21
3.13357e-21
3.13337e-21
3.13324e-21
3.13318e-21
3.13317e-21
3.13319e-21
3.13326e-21
3.13333e-21
3.1334e-21
3.13347e-21
3.13352e-21
3.13356e-21
3.13358e-21
3.13359e-21
3.13357e-21
3.13355e-21
3.13356e-21
3.13354e-21
3.13354e-21
3.13352e-21
3.13352e-21
3.13353e-21
3.13352e-21
3.13351e-21
3.1335e-21
3.13349e-21
3.1335e-21
3.13354e-21
3.1336e-21
3.13367e-21
3.13377e-21
3.1339e-21
3.13405e-21
3.13423e-21
3.13437e-21
3.13447e-21
3.13449e-21
3.13447e-21
3.13435e-21
3.13416e-21
3.13393e-21
3.13375e-21
3.13359e-21
3.13352e-21
3.1335e-21
3.13352e-21
3.13355e-21
3.13359e-21
3.13361e-21
3.13361e-21
3.13363e-21
3.1337e-21
3.13376e-21
3.13385e-21
3.13395e-21
3.13404e-21
3.13414e-21
3.13422e-21
3.13427e-21
3.13429e-21
3.13428e-21
3.13426e-21
3.13418e-21
3.13409e-21
3.13396e-21
3.13386e-21
3.13373e-21
3.13359e-21
3.13347e-21
3.13335e-21
3.13323e-21
3.13316e-21
3.13316e-21
3.1332e-21
3.13333e-21
3.13348e-21
3.13366e-21
3.13386e-21
3.134e-21
3.13409e-21
3.13416e-21
3.13421e-21
3.1342e-21
3.13419e-21
3.13411e-21
3.13401e-21
3.13389e-21
3.13375e-21
3.13361e-21
3.13353e-21
3.13351e-21
3.1336e-21
3.13375e-21
3.13398e-21
3.13426e-21
3.13457e-21
3.13486e-21
3.13513e-21
3.13531e-21
3.13542e-21
3.13538e-21
3.13519e-21
3.13478e-21
3.13418e-21
3.13354e-21
3.13294e-21
3.13252e-21
3.13234e-21
3.13245e-21
3.13279e-21
3.13324e-21
3.13372e-21
3.13413e-21
3.13446e-21
3.13462e-21
3.13461e-21
3.13447e-21
3.13429e-21
3.13412e-21
3.13398e-21
3.13388e-21
3.13386e-21
3.13393e-21
3.13412e-21
3.13443e-21
3.13484e-21
3.13532e-21
3.13574e-21
3.13584e-21
3.13544e-21
3.13442e-21
3.13306e-21
3.13188e-21
3.13125e-21
3.13121e-21
3.1316e-21
3.13216e-21
3.13268e-21
3.13314e-21
3.1335e-21
3.13376e-21
3.13393e-21
3.13409e-21
3.13415e-21
3.13415e-21
3.13414e-21
3.13411e-21
3.13409e-21
3.13404e-21
3.13404e-21
3.13404e-21
3.13406e-21
3.13408e-21
3.13413e-21
3.13418e-21
3.13421e-21
3.13423e-21
3.13424e-21
3.1342e-21
3.13414e-21
3.13407e-21
3.134e-21
3.13391e-21
3.13389e-21
3.13391e-21
3.13396e-21
3.13407e-21
3.1342e-21
3.13434e-21
3.13445e-21
3.13456e-21
3.13457e-21
3.13451e-21
3.13435e-21
3.13411e-21
3.13382e-21
3.13355e-21
3.13334e-21
3.13317e-21
3.13312e-21
3.13315e-21
3.13325e-21
3.13338e-21
3.13351e-21
3.13366e-21
3.13378e-21
3.13389e-21
3.13395e-21
3.134e-21
3.13404e-21
3.13406e-21
3.13407e-21
3.13406e-21
3.13406e-21
3.13405e-21
3.13403e-21
3.134e-21
3.13394e-21
3.13391e-21
3.13387e-21
3.13383e-21
3.1338e-21
3.13375e-21
3.13374e-21
3.1337e-21
3.13371e-21
3.13372e-21
3.13374e-21
3.13377e-21
3.13382e-21
3.13391e-21
3.13406e-21
3.13427e-21
3.13454e-21
3.13486e-21
3.1352e-21
3.13551e-21
3.1357e-21
3.1357e-21
3.13543e-21
3.13494e-21
3.13434e-21
3.1338e-21
3.13341e-21
3.13325e-21
3.13327e-21
3.13341e-21
3.13362e-21
3.1339e-21
3.13421e-21
3.13449e-21
3.13471e-21
3.13482e-21
3.13475e-21
3.13446e-21
3.13397e-21
3.1334e-21
3.13284e-21
3.13246e-21
3.13227e-21
3.13229e-21
3.13247e-21
3.13274e-21
3.13303e-21
3.13334e-21
3.13359e-21
3.1338e-21
3.13399e-21
3.13415e-21
3.13432e-21
3.13445e-21
3.13459e-21
3.13473e-21
3.13491e-21
3.13508e-21
3.13522e-21
3.13531e-21
3.1354e-21
3.13536e-21
3.1352e-21
3.13494e-21
3.13457e-21
3.13414e-21
3.13369e-21
3.13332e-21
3.13304e-21
3.13286e-21
3.13282e-21
3.13288e-21
3.13302e-21
3.13317e-21
3.13331e-21
3.13349e-21
3.13363e-21
3.13374e-21
3.13384e-21
3.13391e-21
3.13397e-21
3.13399e-21
3.13402e-21
3.13404e-21
3.13405e-21
3.13404e-21
3.134e-21
3.13396e-21
3.13392e-21
3.13387e-21
3.13386e-21
3.13383e-21
3.13383e-21
3.13383e-21
3.13382e-21
3.13382e-21
3.13382e-21
3.13382e-21
3.13385e-21
3.13389e-21
3.13395e-21
3.134e-21
3.1341e-21
3.13421e-21
3.13433e-21
3.1345e-21
3.13467e-21
3.13486e-21
3.13502e-21
3.1352e-21
3.13533e-21
3.13539e-21
3.1353e-21
3.13501e-21
3.13451e-21
3.13384e-21
3.1331e-21
3.13247e-21
3.13207e-21
3.13195e-21
3.13208e-21
3.13237e-21
3.13274e-21
3.13311e-21
3.13345e-21
3.13373e-21
3.13396e-21
3.13412e-21
3.13422e-21
3.13425e-21
3.13425e-21
3.13419e-21
3.13408e-21
3.13396e-21
3.13384e-21
3.13371e-21
3.13362e-21
3.13354e-21
3.13351e-21
3.13349e-21
3.1335e-21
3.13352e-21
3.13355e-21
3.1336e-21
3.13363e-21
3.13367e-21
3.1337e-21
3.13375e-21
3.13381e-21
3.13389e-21
3.13397e-21
3.13412e-21
3.1343e-21
3.13454e-21
3.13484e-21
3.13517e-21
3.13551e-21
3.13582e-21
3.13602e-21
3.13607e-21
3.13585e-21
3.13521e-21
3.13417e-21
3.13295e-21
3.13189e-21
3.13129e-21
3.13117e-21
3.13141e-21
3.13186e-21
3.13234e-21
3.13273e-21
3.13307e-21
3.13332e-21
3.13348e-21
3.13357e-21
3.13362e-21
3.13362e-21
3.13363e-21
3.13363e-21
3.13362e-21
3.1336e-21
3.1336e-21
3.13363e-21
3.13365e-21
3.1337e-21
3.13375e-21
3.13385e-21
3.13395e-21
3.1341e-21
3.13431e-21
3.13452e-21
3.13479e-21
3.13509e-21
3.13536e-21
3.13556e-21
3.13557e-21
3.13536e-21
3.13488e-21
3.13417e-21
3.13337e-21
3.13266e-21
3.1322e-21
3.13201e-21
3.13208e-21
3.13234e-21
3.13271e-21
3.13309e-21
3.13343e-21
3.13375e-21
3.13398e-21
3.13417e-21
3.1343e-21
3.1344e-21
3.13447e-21
3.13449e-21
3.13447e-21
3.13437e-21
3.13418e-21
3.13395e-21
3.1337e-21
3.13344e-21
3.13329e-21
3.13328e-21
3.13341e-21
3.13372e-21
3.13413e-21
3.13458e-21
3.13505e-21
3.13535e-21
3.13535e-21
3.13496e-21
3.13418e-21
3.13324e-21
3.13246e-21
3.13206e-21
3.13203e-21
3.13226e-21
3.13254e-21
3.13276e-21
3.13293e-21
3.13303e-21
3.13312e-21
3.13324e-21
3.13345e-21
3.13367e-21
3.13391e-21
3.13412e-21
3.1343e-21
3.13446e-21
3.13459e-21
3.1347e-21
3.13478e-21
3.13486e-21
3.1349e-21
3.13488e-21
3.13469e-21
3.13433e-21
3.13384e-21
3.13331e-21
3.13279e-21
3.13239e-21
3.13208e-21
3.13187e-21
3.1318e-21
3.13186e-21
3.13201e-21
3.13226e-21
3.13252e-21
3.13279e-21
3.13308e-21
3.13337e-21
3.13367e-21
3.13402e-21
3.13442e-21
3.13479e-21
3.13519e-21
3.13555e-21
3.13578e-21
3.13583e-21
3.13566e-21
3.13536e-21
3.13496e-21
3.1346e-21
3.13429e-21
3.13402e-21
3.13373e-21
3.13341e-21
3.13309e-21
3.13286e-21
3.13278e-21
3.13284e-21
3.13304e-21
3.13333e-21
3.13366e-21
3.13398e-21
3.13426e-21
3.13448e-21
3.13457e-21
3.13457e-21
3.13444e-21
3.13423e-21
3.13393e-21
3.13366e-21
3.13344e-21
3.13328e-21
3.13323e-21
3.13325e-21
3.13333e-21
3.13342e-21
3.13346e-21
3.13347e-21
3.13344e-21
3.13343e-21
3.13347e-21
3.13355e-21
3.13368e-21
3.13388e-21
3.13417e-21
3.13448e-21
3.13477e-21
3.13508e-21
3.13536e-21
3.13558e-21
3.13567e-21
3.13559e-21
3.13532e-21
3.13485e-21
3.13427e-21
3.13373e-21
3.13334e-21
3.13316e-21
3.13317e-21
3.13328e-21
3.13343e-21
3.13352e-21
3.13362e-21
3.13369e-21
3.13377e-21
3.13386e-21
3.13397e-21
3.13412e-21
3.13426e-21
3.1344e-21
3.13448e-21
3.13454e-21
3.13454e-21
3.13448e-21
3.13441e-21
3.13434e-21
3.13426e-21
3.13419e-21
3.13412e-21
3.13402e-21
3.13392e-21
3.13383e-21
3.13376e-21
3.13369e-21
3.13362e-21
3.1336e-21
3.1336e-21
3.13362e-21
3.13363e-21
3.13365e-21
3.1337e-21
3.13371e-21
3.13374e-21
3.13377e-21
3.1338e-21
3.13384e-21
3.13388e-21
3.13392e-21
3.13396e-21
3.13399e-21
3.13403e-21
3.13405e-21
3.13406e-21
3.13408e-21
3.13413e-21
3.13415e-21
3.13417e-21
3.13417e-21
3.13417e-21
3.13414e-21
3.1341e-21
3.13401e-21
3.13388e-21
3.13374e-21
3.13359e-21
3.13344e-21
3.13333e-21
3.13325e-21
3.1332e-21
3.1332e-21
3.13323e-21
3.13331e-21
3.1334e-21
3.13355e-21
3.13372e-21
3.13391e-21
3.13412e-21
3.13431e-21
3.13443e-21
3.13448e-21
3.13444e-21
3.13427e-21
3.13401e-21
3.13369e-21
3.13339e-21
3.13318e-21
3.13304e-21
3.133e-21
3.13303e-21
3.13305e-21
3.13308e-21
3.13307e-21
3.13304e-21
3.13299e-21
3.13297e-21
3.13294e-21
3.13294e-21
3.13297e-21
3.13302e-21
3.1331e-21
3.13323e-21
3.13333e-21
3.13349e-21
3.13365e-21
3.13381e-21
3.13399e-21
3.13413e-21
3.13427e-21
3.1344e-21
3.13447e-21
3.13455e-21
3.13456e-21
3.13453e-21
3.13443e-21
3.13428e-21
3.13408e-21
3.13384e-21
3.13361e-21
3.13344e-21
3.13335e-21
3.13339e-21
3.13358e-21
3.13385e-21
3.1342e-21
3.13457e-21
3.13486e-21
3.13498e-21
3.13487e-21
3.13447e-21
3.13386e-21
3.13313e-21
3.13243e-21
3.13189e-21
3.1316e-21
3.13159e-21
3.13178e-21
3.13212e-21
3.13254e-21
3.13299e-21
3.13348e-21
3.13389e-21
3.13426e-21
3.13456e-21
3.13476e-21
3.1348e-21
3.13465e-21
3.13441e-21
3.13408e-21
3.13375e-21
3.13349e-21
3.13331e-21
3.13324e-21
3.13328e-21
3.13339e-21
3.13352e-21
3.13367e-21
3.1338e-21
3.13392e-21
3.13403e-21
3.13414e-21
3.1342e-21
3.13427e-21
3.1343e-21
3.13437e-21
3.13442e-21
3.13448e-21
3.13455e-21
3.13463e-21
3.1347e-21
3.1348e-21
3.13491e-21
3.13496e-21
3.13501e-21
3.13498e-21
3.13491e-21
3.13477e-21
3.13458e-21
3.13435e-21
3.13411e-21
3.1339e-21
