193.713
194.331
194.83
195.182
195.375
195.416
195.322
195.122
194.855
194.57
194.317
194.14
194.07
194.112
194.25
194.451
194.673
194.879
195.037
195.128
195.142
195.082
194.957
194.786
194.595
194.415
194.274
194.198
194.199
194.276
194.417
194.599
194.795
194.983
195.142
195.262
195.337
195.364
195.347
195.291
195.204
195.094
194.97
194.844
194.725
194.62
194.538
194.482
194.454
194.456
194.485
194.538
194.613
194.705
194.81
194.926
195.048
195.172
195.295
195.414
195.526
195.631
195.727
195.815
195.897
195.973
196.046
196.119
196.193
196.268
196.346
196.425
196.502
196.576
196.643
196.701
196.747
196.78
196.798
196.802
196.791
196.766
196.73
196.685
196.635
196.584
196.536
196.496
196.469
196.459
196.468
196.497
196.542
196.597
196.652
196.696
196.716
196.7
196.643
196.55
196.441
196.351
196.321
196.39
196.576
196.865
197.209
197.537
197.769
197.831
197.661
197.222
196.508
195.56
194.495
193.505
192.824
192.631
192.951
193.64
194.472
195.25
195.865
196.292
196.565
196.734
196.849
196.949
197.053
197.171
197.3
197.434
197.564
197.686
197.795
197.886
197.945
197.951
197.877
197.693
197.377
196.929
196.368
195.746
195.133
194.604
194.223
194.018
193.975
194.038
194.129
194.168
194.099
193.903
193.601
193.252
192.934
192.731
192.709
192.907
193.33
193.944
194.688
195.485
196.262
196.962
197.548
198.007
198.34
198.556
198.666
198.682
198.607
198.44
198.169
197.777
197.241
196.539
195.66
194.621
193.483
192.363
191.414
190.774
190.501
190.546
190.782
191.069
191.31
191.465
191.537
191.557
191.557
191.56
191.571
191.585
191.585
191.554
191.48
191.356
191.187
190.983
190.763
190.552
190.375
190.255
190.207
190.235
190.331
190.48
190.659
190.844
191.016
191.159
191.264
191.327
191.348
191.327
191.269
191.176
191.051
190.897
190.715
190.504
190.265
189.997
189.698
189.369
189.012
188.632
188.24
187.852
187.49
187.178
186.941
186.797
186.75
186.794
186.906
187.058
187.218
187.361
187.467
187.524
187.534
187.51
187.472
187.45
187.47
187.554
187.708
187.919
188.163
188.406
188.615
188.763
188.835
188.822
188.729
188.566
188.351
188.102
187.841
187.587
187.356
187.157
186.995
186.874
186.795
186.761
186.78
186.855
186.99
187.183
187.427
187.71
188.018
188.337
188.656
188.965
189.258
189.529
189.775
189.991
190.174
190.318
190.42
190.473
190.47
190.403
190.268
190.06
189.78
189.438
189.052
188.653
188.283
187.984
187.796
187.738
187.811
187.995
188.26
188.571
188.897
189.214
189.507
189.768
189.994
190.191
190.363
190.518
190.666
190.812
190.961
191.114
191.274
191.439
191.608
191.781
191.959
192.142
192.33
192.525
192.723
192.924
193.121
193.308
193.476
193.612
193.704
193.738
193.704
193.591
193.401
193.143
192.843
192.536
192.268
192.076
191.986
191.998
192.094
192.243
192.415
192.586
192.742
192.88
193.002
193.11
193.206
193.289
193.351
193.383
193.378
193.327
193.232
193.096
192.929
192.743
192.554
192.376
192.225
192.112
192.047
192.034
192.077
192.178
192.342
192.568
192.853
193.182
193.534
193.878
194.185
194.429
194.595
194.678
194.685
194.63
194.53
194.405
194.269
194.139
194.029
193.959
193.945
194.003
194.135
194.327
194.551
194.767
194.93
195.004
194.957
194.772
194.446
193.985
193.414
192.77
192.107
191.499
191.035
190.805
190.874
191.253
191.889
192.674
193.474
194.17
194.676
194.951
194.999
194.862
194.605
194.306
194.035
193.834
193.719
193.679
193.689
193.719
193.731
193.68
193.513
193.173
192.613
191.833
190.914
190.052
189.528
189.585
190.278
191.434
192.762
194.006
195.022
195.77
196.272
196.574
196.727
196.775
196.754
196.693
196.615
196.536
196.467
196.411
196.37
196.338
196.307
196.267
196.211
196.133
196.03
195.905
195.766
195.622
195.489
195.378
195.299
195.255
195.245
195.258
195.278
195.287
195.263
195.192
195.061
194.867
194.621
194.346
194.078
193.86
193.735
193.733
193.865
194.119
194.463
194.856
195.253
195.618
195.927
196.167
196.337
196.443
196.494
196.502
196.478
196.43
196.367
196.295
196.221
196.148
196.084
196.031
195.995
195.977
195.98
196.003
196.046
196.107
196.182
196.27
196.365
196.466
196.566
196.661
196.743
196.8
196.818
196.778
196.655
196.421
196.049
195.519
194.829
194.012
193.142
192.333
191.707
191.347
191.267
191.413
191.691
192.008
192.288
192.478
192.545
192.47
192.25
191.903
191.47
191.022
190.653
190.465
190.537
190.893
191.492
192.237
193.021
193.751
194.368
194.846
195.182
195.388
195.478
195.468
195.371
195.195
194.946
194.624
194.228
193.755
193.202
192.572
191.875
191.13
190.373
189.653
189.026
188.549
188.265
188.192
188.316
188.598
188.983
189.412
189.835
190.215
190.53
190.772
190.94
191.04
191.081
191.071
191.022
190.944
190.844
190.731
190.612
190.493
190.38
190.277
190.185
190.108
190.044
189.995
189.958
189.932
189.915
189.904
189.898
189.893
189.887
189.876
189.855
189.819
189.761
189.671
189.54
189.355
189.106
188.78
188.37
187.87
187.282
186.618
185.906
185.196
184.566
184.117
183.948
184.123
184.635
185.401
186.297
187.193
187.993
188.639
189.11
189.411
189.56
189.583
189.509
189.37
189.195
189.017
188.86
188.746
188.689
188.695
188.763
188.886
189.05
189.242
189.448
189.655
189.851
190.031
190.191
190.33
190.448
190.547
190.624
190.677
190.696
190.67
190.579
190.404
190.12
189.706
189.142
188.417
187.535
186.519
185.429
184.373
183.521
183.071
183.169
183.828
184.898
186.146
187.356
188.394
189.212
189.816
190.245
190.539
190.739
190.878
190.98
191.061
191.134
191.204
191.275
191.346
191.417
191.483
191.54
191.583
191.602
191.588
191.528
191.406
191.204
190.9
190.473
189.909
189.205
188.385
187.507
186.67
186.001
185.623
185.613
185.973
186.623
187.435
188.273
189.029
189.634
190.061
190.308
190.394
190.346
190.192
189.959
189.667
189.335
188.98
188.624
188.294
188.029
187.866
187.832
187.93
188.131
188.38
188.603
188.727
188.687
188.439
187.968
187.311
186.57
185.913
185.537
185.581
186.053
186.824
187.703
188.538
189.25
189.836
190.328
190.756
191.137
191.461
191.708
191.859
191.902
191.835
191.668
191.418
191.099
190.725
190.302
189.837
189.344
188.855
188.428
188.137
188.051
188.214
188.629
189.269
190.086
191.028
192.034
193.045
194.008
194.879
195.63
196.246
196.718
197.045
197.22
197.235
197.077
196.736
196.203
195.489
194.63
193.697
192.781
191.974
191.332
190.867
190.56
190.393
190.367
190.494
190.777
191.193
191.687
192.19
192.634
192.963
193.143
193.162
193.029
192.774
192.441
192.085
191.762
191.526
191.41
191.43
191.578
191.822
192.121
192.428
192.709
192.949
193.155
193.346
193.542
193.751
193.963
194.153
194.287
194.33
194.256
194.045
193.689
193.186
192.545
191.789
190.959
190.123
189.371
188.799
188.481
188.436
188.62
188.944
189.313
189.656
189.938
190.156
190.323
190.458
190.568
190.648
190.685
190.664
190.576
190.424
190.217
189.976
189.721
189.474
189.249
189.057
188.9
188.783
188.706
188.67
188.677
188.726
188.813
188.931
189.075
189.233
189.4
189.567
189.73
189.883
190.025
190.152
190.264
190.36
190.44
190.504
190.554
190.588
190.608
190.614
190.605
190.582
190.544
190.49
190.422
190.34
190.246
190.145
190.045
189.956
189.889
189.861
189.883
189.968
190.12
190.341
190.621
190.949
191.307
191.676
192.037
192.372
192.663
192.896
193.056
193.131
193.113
193.002
192.809
192.562
192.306
192.096
191.99
192.027
192.216
192.535
192.942
193.392
193.85
194.299
194.737
195.171
195.614
196.073
196.552
197.047
197.547
198.039
198.509
198.943
199.327
199.65
199.905
200.084
200.184
200.203
200.142
200.007
199.804
199.545
199.246
198.926
198.609
198.322
198.094
197.953
197.919
197.997
198.176
198.421
198.68
198.89
198.99
198.931
198.69
198.281
197.757
197.218
196.789
196.6
196.745
197.252
198.072
199.098
200.2
201.259
202.187
202.927
203.455
203.764
203.865
203.779
203.536
203.183
202.777
202.388
202.085
201.921
201.92
202.073
202.338
202.661
202.991
203.29
203.533
203.711
203.822
203.872
203.867
203.816
203.726
203.602
203.45
203.271
203.066
202.834
202.571
202.274
201.937
201.557
201.132
200.667
200.172
199.666
199.175
198.729
198.358
198.087
197.93
197.885
