2.34974e+06
2.28578e+06
2.23203e+06
2.1912e+06
2.16442e+06
2.15141e+06
2.15062e+06
2.1595e+06
2.17443e+06
2.19117e+06
2.20525e+06
2.21279e+06
2.21149e+06
2.20088e+06
2.18251e+06
2.15938e+06
2.13505e+06
2.11284e+06
2.09539e+06
2.08436e+06
2.08049e+06
2.0836e+06
2.09258e+06
2.10564e+06
2.12046e+06
2.13425e+06
2.14437e+06
2.14874e+06
2.14637e+06
2.13731e+06
2.12284e+06
2.10498e+06
2.08599e+06
2.0679e+06
2.05252e+06
2.04083e+06
2.03339e+06
2.03036e+06
2.03145e+06
2.03616e+06
2.04373e+06
2.05338e+06
2.06411e+06
2.07489e+06
2.08473e+06
2.09286e+06
2.0986e+06
2.10141e+06
2.10108e+06
2.09748e+06
2.0908e+06
2.08124e+06
2.06909e+06
2.05473e+06
2.03861e+06
2.02108e+06
2.00254e+06
1.98345e+06
1.96423e+06
1.94525e+06
1.92683e+06
1.90918e+06
1.89244e+06
1.87677e+06
1.8621e+06
1.84833e+06
1.83541e+06
1.82329e+06
1.81192e+06
1.80127e+06
1.79158e+06
1.7829e+06
1.77563e+06
1.76998e+06
1.76634e+06
1.765e+06
1.76625e+06
1.7703e+06
1.77729e+06
1.78728e+06
1.80015e+06
1.81577e+06
1.83395e+06
1.85441e+06
1.87676e+06
1.90057e+06
1.92533e+06
1.95049e+06
1.97563e+06
2.00032e+06
2.02427e+06
2.04747e+06
2.0701e+06
2.09269e+06
2.11606e+06
2.14114e+06
2.16892e+06
2.20024e+06
2.23519e+06
2.27299e+06
2.3117e+06
2.34814e+06
2.37871e+06
2.40036e+06
2.41202e+06
2.41534e+06
2.41501e+06
2.41734e+06
2.4292e+06
2.45695e+06
2.50542e+06
2.57709e+06
2.67149e+06
2.78344e+06
2.90151e+06
3.00833e+06
3.084e+06
3.11468e+06
3.09981e+06
3.05234e+06
2.99125e+06
2.93273e+06
2.88561e+06
2.85194e+06
2.82955e+06
2.81448e+06
2.80293e+06
2.79199e+06
2.78008e+06
2.76674e+06
2.75227e+06
2.73728e+06
2.72249e+06
2.70859e+06
2.696e+06
2.68558e+06
2.67872e+06
2.67731e+06
2.68379e+06
2.70047e+06
2.72871e+06
2.76826e+06
2.81656e+06
2.86894e+06
2.91895e+06
2.95994e+06
2.98678e+06
2.99724e+06
2.99313e+06
2.97926e+06
2.96249e+06
2.9493e+06
2.94418e+06
2.94821e+06
2.95914e+06
2.97147e+06
2.97819e+06
2.97215e+06
2.94767e+06
2.90163e+06
2.83414e+06
2.74859e+06
2.65094e+06
2.54827e+06
2.44751e+06
2.35417e+06
2.27179e+06
2.20212e+06
2.14563e+06
2.102e+06
2.07047e+06
2.05052e+06
2.04192e+06
2.04478e+06
2.06009e+06
2.08915e+06
2.13341e+06
2.19403e+06
2.27096e+06
2.36141e+06
2.45868e+06
2.5517e+06
2.6269e+06
2.67297e+06
2.68565e+06
2.6697e+06
2.63586e+06
2.59547e+06
2.55647e+06
2.52227e+06
2.49258e+06
2.46537e+06
2.43828e+06
2.40994e+06
2.38017e+06
2.34979e+06
2.32037e+06
2.29343e+06
2.27019e+06
2.25112e+06
2.23593e+06
2.22359e+06
2.21251e+06
2.20061e+06
2.18579e+06
2.1662e+06
2.14078e+06
2.10935e+06
2.07287e+06
2.03302e+06
1.99193e+06
1.95181e+06
1.91465e+06
1.88188e+06
1.85455e+06
1.83315e+06
1.81791e+06
1.80876e+06
1.80559e+06
1.80804e+06
1.81589e+06
1.82884e+06
1.8467e+06
1.86927e+06
1.89646e+06
1.92807e+06
1.96388e+06
2.0036e+06
2.04665e+06
2.09212e+06
2.1387e+06
2.18462e+06
2.22748e+06
2.26492e+06
2.29474e+06
2.31536e+06
2.32628e+06
2.32826e+06
2.3232e+06
2.31366e+06
2.30229e+06
2.2914e+06
2.28268e+06
2.27696e+06
2.2742e+06
2.27325e+06
2.2722e+06
2.26879e+06
2.26074e+06
2.24654e+06
2.22611e+06
2.20065e+06
2.17271e+06
2.14533e+06
2.12153e+06
2.10369e+06
2.09336e+06
2.09108e+06
2.09657e+06
2.10883e+06
2.12638e+06
2.14736e+06
2.16979e+06
2.19189e+06
2.21224e+06
2.22975e+06
2.24383e+06
2.2541e+06
2.26025e+06
2.26179e+06
2.25831e+06
2.24934e+06
2.23469e+06
2.21476e+06
2.19034e+06
2.1626e+06
2.13303e+06
2.10294e+06
2.07357e+06
2.04594e+06
2.02085e+06
1.99892e+06
1.98073e+06
1.96682e+06
1.95764e+06
1.95362e+06
1.95537e+06
1.96331e+06
1.97806e+06
2.00006e+06
2.02964e+06
2.06682e+06
2.11107e+06
2.16117e+06
2.21487e+06
2.26904e+06
2.31979e+06
2.36312e+06
2.39569e+06
2.41562e+06
2.42292e+06
2.41923e+06
2.40719e+06
2.3897e+06
2.36941e+06
2.34836e+06
2.32805e+06
2.3092e+06
2.2921e+06
2.2766e+06
2.2623e+06
2.24865e+06
2.23513e+06
2.22132e+06
2.20691e+06
2.19193e+06
2.17648e+06
2.1606e+06
2.14456e+06
2.12842e+06
2.11232e+06
2.09634e+06
2.08046e+06
2.06483e+06
2.04971e+06
2.03545e+06
2.0226e+06
2.01195e+06
2.00432e+06
2.00072e+06
2.00228e+06
2.01007e+06
2.02494e+06
2.04734e+06
2.0768e+06
2.11199e+06
2.15031e+06
2.18831e+06
2.22191e+06
2.24773e+06
2.26373e+06
2.27001e+06
2.26819e+06
2.26103e+06
2.25125e+06
2.24101e+06
2.23158e+06
2.22358e+06
2.21702e+06
2.21184e+06
2.20822e+06
2.2066e+06
2.20747e+06
2.21174e+06
2.22006e+06
2.23281e+06
2.24996e+06
2.2709e+06
2.29459e+06
2.31969e+06
2.34472e+06
2.36811e+06
2.38838e+06
2.40438e+06
2.41516e+06
2.42036e+06
2.41951e+06
2.41249e+06
2.39928e+06
2.38003e+06
2.35547e+06
2.32719e+06
2.29761e+06
2.26949e+06
2.24576e+06
2.22866e+06
2.21967e+06
2.21922e+06
2.22668e+06
2.24078e+06
2.25995e+06
2.28247e+06
2.30663e+06
2.331e+06
2.35376e+06
2.37326e+06
2.38778e+06
2.3961e+06
2.39816e+06
2.39535e+06
2.39042e+06
2.387e+06
2.38886e+06
2.39937e+06
2.42097e+06
2.45505e+06
2.50153e+06
2.55922e+06
2.62539e+06
2.6961e+06
2.76567e+06
2.82708e+06
2.8721e+06
2.89303e+06
2.88487e+06
2.84735e+06
2.78597e+06
2.71066e+06
2.63324e+06
2.56425e+06
2.51113e+06
2.47754e+06
2.46318e+06
2.4647e+06
2.47626e+06
2.49137e+06
2.50433e+06
2.51161e+06
2.51204e+06
2.50646e+06
2.49689e+06
2.48613e+06
2.47738e+06
2.47453e+06
2.48199e+06
2.5041e+06
2.54373e+06
2.59952e+06
2.66271e+06
2.7155e+06
2.73427e+06
2.70062e+06
2.61265e+06
2.48666e+06
2.34732e+06
2.21586e+06
2.10431e+06
2.01641e+06
1.95115e+06
1.90517e+06
1.87469e+06
1.85616e+06
1.84665e+06
1.84349e+06
1.8447e+06
1.84881e+06
1.85474e+06
1.862e+06
1.87038e+06
1.88032e+06
1.89227e+06
1.90689e+06
1.92467e+06
1.946e+06
1.97079e+06
1.99856e+06
2.02846e+06
2.05936e+06
2.08988e+06
2.11879e+06
2.14523e+06
2.16876e+06
2.18957e+06
2.20861e+06
2.22717e+06
2.24677e+06
2.26906e+06
2.29528e+06
2.32615e+06
2.36155e+06
2.40036e+06
2.44007e+06
2.47738e+06
2.50833e+06
2.52924e+06
2.53755e+06
2.53259e+06
2.51557e+06
2.48934e+06
2.45781e+06
2.42484e+06
2.3937e+06
2.36663e+06
2.3448e+06
2.3286e+06
2.31755e+06
2.31097e+06
2.30787e+06
2.30744e+06
2.30882e+06
2.31127e+06
2.31417e+06
2.31689e+06
2.31893e+06
2.31981e+06
2.31903e+06
2.31629e+06
2.31131e+06
2.30409e+06
2.29461e+06
2.28309e+06
2.26982e+06
2.25519e+06
2.23973e+06
2.22382e+06
2.2082e+06
2.19339e+06
2.18018e+06
2.16953e+06
2.16261e+06
2.161e+06
2.16653e+06
2.18127e+06
2.2075e+06
2.24721e+06
2.30151e+06
2.36959e+06
2.44766e+06
2.52832e+06
2.60128e+06
2.65621e+06
2.68631e+06
2.69096e+06
2.67506e+06
2.64667e+06
2.61365e+06
2.58236e+06
2.55739e+06
2.5418e+06
2.53703e+06
2.54299e+06
2.55778e+06
2.57725e+06
2.59491e+06
2.6024e+06
2.59121e+06
2.5552e+06
2.49312e+06
2.40955e+06
2.31296e+06
2.21307e+06
2.11808e+06
2.03342e+06
1.96179e+06
1.90408e+06
1.85977e+06
1.82797e+06
1.80767e+06
1.79796e+06
1.79817e+06
1.80775e+06
1.82656e+06
1.85444e+06
1.89136e+06
1.93689e+06
1.99026e+06
2.04991e+06
2.11342e+06
2.17684e+06
2.23539e+06
2.28369e+06
2.31656e+06
2.33035e+06
2.32369e+06
2.29802e+06
2.25698e+06
2.20561e+06
2.14928e+06
2.09258e+06
2.03897e+06
1.99064e+06
1.94868e+06
1.91359e+06
1.885e+06
1.86241e+06
1.84515e+06
1.83241e+06
1.82343e+06
1.81739e+06
1.81365e+06
1.81154e+06
1.81048e+06
1.80998e+06
1.80966e+06
1.80929e+06
1.80873e+06
1.80795e+06
1.80706e+06
1.80612e+06
1.8054e+06
1.8051e+06
1.80541e+06
1.8067e+06
1.80925e+06
1.81337e+06
1.81955e+06
1.82821e+06
1.83993e+06
1.85535e+06
1.87533e+06
1.90067e+06
1.93222e+06
1.97091e+06
2.01732e+06
2.07184e+06
2.13428e+06
2.20393e+06
2.27886e+06
2.35569e+06
2.42909e+06
2.49157e+06
2.53419e+06
2.54857e+06
2.53007e+06
2.48026e+06
2.40693e+06
2.32139e+06
2.23492e+06
2.15622e+06
2.09052e+06
2.04007e+06
2.00497e+06
1.98396e+06
1.97501e+06
1.9756e+06
1.98299e+06
1.99433e+06
2.00693e+06
2.01826e+06
2.02634e+06
2.02992e+06
2.02843e+06
2.02191e+06
2.01115e+06
1.99717e+06
1.98139e+06
1.96513e+06
1.94969e+06
1.93608e+06
1.9251e+06
1.91724e+06
1.91273e+06
1.91171e+06
1.91425e+06
1.92067e+06
1.9314e+06
1.94725e+06
1.96933e+06
1.99922e+06
2.03851e+06
2.08892e+06
2.15193e+06
2.2284e+06
2.31833e+06
2.42023e+06
2.53047e+06
2.64242e+06
2.74501e+06
2.82268e+06
2.85863e+06
2.84159e+06
2.77257e+06
2.66562e+06
2.54106e+06
2.4173e+06
2.30611e+06
2.21236e+06
2.13611e+06
2.0754e+06
2.02716e+06
1.98854e+06
1.95711e+06
1.93105e+06
1.90899e+06
1.89014e+06
1.87396e+06
1.86022e+06
1.84897e+06
1.84044e+06
1.83495e+06
1.83292e+06
1.835e+06
1.84186e+06
1.85452e+06
1.8739e+06
1.90143e+06
1.93852e+06
1.98655e+06
2.0469e+06
2.12009e+06
2.20527e+06
2.29932e+06
2.39591e+06
2.48573e+06
2.5574e+06
2.6004e+06
2.60881e+06
2.58345e+06
2.53187e+06
2.4654e+06
2.39591e+06
2.33293e+06
2.28262e+06
2.24784e+06
2.22896e+06
2.22482e+06
2.2333e+06
2.25211e+06
2.27894e+06
2.31184e+06
2.34904e+06
2.38871e+06
2.42867e+06
2.46611e+06
2.49768e+06
2.52023e+06
2.5317e+06
2.53216e+06
2.52448e+06
2.51372e+06
2.50618e+06
2.50822e+06
2.52505e+06
2.55995e+06
2.6133e+06
2.68087e+06
2.75299e+06
2.81469e+06
2.84964e+06
2.84724e+06
2.8083e+06
2.74435e+06
2.67105e+06
2.601e+06
2.54033e+06
2.48968e+06
2.44706e+06
2.41038e+06
2.37903e+06
2.35407e+06
2.33738e+06
2.33053e+06
2.33449e+06
2.34906e+06
2.37328e+06
2.40561e+06
2.4444e+06
2.48828e+06
2.53614e+06
2.58684e+06
2.6384e+06
2.68726e+06
2.72773e+06
2.75325e+06
2.75793e+06
2.73852e+06
2.69507e+06
2.63057e+06
2.54939e+06
2.45686e+06
2.35878e+06
2.26099e+06
2.16878e+06
2.08651e+06
2.01718e+06
1.96277e+06
1.92445e+06
1.90297e+06
1.89905e+06
1.9136e+06
1.94753e+06
2.00138e+06
2.07512e+06
2.1669e+06
2.27234e+06
2.3844e+06
2.49433e+06
2.59399e+06
2.67802e+06
2.74508e+06
2.7961e+06
2.83206e+06
2.85257e+06
2.85668e+06
2.84463e+06
2.81919e+06
2.78549e+06
2.74979e+06
2.71821e+06
2.69555e+06
2.68479e+06
2.6869e+06
2.7009e+06
2.72411e+06
2.75234e+06
2.78069e+06
2.80405e+06
2.81796e+06
2.81934e+06
2.80722e+06
2.78249e+06
2.7479e+06
2.70738e+06
2.66482e+06
2.62334e+06
2.58428e+06
2.54736e+06
2.51137e+06
2.47509e+06
2.43843e+06
2.40266e+06
2.37032e+06
2.34451e+06
2.32832e+06
2.32411e+06
2.33329e+06
2.35639e+06
2.39317e+06
2.4423e+06
2.50103e+06
2.56481e+06
2.6271e+06
2.67959e+06
2.71383e+06
2.72391e+06
2.70871e+06
2.67238e+06
2.62256e+06
2.56734e+06
2.51274e+06
2.46193e+06
2.41536e+06
2.37239e+06
2.332e+06
2.294e+06
2.25908e+06
2.22853e+06
2.20364e+06
2.18506e+06
2.17264e+06
2.16522e+06
2.16112e+06
2.15837e+06
2.1551e+06
2.15003e+06
2.14222e+06
2.13118e+06
2.11661e+06
2.09837e+06
2.07624e+06
2.05026e+06
2.02065e+06
1.98783e+06
1.95245e+06
1.91535e+06
1.87753e+06
1.83984e+06
1.80304e+06
1.76776e+06
1.73459e+06
1.70404e+06
1.67629e+06
1.65172e+06
1.63044e+06
1.61257e+06
1.59821e+06
1.58734e+06
1.57996e+06
1.57607e+06
1.57563e+06
1.57863e+06
1.58501e+06
1.59472e+06
1.60773e+06
1.62389e+06
1.64289e+06
1.66433e+06
1.68757e+06
1.7118e+06
1.73592e+06
1.75866e+06
1.77856e+06
1.79442e+06
1.80529e+06
1.81066e+06
1.81069e+06
1.80616e+06
1.79836e+06
1.78887e+06
1.77957e+06
1.77224e+06
1.76867e+06
1.77036e+06
1.77883e+06
1.79525e+06
1.82051e+06
1.85502e+06
1.89843e+06
1.94913e+06
2.00429e+06
2.05957e+06
2.10974e+06
2.14983e+06
2.17653e+06
2.18915e+06
2.1897e+06
2.18164e+06
2.16888e+06
2.15431e+06
2.13942e+06
2.12459e+06
2.10929e+06
2.09295e+06
2.07512e+06
2.05604e+06
2.03622e+06
2.01689e+06
1.99943e+06
1.98539e+06
1.97621e+06
1.97323e+06
1.97742e+06
1.98977e+06
2.01074e+06
2.04064e+06
2.0795e+06
2.1269e+06
2.18221e+06
2.2444e+06
2.31193e+06
2.38312e+06
2.45566e+06
2.52706e+06
2.59447e+06
2.65505e+06
2.70617e+06
2.746e+06
2.77407e+06
2.79163e+06
2.80169e+06
2.80882e+06
2.81833e+06
2.83513e+06
2.86284e+06
2.90276e+06
2.95276e+06
3.0072e+06
3.05693e+06
3.09069e+06
3.09765e+06
3.0704e+06
3.00755e+06
2.91433e+06
2.80078e+06
2.67876e+06
2.55913e+06
2.45021e+06
2.35749e+06
2.28386e+06
2.23042e+06
2.19644e+06
2.18038e+06
2.17934e+06
2.18917e+06
2.20445e+06
2.21897e+06
2.22691e+06
2.22363e+06
2.20735e+06
2.17919e+06
2.14266e+06
2.10239e+06
2.06283e+06
2.02739e+06
1.99808e+06
1.976e+06
1.9613e+06
1.95369e+06
1.95268e+06
1.95761e+06
1.96777e+06
1.98267e+06
2.00176e+06
2.02483e+06
2.05156e+06
2.08192e+06
2.11595e+06
2.15375e+06
2.19541e+06
2.24092e+06
2.28986e+06
2.34131e+06
2.39392e+06
2.44545e+06
2.49329e+06
2.53441e+06
2.56593e+06
2.58556e+06
2.59213e+06
2.58586e+06
