-8.79095e-22
-8.9171e-22
-9.01749e-22
-9.08695e-22
-9.12371e-22
-9.12911e-22
-9.1072e-22
-9.06397e-22
-9.00792e-22
-8.9489e-22
-8.89751e-22
-8.863e-22
-8.85061e-22
-8.86152e-22
-8.89195e-22
-8.93445e-22
-8.98051e-22
-9.02233e-22
-9.05371e-22
-9.07096e-22
-9.07231e-22
-9.05816e-22
-9.03106e-22
-8.99517e-22
-8.95552e-22
-8.91871e-22
-8.89082e-22
-8.87663e-22
-8.87833e-22
-8.89588e-22
-8.92615e-22
-8.96435e-22
-9.00513e-22
-9.04389e-22
-9.0762e-22
-9.10015e-22
-9.11466e-22
-9.11932e-22
-9.11494e-22
-9.10264e-22
-9.08414e-22
-9.06091e-22
-9.03514e-22
-9.00905e-22
-8.98479e-22
-8.96372e-22
-8.94714e-22
-8.93622e-22
-8.93121e-22
-8.93236e-22
-8.93897e-22
-8.9506e-22
-8.96661e-22
-8.98617e-22
-9.00827e-22
-9.03233e-22
-9.05776e-22
-9.08367e-22
-9.10917e-22
-9.1338e-22
-9.15696e-22
-9.17854e-22
-9.19846e-22
-9.2165e-22
-9.23315e-22
-9.249e-22
-9.26432e-22
-9.27939e-22
-9.29461e-22
-9.31046e-22
-9.32621e-22
-9.34247e-22
-9.35818e-22
-9.37328e-22
-9.38697e-22
-9.39879e-22
-9.40811e-22
-9.41462e-22
-9.418e-22
-9.41813e-22
-9.41543e-22
-9.4102e-22
-9.40271e-22
-9.3934e-22
-9.38307e-22
-9.37247e-22
-9.36266e-22
-9.35477e-22
-9.34947e-22
-9.34761e-22
-9.34984e-22
-9.35599e-22
-9.36555e-22
-9.37705e-22
-9.3884e-22
-9.39715e-22
-9.4007e-22
-9.39635e-22
-9.38365e-22
-9.3639e-22
-9.34127e-22
-9.32338e-22
-9.31889e-22
-9.33555e-22
-9.37647e-22
-9.43843e-22
-9.51004e-22
-9.57668e-22
-9.62208e-22
-9.63062e-22
-9.59005e-22
-9.4935e-22
-9.34011e-22
-9.1401e-22
-8.91927e-22
-8.71829e-22
-8.58603e-22
-8.55692e-22
-8.63254e-22
-8.78052e-22
-8.95351e-22
-9.11181e-22
-9.23507e-22
-9.32003e-22
-9.37363e-22
-9.40696e-22
-9.43007e-22
-9.45067e-22
-9.47279e-22
-9.49754e-22
-9.5243e-22
-9.55184e-22
-9.57874e-22
-9.60353e-22
-9.62594e-22
-9.64436e-22
-9.65562e-22
-9.65555e-22
-9.63812e-22
-9.59739e-22
-9.52947e-22
-9.43406e-22
-9.31649e-22
-9.18703e-22
-9.0609e-22
-8.95384e-22
-8.87821e-22
-8.83959e-22
-8.83324e-22
-8.84785e-22
-8.86629e-22
-8.8728e-22
-8.85606e-22
-8.81321e-22
-8.74899e-22
-8.67661e-22
-8.6124e-22
-8.57331e-22
-8.57274e-22
-8.61832e-22
-8.71016e-22
-8.8407e-22
-8.99652e-22
-9.16196e-22
-9.32186e-22
-9.46451e-22
-9.58334e-22
-9.67591e-22
-9.74237e-22
-9.78463e-22
-9.80551e-22
-9.8067e-22
-9.78904e-22
-9.75257e-22
-9.69423e-22
-9.61024e-22
-9.49599e-22
-9.34712e-22
-9.16142e-22
-8.94331e-22
-8.70673e-22
-8.47673e-22
-8.28562e-22
-8.16042e-22
-8.11135e-22
-8.1259e-22
-8.17684e-22
-8.23601e-22
-8.28438e-22
-8.31433e-22
-8.32792e-22
-8.33125e-22
-8.33122e-22
-8.33187e-22
-8.33422e-22
-8.33691e-22
-8.3364e-22
-8.32933e-22
-8.31288e-22
-8.28623e-22
-8.25027e-22
-8.20763e-22
-8.16208e-22
-8.11887e-22
-8.08316e-22
-8.05964e-22
-8.0512e-22
-8.05861e-22
-8.07986e-22
-8.11141e-22
-8.14867e-22
-8.18696e-22
-8.22197e-22
-8.25096e-22
-8.27189e-22
-8.28421e-22
-8.2877e-22
-8.28286e-22
-8.26997e-22
-8.25007e-22
-8.22356e-22
-8.19103e-22
-8.15262e-22
-8.10852e-22
-8.05839e-22
-8.00218e-22
-7.93983e-22
-7.87111e-22
-7.79664e-22
-7.71771e-22
-7.63645e-22
-7.55615e-22
-7.48209e-22
-7.41911e-22
-7.37191e-22
-7.34401e-22
-7.33638e-22
-7.34716e-22
-7.37162e-22
-7.40354e-22
-7.43663e-22
-7.46555e-22
-7.48647e-22
-7.49744e-22
-7.49851e-22
-7.49276e-22
-7.48499e-22
-7.48072e-22
-7.48593e-22
-7.50472e-22
-7.53758e-22
-7.58233e-22
-7.63309e-22
-7.683e-22
-7.72522e-22
-7.7545e-22
-7.76742e-22
-7.76309e-22
-7.7424e-22
-7.70769e-22
-7.66225e-22
-7.61031e-22
-7.55639e-22
-7.50434e-22
-7.45694e-22
-7.41653e-22
-7.38394e-22
-7.3597e-22
-7.34412e-22
-7.33838e-22
-7.34318e-22
-7.35993e-22
-7.38936e-22
-7.43057e-22
-7.48208e-22
-7.54159e-22
-7.60567e-22
-7.67193e-22
-7.73783e-22
-7.80147e-22
-7.86163e-22
-7.9173e-22
-7.96763e-22
-8.01162e-22
-8.04855e-22
-8.07782e-22
-8.09783e-22
-8.1079e-22
-8.10605e-22
-8.09109e-22
-8.06161e-22
-8.01697e-22
-7.95755e-22
-7.88535e-22
-7.80489e-22
-7.72267e-22
-7.64722e-22
-7.58742e-22
-7.55086e-22
-7.54169e-22
-7.5594e-22
-7.59964e-22
-7.65581e-22
-7.72082e-22
-7.78836e-22
-7.85384e-22
-7.91381e-22
-7.96702e-22
-8.01327e-22
-8.05323e-22
-8.08834e-22
-8.12027e-22
-8.15058e-22
-8.18071e-22
-8.21175e-22
-8.24377e-22
-8.27669e-22
-8.31099e-22
-8.34605e-22
-8.38208e-22
-8.41893e-22
-8.4567e-22
-8.49584e-22
-8.53626e-22
-8.57753e-22
-8.61911e-22
-8.65994e-22
-8.69823e-22
-8.73222e-22
-8.75972e-22
-8.77779e-22
-8.78371e-22
-8.77502e-22
-8.74996e-22
-8.70909e-22
-8.65472e-22
-8.59229e-22
-8.52912e-22
-8.4747e-22
-8.43686e-22
-8.42038e-22
-8.42472e-22
-8.44611e-22
-8.47783e-22
-8.51364e-22
-8.54881e-22
-8.58092e-22
-8.60904e-22
-8.63397e-22
-8.65646e-22
-8.67626e-22
-8.69263e-22
-8.70489e-22
-8.71068e-22
-8.70849e-22
-8.69718e-22
-8.67649e-22
-8.64751e-22
-8.61234e-22
-8.57369e-22
-8.53454e-22
-8.49804e-22
-8.46747e-22
-8.44501e-22
-8.43273e-22
-8.43102e-22
-8.44122e-22
-8.46373e-22
-8.49884e-22
-8.54688e-22
-8.60697e-22
-8.67596e-22
-8.74874e-22
-8.81964e-22
-8.88187e-22
-8.93092e-22
-8.96346e-22
-8.97876e-22
-8.97876e-22
-8.96637e-22
-8.9451e-22
-8.91862e-22
-8.89064e-22
-8.86371e-22
-8.84182e-22
-8.82817e-22
-8.82658e-22
-8.84002e-22
-8.86869e-22
-8.90944e-22
-8.95592e-22
-8.99967e-22
-9.03198e-22
-9.04485e-22
-9.03245e-22
-8.9911e-22
-8.92061e-22
-8.82258e-22
-8.70248e-22
-8.5679e-22
-8.43105e-22
-8.30706e-22
-8.21513e-22
-8.17339e-22
-8.19408e-22
-8.27861e-22
-8.41453e-22
-8.57875e-22
-8.74339e-22
-8.88413e-22
-8.98448e-22
-9.03663e-22
-9.04253e-22
-9.01069e-22
-8.95592e-22
-8.89427e-22
-8.83942e-22
-8.79967e-22
-8.77742e-22
-8.77047e-22
-8.77364e-22
-8.77998e-22
-8.78179e-22
-8.76947e-22
-8.73182e-22
-8.65714e-22
-8.53647e-22
-8.37071e-22
-8.17935e-22
-8.00487e-22
-7.90659e-22
-7.93191e-22
-8.08728e-22
-8.33295e-22
-8.60836e-22
-8.86208e-22
-9.06695e-22
-9.21669e-22
-9.31602e-22
-9.37504e-22
-9.40408e-22
-9.41224e-22
-9.4064e-22
-9.39322e-22
-9.377e-22
-9.36073e-22
-9.34664e-22
-9.33541e-22
-9.32733e-22
-9.3207e-22
-9.31421e-22
-9.30584e-22
-9.29404e-22
-9.2773e-22
-9.25548e-22
-9.22928e-22
-9.20024e-22
-9.17051e-22
-9.14321e-22
-9.12084e-22
-9.10513e-22
-9.09687e-22
-9.09562e-22
-9.09854e-22
-9.10248e-22
-9.10369e-22
-9.09784e-22
-9.08171e-22
-9.05316e-22
-9.01194e-22
-8.95994e-22
-8.90293e-22
-8.84802e-22
-8.80447e-22
-8.78087e-22
-8.78334e-22
-8.81334e-22
-8.86813e-22
-8.94113e-22
-9.02298e-22
-9.10491e-22
-9.1795e-22
-9.24212e-22
-9.29053e-22
-9.32423e-22
-9.34497e-22
-9.35451e-22
-9.3556e-22
-9.35003e-22
-9.33981e-22
-9.32654e-22
-9.31154e-22
-9.29612e-22
-9.28123e-22
-9.2679e-22
-9.25727e-22
-9.25001e-22
-9.24692e-22
-9.2478e-22
-9.25302e-22
-9.26233e-22
-9.27524e-22
-9.29132e-22
-9.3095e-22
-9.32971e-22
-9.35037e-22
-9.37112e-22
-9.39059e-22
-9.40715e-22
-9.41857e-22
-9.42144e-22
-9.41149e-22
-9.38391e-22
-9.33286e-22
-9.25267e-22
-9.13944e-22
-8.99349e-22
-8.82232e-22
-8.64221e-22
-8.47744e-22
-8.35255e-22
-8.28402e-22
-8.27297e-22
-8.30709e-22
-8.36626e-22
-8.43155e-22
-8.48815e-22
-8.52548e-22
-8.53652e-22
-8.51787e-22
-8.46952e-22
-8.3954e-22
-8.30477e-22
-8.21266e-22
-8.13914e-22
-8.10496e-22
-8.1256e-22
-8.20506e-22
-8.33273e-22
-8.48905e-22
-8.65115e-22
-8.8005e-22
-8.92557e-22
-9.02174e-22
-9.08839e-22
-9.12839e-22
-9.14492e-22
-9.14098e-22
-9.11922e-22
-9.08115e-22
-9.02826e-22
-8.96021e-22
-8.87676e-22
-8.77693e-22
-8.66085e-22
-8.52899e-22
-8.38358e-22
-8.22854e-22
-8.07222e-22
-7.92457e-22
-7.79725e-22
-7.70225e-22
-7.64776e-22
-7.63703e-22
-7.66653e-22
-7.72781e-22
-7.80926e-22
-7.89848e-22
-7.9854e-22
-8.06274e-22
-8.12652e-22
-8.17524e-22
-8.20827e-22
-8.2276e-22
-8.2349e-22
-8.23201e-22
-8.22116e-22
-8.2042e-22
-8.18326e-22
-8.15957e-22
-8.13481e-22
-8.11018e-22
-8.08688e-22
-8.06576e-22
-8.04727e-22
-8.03159e-22
-8.01894e-22
-8.00886e-22
-8.00147e-22
-7.99613e-22
-7.99251e-22
-7.99048e-22
-7.98916e-22
-7.98811e-22
-7.98688e-22
-7.98428e-22
-7.9796e-22
-7.97162e-22
-7.95897e-22
-7.93939e-22
-7.91101e-22
-7.8716e-22
-7.81829e-22
-7.74916e-22
-7.66231e-22
-7.55717e-22
-7.4336e-22
-7.29469e-22
-7.14662e-22
-7.00056e-22
-6.87309e-22
-6.78506e-22
-6.75686e-22
-6.80043e-22
-6.91266e-22
-7.07542e-22
-7.2621e-22
-7.44642e-22
-7.60903e-22
-7.7391e-22
-7.83305e-22
-7.89204e-22
-7.92009e-22
-7.92255e-22
-7.90565e-22
-7.87573e-22
-7.83934e-22
-7.80231e-22
-7.77041e-22
-7.7479e-22
-7.73735e-22
-7.73983e-22
-7.75525e-22
-7.78146e-22
-7.81633e-22
-7.85652e-22
-7.89932e-22
-7.94195e-22
-7.9825e-22
-8.01945e-22
-8.05213e-22
-8.0805e-22
-8.10458e-22
-8.1247e-22
-8.14024e-22
-8.15055e-22
-8.15381e-22
-8.14746e-22
-8.12724e-22
-8.08905e-22
-8.02793e-22
-7.93912e-22
-7.81906e-22
-7.66558e-22
-7.47979e-22
-7.26744e-22
-7.04106e-22
-6.82473e-22
-6.65464e-22
-6.57173e-22
-6.60436e-22
-6.75138e-22
-6.979e-22
-7.23855e-22
-7.48672e-22
-7.69733e-22
-7.86174e-22
-7.98318e-22
-8.06839e-22
-8.12689e-22
-8.16677e-22
-8.19464e-22
-8.21518e-22
-8.23202e-22
-8.24697e-22
-8.2615e-22
-8.27633e-22
-8.29129e-22
-8.30584e-22
-8.31933e-22
-8.33103e-22
-8.3393e-22
-8.34283e-22
-8.33886e-22
-8.32549e-22
-8.29872e-22
-8.25475e-22
-8.18959e-22
-8.09849e-22
-7.97869e-22
-7.83025e-22
-7.65845e-22
-7.47659e-22
-7.30537e-22
-7.17145e-22
-7.10027e-22
-7.10628e-22
-7.18798e-22
-7.3272e-22
-7.49718e-22
-7.66999e-22
-7.82391e-22
-7.94572e-22
-8.03019e-22
-8.07795e-22
-8.0927e-22
-8.08037e-22
-8.0466e-22
-7.99692e-22
-7.93552e-22
-7.8661e-22
-7.79235e-22
-7.71877e-22
-7.65155e-22
-7.59854e-22
-7.56712e-22
-7.56261e-22
-7.58535e-22
-7.62852e-22
-7.68013e-22
-7.72507e-22
-7.74772e-22
-7.73534e-22
-7.67928e-22
-7.57715e-22
-7.4382e-22
-7.28461e-22
-7.15248e-22
-7.08235e-22
-7.10099e-22
-7.20653e-22
-7.37005e-22
-7.55255e-22
-7.72305e-22
-7.86781e-22
-7.98695e-22
-8.08708e-22
-8.17483e-22
-8.25271e-22
-8.31855e-22
-8.36776e-22
-8.39685e-22
-8.40318e-22
-8.38722e-22
-8.3509e-22
-8.29743e-22
-8.23024e-22
-8.15169e-22
-8.06327e-22
-7.9662e-22
-7.86363e-22
-7.76258e-22
-7.67605e-22
-7.61932e-22
-7.60647e-22
-7.6455e-22
-7.73669e-22
-7.87319e-22
-8.04561e-22
-8.24259e-22
-8.45166e-22
-8.66051e-22
-8.85837e-22
-9.03637e-22
-9.18933e-22
-9.31404e-22
-9.40905e-22
-9.47369e-22
-9.50689e-22
-9.50656e-22
-9.47005e-22
-9.39551e-22
-9.28116e-22
-9.12964e-22
-8.94954e-22
-8.75583e-22
-8.56792e-22
-8.40374e-22
-8.27475e-22
-8.18206e-22
-8.12163e-22
-8.08975e-22
-8.08716e-22
-8.11665e-22
-8.17852e-22
-8.26689e-22
-8.37003e-22
-8.47363e-22
-8.56354e-22
-8.62883e-22
-8.66285e-22
-8.66354e-22
-8.63331e-22
-8.57824e-22
-8.50826e-22
-8.43453e-22
-8.36904e-22
-8.32211e-22
-8.30119e-22
-8.3081e-22
-8.34089e-22
-8.39311e-22
-8.45537e-22
-8.51876e-22
-8.57616e-22
-8.62509e-22
-8.66733e-22
-8.70678e-22
-8.7476e-22
-8.79093e-22
-8.83458e-22
-8.87306e-22
-8.89948e-22
-8.9064e-22
-8.88817e-22
-8.84147e-22
-8.76476e-22
-8.65757e-22
-8.52194e-22
-8.36309e-22
-8.19037e-22
-8.01796e-22
-7.86498e-22
-7.75135e-22
-7.69129e-22
-7.68727e-22
-7.72914e-22
-7.79809e-22
-7.87453e-22
-7.94458e-22
-8.00141e-22
-8.0455e-22
-8.07923e-22
-8.10648e-22
-8.12846e-22
-8.14414e-22
-8.15057e-22
-8.14479e-22
-8.12529e-22
-8.09225e-22
-8.04861e-22
-7.99808e-22
-7.94536e-22
-7.89478e-22
-7.84895e-22
-7.80974e-22
-7.77812e-22
-7.75455e-22
-7.73924e-22
-7.73287e-22
-7.73531e-22
-7.74628e-22
-7.76498e-22
-7.79028e-22
-7.82058e-22
-7.85371e-22
-7.88817e-22
-7.92261e-22
-7.95617e-22
-7.98783e-22
-8.01661e-22
-8.04282e-22
-8.06567e-22
-8.08529e-22
-8.10161e-22
-8.11453e-22
-8.1243e-22
-8.13108e-22
-8.13483e-22
-8.13567e-22
-8.13354e-22
-8.12849e-22
-8.12049e-22
-8.10922e-22
-8.09463e-22
-8.07728e-22
-8.05765e-22
-8.0368e-22
-8.01613e-22
-7.99786e-22
-7.98454e-22
-7.97958e-22
-7.98548e-22
-8.00437e-22
-8.03752e-22
-8.08459e-22
-8.14387e-22
-8.21248e-22
-8.28711e-22
-8.36354e-22
-8.43804e-22
-8.50655e-22
-8.56605e-22
-8.61279e-22
-8.64419e-22
-8.65776e-22
-8.65202e-22
-8.62705e-22
-8.58596e-22
-8.53431e-22
-8.48162e-22
-8.4399e-22
-8.42058e-22
-8.43137e-22
-8.47353e-22
-8.54166e-22
-8.62745e-22
-8.721e-22
-8.81561e-22
-8.90827e-22
-8.99857e-22
-9.0887e-22
-9.18067e-22
-9.27639e-22
-9.37572e-22
-9.47842e-22
-9.58194e-22
-9.68365e-22
-9.78044e-22
-9.86942e-22
-9.94773e-22
-1.00137e-21
-1.00648e-21
-1.01004e-21
-1.01195e-21
-1.01216e-21
-1.01076e-21
-1.00782e-21
-1.00348e-21
-9.98046e-22
-9.91779e-22
-9.85143e-22
-9.78609e-22
-9.72762e-22
-9.68194e-22
-9.6547e-22
-9.64995e-22
-9.66854e-22
-9.70729e-22
-9.75892e-22
-9.81222e-22
-9.8539e-22
-9.87179e-22
-9.85613e-22
-9.80249e-22
-9.71483e-22
-9.60518e-22
-9.49459e-22
-9.40971e-22
-9.37663e-22
-9.41394e-22
-9.52602e-22
-9.70121e-22
-9.91656e-22
-1.0145e-21
-1.03624e-21
-1.05511e-21
-1.07002e-21
-1.0805e-21
-1.08642e-21
-1.08811e-21
-1.08594e-21
-1.08062e-21
-1.0731e-21
-1.06466e-21
-1.05675e-21
-1.0507e-21
-1.04764e-21
-1.04796e-21
-1.05139e-21
-1.05704e-21
-1.06381e-21
-1.07062e-21
-1.07669e-21
-1.0816e-21
-1.08512e-21
-1.0873e-21
-1.08821e-21
-1.08801e-21
-1.08685e-21
-1.08491e-21
-1.08228e-21
-1.07909e-21
-1.07531e-21
-1.07101e-21
-1.06615e-21
-1.06064e-21
-1.05442e-21
-1.04736e-21
-1.03938e-21
-1.03049e-21
-1.0208e-21
-1.0105e-21
-1.00005e-21
-9.89951e-22
-9.80846e-22
-9.73353e-22
-9.67977e-22
-9.64966e-22
-9.64254e-22
