0 6.50692 9.42615
1 6.39495 9.20131
2 6.26973 9.09511
3 6.24481 9.02556
4 5.60038 9.03946
5 5.5261 8.96481
6 5.5261 8.77614
7 5.5261 8.74559
8 5.6326 8.6061
9 5.6326 8.50033
10 5.48178 8.32791
11 5.87969 8.22372
12 5.67798 8.09378
13 5.69697 7.9554
14 5.40912 7.86187
15 5.51842 7.83913
16 5.78289 7.79815
17 5.55396 7.69473
18 5.55396 7.54181
19 4.75043 7.45962
20 4.58925 7.37304
21 4.94815 7.26515
22 5.05156 7.13223
23 4.69658 7.08508
24 4.59649 7.09151
25 4.87073 7.08258
26 4.72853 7.03527
27 4.58188 6.93544
28 4.58188 6.81576
29 4.06432 6.70093
30 4.06432 6.62065
31 4.48276 6.55899
32 4.37163 6.51833
33 4.37179 6.47281
34 3.22129 6.39458
35 3.45814 6.34274
36 3.48827 6.27971
37 3.48827 6.28953
38 3.59226 6.22867
39 3.78989 6.14179
40 3.78989 6.09064
41 4.30139 6.06826
42 2.95872 6.05229
43 2.95872 5.98071
44 2.95872 5.88208
45 3.34871 5.73381
46 3.29343 5.58791
47 2.99407 5.50311
48 3.29343 5.41382
49 3.29343 5.37792
50 3.04677 5.00297
51 2.97676 4.6312
52 2.97676 4.3381
53 2.97676 4.00026
54 2.75533 3.7907
55 2.75533 3.58458
56 2.64714 3.46477
57 2.64714 3.43975
58 2.64714 3.35675
59 2.64714 3.2825
60 2.64714 3.25322
61 2.64714 3.14251
62 2.51849 3.08566
63 2.51849 3.04082
64 2.48446 3.03251
65 2.45847 2.95007
66 2.45847 2.90588
67 2.29206 2.89243
68 2.29206 2.85516
69 2.29206 2.81126
70 2.29206 2.79835
71 2.1689 2.77969
72 2.1689 2.75638
73 2.1689 2.7506
74 2.1689 2.76393
75 2.1689 2.7209
76 2.1689 2.65141
77 2.12577 2.57653
78 2.12577 2.52355
79 2.00355 2.46068
80 2.00355 2.42219
81 2.00355 2.38132
82 1.94717 2.37092
83 1.94717 2.35672
84 1.91491 2.36675
85 1.91491 2.35069
86 1.80491 2.35998
87 1.80491 2.28256
88 1.80491 2.26876
89 1.79361 2.21248
90 1.71214 2.19877
91 1.62713 2.15453
92 1.58895 2.09738
93 1.58895 2.05526
94 1.58895 2.04544
95 1.55556 1.97708
96 1.55556 1.92984
97 1.55556 1.91867
98 1.55556 1.90175
99 1.52027 1.85692
100 1.517 1.79558
101 1.48682 1.73655
102 1.47516 1.66341
103 1.47516 1.63772
104 1.40648 1.60012
105 1.40648 1.56959
106 1.40648 1.56556
107 1.4032 1.54423
108 1.37303 1.53753
109 1.33265 1.52372
110 1.33265 1.50579
111 1.33265 1.49353
112 1.33265 1.47448
113 1.33265 1.46136
114 1.33265 1.43775
115 1.32474 1.42424
116 1.25987 1.41203
117 1.25987 1.40731
118 1.24231 1.39534
119 1.24231 1.38567
120 1.24231 1.38116
121 1.24231 1.37399
122 1.22971 1.37057
123 1.22971 1.36623
124 1.2195 1.35879
125 1.2195 1.35513
126 1.2195 1.34902
127 1.15159 1.35079
128 1.15159 1.34316
129 1.15159 1.35035
130 1.14852 1.33967
131 1.14852 1.3276
132 1.14852 1.32472
133 1.14852 1.32497
134 1.11655 1.33281
135 1.11655 1.32455
136 1.11495 1.29469
137 1.11406 1.2988
138 1.11406 1.28056
139 1.11406 1.2685
140 1.09724 1.27042
141 1.09724 1.24928
142 1.09724 1.24867
143 1.09724 1.22562
144 1.09724 1.20689
145 1.09724 1.19787
146 1.09724 1.21158
147 1.0815 1.20789
148 1.0815 1.22788
149 1.0815 1.22736
150 1.0815 1.20647
151 1.0815 1.21797
152 1.0815 1.19564
153 1.0815 1.18679
154 1.0815 1.15683
155 1.0815 1.16273
156 1.0815 1.15904
157 1.0815 1.15649
158 1.0815 1.13952
159 1.0651 1.11487
160 1.01344 1.09902
161 1.01344 1.09026
162 1.01344 1.0901
163 1.01344 1.08693
164 1.01344 1.08359
165 1.01344 1.08159
166 1.01344 1.07903
167 1.01344 1.07838
168 1.01344 1.07625
169 1.01344 1.08057
170 1.01213 1.08337
171 1.01213 1.08689
172 1.01213 1.08057
173 1.01213 1.07333
174 1.01213 1.0774
175 1.01213 1.09197
176 1.01213 1.0687
177 1.01213 1.06491
178 1.00923 1.05536
179 1.00923 1.05246
180 1.00923 1.05099
181 1.00923 1.04531
182 1.00923 1.04906
183 1.00923 1.04992
184 1.00923 1.0667
185 1.00923 1.05745
186 1.00923 1.04274
187 1.00923 1.04689
188 1.00923 1.05432
189 1.00923 1.04635
190 1.00923 1.05056
191 1.00923 1.05201
192 1.00923 1.04218
193 1.00923 1.04603
194 1.00923 1.03128
195 1.00923 1.02524
196 1.00923 1.02857
197 1.00923 1.02283
198 1.00923 1.02156
199 1.00923 1.01506
200 1.00923 1.01605
201 1.00923 1.01245
202 1.00923 1.01116
203 1.00923 1.01099
204 1.00923 1.01104
205 1.00923 1.00979
206 1.00875 1.00943
207 1.00875 1.00931
208 1.00875 1.00924
209 1.00875 1.00923
210 1.00875 1.00923
211 1.00875 1.00923
212 1.00875 1.00922
213 1.00875 1.00922
214 1.00875 1.00921
215 1.00875 1.00919
216 1.00875 1.00917
217 1.00875 1.00915
218 1.00875 1.00914
219 1.00875 1.00911
220 1.00875 1.00908
221 1.00875 1.00907
222 1.00875 1.00906
223 1.00875 1.00905
224 1.00875 1.00904
225 1.00875 1.00901
226 1.00875 1.009
227 1.00875 1.00896
228 1.00668 1.00894
229 1.00668 1.0089
230 1.00668 1.0089
231 1.00668 1.00886
232 1.00668 1.00877
233 1.00668 1.0087
234 1.00668 1.00856
235 1.00668 1.00833
236 1.00668 1.00825
237 1.00668 1.00806
238 1.00668 1.00787
239 1.00668 1.00772
240 1.00668 1.00756
241 1.00668 1.00746
242 1.00668 1.0074
243 1.00668 1.00739
244 1.00668 1.00734
245 1.00668 1.00725
246 1.00668 1.00716
247 1.00668 1.00709
248 1.00668 1.0071
249 1.00668 1.00707
250 1.00668 1.00703
251 1.00668 1.00717
252 1.00668 1.00719
253 1.00668 1.00711
254 1.00668 1.00703
255 1.00668 1.00704
256 1.00668 1.00694
257 1.00668 1.00697
258 1.00668 1.00696
259 1.00668 1.00773
260 1.00668 1.00812
261 1.00668 1.01507
262 0.99268 1.01093
263 0.99268 1.01096
264 0.99268 1.01614
265 0.99268 1.02005
266 0.99268 1.02339
267 0.99268 1.01595
268 0.99268 1.01511
269 0.99268 1.0408
270 0.99268 1.05914
271 0.99268 1.04964
272 0.99268 1.05481
273 0.99268 1.05356
274 0.99268 1.05614
275 0.99268 1.06652
276 0.99268 1.05939
277 0.99268 1.07453
278 0.99268 1.07179
279 0.979774 1.07656
280 0.979774 1.07067
281 0.991361 1.06361
282 0.93704 1.0646
283 0.93704 1.0617
284 0.93704 1.053
285 0.93704 1.0474
286 0.93704 1.03938
287 0.93704 1.04178
288 0.93704 1.04239
289 0.93704 1.04333
290 0.93704 1.04957
291 0.93704 1.05767
292 0.93704 1.04805
293 0.93704 1.07501
294 0.93704 1.0455
295 0.93704 1.04944
296 0.93704 1.06125
297 0.93704 1.07212
298 0.93704 1.05976
299 0.93704 1.06832
