20 1.95957e+06 0
40 1.91805e+06 41526
60 1.89318e+06 34544
80 1.82773e+06 69854.1
100 1.82404e+06 54234.4
120 1.91496e+06 101130
140 1.99727e+06 118655
160 2.07618e+06 129562
180 2.07306e+06 114305
200 2.08863e+06 103417
220 2.06301e+06 96987.5
240 2.04825e+06 89759.2
260 2.04302e+06 82732.4
280 2.03742e+06 76799.7
300 2.02765e+06 72160.1
320 2.0287e+06 67507.7
340 2.01911e+06 64132.7
360 2.01883e+06 60465.6
380 2.02264e+06 57321.5
400 2.02994e+06 54868.1
420 2.04594e+06 54587.9
440 2.05195e+06 52392.8
460 2.03791e+06 51993
480 2.04152e+06 49910.4
500 2.04343e+06 47910.3
520 2.04322e+06 46031.2
540 2.05305e+06 45370.9
560 2.04258e+06 44955.7
580 2.03566e+06 43926.6
600 2.02219e+06 44523.3
620 2.02226e+06 43063.1
640 2.01497e+06 42327.2
660 2.01414e+06 41033
680 2.01158e+06 39889.9
700 2.0105e+06 38748.5
720 2.01394e+06 37813.4
740 2.02272e+06 37812.4
760 2.02953e+06 37428.5
780 2.02798e+06 36489.5
800 2.0396e+06 37416.1
820 2.04446e+06 36815.3
840 2.0485e+06 36154.1
860 2.04294e+06 35738.7
880 2.02979e+06 37309
900 2.02095e+06 37528.7
920 2.01799e+06 36822.5
940 2.0203e+06 36104.6
960 2.03039e+06 36755
980 2.02756e+06 36108.1
1000 2.02799e+06 35381.1
