20 2.95021e-21 0
40 2.95123e-21 1.01873e-24
60 2.95155e-21 6.7035e-25
80 2.95722e-21 5.69714e-24
100 2.96165e-21 6.24686e-24
120 2.96258e-21 5.18585e-24
140 2.96585e-21 5.46915e-24
160 2.96324e-21 5.40893e-24
180 2.96548e-21 5.26775e-24
200 2.95905e-21 7.97224e-24
220 2.95294e-21 9.45049e-24
240 2.94503e-21 1.17024e-23
260 2.93758e-21 1.30922e-23
280 2.93074e-21 1.39172e-23
300 2.92679e-21 1.35452e-23
320 2.92385e-21 1.30074e-23
340 2.92385e-21 1.22183e-23
360 2.92377e-21 1.15199e-23
380 2.92394e-21 1.0898e-23
400 2.92493e-21 1.03864e-23
420 2.92504e-21 9.88007e-24
440 2.92496e-21 9.42065e-24
460 2.92708e-21 9.24793e-24
480 2.92804e-21 8.9062e-24
500 2.92981e-21 8.72293e-24
520 2.93126e-21 8.50602e-24
540 2.93023e-21 8.24922e-24
560 2.93042e-21 7.95141e-24
580 2.92861e-21 7.88305e-24
600 2.92697e-21 7.78964e-24
620 2.92384e-21 8.15954e-24
640 2.92208e-21 8.09396e-24
660 2.92016e-21 8.07656e-24
680 2.91862e-21 7.98485e-24
700 2.91708e-21 7.90559e-24
720 2.91563e-21 7.81806e-24
740 2.91393e-21 7.7911e-24
760 2.91307e-21 7.63275e-24
780 2.91404e-21 7.49788e-24
800 2.91385e-21 7.31049e-24
820 2.91418e-21 7.13759e-24
840 2.91329e-21 7.02163e-24
860 2.91223e-21 6.93814e-24
880 2.91161e-21 6.80718e-24
900 2.91143e-21 6.65657e-24
920 2.91231e-21 6.56916e-24
940 2.91455e-21 6.80596e-24
960 2.91674e-21 7.01501e-24
980 2.92002e-21 7.61116e-24
1000 2.92254e-21 7.87098e-24
