20 142.455 0
40 142.504 0.0491908
60 142.52 0.0323689
80 142.794 0.275095
100 143.007 0.301639
120 143.053 0.250406
140 143.211 0.264086
160 143.085 0.261178
180 143.192 0.254361
200 142.882 0.384951
220 142.587 0.456331
240 142.205 0.565069
260 141.845 0.632175
280 141.515 0.672012
300 141.324 0.65405
320 141.182 0.628082
340 141.183 0.58998
360 141.179 0.556253
380 141.187 0.526228
400 141.235 0.501524
420 141.24 0.477074
440 141.236 0.45489
460 141.338 0.44655
480 141.385 0.430049
500 141.47 0.4212
520 141.54 0.410726
540 141.491 0.398326
560 141.5 0.383946
580 141.412 0.380645
600 141.333 0.376134
620 141.182 0.393995
640 141.097 0.390829
660 141.004 0.389989
680 140.93 0.385561
700 140.856 0.381733
720 140.786 0.377507
740 140.704 0.376205
760 140.662 0.368559
780 140.709 0.362046
800 140.7 0.352998
820 140.716 0.344649
840 140.673 0.33905
860 140.621 0.335018
880 140.591 0.328695
900 140.583 0.321422
920 140.625 0.317201
940 140.733 0.328636
960 140.839 0.33873
980 140.997 0.367516
1000 141.119 0.380062
