20 2.29306e-21 0
40 2.29313e-21 6.72124e-26
60 2.29312e-21 4.013e-26
80 2.29307e-21 5.24634e-26
100 2.29308e-21 4.09361e-26
120 2.29311e-21 4.41066e-26
140 2.29307e-21 5.53339e-26
160 2.29311e-21 6.38075e-26
180 2.2931e-21 5.69065e-26
200 2.29312e-21 5.67181e-26
220 2.29313e-21 5.15366e-26
240 2.29315e-21 5.33396e-26
260 2.29315e-21 4.9741e-26
280 2.29314e-21 4.63992e-26
300 2.29314e-21 4.33427e-26
320 2.29312e-21 4.71924e-26
340 2.29312e-21 4.43802e-26
360 2.29311e-21 4.21638e-26
380 2.2931e-21 4.08067e-26
400 2.29312e-21 4.01698e-26
420 2.29311e-21 3.82299e-26
440 2.2931e-21 3.78701e-26
460 2.29311e-21 3.66919e-26
480 2.29311e-21 3.5211e-26
500 2.29311e-21 3.38702e-26
520 2.29312e-21 3.46357e-26
540 2.29312e-21 3.34765e-26
560 2.29313e-21 3.30244e-26
580 2.29312e-21 3.28702e-26
600 2.29312e-21 3.17572e-26
620 2.29312e-21 3.07194e-26
640 2.29311e-21 2.99329e-26
660 2.29313e-21 3.24977e-26
680 2.29311e-21 3.86637e-26
700 2.29311e-21 3.78479e-26
720 2.29311e-21 3.70643e-26
740 2.2931e-21 3.68741e-26
760 2.2931e-21 3.58908e-26
780 2.2931e-21 3.49859e-26
800 2.2931e-21 3.42034e-26
820 2.2931e-21 3.33594e-26
840 2.2931e-21 3.26616e-26
860 2.2931e-21 3.195e-26
880 2.2931e-21 3.12356e-26
900 2.2931e-21 3.07004e-26
920 2.29309e-21 3.17082e-26
940 2.29309e-21 3.10533e-26
960 2.29308e-21 3.16625e-26
980 2.29308e-21 3.10264e-26
1000 2.29309e-21 3.19844e-26
