20 -6.57146e-22 0
40 -6.58097e-22 9.51516e-25
60 -6.58429e-22 6.41803e-25
80 -6.64151e-22 5.73948e-24
100 -6.68567e-22 6.2666e-24
120 -6.69475e-22 5.19659e-24
140 -6.72787e-22 5.50096e-24
160 -6.70133e-22 5.45345e-24
180 -6.72376e-22 5.30691e-24
200 -6.6592e-22 8.01313e-24
220 -6.59807e-22 9.48191e-24
240 -6.51875e-22 1.17405e-23
260 -6.44432e-22 1.31164e-23
280 -6.37599e-22 1.39339e-23
300 -6.33644e-22 1.35612e-23
320 -6.30727e-22 1.30165e-23
340 -6.30735e-22 1.22269e-23
360 -6.30656e-22 1.15279e-23
380 -6.30835e-22 1.09058e-23
400 -6.31818e-22 1.03927e-23
420 -6.31929e-22 9.88606e-24
440 -6.31856e-22 9.42627e-24
460 -6.3397e-22 9.25177e-24
480 -6.34928e-22 8.90959e-24
500 -6.36695e-22 8.72664e-24
520 -6.38138e-22 8.50751e-24
540 -6.37113e-22 8.25025e-24
560 -6.37296e-22 7.95224e-24
580 -6.35494e-22 7.88198e-24
600 -6.33857e-22 7.78857e-24
620 -6.30724e-22 8.15876e-24
640 -6.28968e-22 8.0925e-24
660 -6.27033e-22 8.07867e-24
680 -6.25518e-22 7.98259e-24
700 -6.23969e-22 7.90437e-24
720 -6.22526e-22 7.81605e-24
740 -6.20835e-22 7.78751e-24
760 -6.19968e-22 7.62927e-24
780 -6.2094e-22 7.49434e-24
800 -6.20753e-22 7.30697e-24
820 -6.21083e-22 7.13417e-24
840 -6.20195e-22 7.01864e-24
860 -6.19131e-22 6.93555e-24
880 -6.18507e-22 6.80477e-24
900 -6.18332e-22 6.65413e-24
920 -6.1922e-22 6.56816e-24
940 -6.21456e-22 6.80461e-24
960 -6.2366e-22 7.01653e-24
980 -6.26934e-22 7.61207e-24
1000 -6.29442e-22 7.86865e-24
