2.93542e-21
2.94479e-21
2.95235e-21
2.95768e-21
2.96061e-21
2.96123e-21
2.9598e-21
2.95677e-21
2.95273e-21
2.94841e-21
2.94457e-21
2.9419e-21
2.94083e-21
2.94146e-21
2.94356e-21
2.9466e-21
2.94998e-21
2.95309e-21
2.95549e-21
2.95686e-21
2.95708e-21
2.95617e-21
2.95427e-21
2.95168e-21
2.94879e-21
2.94605e-21
2.94392e-21
2.94276e-21
2.94278e-21
2.94396e-21
2.9461e-21
2.94885e-21
2.95182e-21
2.95466e-21
2.95708e-21
2.9589e-21
2.96003e-21
2.96044e-21
2.96018e-21
2.95934e-21
2.95801e-21
2.95634e-21
2.95448e-21
2.95257e-21
2.95075e-21
2.94917e-21
2.94792e-21
2.94707e-21
2.94666e-21
2.94668e-21
2.94711e-21
2.94792e-21
2.94905e-21
2.95045e-21
2.95205e-21
2.9538e-21
2.95565e-21
2.95753e-21
2.95939e-21
2.96119e-21
2.9629e-21
2.96449e-21
2.96594e-21
2.96728e-21
2.96851e-21
2.96966e-21
2.97078e-21
2.97188e-21
2.973e-21
2.97415e-21
2.97532e-21
2.97651e-21
2.97769e-21
2.9788e-21
2.97982e-21
2.9807e-21
2.9814e-21
2.9819e-21
2.98217e-21
2.98223e-21
2.98206e-21
2.98169e-21
2.98114e-21
2.98046e-21
2.9797e-21
2.97893e-21
2.9782e-21
2.9776e-21
2.97719e-21
2.97704e-21
2.97718e-21
2.97761e-21
2.97829e-21
2.97912e-21
2.97996e-21
2.98063e-21
2.98093e-21
2.98068e-21
2.97981e-21
2.97841e-21
2.97677e-21
2.9754e-21
2.97494e-21
2.97599e-21
2.97881e-21
2.98319e-21
2.9884e-21
2.99337e-21
2.99689e-21
2.99782e-21
2.99525e-21
2.9886e-21
2.97777e-21
2.96341e-21
2.94727e-21
2.93227e-21
2.92195e-21
2.91902e-21
2.92387e-21
2.93431e-21
2.94693e-21
2.95872e-21
2.96803e-21
2.97451e-21
2.97864e-21
2.9812e-21
2.98295e-21
2.98445e-21
2.98604e-21
2.98783e-21
2.98978e-21
2.9918e-21
2.99377e-21
2.99562e-21
2.99728e-21
2.99866e-21
2.99955e-21
2.99965e-21
2.99852e-21
2.99573e-21
2.99095e-21
2.98415e-21
2.97566e-21
2.96624e-21
2.95694e-21
2.94893e-21
2.94315e-21
2.94004e-21
2.93939e-21
2.94035e-21
2.94173e-21
2.94232e-21
2.94127e-21
2.9383e-21
2.93372e-21
2.92843e-21
2.92363e-21
2.92054e-21
2.92021e-21
2.92321e-21
2.92961e-21
2.93892e-21
2.95019e-21
2.96228e-21
2.97405e-21
2.98465e-21
2.99354e-21
3.00049e-21
3.00554e-21
3.0088e-21
3.01048e-21
3.01072e-21
3.00959e-21
3.00705e-21
3.00295e-21
2.99701e-21
2.98888e-21
2.97824e-21
2.96492e-21
2.94917e-21
2.93193e-21
2.91497e-21
2.90059e-21
2.89089e-21
2.88675e-21
2.88743e-21
2.891e-21
2.89536e-21
2.89901e-21
2.90135e-21
2.90245e-21
2.90275e-21
2.90275e-21
2.90279e-21
2.90297e-21
2.90317e-21
2.90317e-21
2.90271e-21
2.90158e-21
2.89971e-21
2.89714e-21
2.89405e-21
2.89072e-21
2.88753e-21
2.88485e-21
2.88303e-21
2.88229e-21
2.88271e-21
2.88418e-21
2.88644e-21
2.88914e-21
2.89195e-21
2.89455e-21
2.89672e-21
2.89831e-21
2.89927e-21
2.89958e-21
2.89927e-21
2.89839e-21
2.89698e-21
2.89509e-21
2.89275e-21
2.88999e-21
2.8868e-21
2.88318e-21
2.87911e-21
2.87458e-21
2.8696e-21
2.86418e-21
2.85843e-21
2.85249e-21
2.84661e-21
2.84112e-21
2.8364e-21
2.83281e-21
2.83062e-21
2.82992e-21
2.83057e-21
2.83227e-21
2.83457e-21
2.83701e-21
2.83917e-21
2.84077e-21
2.84164e-21
2.8418e-21
2.84142e-21
2.84085e-21
2.84051e-21
2.84082e-21
2.84209e-21
2.84442e-21
2.84762e-21
2.85132e-21
2.855e-21
2.85817e-21
2.86042e-21
2.8615e-21
2.86131e-21
2.8599e-21
2.85743e-21
2.85416e-21
2.85039e-21
2.84644e-21
2.8426e-21
2.83909e-21
2.83607e-21
2.83362e-21
2.83178e-21
2.83058e-21
2.83008e-21
2.83036e-21
2.8315e-21
2.83355e-21
2.83647e-21
2.84017e-21
2.84446e-21
2.84912e-21
2.85396e-21
2.85879e-21
2.86348e-21
2.86791e-21
2.87202e-21
2.87574e-21
2.87902e-21
2.88179e-21
2.88398e-21
2.88552e-21
2.88632e-21
2.88627e-21
2.88527e-21
2.88322e-21
2.88007e-21
2.87583e-21
2.87064e-21
2.86479e-21
2.85875e-21
2.85313e-21
2.84861e-21
2.84575e-21
2.84488e-21
2.84598e-21
2.84878e-21
2.8528e-21
2.85751e-21
2.86244e-21
2.86725e-21
2.87169e-21
2.87563e-21
2.87907e-21
2.88205e-21
2.88465e-21
2.88701e-21
2.88925e-21
2.89146e-21
2.89371e-21
2.89605e-21
2.89846e-21
2.90096e-21
2.90352e-21
2.90614e-21
2.90884e-21
2.91161e-21
2.91447e-21
2.91741e-21
2.92043e-21
2.92347e-21
2.92646e-21
2.92929e-21
2.93182e-21
2.93389e-21
2.93528e-21
2.93581e-21
2.93528e-21
2.93358e-21
2.93069e-21
2.92679e-21
2.92224e-21
2.91759e-21
2.91352e-21
2.91062e-21
2.90925e-21
2.90943e-21
2.91088e-21
2.91315e-21
2.91576e-21
2.91835e-21
2.92071e-21
2.9228e-21
2.92464e-21
2.92628e-21
2.92774e-21
2.929e-21
2.92994e-21
2.93043e-21
2.93034e-21
2.92958e-21
2.92814e-21
2.92608e-21
2.92354e-21
2.92072e-21
2.91785e-21
2.91517e-21
2.91287e-21
2.91116e-21
2.91017e-21
2.90997e-21
2.91062e-21
2.91217e-21
2.91465e-21
2.91808e-21
2.92239e-21
2.92738e-21
2.93271e-21
2.93792e-21
2.94257e-21
2.94627e-21
2.94879e-21
2.95005e-21
2.95015e-21
2.94932e-21
2.94781e-21
2.9459e-21
2.94385e-21
2.94188e-21
2.94022e-21
2.93914e-21
2.93894e-21
2.93982e-21
2.94182e-21
2.94473e-21
2.94813e-21
2.95139e-21
2.95387e-21
2.95498e-21
2.95427e-21
2.95148e-21
2.94653e-21
2.93955e-21
2.9309e-21
2.92113e-21
2.91109e-21
2.90188e-21
2.89485e-21
2.89136e-21
2.8924e-21
2.89815e-21
2.90779e-21
2.91967e-21
2.9318e-21
2.94234e-21
2.95001e-21
2.95419e-21
2.95492e-21
2.95283e-21
2.94893e-21
2.94441e-21
2.9403e-21
2.93726e-21
2.93551e-21
2.9349e-21
2.93506e-21
2.93551e-21
2.93569e-21
2.93493e-21
2.9324e-21
2.92723e-21
2.91876e-21
2.90693e-21
2.893e-21
2.87994e-21
2.87201e-21
2.87287e-21
2.88337e-21
2.90089e-21
2.92101e-21
2.93986e-21
2.95526e-21
2.96659e-21
2.9742e-21
2.97878e-21
2.9811e-21
2.98182e-21
2.98151e-21
2.98059e-21
2.9794e-21
2.9782e-21
2.97715e-21
2.97631e-21
2.97569e-21
2.9752e-21
2.97473e-21
2.97413e-21
2.97328e-21
2.97209e-21
2.97053e-21
2.96864e-21
2.96653e-21
2.96436e-21
2.96233e-21
2.96065e-21
2.95945e-21
2.9588e-21
2.95864e-21
2.95884e-21
2.95914e-21
2.95927e-21
2.95892e-21
2.95783e-21
2.95584e-21
2.95291e-21
2.94919e-21
2.94502e-21
2.94096e-21
2.93766e-21
2.93575e-21
2.93572e-21
2.93772e-21
2.94157e-21
2.94679e-21
2.95274e-21
2.95876e-21
2.96429e-21
2.96897e-21
2.97261e-21
2.97518e-21
2.97679e-21
2.97757e-21
2.97769e-21
2.97732e-21
2.9766e-21
2.97564e-21
2.97455e-21
2.97342e-21
2.97233e-21
2.97135e-21
2.97055e-21
2.97e-21
2.96973e-21
2.96977e-21
2.97013e-21
2.97078e-21
2.9717e-21
2.97284e-21
2.97417e-21
2.97562e-21
2.97714e-21
2.97866e-21
2.9801e-21
2.98133e-21
2.9822e-21
2.98248e-21
2.98186e-21
2.98e-21
2.97646e-21
2.97082e-21
2.96279e-21
2.95233e-21
2.93995e-21
2.92677e-21
2.91451e-21
2.90502e-21
2.89957e-21
2.89836e-21
2.90057e-21
2.90478e-21
2.90958e-21
2.91382e-21
2.91671e-21
2.91772e-21
2.91658e-21
2.91325e-21
2.90799e-21
2.90144e-21
2.89465e-21
2.88905e-21
2.8862e-21
2.88729e-21
2.89269e-21
2.90176e-21
2.91306e-21
2.92493e-21
2.93599e-21
2.94534e-21
2.95259e-21
2.95769e-21
2.9608e-21
2.96217e-21
2.96201e-21
2.96054e-21
2.95788e-21
2.95411e-21
2.94923e-21
2.94323e-21
2.93605e-21
2.92768e-21
2.91813e-21
2.90756e-21
2.89628e-21
2.88481e-21
2.87389e-21
2.86439e-21
2.85716e-21
2.85286e-21
2.85175e-21
2.85364e-21
2.85792e-21
2.86375e-21
2.87025e-21
2.87665e-21
2.88241e-21
2.88719e-21
2.89086e-21
2.89341e-21
2.89492e-21
2.89553e-21
2.89539e-21
2.89465e-21
2.89346e-21
2.89194e-21
2.89023e-21
2.88843e-21
2.88663e-21
2.88492e-21
2.88335e-21
2.88197e-21
2.88079e-21
2.87983e-21
2.87908e-21
2.87852e-21
2.87813e-21
2.87787e-21
2.87771e-21
2.87761e-21
2.87754e-21
2.87744e-21
2.87728e-21
2.87696e-21
2.87642e-21
2.87554e-21
2.87417e-21
2.87218e-21
2.86938e-21
2.8656e-21
2.86067e-21
2.85446e-21
2.84688e-21
2.83797e-21
2.8279e-21
2.81711e-21
2.80636e-21
2.79682e-21
2.79001e-21
2.78746e-21
2.79011e-21
2.79785e-21
2.80947e-21
2.82304e-21
2.83663e-21
2.84874e-21
2.85853e-21
2.86567e-21
2.87023e-21
2.87249e-21
2.87284e-21
2.87172e-21
2.8696e-21
2.86697e-21
2.86426e-21
2.86188e-21
2.86015e-21
2.85929e-21
2.85939e-21
2.86042e-21
2.86227e-21
2.86476e-21
2.86768e-21
2.8708e-21
2.87392e-21
2.8769e-21
2.87963e-21
2.88206e-21
2.88416e-21
2.88595e-21
2.88744e-21
2.88862e-21
2.88941e-21
2.88971e-21
2.8893e-21
2.88793e-21
2.88528e-21
2.88098e-21
2.8747e-21
2.86615e-21
2.85517e-21
2.84181e-21
2.82641e-21
2.80989e-21
2.79389e-21
2.78098e-21
2.77415e-21
2.77565e-21
2.78563e-21
2.80185e-21
2.82075e-21
2.83909e-21
2.85482e-21
2.86721e-21
2.87638e-21
2.88286e-21
2.88732e-21
2.89036e-21
2.89246e-21
2.894e-21
2.89524e-21
2.89634e-21
2.8974e-21
2.89847e-21
2.89956e-21
2.90063e-21
2.90163e-21
2.9025e-21
2.90314e-21
2.90344e-21
2.90323e-21
2.90232e-21
2.90047e-21
2.8974e-21
2.89279e-21
2.88632e-21
2.87777e-21
2.86711e-21
2.85468e-21
2.84139e-21
2.8287e-21
2.81856e-21
2.81282e-21
2.81268e-21
2.81814e-21
2.82799e-21
2.84029e-21
2.85299e-21
2.86444e-21
2.87362e-21
2.88008e-21
2.88383e-21
2.88513e-21
2.8844e-21
2.88207e-21
2.87853e-21
2.87411e-21
2.86908e-21
2.8637e-21
2.8583e-21
2.85331e-21
2.84929e-21
2.84683e-21
2.84631e-21
2.84779e-21
2.85084e-21
2.8546e-21
2.85799e-21
2.85987e-21
2.85926e-21
2.8555e-21
2.84837e-21
2.83842e-21
2.82718e-21
2.81723e-21
2.81152e-21
2.8122e-21
2.81935e-21
2.83102e-21
2.84435e-21
2.857e-21
2.86779e-21
2.87668e-21
2.88412e-21
2.89062e-21
2.89638e-21
2.90129e-21
2.90505e-21
2.90733e-21
2.90797e-21
2.90696e-21
2.90443e-21
2.90064e-21
2.89581e-21
2.89014e-21
2.88374e-21
2.87669e-21
2.86922e-21
2.86181e-21
2.85534e-21
2.85092e-21
2.84963e-21
2.85209e-21
2.85839e-21
2.86808e-21
2.88047e-21
2.89473e-21
2.90997e-21
2.9253e-21
2.93989e-21
2.95309e-21
2.96448e-21
2.9738e-21
2.98097e-21
2.98591e-21
2.98856e-21
2.98879e-21
2.98641e-21
2.98123e-21
2.97315e-21
2.96233e-21
2.94932e-21
2.93518e-21
2.92131e-21
2.90907e-21
2.89934e-21
2.89229e-21
2.88765e-21
2.88512e-21
2.88472e-21
2.88664e-21
2.89094e-21
2.89723e-21
2.90472e-21
2.91234e-21
2.91907e-21
2.92406e-21
2.92679e-21
2.92707e-21
2.92506e-21
2.9212e-21
2.91615e-21
2.91075e-21
2.90587e-21
2.90228e-21
2.90052e-21
2.90083e-21
2.90307e-21
2.90677e-21
2.91129e-21
2.91595e-21
2.92021e-21
2.92385e-21
2.92697e-21
2.92986e-21
2.93283e-21
2.93599e-21
2.93921e-21
2.94209e-21
2.94412e-21
2.94477e-21
2.94365e-21
2.94046e-21
2.93506e-21
2.92744e-21
2.91773e-21
2.90626e-21
2.89368e-21
2.88102e-21
2.86962e-21
2.86096e-21
2.85615e-21
2.85546e-21
2.85824e-21
2.86315e-21
2.86875e-21
2.87395e-21
2.87822e-21
2.88151e-21
2.88406e-21
2.8861e-21
2.88777e-21
2.88898e-21
2.88953e-21
2.88922e-21
2.88789e-21
2.88558e-21
2.88245e-21
2.87879e-21
2.87493e-21
2.87119e-21
2.86778e-21
2.86486e-21
2.86249e-21
2.86071e-21
2.85954e-21
2.859e-21
2.85911e-21
2.85985e-21
2.86116e-21
2.86296e-21
2.86513e-21
2.86754e-21
2.87006e-21
2.8726e-21
2.87506e-21
2.87739e-21
2.87953e-21
2.88146e-21
2.88315e-21
2.88461e-21
2.88582e-21
2.8868e-21
2.88755e-21
2.88807e-21
2.88837e-21
2.88846e-21
2.88833e-21
2.88798e-21
2.8874e-21
2.88659e-21
2.88555e-21
2.8843e-21
2.88288e-21
2.88136e-21
2.87984e-21
2.87848e-21
2.87748e-21
2.87705e-21
2.87739e-21
2.87867e-21
2.88098e-21
2.88432e-21
2.88857e-21
2.89354e-21
2.89896e-21
2.90455e-21
2.91002e-21
2.9151e-21
2.91952e-21
2.92305e-21
2.92547e-21
2.9266e-21
2.92633e-21
2.92465e-21
2.92172e-21
2.91798e-21
2.9141e-21
2.91093e-21
2.90932e-21
2.90988e-21
2.91274e-21
2.91757e-21
2.92374e-21
2.93056e-21
2.9375e-21
2.9443e-21
2.95093e-21
2.95752e-21
2.96423e-21
2.97119e-21
2.97845e-21
2.98594e-21
2.99351e-21
3.00098e-21
3.0081e-21
3.01467e-21
3.02049e-21
3.02539e-21
3.02925e-21
3.03197e-21
3.03348e-21
3.03377e-21
3.03285e-21
3.03079e-21
3.02772e-21
3.02379e-21
3.01926e-21
3.01442e-21
3.00961e-21
3.00527e-21
3.00181e-21
2.99967e-21
2.99915e-21
3.00034e-21
3.00305e-21
3.00676e-21
3.01069e-21
3.01388e-21
3.01539e-21
3.0145e-21
3.01085e-21
3.00464e-21
2.99671e-21
2.98853e-21
2.98203e-21
2.97917e-21
2.98136e-21
2.98905e-21
3.00147e-21
3.01702e-21
3.03372e-21
3.04977e-21
3.06383e-21
3.07505e-21
3.08304e-21
3.08774e-21
3.08927e-21
3.08795e-21
3.08428e-21
3.07892e-21
3.07278e-21
3.06688e-21
3.06228e-21
3.0598e-21
3.05979e-21
3.0621e-21
3.06611e-21
3.07101e-21
3.07602e-21
3.08055e-21
3.08423e-21
3.08692e-21
3.08861e-21
3.08936e-21
3.0893e-21
3.08852e-21
3.08715e-21
3.08528e-21
3.08297e-21
3.08025e-21
3.07715e-21
3.07363e-21
3.06966e-21
3.06515e-21
3.06005e-21
3.05428e-21
3.04785e-21
3.0408e-21
3.0333e-21
3.02563e-21
3.01819e-21
3.01142e-21
3.0058e-21
3.0017e-21
2.99933e-21
2.99865e-21
