2.10971e+06
2.0523e+06
2.00403e+06
1.96737e+06
1.94333e+06
1.93165e+06
1.93094e+06
1.93891e+06
1.95232e+06
1.96735e+06
1.97999e+06
1.98676e+06
1.98559e+06
1.97607e+06
1.95957e+06
1.9388e+06
1.91696e+06
1.89702e+06
1.88135e+06
1.87145e+06
1.86798e+06
1.87076e+06
1.87883e+06
1.89056e+06
1.90386e+06
1.91624e+06
1.92533e+06
1.92925e+06
1.92712e+06
1.91899e+06
1.906e+06
1.88996e+06
1.87291e+06
1.85667e+06
1.84286e+06
1.83236e+06
1.82568e+06
1.82296e+06
1.82394e+06
1.82817e+06
1.83497e+06
1.84363e+06
1.85327e+06
1.86295e+06
1.87178e+06
1.87908e+06
1.88423e+06
1.88676e+06
1.88646e+06
1.88323e+06
1.87723e+06
1.86865e+06
1.85774e+06
1.84485e+06
1.83037e+06
1.81463e+06
1.79799e+06
1.78084e+06
1.76359e+06
1.74655e+06
1.73001e+06
1.71416e+06
1.69913e+06
1.68506e+06
1.67189e+06
1.65952e+06
1.64793e+06
1.63705e+06
1.62684e+06
1.61727e+06
1.60858e+06
1.60078e+06
1.59425e+06
1.58918e+06
1.58591e+06
1.58471e+06
1.58583e+06
1.58947e+06
1.59574e+06
1.60471e+06
1.61627e+06
1.6303e+06
1.64662e+06
1.66499e+06
1.68506e+06
1.70643e+06
1.72866e+06
1.75125e+06
1.77382e+06
1.79599e+06
1.8175e+06
1.83832e+06
1.85864e+06
1.87893e+06
1.89991e+06
1.92243e+06
1.94737e+06
1.97549e+06
2.00687e+06
2.04081e+06
2.07556e+06
2.10828e+06
2.13573e+06
2.15517e+06
2.16564e+06
2.16861e+06
2.16832e+06
2.17041e+06
2.18106e+06
2.20598e+06
2.24949e+06
2.31385e+06
2.3986e+06
2.49912e+06
2.60513e+06
2.70104e+06
2.76898e+06
2.79652e+06
2.78317e+06
2.74055e+06
2.6857e+06
2.63316e+06
2.59085e+06
2.56062e+06
2.54052e+06
2.52698e+06
2.51661e+06
2.50679e+06
2.4961e+06
2.48412e+06
2.47113e+06
2.45768e+06
2.4444e+06
2.43191e+06
2.42061e+06
2.41125e+06
2.40509e+06
2.40383e+06
2.40965e+06
2.42462e+06
2.44998e+06
2.48548e+06
2.52886e+06
2.57589e+06
2.62078e+06
2.65759e+06
2.68168e+06
2.69108e+06
2.68739e+06
2.67493e+06
2.65988e+06
2.64804e+06
2.64343e+06
2.64706e+06
2.65687e+06
2.66794e+06
2.67398e+06
2.66855e+06
2.64658e+06
2.60524e+06
2.54464e+06
2.46783e+06
2.38015e+06
2.28797e+06
2.1975e+06
2.1137e+06
2.03974e+06
1.97718e+06
1.92646e+06
1.88728e+06
1.85898e+06
1.84107e+06
1.83334e+06
1.83591e+06
1.84966e+06
1.87574e+06
1.91549e+06
1.96992e+06
2.03899e+06
2.1202e+06
2.20753e+06
2.29105e+06
2.35856e+06
2.39993e+06
2.41131e+06
2.39699e+06
2.36661e+06
2.33035e+06
2.29533e+06
2.26462e+06
2.23797e+06
2.21353e+06
2.18922e+06
2.16377e+06
2.13704e+06
2.10977e+06
2.08335e+06
2.05916e+06
2.03829e+06
2.02117e+06
2.00753e+06
1.99645e+06
1.98651e+06
1.97582e+06
1.96251e+06
1.94493e+06
1.9221e+06
1.89388e+06
1.86113e+06
1.82535e+06
1.78846e+06
1.75244e+06
1.71907e+06
1.68965e+06
1.66511e+06
1.64589e+06
1.63221e+06
1.624e+06
1.62115e+06
1.62335e+06
1.6304e+06
1.64203e+06
1.65807e+06
1.67833e+06
1.70274e+06
1.73112e+06
1.76327e+06
1.79894e+06
1.83759e+06
1.87841e+06
1.92024e+06
1.96147e+06
1.99995e+06
2.03357e+06
2.06034e+06
2.07885e+06
2.08866e+06
2.09043e+06
2.08589e+06
2.07732e+06
2.06712e+06
2.05734e+06
2.04951e+06
2.04437e+06
2.04189e+06
2.04104e+06
2.0401e+06
2.03704e+06
2.02981e+06
2.01706e+06
1.99872e+06
1.97586e+06
1.95077e+06
1.92619e+06
1.90482e+06
1.8888e+06
1.87953e+06
1.87748e+06
1.88241e+06
1.89341e+06
1.90917e+06
1.92802e+06
1.94815e+06
1.96799e+06
1.98626e+06
2.00198e+06
2.01463e+06
2.02384e+06
2.02937e+06
2.03075e+06
2.02763e+06
2.01957e+06
2.00642e+06
1.98853e+06
1.9666e+06
1.94169e+06
1.91515e+06
1.88813e+06
1.86176e+06
1.83696e+06
1.81442e+06
1.79474e+06
1.77841e+06
1.76591e+06
1.75767e+06
1.75406e+06
1.75564e+06
1.76276e+06
1.77601e+06
1.79576e+06
1.82232e+06
1.8557e+06
1.89543e+06
1.94041e+06
1.98863e+06
2.03726e+06
2.08283e+06
2.12173e+06
2.15097e+06
2.16887e+06
2.17542e+06
2.17211e+06
2.1613e+06
2.14559e+06
2.12738e+06
2.10848e+06
2.09024e+06
2.07332e+06
2.05796e+06
2.04405e+06
2.03121e+06
2.01895e+06
2.00682e+06
1.99442e+06
1.98148e+06
1.96803e+06
1.95416e+06
1.9399e+06
1.92549e+06
1.91101e+06
1.89656e+06
1.8822e+06
1.86795e+06
1.85391e+06
1.84033e+06
1.82753e+06
1.816e+06
1.80643e+06
1.79959e+06
1.79635e+06
1.79776e+06
1.80475e+06
1.8181e+06
1.83821e+06
1.86466e+06
1.89626e+06
1.93066e+06
1.96477e+06
1.99495e+06
2.01813e+06
2.0325e+06
2.03814e+06
2.0365e+06
2.03007e+06
2.02129e+06
2.01209e+06
2.00363e+06
1.99645e+06
1.99056e+06
1.9859e+06
1.98266e+06
1.9812e+06
1.98199e+06
1.98582e+06
1.99329e+06
2.00473e+06
2.02013e+06
2.03893e+06
2.0602e+06
2.08274e+06
2.10521e+06
2.12621e+06
2.14441e+06
2.15877e+06
2.16846e+06
2.17312e+06
2.17236e+06
2.16606e+06
2.1542e+06
2.13692e+06
2.11486e+06
2.08947e+06
2.06292e+06
2.03766e+06
2.01636e+06
2.00101e+06
1.99294e+06
1.99254e+06
1.99923e+06
2.01189e+06
2.0291e+06
2.04932e+06
2.07102e+06
2.09289e+06
2.11333e+06
2.13084e+06
2.14388e+06
2.15134e+06
2.15319e+06
2.15067e+06
2.14625e+06
2.14318e+06
2.14484e+06
2.15428e+06
2.17368e+06
2.20427e+06
2.246e+06
2.2978e+06
2.35721e+06
2.4207e+06
2.48316e+06
2.5383e+06
2.57872e+06
2.59751e+06
2.59018e+06
2.5565e+06
2.50139e+06
2.43377e+06
2.36426e+06
2.30232e+06
2.25462e+06
2.22447e+06
2.21157e+06
2.21293e+06
2.22332e+06
2.23688e+06
2.24852e+06
2.25505e+06
2.25544e+06
2.25043e+06
2.24184e+06
2.23218e+06
2.22432e+06
2.22176e+06
2.22846e+06
2.24831e+06
2.28389e+06
2.33399e+06
2.39072e+06
2.43812e+06
2.45497e+06
2.42476e+06
2.34577e+06
2.23265e+06
2.10754e+06
1.98952e+06
1.88936e+06
1.81044e+06
1.75184e+06
1.71056e+06
1.68319e+06
1.66655e+06
1.65802e+06
1.65518e+06
1.65627e+06
1.65996e+06
1.66529e+06
1.6718e+06
1.67933e+06
1.68825e+06
1.69898e+06
1.7121e+06
1.72807e+06
1.74722e+06
1.76948e+06
1.79441e+06
1.82125e+06
1.849e+06
1.8764e+06
1.90236e+06
1.9261e+06
1.94723e+06
1.96591e+06
1.98301e+06
1.99967e+06
2.01727e+06
2.03728e+06
2.06082e+06
2.08854e+06
2.12032e+06
2.15517e+06
2.19082e+06
2.22432e+06
2.25211e+06
2.27088e+06
2.27835e+06
2.27389e+06
2.25861e+06
2.23506e+06
2.20675e+06
2.17715e+06
2.14919e+06
2.12488e+06
2.10529e+06
2.09074e+06
2.08081e+06
2.07491e+06
2.07213e+06
2.07174e+06
2.07298e+06
2.07518e+06
2.07778e+06
2.08022e+06
2.08206e+06
2.08284e+06
2.08215e+06
2.07969e+06
2.07521e+06
2.06873e+06
2.06022e+06
2.04987e+06
2.03796e+06
2.02482e+06
2.01094e+06
1.99667e+06
1.98264e+06
1.96934e+06
1.95748e+06
1.94792e+06
1.94171e+06
1.94025e+06
1.94522e+06
1.95846e+06
1.98201e+06
2.01766e+06
2.06641e+06
2.12754e+06
2.19763e+06
2.27006e+06
2.33556e+06
2.38489e+06
2.41191e+06
2.41608e+06
2.40181e+06
2.37632e+06
2.34667e+06
2.31857e+06
2.29616e+06
2.28216e+06
2.27788e+06
2.28323e+06
2.29651e+06
2.31399e+06
2.32985e+06
2.33657e+06
2.32652e+06
2.29419e+06
2.23845e+06
2.16342e+06
2.07669e+06
1.98701e+06
1.90172e+06
1.82571e+06
1.7614e+06
1.70958e+06
1.6698e+06
1.64124e+06
1.62302e+06
1.6143e+06
1.61449e+06
1.62309e+06
1.63998e+06
1.66501e+06
1.69816e+06
1.73904e+06
1.78696e+06
1.84052e+06
1.89754e+06
1.95448e+06
2.00705e+06
2.05042e+06
2.07993e+06
2.09231e+06
2.08633e+06
2.06328e+06
2.02644e+06
1.98032e+06
1.92974e+06
1.87883e+06
1.83069e+06
1.7873e+06
1.74963e+06
1.71812e+06
1.69245e+06
1.67217e+06
1.65667e+06
1.64523e+06
1.63717e+06
1.63174e+06
1.62839e+06
1.62649e+06
1.62554e+06
1.6251e+06
1.62481e+06
1.62447e+06
1.62397e+06
1.62327e+06
1.62247e+06
1.62163e+06
1.62098e+06
1.62071e+06
1.62099e+06
1.62215e+06
1.62444e+06
1.62814e+06
1.63369e+06
1.64146e+06
1.65198e+06
1.66583e+06
1.68377e+06
1.70652e+06
1.73485e+06
1.76958e+06
1.81125e+06
1.86021e+06
1.91627e+06
1.97881e+06
2.04608e+06
2.11506e+06
2.18096e+06
2.23706e+06
2.27533e+06
2.28824e+06
2.27162e+06
2.22691e+06
2.16107e+06
2.08426e+06
2.00663e+06
1.93596e+06
1.87698e+06
1.83168e+06
1.80017e+06
1.7813e+06
1.77326e+06
1.77379e+06
1.78043e+06
1.79062e+06
1.80193e+06
1.8121e+06
1.81936e+06
1.82257e+06
1.82123e+06
1.81537e+06
1.80571e+06
1.79316e+06
1.779e+06
1.76439e+06
1.75053e+06
1.73831e+06
1.72845e+06
1.7214e+06
1.71735e+06
1.71643e+06
1.71871e+06
1.72448e+06
1.73411e+06
1.74834e+06
1.76817e+06
1.79501e+06
1.83028e+06
1.87554e+06
1.93212e+06
2.00078e+06
2.08152e+06
2.173e+06
2.27198e+06
2.3725e+06
2.46461e+06
2.53435e+06
2.56662e+06
2.55133e+06
2.48936e+06
2.39333e+06
2.28149e+06
2.17038e+06
2.07055e+06
1.98637e+06
1.91791e+06
1.8634e+06
1.82009e+06
1.78541e+06
1.75719e+06
1.73379e+06
1.71399e+06
1.69707e+06
1.68254e+06
1.6702e+06
1.6601e+06
1.65244e+06
1.64752e+06
1.64569e+06
1.64756e+06
1.65372e+06
1.66508e+06
1.68249e+06
1.70721e+06
1.7405e+06
1.78363e+06
1.83782e+06
1.90353e+06
1.98001e+06
2.06445e+06
2.15118e+06
2.23182e+06
2.29617e+06
2.33477e+06
2.34233e+06
2.31956e+06
2.27324e+06
2.21357e+06
2.15117e+06
2.09463e+06
2.04945e+06
2.01823e+06
2.00127e+06
1.99756e+06
2.00518e+06
2.02206e+06
2.04615e+06
2.07569e+06
2.10909e+06
2.14471e+06
2.18059e+06
2.2142e+06
2.24254e+06
2.26279e+06
2.27309e+06
2.2735e+06
2.26661e+06
2.25695e+06
2.25018e+06
2.25201e+06
2.26712e+06
2.29845e+06
2.34636e+06
2.40703e+06
2.47178e+06
2.52717e+06
2.55855e+06
2.5564e+06
2.52143e+06
2.46402e+06
2.39821e+06
2.33531e+06
2.28084e+06
2.23537e+06
2.1971e+06
2.16416e+06
2.13602e+06
2.11361e+06
2.09862e+06
2.09247e+06
2.09603e+06
2.10911e+06
2.13085e+06
2.15988e+06
2.19471e+06
2.23411e+06
2.27708e+06
2.3226e+06
2.36889e+06
2.41276e+06
2.4491e+06
2.47201e+06
2.47621e+06
2.45878e+06
2.41978e+06
2.36186e+06
2.28898e+06
2.2059e+06
2.11784e+06
2.03004e+06
1.94724e+06
1.87338e+06
1.81113e+06
1.76228e+06
1.72787e+06
1.70859e+06
1.70507e+06
1.71813e+06
1.74859e+06
1.79694e+06
1.86315e+06
1.94556e+06
2.04022e+06
2.14084e+06
2.23954e+06
2.32902e+06
2.40446e+06
2.46467e+06
2.51048e+06
2.54277e+06
2.56118e+06
2.56487e+06
2.55406e+06
2.53122e+06
2.50096e+06
2.46891e+06
2.44055e+06
2.42021e+06
2.41055e+06
2.41244e+06
2.42501e+06
2.44585e+06
2.4712e+06
2.49665e+06
2.51762e+06
2.53012e+06
2.53135e+06
2.52047e+06
2.49826e+06
2.46721e+06
2.43082e+06
2.39262e+06
2.35537e+06
2.3203e+06
2.28715e+06
2.25484e+06
2.22227e+06
2.18935e+06
2.15723e+06
2.1282e+06
2.10503e+06
2.09048e+06
2.08671e+06
2.09495e+06
2.11569e+06
2.14872e+06
2.19283e+06
2.24555e+06
2.30282e+06
2.35875e+06
2.40587e+06
2.43662e+06
2.44566e+06
2.43202e+06
2.3994e+06
2.35467e+06
2.30509e+06
2.25607e+06
2.21045e+06
2.16863e+06
2.13005e+06
2.09379e+06
2.05967e+06
2.02832e+06
2.00089e+06
1.97855e+06
1.96186e+06
1.95071e+06
1.94404e+06
1.94037e+06
1.9379e+06
1.93497e+06
1.9304e+06
1.9234e+06
1.91348e+06
1.90041e+06
1.88402e+06
1.86415e+06
1.84083e+06
1.81424e+06
1.78477e+06
1.75301e+06
1.7197e+06
1.68575e+06
1.6519e+06
1.61886e+06
1.58719e+06
1.55741e+06
1.52997e+06
1.50506e+06
1.483e+06
1.46389e+06
1.44785e+06
1.43495e+06
1.4252e+06
1.41857e+06
1.41508e+06
1.41468e+06
1.41737e+06
1.42311e+06
1.43182e+06
1.4435e+06
1.45802e+06
1.47507e+06
1.49432e+06
1.51519e+06
1.53694e+06
1.5586e+06
1.57901e+06
1.59688e+06
1.61113e+06
1.62089e+06
1.62571e+06
1.62573e+06
1.62166e+06
1.61466e+06
1.60614e+06
1.59779e+06
1.59121e+06
1.588e+06
1.58952e+06
1.59713e+06
1.61187e+06
1.63455e+06
1.66554e+06
1.70451e+06
1.75003e+06
1.79955e+06
1.84919e+06
1.89423e+06
1.93023e+06
1.9542e+06
1.96553e+06
1.96603e+06
1.95879e+06
1.94733e+06
1.93425e+06
1.92088e+06
1.90756e+06
1.89383e+06
1.87916e+06
1.86316e+06
1.84602e+06
1.82822e+06
1.81087e+06
1.7952e+06
1.78259e+06
1.77434e+06
1.77167e+06
1.77543e+06
1.78652e+06
1.80535e+06
1.83219e+06
1.86709e+06
1.90964e+06
1.9593e+06
2.01514e+06
2.07577e+06
2.13969e+06
2.20482e+06
2.26893e+06
2.32945e+06
2.38384e+06
2.42974e+06
2.46551e+06
2.4907e+06
2.50647e+06
2.5155e+06
2.5219e+06
2.53045e+06
2.54552e+06
2.57041e+06
2.60625e+06
2.65114e+06
2.70002e+06
2.74467e+06
2.77498e+06
2.78123e+06
2.75677e+06
2.70033e+06
2.61664e+06
2.51469e+06
2.40513e+06
2.29772e+06
2.19992e+06
2.11668e+06
2.05057e+06
2.00258e+06
1.97208e+06
1.95766e+06
1.95672e+06
1.96555e+06
1.97927e+06
1.9923e+06
1.99943e+06
1.99649e+06
1.98187e+06
1.95659e+06
1.92379e+06
1.88764e+06
1.85212e+06
1.8203e+06
1.79398e+06
1.77416e+06
1.76096e+06
1.75413e+06
1.75322e+06
1.75764e+06
1.76677e+06
1.78014e+06
1.79728e+06
1.818e+06
1.842e+06
1.86926e+06
1.89981e+06
1.93375e+06
1.97115e+06
2.01202e+06
2.05596e+06
2.10215e+06
2.14939e+06
2.19566e+06
2.23861e+06
2.27552e+06
2.30382e+06
2.32145e+06
2.32735e+06
2.32172e+06
