2.29218e-21
2.29232e-21
2.29254e-21
2.29278e-21
2.29302e-21
2.29324e-21
2.29342e-21
2.29355e-21
2.29361e-21
2.29361e-21
2.29354e-21
2.29339e-21
2.29322e-21
2.29306e-21
2.29293e-21
2.29286e-21
2.29287e-21
2.29292e-21
2.29302e-21
2.29313e-21
2.29325e-21
2.29337e-21
2.29346e-21
2.2935e-21
2.29351e-21
2.29347e-21
2.29337e-21
2.29325e-21
2.29315e-21
2.29304e-21
2.29296e-21
2.29292e-21
2.29291e-21
2.29291e-21
2.29297e-21
2.29304e-21
2.2931e-21
2.29317e-21
2.29324e-21
2.29329e-21
2.29332e-21
2.29335e-21
2.29337e-21
2.29337e-21
2.29333e-21
2.29329e-21
2.29325e-21
2.2932e-21
2.29315e-21
2.29309e-21
2.29304e-21
2.293e-21
2.29296e-21
2.29292e-21
2.29291e-21
2.2929e-21
2.29288e-21
2.29287e-21
2.29286e-21
2.29287e-21
2.29288e-21
2.29288e-21
2.29289e-21
2.2929e-21
2.29291e-21
2.29291e-21
2.2929e-21
2.2929e-21
2.2929e-21
2.29289e-21
2.29292e-21
2.29292e-21
2.29294e-21
2.29295e-21
2.29297e-21
2.29298e-21
2.293e-21
2.29302e-21
2.29305e-21
2.29309e-21
2.29312e-21
2.29314e-21
2.29314e-21
2.29314e-21
2.29314e-21
2.29314e-21
2.29313e-21
2.2931e-21
2.29308e-21
2.29307e-21
2.29304e-21
2.29302e-21
2.293e-21
2.29299e-21
2.29301e-21
2.29303e-21
2.29307e-21
2.29314e-21
2.29321e-21
2.29325e-21
2.29326e-21
2.2932e-21
2.29307e-21
2.2929e-21
2.29273e-21
2.29257e-21
2.29255e-21
2.29264e-21
2.29283e-21
2.29314e-21
2.29354e-21
2.29395e-21
2.29435e-21
2.29463e-21
2.29464e-21
2.29435e-21
2.2937e-21
2.29291e-21
2.29222e-21
2.29184e-21
2.29179e-21
2.292e-21
2.29229e-21
2.29255e-21
2.29276e-21
2.29288e-21
2.29294e-21
2.29294e-21
2.29291e-21
2.29289e-21
2.29288e-21
2.29289e-21
2.29289e-21
2.29293e-21
2.29295e-21
2.29297e-21
2.29304e-21
2.29314e-21
2.29329e-21
2.29348e-21
2.29367e-21
2.29385e-21
2.29397e-21
2.29401e-21
2.29395e-21
2.29377e-21
2.29352e-21
2.29324e-21
2.29305e-21
2.29295e-21
2.29297e-21
2.29309e-21
2.29327e-21
2.29343e-21
2.29355e-21
2.29356e-21
2.29345e-21
2.29323e-21
2.29293e-21
2.2926e-21
2.29228e-21
2.29204e-21
2.29191e-21
2.29189e-21
2.29197e-21
2.29213e-21
2.29232e-21
2.2925e-21
2.29268e-21
2.29285e-21
2.293e-21
2.29315e-21
2.29331e-21
2.29345e-21
2.29361e-21
2.29382e-21
2.29406e-21
2.29431e-21
2.29458e-21
2.29479e-21
2.29486e-21
2.29472e-21
2.29432e-21
2.29379e-21
2.29324e-21
2.29285e-21
2.29269e-21
2.29272e-21
2.29284e-21
2.29299e-21
2.29309e-21
2.29315e-21
2.29315e-21
2.29314e-21
2.29315e-21
2.29316e-21
2.29319e-21
2.29324e-21
2.29332e-21
2.2934e-21
2.29346e-21
2.29349e-21
2.2935e-21
2.29346e-21
2.2934e-21
2.2933e-21
2.29318e-21
2.29306e-21
2.29297e-21
2.29292e-21
2.2929e-21
2.2929e-21
2.29294e-21
2.29299e-21
2.29305e-21
2.29311e-21
2.29317e-21
2.29321e-21
2.29327e-21
2.29331e-21
2.29336e-21
2.29341e-21
2.29345e-21
2.29349e-21
2.29354e-21
2.29359e-21
2.29362e-21
2.29366e-21
2.2937e-21
2.29372e-21
2.29372e-21
2.29372e-21
2.29365e-21
2.29353e-21
2.2934e-21
2.29325e-21
2.29311e-21
2.29297e-21
2.29288e-21
2.29285e-21
2.29286e-21
2.29291e-21
2.29298e-21
2.29304e-21
2.29312e-21
2.29317e-21
2.29317e-21
2.29314e-21
2.29307e-21
2.29297e-21
2.29289e-21
2.29282e-21
2.2928e-21
2.29283e-21
2.29291e-21
2.29302e-21
2.29315e-21
2.29328e-21
2.29338e-21
2.29345e-21
2.29351e-21
2.29354e-21
2.29354e-21
2.2935e-21
2.29346e-21
2.2934e-21
2.29334e-21
2.29327e-21
2.29321e-21
2.29313e-21
2.29305e-21
2.29297e-21
2.29286e-21
2.29277e-21
2.2927e-21
2.29263e-21
2.29261e-21
2.2926e-21
2.29261e-21
2.29264e-21
2.29267e-21
2.29271e-21
2.29275e-21
2.2928e-21
2.29287e-21
2.29292e-21
2.293e-21
2.29306e-21
2.29315e-21
2.29324e-21
2.29335e-21
2.29346e-21
2.29357e-21
2.29366e-21
2.2937e-21
2.29367e-21
2.29358e-21
2.29344e-21
2.29325e-21
2.29304e-21
2.29285e-21
2.29271e-21
2.29262e-21
2.29257e-21
2.29256e-21
2.29258e-21
2.29263e-21
2.29268e-21
2.29274e-21
2.29278e-21
2.29282e-21
2.29285e-21
2.29287e-21
2.29287e-21
2.29285e-21
2.29284e-21
2.29285e-21
2.29283e-21
2.29283e-21
2.29282e-21
2.29282e-21
2.29283e-21
2.29282e-21
2.29281e-21
2.2928e-21
2.2928e-21
2.2928e-21
2.29283e-21
2.29288e-21
2.29293e-21
2.293e-21
2.2931e-21
2.29321e-21
2.29334e-21
2.29344e-21
2.29352e-21
2.29353e-21
2.29351e-21
2.29342e-21
2.29329e-21
2.29312e-21
2.29299e-21
2.29287e-21
2.29282e-21
2.29281e-21
2.29282e-21
2.29284e-21
2.29287e-21
2.29289e-21
2.29288e-21
2.2929e-21
2.29295e-21
2.29299e-21
2.29306e-21
2.29313e-21
2.2932e-21
2.29327e-21
2.29333e-21
2.29337e-21
2.29338e-21
2.29338e-21
2.29336e-21
2.2933e-21
2.29324e-21
2.29314e-21
2.29307e-21
2.29297e-21
2.29287e-21
2.29278e-21
2.29269e-21
2.29261e-21
2.29256e-21
2.29256e-21
2.29259e-21
2.29268e-21
2.29279e-21
2.29292e-21
2.29307e-21
2.29317e-21
2.29324e-21
2.29329e-21
2.29332e-21
2.29332e-21
2.29331e-21
2.29325e-21
2.29318e-21
2.29309e-21
2.29298e-21
2.29289e-21
2.29282e-21
2.29281e-21
2.29288e-21
2.29299e-21
2.29316e-21
2.29336e-21
2.29359e-21
2.2938e-21
2.294e-21
2.29413e-21
2.29421e-21
2.29418e-21
2.29404e-21
2.29374e-21
2.29331e-21
2.29283e-21
2.2924e-21
2.29209e-21
2.29196e-21
2.29204e-21
2.29229e-21
2.29261e-21
2.29297e-21
2.29327e-21
2.29351e-21
2.29362e-21
2.29361e-21
2.29351e-21
2.29338e-21
2.29326e-21
2.29316e-21
2.29308e-21
2.29307e-21
2.29312e-21
2.29326e-21
2.29348e-21
2.29378e-21
2.29414e-21
2.29444e-21
2.29451e-21
2.29422e-21
2.29347e-21
2.29248e-21
2.29162e-21
2.29116e-21
2.29113e-21
2.29142e-21
2.29182e-21
2.2922e-21
2.29254e-21
2.2928e-21
2.293e-21
2.29312e-21
2.29323e-21
2.29328e-21
2.29328e-21
2.29327e-21
2.29325e-21
2.29323e-21
2.2932e-21
2.2932e-21
2.2932e-21
2.29321e-21
2.29323e-21
2.29327e-21
2.2933e-21
2.29333e-21
2.29334e-21
2.29334e-21
2.29332e-21
2.29327e-21
2.29322e-21
2.29317e-21
2.29311e-21
2.29309e-21
2.2931e-21
2.29314e-21
2.29322e-21
2.29332e-21
2.29342e-21
2.2935e-21
2.29358e-21
2.29359e-21
2.29354e-21
2.29343e-21
2.29325e-21
2.29304e-21
2.29284e-21
2.29268e-21
2.29257e-21
2.29253e-21
2.29255e-21
2.29262e-21
2.29272e-21
2.29281e-21
2.29292e-21
2.29301e-21
2.29309e-21
2.29314e-21
2.29317e-21
2.2932e-21
2.29321e-21
2.29322e-21
2.29322e-21
2.29321e-21
2.29321e-21
2.29319e-21
2.29317e-21
2.29313e-21
2.2931e-21
2.29307e-21
2.29305e-21
2.29302e-21
2.29299e-21
2.29298e-21
2.29295e-21
2.29296e-21
2.29297e-21
2.29298e-21
2.293e-21
2.29304e-21
2.2931e-21
2.29322e-21
2.29337e-21
2.29356e-21
2.2938e-21
2.29405e-21
2.29427e-21
2.29441e-21
2.29441e-21
2.29421e-21
2.29386e-21
2.29342e-21
2.29302e-21
2.29274e-21
2.29262e-21
2.29264e-21
2.29274e-21
2.29289e-21
2.2931e-21
2.29332e-21
2.29353e-21
2.29369e-21
2.29377e-21
2.29372e-21
2.29351e-21
2.29315e-21
2.29273e-21
2.29232e-21
2.29205e-21
2.29191e-21
2.29192e-21
2.29205e-21
2.29225e-21
2.29246e-21
2.29269e-21
2.29287e-21
2.29303e-21
2.29316e-21
2.29328e-21
2.29341e-21
2.2935e-21
2.2936e-21
2.29371e-21
2.29384e-21
2.29396e-21
2.29406e-21
2.29413e-21
2.29419e-21
2.29416e-21
2.29405e-21
2.29386e-21
2.29358e-21
2.29327e-21
2.29295e-21
2.29267e-21
2.29247e-21
2.29234e-21
2.29231e-21
2.29235e-21
2.29245e-21
2.29257e-21
2.29267e-21
2.2928e-21
2.2929e-21
2.29298e-21
2.29305e-21
2.2931e-21
2.29315e-21
2.29317e-21
2.29319e-21
2.2932e-21
2.29321e-21
2.2932e-21
2.29317e-21
2.29314e-21
2.29311e-21
2.29308e-21
2.29307e-21
2.29305e-21
2.29304e-21
2.29305e-21
2.29304e-21
2.29304e-21
2.29304e-21
2.29304e-21
2.29306e-21
2.29309e-21
2.29313e-21
2.29317e-21
2.29324e-21
2.29333e-21
2.29341e-21
2.29353e-21
2.29366e-21
2.2938e-21
2.29392e-21
2.29405e-21
2.29415e-21
2.29419e-21
2.29412e-21
2.29391e-21
2.29354e-21
2.29305e-21
2.29251e-21
2.29205e-21
2.29176e-21
2.29167e-21
2.29177e-21
2.29198e-21
2.29225e-21
2.29252e-21
2.29277e-21
2.29297e-21
2.29314e-21
2.29326e-21
2.29333e-21
2.29335e-21
2.29335e-21
2.29331e-21
2.29323e-21
2.29314e-21
2.29306e-21
2.29296e-21
2.2929e-21
2.29284e-21
2.29281e-21
2.2928e-21
2.2928e-21
2.29282e-21
2.29284e-21
2.29287e-21
2.2929e-21
2.29293e-21
2.29295e-21
2.29299e-21
2.29303e-21
2.29309e-21
2.29315e-21
2.29326e-21
2.29339e-21
2.29357e-21
2.29379e-21
2.29403e-21
2.29428e-21
2.2945e-21
2.29465e-21
2.29469e-21
2.29452e-21
2.29406e-21
2.2933e-21
2.2924e-21
2.29163e-21
2.29119e-21
2.2911e-21
2.29128e-21
2.2916e-21
2.29196e-21
2.29224e-21
2.29249e-21
2.29267e-21
2.29279e-21
2.29285e-21
2.29289e-21
2.2929e-21
2.2929e-21
2.2929e-21
2.29289e-21
2.29288e-21
2.29288e-21
2.2929e-21
2.29291e-21
2.29295e-21
2.29298e-21
2.29306e-21
2.29313e-21
2.29325e-21
2.29339e-21
2.29355e-21
2.29375e-21
2.29396e-21
2.29416e-21
2.29431e-21
2.29432e-21
2.29416e-21
2.29382e-21
2.29329e-21
2.29271e-21
2.29219e-21
2.29185e-21
2.29171e-21
2.29177e-21
2.29196e-21
2.29222e-21
2.29251e-21
2.29276e-21
2.29298e-21
2.29316e-21
2.29329e-21
2.29339e-21
2.29346e-21
2.29351e-21
2.29353e-21
2.29351e-21
2.29344e-21
2.2933e-21
2.29313e-21
2.29295e-21
2.29276e-21
2.29265e-21
2.29264e-21
2.29274e-21
2.29296e-21
2.29326e-21
2.2936e-21
2.29394e-21
2.29416e-21
2.29416e-21
2.29387e-21
2.2933e-21
2.29261e-21
2.29204e-21
2.29175e-21
2.29173e-21
2.29189e-21
2.2921e-21
2.29227e-21
2.29238e-21
2.29246e-21
2.29253e-21
2.29262e-21
2.29277e-21
2.29293e-21
2.29311e-21
2.29326e-21
2.29339e-21
2.29351e-21
2.2936e-21
2.29368e-21
2.29374e-21
2.2938e-21
2.29383e-21
2.29382e-21
2.29368e-21
2.29341e-21
2.29306e-21
2.29267e-21
2.29229e-21
2.29199e-21
2.29176e-21
2.29161e-21
2.29156e-21
2.29161e-21
2.29172e-21
2.2919e-21
2.29209e-21
2.29229e-21
2.2925e-21
2.29271e-21
2.29293e-21
2.29318e-21
2.29347e-21
2.29375e-21
2.29404e-21
2.29431e-21
2.29447e-21
2.29451e-21
2.29438e-21
2.29416e-21
2.29387e-21
2.29361e-21
2.29338e-21
2.29319e-21
2.29298e-21
2.29274e-21
2.29251e-21
2.29234e-21
2.29228e-21
2.29232e-21
2.29247e-21
2.29268e-21
2.29292e-21
2.29316e-21
2.29336e-21
2.29352e-21
2.29359e-21
2.29359e-21
2.2935e-21
2.29334e-21
2.29312e-21
2.29292e-21
2.29276e-21
2.29264e-21
2.29261e-21
2.29262e-21
2.29268e-21
2.29275e-21
2.29278e-21
2.29278e-21
2.29276e-21
2.29275e-21
2.29278e-21
2.29284e-21
2.29294e-21
2.29309e-21
2.29329e-21
2.29352e-21
2.29374e-21
2.29396e-21
2.29417e-21
2.29433e-21
2.29439e-21
2.29434e-21
2.29414e-21
2.29379e-21
2.29337e-21
2.29298e-21
2.29269e-21
2.29256e-21
2.29257e-21
2.29264e-21
2.29275e-21
2.29282e-21
2.29289e-21
2.29295e-21
2.293e-21
2.29306e-21
2.29315e-21
2.29326e-21
2.29336e-21
2.29346e-21
2.29352e-21
2.29356e-21
2.29357e-21
2.29352e-21
2.29347e-21
2.29342e-21
2.29336e-21
2.29331e-21
2.29326e-21
2.29318e-21
2.29311e-21
2.29305e-21
2.29299e-21
2.29294e-21
2.2929e-21
2.29288e-21
2.29288e-21
2.2929e-21
2.2929e-21
2.29291e-21
2.29295e-21
2.29296e-21
2.29298e-21
2.293e-21
2.29302e-21
2.29305e-21
2.29308e-21
2.29311e-21
2.29314e-21
2.29317e-21
2.29319e-21
2.29321e-21
2.29322e-21
2.29323e-21
2.29326e-21
2.29328e-21
2.2933e-21
2.2933e-21
2.29329e-21
2.29327e-21
2.29325e-21
2.29317e-21
2.29308e-21
2.29298e-21
2.29287e-21
2.29276e-21
2.29268e-21
2.29262e-21
2.29259e-21
2.29259e-21
2.2926e-21
2.29267e-21
2.29273e-21
2.29284e-21
2.29297e-21
2.29311e-21
2.29326e-21
2.2934e-21
2.29348e-21
2.29352e-21
2.29349e-21
2.29337e-21
2.29318e-21
2.29295e-21
2.29272e-21
2.29257e-21
2.29247e-21
2.29244e-21
2.29246e-21
2.29248e-21
2.2925e-21
2.29249e-21
2.29247e-21
2.29243e-21
2.29242e-21
2.29239e-21
2.2924e-21
2.29242e-21
2.29246e-21
2.29252e-21
2.2926e-21
2.29268e-21
2.2928e-21
2.29291e-21
2.29303e-21
2.29316e-21
2.29327e-21
2.29337e-21
2.29346e-21
2.29352e-21
2.29357e-21
2.29358e-21
2.29356e-21
2.29349e-21
2.29338e-21
2.29323e-21
2.29306e-21
2.29289e-21
2.29276e-21
2.2927e-21
2.29272e-21
2.29286e-21
2.29306e-21
2.29332e-21
2.29359e-21
2.2938e-21
2.29389e-21
2.29381e-21
2.29352e-21
2.29307e-21
2.29254e-21
2.29202e-21
2.29163e-21
2.29142e-21
2.29141e-21
2.29155e-21
2.29179e-21
2.29211e-21
2.29243e-21
2.29279e-21
2.29309e-21
2.29336e-21
2.29358e-21
2.29373e-21
2.29375e-21
2.29365e-21
2.29347e-21
2.29323e-21
2.29299e-21
2.29279e-21
2.29267e-21
2.29262e-21
2.29264e-21
2.29273e-21
2.29282e-21
2.29293e-21
2.29303e-21
2.29311e-21
2.29319e-21
2.29327e-21
2.29332e-21
2.29337e-21
2.29339e-21
2.29344e-21
2.29348e-21
2.29352e-21
2.29358e-21
2.29363e-21
2.29368e-21
2.29376e-21
2.29383e-21
2.29387e-21
2.29391e-21
2.29389e-21
2.29383e-21
2.29373e-21
2.2936e-21
2.29343e-21
2.29325e-21
2.2931e-21
