141.741
142.194
142.559
142.816
142.957
142.987
142.918
142.772
142.577
142.368
142.183
142.054
142.002
142.033
142.134
142.281
142.444
142.594
142.71
142.777
142.787
142.743
142.651
142.526
142.387
142.255
142.152
142.096
142.097
142.154
142.257
142.389
142.533
142.67
142.787
142.875
142.929
142.949
142.937
142.896
142.832
142.751
142.661
142.569
142.481
142.405
142.345
142.304
142.284
142.285
142.306
142.345
142.399
142.467
142.544
142.629
142.718
142.809
142.899
142.986
143.068
143.145
143.215
143.28
143.339
143.395
143.448
143.502
143.556
143.611
143.668
143.725
143.782
143.836
143.885
143.927
143.961
143.985
143.999
144.001
143.993
143.975
143.949
143.916
143.879
143.842
143.807
143.778
143.758
143.751
143.757
143.778
143.811
143.851
143.892
143.924
143.938
143.927
143.885
143.817
143.738
143.671
143.65
143.7
143.836
144.048
144.3
144.539
144.709
144.754
144.63
144.309
143.786
143.093
142.313
141.589
141.091
140.949
141.183
141.688
142.297
142.866
143.316
143.629
143.828
143.951
144.036
144.109
144.185
144.272
144.366
144.464
144.559
144.648
144.728
144.795
144.838
144.842
144.788
144.653
144.423
144.094
143.684
143.229
142.78
142.393
142.114
141.964
141.933
141.979
142.046
142.074
142.024
141.88
141.659
141.404
141.172
141.023
141.006
141.152
141.461
141.91
142.454
143.038
143.607
144.118
144.547
144.883
145.127
145.285
145.366
145.377
145.322
145.2
145.002
144.715
144.323
143.809
143.166
142.405
141.573
140.753
140.059
139.591
139.391
139.424
139.596
139.807
139.983
140.096
140.149
140.164
140.164
140.166
140.174
140.184
140.184
140.161
140.107
140.017
139.893
139.743
139.583
139.429
139.299
139.211
139.176
139.196
139.267
139.376
139.506
139.642
139.767
139.872
139.949
139.996
140.011
139.996
139.953
139.885
139.794
139.681
139.547
139.393
139.219
139.022
138.804
138.563
138.301
138.023
137.737
137.453
137.188
136.96
136.786
136.681
136.647
136.678
136.76
136.871
136.989
137.094
137.171
137.213
137.22
137.202
137.175
137.158
137.173
137.235
137.347
137.502
137.68
137.858
138.011
138.12
138.172
138.163
138.094
137.975
137.817
137.636
137.445
137.259
137.09
136.944
136.826
136.737
136.679
136.655
136.668
136.723
136.822
136.963
137.142
137.349
137.574
137.808
138.041
138.267
138.481
138.68
138.86
139.018
139.151
139.257
139.332
139.37
139.368
139.32
139.221
139.068
138.864
138.613
138.33
138.039
137.768
137.55
137.411
137.369
137.422
137.558
137.752
137.979
138.217
138.449
138.664
138.854
139.02
139.164
139.29
139.404
139.512
139.619
139.727
139.84
139.957
140.077
140.201
140.328
140.458
140.591
140.729
140.872
141.017
141.164
141.308
141.445
141.567
141.667
141.734
141.76
141.734
141.652
141.513
141.324
141.104
140.88
140.684
140.544
140.477
140.486
140.556
140.666
140.792
140.917
141.031
141.132
141.221
141.3
141.371
141.431
141.476
141.5
141.496
141.459
141.389
141.29
141.167
141.031
140.893
140.763
140.652
140.57
140.522
140.512
140.544
140.618
140.738
140.904
141.112
141.353
141.61
141.862
142.087
142.265
142.387
142.447
142.453
142.412
142.339
142.247
142.148
142.053
141.973
141.921
141.911
141.953
142.05
142.191
142.355
142.512
142.632
142.685
142.651
142.516
142.277
141.941
141.523
141.051
140.566
140.121
139.782
139.614
139.664
139.941
140.407
140.981
141.566
142.075
142.446
142.647
142.683
142.582
142.394
142.175
141.977
141.83
141.746
141.716
141.724
141.745
141.754
141.717
141.595
141.346
140.936
140.366
139.693
139.062
138.679
138.721
139.228
140.074
141.045
141.956
142.699
143.246
143.614
143.835
143.947
143.982
143.966
143.922
143.865
143.807
143.756
143.716
143.686
143.662
143.639
143.61
143.569
143.512
143.437
143.345
143.243
143.138
143.041
142.959
142.901
142.87
142.862
142.872
142.886
142.893
142.876
142.823
142.727
142.586
142.406
142.205
142.009
141.849
141.757
141.756
141.852
142.038
142.29
142.578
142.868
143.135
143.361
143.537
143.661
143.739
143.776
143.782
143.764
143.729
143.683
143.631
143.576
143.523
143.476
143.437
143.411
143.398
143.4
143.417
143.448
143.493
143.548
143.612
143.682
143.755
143.829
143.898
143.958
144
144.013
143.984
143.894
143.723
143.451
143.063
142.558
141.96
141.323
140.732
140.273
140.01
139.952
140.058
140.262
140.493
140.698
140.838
140.887
140.831
140.671
140.417
140.1
139.772
139.502
139.364
139.417
139.678
140.116
140.661
141.235
141.769
142.22
142.57
142.816
142.967
143.033
143.025
142.954
142.826
142.643
142.408
142.118
141.772
141.367
140.906
140.396
139.851
139.298
138.77
138.311
137.962
137.755
137.701
137.792
137.999
138.28
138.594
138.903
139.181
139.412
139.589
139.712
139.786
139.815
139.808
139.773
139.715
139.642
139.559
139.472
139.385
139.303
139.227
139.16
139.103
139.057
139.021
138.994
138.975
138.962
138.954
138.95
138.946
138.942
138.934
138.918
138.892
138.85
138.784
138.688
138.552
138.37
138.132
137.832
137.466
137.035
136.55
136.028
135.509
135.048
134.72
134.596
134.724
135.099
135.659
136.315
136.971
137.556
138.028
138.373
138.593
138.703
138.719
138.665
138.563
138.436
138.305
138.19
138.107
138.065
138.07
138.12
138.209
138.329
138.47
138.621
138.772
138.916
139.047
139.164
139.266
139.352
139.424
139.481
139.52
139.534
139.514
139.448
139.32
139.112
138.809
138.396
137.866
137.221
136.478
135.68
134.907
134.284
133.954
134.026
134.508
135.291
136.204
137.09
137.849
138.447
138.89
139.203
139.419
139.565
139.667
139.741
139.801
139.854
139.905
139.957
140.009
140.061
140.11
140.152
140.183
140.197
140.187
140.143
140.054
139.905
139.683
139.37
138.957
138.443
137.843
137.201
136.588
136.098
135.821
135.815
136.078
136.554
137.147
137.761
138.314
138.757
139.069
139.25
139.313
139.278
139.165
138.994
138.781
138.538
138.278
138.017
137.776
137.582
137.463
137.438
137.51
137.657
137.839
138.002
138.093
138.064
137.882
137.538
137.057
136.515
136.034
135.759
135.791
136.137
136.7
137.344
137.954
138.476
138.905
139.264
139.578
139.856
140.093
140.274
140.385
140.416
140.367
140.245
140.062
139.829
139.555
139.246
138.905
138.544
138.187
137.874
137.661
137.599
137.718
138.021
138.489
139.088
139.776
140.512
141.253
141.957
142.595
143.144
143.594
143.94
144.179
144.307
144.318
144.203
143.953
143.563
143.04
142.412
141.729
141.06
140.469
139.999
139.659
139.434
139.312
139.293
139.386
139.593
139.897
140.259
140.627
140.951
141.192
141.324
141.338
141.241
141.054
140.81
140.55
140.314
140.141
140.056
140.071
140.179
140.358
140.576
140.801
141.006
141.182
141.333
141.473
141.616
141.769
141.924
142.063
142.161
142.193
142.138
141.984
141.724
141.356
140.887
140.333
139.726
139.114
138.564
138.146
137.913
137.88
138.014
138.252
138.522
138.773
138.979
139.138
139.261
139.36
139.44
139.499
139.525
139.51
139.446
139.334
139.183
139.007
138.82
138.64
138.475
138.334
138.22
138.134
138.077
138.051
138.056
138.092
138.156
138.243
138.347
138.463
138.585
138.708
138.827
138.939
139.042
139.135
139.217
139.288
139.346
139.393
139.429
139.455
139.469
139.474
139.467
139.45
139.422
139.383
139.333
139.273
139.204
139.131
139.057
138.992
138.943
138.922
138.939
139.001
139.112
139.274
139.479
139.719
139.981
140.251
140.515
140.76
140.973
141.144
141.261
141.315
141.302
141.221
141.08
140.899
140.712
140.558
140.481
140.508
140.646
140.879
141.177
141.507
141.842
142.17
142.49
142.808
143.132
143.468
143.819
144.18
144.546
144.907
145.251
145.568
145.849
146.085
146.272
146.403
146.476
146.49
146.446
146.346
146.198
146.008
145.79
145.556
145.324
145.114
144.947
144.844
144.818
144.876
145.007
145.186
145.376
145.53
145.603
145.559
145.383
145.083
144.701
144.306
143.992
143.853
143.96
144.33
144.931
145.681
146.488
147.263
147.941
148.483
148.869
149.096
149.17
149.106
148.929
148.67
148.374
148.089
147.867
147.747
147.747
147.858
148.052
148.288
148.53
148.749
148.927
149.057
149.138
149.175
149.171
149.134
149.068
148.977
148.866
148.735
148.585
148.415
148.223
148.005
147.759
147.481
147.17
146.829
146.467
146.097
145.738
145.411
145.14
144.942
144.827
144.794
