-6.4324e-22
-6.52471e-22
-6.59816e-22
-6.64899e-22
-6.67589e-22
-6.67984e-22
-6.6638e-22
-6.63217e-22
-6.59116e-22
-6.54797e-22
-6.51037e-22
-6.48512e-22
-6.47606e-22
-6.48404e-22
-6.50631e-22
-6.5374e-22
-6.57111e-22
-6.6017e-22
-6.62467e-22
-6.63729e-22
-6.63828e-22
-6.62792e-22
-6.60809e-22
-6.58183e-22
-6.55282e-22
-6.52588e-22
-6.50547e-22
-6.49509e-22
-6.49634e-22
-6.50918e-22
-6.53133e-22
-6.55928e-22
-6.58912e-22
-6.61748e-22
-6.64112e-22
-6.65865e-22
-6.66927e-22
-6.67267e-22
-6.66947e-22
-6.66047e-22
-6.64693e-22
-6.62994e-22
-6.61108e-22
-6.59199e-22
-6.57424e-22
-6.55882e-22
-6.54669e-22
-6.5387e-22
-6.53503e-22
-6.53588e-22
-6.54071e-22
-6.54922e-22
-6.56093e-22
-6.57525e-22
-6.59142e-22
-6.60902e-22
-6.62763e-22
-6.64658e-22
-6.66525e-22
-6.68327e-22
-6.70022e-22
-6.716e-22
-6.73058e-22
-6.74378e-22
-6.75596e-22
-6.76756e-22
-6.77877e-22
-6.7898e-22
-6.80093e-22
-6.81253e-22
-6.82406e-22
-6.83596e-22
-6.84745e-22
-6.8585e-22
-6.86851e-22
-6.87716e-22
-6.88398e-22
-6.88875e-22
-6.89122e-22
-6.89132e-22
-6.88934e-22
-6.88551e-22
-6.88003e-22
-6.87322e-22
-6.86566e-22
-6.85791e-22
-6.85073e-22
-6.84495e-22
-6.84107e-22
-6.83971e-22
-6.84135e-22
-6.84585e-22
-6.85284e-22
-6.86126e-22
-6.86956e-22
-6.87596e-22
-6.87856e-22
-6.87538e-22
-6.86608e-22
-6.85163e-22
-6.83507e-22
-6.82199e-22
-6.8187e-22
-6.83089e-22
-6.86084e-22
-6.90617e-22
-6.95856e-22
-7.00733e-22
-7.04054e-22
-7.04679e-22
-7.01711e-22
-6.94646e-22
-6.83423e-22
-6.68788e-22
-6.52629e-22
-6.37924e-22
-6.28246e-22
-6.26116e-22
-6.31649e-22
-6.42477e-22
-6.55135e-22
-6.66718e-22
-6.75737e-22
-6.81953e-22
-6.85876e-22
-6.88314e-22
-6.90005e-22
-6.91512e-22
-6.93131e-22
-6.94942e-22
-6.969e-22
-6.98915e-22
-7.00883e-22
-7.02697e-22
-7.04337e-22
-7.05685e-22
-7.06509e-22
-7.06503e-22
-7.05228e-22
-7.02248e-22
-6.97278e-22
-6.90297e-22
-6.81695e-22
-6.72222e-22
-6.62993e-22
-6.55159e-22
-6.49625e-22
-6.46799e-22
-6.46335e-22
-6.47403e-22
-6.48753e-22
-6.49229e-22
-6.48004e-22
-6.44869e-22
-6.4017e-22
-6.34874e-22
-6.30175e-22
-6.27315e-22
-6.27274e-22
-6.30609e-22
-6.37328e-22
-6.4688e-22
-6.58282e-22
-6.70387e-22
-6.82087e-22
-6.92525e-22
-7.0122e-22
-7.07993e-22
-7.12856e-22
-7.15949e-22
-7.17476e-22
-7.17563e-22
-7.16272e-22
-7.13602e-22
-7.09334e-22
-7.03189e-22
-6.94828e-22
-6.83936e-22
-6.70348e-22
-6.54389e-22
-6.37078e-22
-6.20248e-22
-6.06265e-22
-5.97104e-22
-5.93513e-22
-5.94578e-22
-5.98305e-22
-6.02635e-22
-6.06174e-22
-6.08366e-22
-6.0936e-22
-6.09604e-22
-6.09601e-22
-6.09649e-22
-6.09821e-22
-6.10018e-22
-6.09981e-22
-6.09463e-22
-6.0826e-22
-6.0631e-22
-6.03679e-22
-6.00558e-22
-5.97226e-22
-5.94064e-22
-5.91451e-22
-5.8973e-22
-5.89112e-22
-5.89654e-22
-5.91209e-22
-5.93518e-22
-5.96244e-22
-5.99046e-22
-6.01608e-22
-6.03729e-22
-6.0526e-22
-6.06162e-22
-6.06417e-22
-6.06063e-22
-6.0512e-22
-6.03664e-22
-6.01724e-22
-5.99344e-22
-5.96533e-22
-5.93306e-22
-5.89638e-22
-5.85526e-22
-5.80963e-22
-5.75935e-22
-5.70486e-22
-5.64711e-22
-5.58765e-22
-5.52889e-22
-5.4747e-22
-5.42862e-22
-5.39408e-22
-5.37367e-22
-5.36808e-22
-5.37597e-22
-5.39387e-22
-5.41722e-22
-5.44143e-22
-5.4626e-22
-5.4779e-22
-5.48593e-22
-5.48672e-22
-5.4825e-22
-5.47682e-22
-5.4737e-22
-5.47751e-22
-5.49126e-22
-5.51531e-22
-5.54805e-22
-5.58519e-22
-5.62171e-22
-5.6526e-22
-5.67402e-22
-5.68348e-22
-5.68031e-22
-5.66517e-22
-5.63978e-22
-5.60652e-22
-5.56852e-22
-5.52907e-22
-5.49098e-22
-5.4563e-22
-5.42673e-22
-5.40288e-22
-5.38515e-22
-5.37375e-22
-5.36955e-22
-5.37306e-22
-5.38531e-22
-5.40685e-22
-5.437e-22
-5.47469e-22
-5.51824e-22
-5.56512e-22
-5.61361e-22
-5.66183e-22
-5.70839e-22
-5.75241e-22
-5.79315e-22
-5.82997e-22
-5.86216e-22
-5.88919e-22
-5.9106e-22
-5.92524e-22
-5.93261e-22
-5.93125e-22
-5.92031e-22
-5.89874e-22
-5.86607e-22
-5.8226e-22
-5.76977e-22
-5.71089e-22
-5.65074e-22
-5.59553e-22
-5.55177e-22
-5.52502e-22
-5.51831e-22
-5.53127e-22
-5.56071e-22
-5.60181e-22
-5.64938e-22
-5.6988e-22
-5.74671e-22
-5.79059e-22
-5.82953e-22
-5.86337e-22
-5.89261e-22
-5.9183e-22
-5.94166e-22
-5.96384e-22
-5.98588e-22
-6.0086e-22
-6.03203e-22
-6.05612e-22
-6.08121e-22
-6.10687e-22
-6.13323e-22
-6.1602e-22
-6.18783e-22
-6.21647e-22
-6.24604e-22
-6.27624e-22
-6.30667e-22
-6.33654e-22
-6.36456e-22
-6.38943e-22
-6.40955e-22
-6.42277e-22
-6.4271e-22
-6.42075e-22
-6.40241e-22
-6.37251e-22
-6.33272e-22
-6.28705e-22
-6.24082e-22
-6.201e-22
-6.17331e-22
-6.16126e-22
-6.16443e-22
-6.18008e-22
-6.20329e-22
-6.22949e-22
-6.25523e-22
-6.27872e-22
-6.2993e-22
-6.31754e-22
-6.33399e-22
-6.34848e-22
-6.36046e-22
-6.36943e-22
-6.37367e-22
-6.37206e-22
-6.36379e-22
-6.34865e-22
-6.32745e-22
-6.30171e-22
-6.27343e-22
-6.24478e-22
-6.21808e-22
-6.19571e-22
-6.17927e-22
-6.17029e-22
-6.16904e-22
-6.17651e-22
-6.19297e-22
-6.21867e-22
-6.25381e-22
-6.29778e-22
-6.34827e-22
-6.40152e-22
-6.4534e-22
-6.49893e-22
-6.53482e-22
-6.55863e-22
-6.56983e-22
-6.56982e-22
-6.56076e-22
-6.5452e-22
-6.52582e-22
-6.50535e-22
-6.48564e-22
-6.46962e-22
-6.45963e-22
-6.45847e-22
-6.46831e-22
-6.48928e-22
-6.5191e-22
-6.55312e-22
-6.58513e-22
-6.60876e-22
-6.61819e-22
-6.60911e-22
-6.57886e-22
-6.52727e-22
-6.45554e-22
-6.36767e-22
-6.2692e-22
-6.16906e-22
-6.07834e-22
-6.01107e-22
-5.98053e-22
-5.99567e-22
-6.05752e-22
-6.15698e-22
-6.27713e-22
-6.3976e-22
-6.50058e-22
-6.57401e-22
-6.61217e-22
-6.61648e-22
-6.59319e-22
-6.55311e-22
-6.50801e-22
-6.46787e-22
-6.43878e-22
-6.4225e-22
-6.41742e-22
-6.41974e-22
-6.42438e-22
-6.4257e-22
-6.41669e-22
-6.38914e-22
-6.3345e-22
-6.2462e-22
-6.12491e-22
-5.98489e-22
-5.85723e-22
-5.78531e-22
-5.80384e-22
-5.91752e-22
-6.09728e-22
-6.2988e-22
-6.48445e-22
-6.63435e-22
-6.74392e-22
-6.8166e-22
-6.85978e-22
-6.88104e-22
-6.887e-22
-6.88273e-22
-6.87309e-22
-6.86122e-22
-6.84931e-22
-6.83901e-22
-6.83079e-22
-6.82488e-22
-6.82003e-22
-6.81527e-22
-6.80915e-22
-6.80052e-22
-6.78827e-22
-6.7723e-22
-6.75313e-22
-6.73188e-22
-6.71013e-22
-6.69016e-22
-6.67379e-22
-6.66229e-22
-6.65625e-22
-6.65534e-22
-6.65747e-22
-6.66035e-22
-6.66123e-22
-6.65695e-22
-6.64515e-22
-6.62426e-22
-6.5941e-22
-6.55606e-22
-6.51434e-22
-6.47416e-22
-6.4423e-22
-6.42503e-22
-6.42683e-22
-6.44879e-22
-6.48888e-22
-6.54229e-22
-6.60218e-22
-6.66213e-22
-6.71671e-22
-6.76253e-22
-6.79795e-22
-6.82261e-22
-6.83778e-22
-6.84476e-22
-6.84556e-22
-6.84148e-22
-6.834e-22
-6.8243e-22
-6.81332e-22
-6.80204e-22
-6.79115e-22
-6.78139e-22
-6.77361e-22
-6.7683e-22
-6.76604e-22
-6.76669e-22
-6.7705e-22
-6.77731e-22
-6.78676e-22
-6.79853e-22
-6.81183e-22
-6.82662e-22
-6.84173e-22
-6.85692e-22
-6.87116e-22
-6.88328e-22
-6.89164e-22
-6.89373e-22
-6.88646e-22
-6.86628e-22
-6.82892e-22
-6.77025e-22
-6.68739e-22
-6.5806e-22
-6.45535e-22
-6.32357e-22
-6.203e-22
-6.11162e-22
-6.06147e-22
-6.05339e-22
-6.07836e-22
-6.12165e-22
-6.16943e-22
-6.21084e-22
-6.23816e-22
-6.24623e-22
-6.23259e-22
-6.19721e-22
-6.14297e-22
-6.07666e-22
-6.00926e-22
-5.95547e-22
-5.93046e-22
-5.94556e-22
-6.0037e-22
-6.09712e-22
-6.2115e-22
-6.33011e-22
-6.43939e-22
-6.53091e-22
-6.60127e-22
-6.65004e-22
-6.67931e-22
-6.6914e-22
-6.68853e-22
-6.6726e-22
-6.64474e-22
-6.60604e-22
-6.55625e-22
-6.49519e-22
-6.42214e-22
-6.33721e-22
-6.24073e-22
-6.13433e-22
-6.02088e-22
-5.9065e-22
-5.79847e-22
-5.7053e-22
-5.63579e-22
-5.59592e-22
-5.58807e-22
-5.60966e-22
-5.65449e-22
-5.7141e-22
-5.77937e-22
-5.84297e-22
-5.89957e-22
-5.94623e-22
-5.98188e-22
-6.00605e-22
-6.0202e-22
-6.02554e-22
-6.02342e-22
-6.01549e-22
-6.00307e-22
-5.98775e-22
-5.97042e-22
-5.9523e-22
-5.93428e-22
-5.91723e-22
-5.90178e-22
-5.88824e-22
-5.87678e-22
-5.86751e-22
-5.86014e-22
-5.85473e-22
-5.85082e-22
-5.84818e-22
-5.84669e-22
-5.84573e-22
-5.84496e-22
-5.84406e-22
-5.84216e-22
-5.83873e-22
-5.8329e-22
-5.82363e-22
-5.80931e-22
-5.78854e-22
-5.7597e-22
-5.7207e-22
-5.67012e-22
-5.60657e-22
-5.52964e-22
-5.43922e-22
-5.33758e-22
-5.22924e-22
-5.12236e-22
-5.02909e-22
-4.96468e-22
-4.94404e-22
-4.97593e-22
-5.05804e-22
-5.17713e-22
-5.31373e-22
-5.4486e-22
-5.56758e-22
-5.66275e-22
-5.7315e-22
-5.77466e-22
-5.79519e-22
-5.79699e-22
-5.78462e-22
-5.76273e-22
-5.7361e-22
-5.70901e-22
-5.68567e-22
-5.6692e-22
-5.66148e-22
-5.66329e-22
-5.67458e-22
-5.69375e-22
-5.71927e-22
-5.74867e-22
-5.77999e-22
-5.81118e-22
-5.84085e-22
-5.86789e-22
-5.8918e-22
-5.91256e-22
-5.93018e-22
-5.94491e-22
-5.95628e-22
-5.96382e-22
-5.9662e-22
-5.96156e-22
-5.94676e-22
-5.91882e-22
-5.8741e-22
-5.80911e-22
-5.72126e-22
-5.60896e-22
-5.47302e-22
-5.31764e-22
-5.152e-22
-4.9937e-22
-4.86925e-22
-4.80858e-22
-4.83246e-22
-4.94003e-22
-5.10658e-22
-5.2965e-22
-5.47809e-22
-5.63219e-22
-5.7525e-22
-5.84135e-22
-5.9037e-22
-5.9465e-22
-5.97569e-22
-5.99608e-22
-6.01111e-22
-6.02343e-22
-6.03437e-22
-6.045e-22
-6.05585e-22
-6.06679e-22
-6.07744e-22
-6.08731e-22
-6.09588e-22
-6.10193e-22
-6.10451e-22
-6.10161e-22
-6.09182e-22
-6.07223e-22
-6.04006e-22
-5.99238e-22
-5.92572e-22
-5.83807e-22
-5.72945e-22
-5.60374e-22
-5.47067e-22
-5.34539e-22
-5.2474e-22
-5.19532e-22
-5.19972e-22
-5.2595e-22
-5.36137e-22
-5.48574e-22
-5.61219e-22
-5.72481e-22
-5.81394e-22
-5.87575e-22
-5.91069e-22
-5.92148e-22
-5.91247e-22
-5.88776e-22
-5.85141e-22
-5.80648e-22
-5.75568e-22
-5.70172e-22
-5.64788e-22
-5.59869e-22
-5.55991e-22
-5.53691e-22
-5.53362e-22
-5.55025e-22
-5.58184e-22
-5.61961e-22
-5.65249e-22
-5.66906e-22
-5.66001e-22
-5.61899e-22
-5.54426e-22
-5.44258e-22
-5.33021e-22
-5.23352e-22
-5.18221e-22
-5.19585e-22
-5.27307e-22
-5.39272e-22
-5.52625e-22
-5.65102e-22
-5.75693e-22
-5.84411e-22
-5.91737e-22
-5.98159e-22
-6.03857e-22
-6.08675e-22
-6.12275e-22
-6.14404e-22
-6.14867e-22
-6.13699e-22
-6.11042e-22
-6.07129e-22
-6.02213e-22
-5.96465e-22
-5.89995e-22
-5.82893e-22
-5.75388e-22
-5.67994e-22
-5.61662e-22
-5.57511e-22
-5.56571e-22
-5.59427e-22
-5.66099e-22
-5.76087e-22
-5.88703e-22
-6.03116e-22
-6.18414e-22
-6.33696e-22
-6.48173e-22
-6.61198e-22
-6.7239e-22
-6.81515e-22
-6.88467e-22
-6.93197e-22
-6.95626e-22
-6.95602e-22
-6.92931e-22
-6.87476e-22
-6.7911e-22
-6.68022e-22
-6.54845e-22
-6.40671e-22
-6.26921e-22
-6.14908e-22
-6.05469e-22
-5.98687e-22
-5.94265e-22
-5.91933e-22
-5.91743e-22
-5.93902e-22
-5.98429e-22
-6.04894e-22
-6.12441e-22
-6.20022e-22
-6.26601e-22
-6.31378e-22
-6.33867e-22
-6.33918e-22
-6.31705e-22
-6.27676e-22
-6.22556e-22
-6.17161e-22
-6.12369e-22
-6.08935e-22
-6.07404e-22
-6.07909e-22
-6.10309e-22
-6.1413e-22
-6.18685e-22
-6.23324e-22
-6.27524e-22
-6.31104e-22
-6.34195e-22
-6.37081e-22
-6.40069e-22
-6.43239e-22
-6.46433e-22
-6.49248e-22
-6.51181e-22
-6.51688e-22
-6.50354e-22
-6.46937e-22
-6.41324e-22
-6.3348e-22
-6.23557e-22
-6.11934e-22
-5.99295e-22
-5.8668e-22
-5.75486e-22
-5.67172e-22
-5.62778e-22
-5.62483e-22
-5.65547e-22
-5.70592e-22
-5.76185e-22
-5.8131e-22
-5.85469e-22
-5.88695e-22
-5.91163e-22
-5.93157e-22
-5.94766e-22
-5.95913e-22
-5.96383e-22
-5.9596e-22
-5.94533e-22
-5.92116e-22
-5.88923e-22
-5.85225e-22
-5.81368e-22
-5.77667e-22
-5.74313e-22
-5.71445e-22
-5.69131e-22
-5.67406e-22
-5.66286e-22
-5.6582e-22
-5.65998e-22
-5.66801e-22
-5.68169e-22
-5.7002e-22
-5.72238e-22
-5.74662e-22
-5.77183e-22
-5.79703e-22
-5.82159e-22
-5.84475e-22
-5.86581e-22
-5.88499e-22
-5.90171e-22
-5.91606e-22
-5.928e-22
-5.93746e-22
-5.94461e-22
-5.94957e-22
-5.95231e-22
-5.95293e-22
-5.95137e-22
-5.94768e-22
-5.94182e-22
-5.93358e-22
-5.9229e-22
-5.91021e-22
-5.89584e-22
-5.88058e-22
-5.86546e-22
-5.85209e-22
-5.84235e-22
-5.83872e-22
-5.84303e-22
-5.85685e-22
-5.88111e-22
-5.91555e-22
-5.95893e-22
-6.00913e-22
-6.06374e-22
-6.11966e-22
-6.17418e-22
-6.22431e-22
-6.26784e-22
-6.30204e-22
-6.32501e-22
-6.33495e-22
-6.33075e-22
-6.31247e-22
-6.28241e-22
-6.24462e-22
-6.20606e-22
-6.17554e-22
-6.1614e-22
-6.1693e-22
-6.20015e-22
-6.25e-22
-6.31276e-22
-6.38122e-22
-6.45045e-22
-6.51825e-22
-6.58432e-22
-6.65027e-22
-6.71757e-22
-6.7876e-22
-6.86028e-22
-6.93543e-22
-7.01118e-22
-7.0856e-22
-7.15642e-22
-7.22152e-22
-7.27882e-22
-7.32711e-22
-7.36451e-22
-7.39053e-22
-7.40449e-22
-7.40608e-22
-7.39584e-22
-7.37426e-22
-7.34252e-22
-7.30277e-22
-7.25692e-22
-7.20836e-22
-7.16055e-22
-7.11777e-22
-7.08435e-22
-7.06442e-22
-7.06094e-22
-7.07454e-22
-7.10289e-22
-7.14068e-22
-7.17967e-22
-7.21017e-22
-7.22326e-22
-7.2118e-22
-7.17256e-22
-7.10841e-22
-7.02818e-22
-6.94726e-22
-6.88516e-22
-6.86095e-22
-6.88825e-22
-6.97026e-22
-7.09845e-22
-7.25602e-22
-7.42314e-22
-7.58223e-22
-7.72032e-22
-7.82944e-22
-7.90612e-22
-7.94942e-22
-7.96176e-22
-7.94593e-22
-7.907e-22
-7.85198e-22
-7.79022e-22
-7.73232e-22
-7.68805e-22
-7.66566e-22
-7.66803e-22
-7.69308e-22
-7.73446e-22
-7.78398e-22
-7.83381e-22
-7.87819e-22
-7.91413e-22
-7.93994e-22
-7.95583e-22
-7.96254e-22
-7.96102e-22
-7.95253e-22
-7.93834e-22
-7.91912e-22
-7.89577e-22
-7.86812e-22
-7.83668e-22
-7.80109e-22
-7.76081e-22
-7.71525e-22
-7.66364e-22
-7.60525e-22
-7.54014e-22
-7.46926e-22
-7.39393e-22
-7.31745e-22
-7.24354e-22
-7.17692e-22
-7.12209e-22
-7.08276e-22
-7.06073e-22
-7.05552e-22
