0 20 8.20397
1 18 8.20397
2 16.2 8.20397
3 14.58 8.20397
4 13.122 8.20397
5 11.8098 8.20397
6 10.6288 8.20397
7 9.56594 8.20397
8 8.60934 7.04465
9 7.74841 7.04465
10 6.97357 7.04465
11 6.27621 7.04465
12 5.64859 7.04465
13 5.08373 7.04465
14 4.57536 7.04465
15 4.11782 7.04465
16 3.70604 7.04465
17 3.33544 7.04465
18 3.00189 7.04465
19 2.7017 7.04465
20 2.43153 7.04465
21 2.18838 7.04465
22 1.96954 7.04465
23 1.77259 7.04465
24 1.59533 7.04465
25 1.4358 7.04465
26 1.29222 7.04465
27 1.16299 7.04465
28 1.0467 7.04465
29 0.942026 7.04465
30 0.847823 7.04465
31 0.763041 5.48166
32 0.686737 5.48166
33 0.618063 5.48166
34 0.556257 5.48166
35 0.500631 5.48166
36 0.450568 5.48166
37 0.405511 5.48166
38 0.36496 5.48166
39 0.328464 5.48166
40 0.295618 5.17244
41 0.266056 5.17244
42 0.23945 4.95687
43 0.215505 4.31616
44 0.193955 3.867
45 0.174559 3.867
46 0.157103 3.867
47 0.141393 3.27253
48 0.127254 2.92677
49 0.114528 2.92677
50 0.103076 2.74205
51 0.092768 2.71512
52 0.0834912 2.49462
53 0.075142 2.32822
54 0.0676278 1.58353
55 0.0608651 1.58353
56 0.0547785 1.58353
57 0.0493007 1.58353
58 0.0443706 1.58353
59 0.0399336 1.33592
60 0.0359402 1.33592
61 0.0323462 1.30068
62 0.0291116 1.19515
63 0.0262004 1.19512
64 0.0235804 1.08142
65 0.0212223 1.04262
66 0.0191001 0.967285
67 0.0171901 0.9556
68 0.0154711 0.948874
69 0.013924 0.932528
70 0.0125316 0.932528
71 0.0112784 0.906977
72 0.0101506 0.906977
73 0.00913552 0.906977
74 0.00822197 0.903605
75 0.00739977 0.895192
76 0.00665979 0.895192
77 0.00599381 0.895192
78 0.00539443 0.895192
79 0.00485499 0.895192
80 0.00436949 0.895192
81 0.00393254 0.8944
82 0.00353929 0.8944
83 0.00318536 0.8944
84 0.00286682 0.8944
85 0.00258014 0.8944
86 0.00232213 0.8944
87 0.00208991 0.8944
88 0.00188092 0.8944
89 0.00169283 0.8944
90 0.00152355 0.8944
91 0.00137119 0.8944
92 0.00123407 0.8944
93 0.00111067 0.8944
94 0.000999599 0.8944
95 0.000899639 0.8944
96 0.000809675 0.8944
97 0.000728708 0.8944
98 0.000655837 0.8944
99 0.000590253 0.8944
