0 20 10.6617
1 18 10.4972
2 16.2 10.1458
3 14.58 10.1458
4 13.122 10.1458
5 11.8098 9.47342
6 10.6288 9.15424
7 9.56594 9.15424
8 8.60934 9.15424
9 7.74841 9.15424
10 6.97357 9.15424
11 6.27621 9.15424
12 5.64859 8.46577
13 5.08373 8.46577
14 4.57536 8.46577
15 4.11782 8.30866
16 3.70604 8.30866
17 3.33544 8.30866
18 3.00189 8.30866
19 2.7017 8.30866
20 2.43153 8.30866
21 2.18838 8.30866
22 1.96954 8.30866
23 1.77259 8.30866
24 1.59533 8.30866
25 1.4358 8.30866
26 1.29222 8.30866
27 1.16299 8.30866
28 1.0467 8.29409
29 0.942026 7.65987
30 0.847823 6.32115
31 0.763041 6.32115
32 0.686737 6.32115
33 0.618063 6.32115
34 0.556257 6.32115
35 0.500631 6.32115
36 0.450568 6.32115
37 0.405511 6.32115
38 0.36496 6.32115
39 0.328464 6.32115
40 0.295618 4.721
41 0.266056 4.721
42 0.23945 4.721
43 0.215505 4.721
44 0.193955 4.41411
45 0.174559 3.20926
46 0.157103 3.20926
47 0.141393 3.15135
48 0.127254 3.15135
49 0.114528 2.63414
50 0.103076 1.90105
51 0.092768 1.90105
52 0.0834912 1.74608
53 0.075142 1.74608
54 0.0676278 1.71906
55 0.0608651 1.60892
56 0.0547785 1.55215
57 0.0493007 1.41874
58 0.0443706 1.41874
59 0.0399336 1.35855
60 0.0359402 1.34985
61 0.0323462 1.26357
62 0.0291116 1.24631
63 0.0262004 1.10347
64 0.0235804 1.10347
65 0.0212223 1.10347
66 0.0191001 1.0165
67 0.0171901 1.0165
68 0.0154711 0.997978
69 0.013924 0.997978
70 0.0125316 0.948305
71 0.0112784 0.948305
72 0.0101506 0.939309
73 0.00913552 0.902624
74 0.00822197 0.902624
75 0.00739977 0.902624
76 0.00665979 0.902624
77 0.00599381 0.902624
78 0.00539443 0.902624
79 0.00485499 0.902624
80 0.00436949 0.902624
81 0.00393254 0.897254
82 0.00353929 0.897254
83 0.00318536 0.897254
84 0.00286682 0.896463
85 0.00258014 0.896463
86 0.00232213 0.895192
87 0.00208991 0.8944
88 0.00188092 0.8944
89 0.00169283 0.8944
90 0.00152355 0.8944
91 0.00137119 0.8944
92 0.00123407 0.8944
93 0.00111067 0.8944
94 0.000999599 0.8944
95 0.000899639 0.8944
96 0.000809675 0.8944
97 0.000728708 0.8944
98 0.000655837 0.8944
99 0.000590253 0.8944
