0 20 8.90961
1 18 8.90961
2 16.2 8.90961
3 14.58 8.90961
4 13.122 8.90961
5 11.8098 8.90961
6 10.6288 7.87877
7 9.56594 7.87877
8 8.60934 7.87877
9 7.74841 7.87877
10 6.97357 7.87877
11 6.27621 7.87877
12 5.64859 7.87877
13 5.08373 7.87877
14 4.57536 7.87877
15 4.11782 7.87877
16 3.70604 7.87877
17 3.33544 7.87877
18 3.00189 7.76282
19 2.7017 7.76282
20 2.43153 7.76282
21 2.18838 7.76282
22 1.96954 7.76282
23 1.77259 7.76282
24 1.59533 7.76282
25 1.4358 7.76282
26 1.29222 7.76282
27 1.16299 7.76282
28 1.0467 7.76282
29 0.942026 7.76282
30 0.847823 7.76282
31 0.763041 7.76282
32 0.686737 7.76282
33 0.618063 7.67088
34 0.556257 7.67088
35 0.500631 6.80406
36 0.450568 6.80406
37 0.405511 6.24086
38 0.36496 6.24086
39 0.328464 6.24086
40 0.295618 5.8565
41 0.266056 4.67045
42 0.23945 4.67045
43 0.215505 3.17449
44 0.193955 3.17449
45 0.174559 3.17449
46 0.157103 3.14366
47 0.141393 3.14366
48 0.127254 2.8171
49 0.114528 2.8171
50 0.103076 2.5448
51 0.092768 2.22973
52 0.0834912 2.22973
53 0.075142 2.22973
54 0.0676278 1.51355
55 0.0608651 1.51355
56 0.0547785 1.51355
57 0.0493007 1.51355
58 0.0443706 1.51355
59 0.0399336 1.28042
60 0.0359402 1.28042
61 0.0323462 1.05751
62 0.0291116 1.05751
63 0.0262004 1.05751
64 0.0235804 1.05751
65 0.0212223 1.05751
66 0.0191001 0.973011
67 0.0171901 0.916065
68 0.0154711 0.895192
69 0.013924 0.895192
70 0.0125316 0.895192
71 0.0112784 0.895192
72 0.0101506 0.895192
73 0.00913552 0.895192
74 0.00822197 0.895192
75 0.00739977 0.895192
76 0.00665979 0.895192
77 0.00599381 0.895192
78 0.00539443 0.895192
79 0.00485499 0.8944
80 0.00436949 0.8944
81 0.00393254 0.8944
82 0.00353929 0.8944
83 0.00318536 0.8944
84 0.00286682 0.8944
85 0.00258014 0.8944
86 0.00232213 0.8944
87 0.00208991 0.8944
88 0.00188092 0.8944
89 0.00169283 0.8944
90 0.00152355 0.8944
91 0.00137119 0.8944
92 0.00123407 0.8944
93 0.00111067 0.8944
94 0.000999599 0.8944
95 0.000899639 0.8944
96 0.000809675 0.8944
97 0.000728708 0.8944
98 0.000655837 0.8944
99 0.000590253 0.8944
