0 20 10.446
1 18 10.446
2 16.2 10.446
3 14.58 10.446
4 13.122 10.446
5 11.8098 9.08098
6 10.6288 9.08098
7 9.56594 9.08098
8 8.60934 9.08098
9 7.74841 9.08098
10 6.97357 9.08098
11 6.27621 9.08098
12 5.64859 9.08098
13 5.08373 8.69447
14 4.57536 8.69447
15 4.11782 8.69447
16 3.70604 8.69447
17 3.33544 8.69447
18 3.00189 8.69447
19 2.7017 8.69447
20 2.43153 7.49923
21 2.18838 7.49923
22 1.96954 7.49923
23 1.77259 7.49923
24 1.59533 7.49923
25 1.4358 7.28823
26 1.29222 7.28823
27 1.16299 7.28823
28 1.0467 7.28823
29 0.942026 7.28823
30 0.847823 7.28823
31 0.763041 7.28823
32 0.686737 7.28823
33 0.618063 6.49342
34 0.556257 6.49342
35 0.500631 6.34072
36 0.450568 6.34072
37 0.405511 5.2172
38 0.36496 5.2172
39 0.328464 5.2172
40 0.295618 5.2172
41 0.266056 4.73068
42 0.23945 4.73068
43 0.215505 3.53866
44 0.193955 3.53866
45 0.174559 3.53866
46 0.157103 3.26121
47 0.141393 3.26121
48 0.127254 3.26121
49 0.114528 2.42241
50 0.103076 2.42241
51 0.092768 2.42241
52 0.0834912 2.29451
53 0.075142 1.8223
54 0.0676278 1.8223
55 0.0608651 1.64264
56 0.0547785 1.19704
57 0.0493007 1.19704
58 0.0443706 1.19704
59 0.0399336 1.19704
60 0.0359402 1.19704
61 0.0323462 1.12746
62 0.0291116 1.12746
63 0.0262004 1.03747
64 0.0235804 0.913156
65 0.0212223 0.913156
66 0.0191001 0.913156
67 0.0171901 0.913156
68 0.0154711 0.913156
69 0.013924 0.913156
70 0.0125316 0.913141
71 0.0112784 0.903933
72 0.0101506 0.903933
73 0.00913552 0.903933
74 0.00822197 0.903933
75 0.00739977 0.903933
76 0.00665979 0.903142
77 0.00599381 0.902624
78 0.00539443 0.902624
79 0.00485499 0.902624
80 0.00436949 0.897254
81 0.00393254 0.895192
82 0.00353929 0.895192
83 0.00318536 0.895192
84 0.00286682 0.895192
85 0.00258014 0.895192
86 0.00232213 0.8944
87 0.00208991 0.8944
88 0.00188092 0.8944
89 0.00169283 0.8944
90 0.00152355 0.8944
91 0.00137119 0.8944
92 0.00123407 0.8944
93 0.00111067 0.8944
94 0.000999599 0.8944
95 0.000899639 0.8944
96 0.000809675 0.8944
97 0.000728708 0.8944
98 0.000655837 0.8944
99 0.000590253 0.8944
