0 20 10.6617
1 18 10.6617
2 16.2 8.03124
3 14.58 8.03124
4 13.122 8.03124
5 11.8098 8.03124
6 10.6288 8.03124
7 9.56594 8.03124
8 8.60934 8.03124
9 7.74841 8.03124
10 6.97357 8.03124
11 6.27621 8.03124
12 5.64859 7.82215
13 5.08373 6.80981
14 4.57536 6.80981
15 4.11782 6.80981
16 3.70604 6.80981
17 3.33544 6.80981
18 3.00189 6.80981
19 2.7017 6.80981
20 2.43153 6.80981
21 2.18838 6.80981
22 1.96954 6.80981
23 1.77259 6.80981
24 1.59533 6.80981
25 1.4358 6.80981
26 1.29222 6.80981
27 1.16299 6.80981
28 1.0467 6.80981
29 0.942026 6.80981
30 0.847823 6.80981
31 0.763041 5.75021
32 0.686737 5.75021
33 0.618063 5.75021
34 0.556257 5.75021
35 0.500631 5.75021
36 0.450568 5.75021
37 0.405511 5.47278
38 0.36496 5.47278
39 0.328464 5.01806
40 0.295618 5.01806
41 0.266056 5.01806
42 0.23945 5.01806
43 0.215505 3.94119
44 0.193955 3.89023
45 0.174559 2.71259
46 0.157103 2.71259
47 0.141393 2.71259
48 0.127254 2.71259
49 0.114528 2.66469
50 0.103076 2.45247
51 0.092768 2.45247
52 0.0834912 2.45247
53 0.075142 2.45247
54 0.0676278 2.0686
55 0.0608651 2.0686
56 0.0547785 1.69543
57 0.0493007 1.64093
58 0.0443706 1.64093
59 0.0399336 1.44037
60 0.0359402 1.34528
61 0.0323462 1.18906
62 0.0291116 1.15449
63 0.0262004 0.959166
64 0.0235804 0.959166
65 0.0212223 0.959166
66 0.0191001 0.959166
67 0.0171901 0.959166
68 0.0154711 0.959166
69 0.013924 0.959166
70 0.0125316 0.957671
71 0.0112784 0.957671
72 0.0101506 0.957671
73 0.00913552 0.940406
74 0.00822197 0.93222
75 0.00739977 0.911078
76 0.00665979 0.89977
77 0.00599381 0.89977
78 0.00539443 0.896463
79 0.00485499 0.896463
80 0.00436949 0.896463
81 0.00393254 0.896463
82 0.00353929 0.896463
83 0.00318536 0.896463
84 0.00286682 0.896463
85 0.00258014 0.896463
86 0.00232213 0.896463
87 0.00208991 0.8944
88 0.00188092 0.8944
89 0.00169283 0.8944
90 0.00152355 0.8944
91 0.00137119 0.8944
92 0.00123407 0.8944
93 0.00111067 0.8944
94 0.000999599 0.8944
95 0.000899639 0.8944
96 0.000809675 0.8944
97 0.000728708 0.8944
98 0.000655837 0.8944
99 0.000590253 0.8944
