20 -1.10751e-20 0
40 -1.10401e-20 3.49414e-23
60 -1.10345e-20 2.09385e-23
80 -1.10598e-20 2.92776e-23
100 -1.1045e-20 2.70792e-23
120 -1.10376e-20 2.33014e-23
140 -1.10551e-20 2.63096e-23
160 -1.1049e-20 2.35863e-23
180 -1.10495e-20 2.08085e-23
200 -1.10478e-20 1.86897e-23
220 -1.10505e-20 1.71125e-23
240 -1.10455e-20 1.63973e-23
260 -1.10493e-20 1.55603e-23
280 -1.1046e-20 1.47853e-23
300 -1.10447e-20 1.38279e-23
320 -1.1048e-20 1.3364e-23
340 -1.1047e-20 1.25968e-23
360 -1.10439e-20 1.22725e-23
380 -1.10413e-20 1.19023e-23
400 -1.10484e-20 1.33885e-23
420 -1.10424e-20 1.4093e-23
440 -1.104e-20 1.36536e-23
460 -1.10439e-20 1.36119e-23
480 -1.10405e-20 1.34603e-23
500 -1.10414e-20 1.29451e-23
520 -1.10383e-20 1.28411e-23
540 -1.10429e-20 1.31946e-23
560 -1.10387e-20 1.33876e-23
580 -1.10383e-20 1.2923e-23
600 -1.10412e-20 1.28164e-23
620 -1.10398e-20 1.24791e-23
640 -1.10406e-20 1.21088e-23
660 -1.10391e-20 1.18227e-23
680 -1.104e-20 1.15048e-23
700 -1.10418e-20 1.13061e-23
720 -1.104e-20 1.11345e-23
740 -1.10399e-20 1.08294e-23
760 -1.10415e-20 1.06578e-23
780 -1.10425e-20 1.04293e-23
800 -1.10412e-20 1.02459e-23
820 -1.10408e-20 1.0004e-23
840 -1.10425e-20 9.91066e-24
860 -1.10425e-20 9.67754e-24
880 -1.10414e-20 9.52026e-24
900 -1.10408e-20 9.32834e-24
920 -1.10433e-20 9.46073e-24
940 -1.10417e-20 9.38374e-24
960 -1.10413e-20 9.19551e-24
980 -1.10421e-20 9.03565e-24
1000 -1.10423e-20 8.85708e-24
