20 -9.06269e-21 0
40 -9.0628e-21 1.11278e-25
60 -9.06349e-21 6.94151e-25
80 -9.06432e-21 9.64177e-25
100 -9.06411e-21 7.7575e-25
120 -9.06355e-21 8.48009e-25
140 -9.06364e-21 7.22046e-25
160 -9.06309e-21 8.34281e-25
180 -9.06284e-21 7.76693e-25
200 -9.06265e-21 7.18294e-25
220 -9.06289e-21 6.91914e-25
240 -9.06304e-21 6.47763e-25
260 -9.06325e-21 6.32214e-25
280 -9.063e-21 6.36062e-25
300 -9.06324e-21 6.38294e-25
320 -9.06337e-21 6.11782e-25
340 -9.06339e-21 5.75157e-25
360 -9.06321e-21 5.72358e-25
380 -9.06284e-21 6.5795e-25
400 -9.06307e-21 6.66881e-25
420 -9.0629e-21 6.57493e-25
440 -9.06261e-21 6.91258e-25
460 -9.06257e-21 6.61589e-25
480 -9.06254e-21 6.33977e-25
500 -9.0625e-21 6.09533e-25
520 -9.06242e-21 5.91059e-25
540 -9.06233e-21 5.767e-25
560 -9.06237e-21 5.57495e-25
580 -9.06246e-21 5.455e-25
600 -9.06248e-21 5.27198e-25
620 -9.06242e-21 5.1258e-25
640 -9.06229e-21 5.14615e-25
660 -9.06231e-21 4.99324e-25
680 -9.06227e-21 4.86023e-25
700 -9.06228e-21 4.71978e-25
720 -9.06221e-21 4.63517e-25
740 -9.06232e-21 4.64565e-25
760 -9.06243e-21 4.64656e-25
780 -9.06246e-21 4.53825e-25
800 -9.06245e-21 4.42535e-25
820 -9.06247e-21 4.31973e-25
840 -9.06252e-21 4.24319e-25
860 -9.06255e-21 4.15887e-25
880 -9.06248e-21 4.12043e-25
900 -9.06248e-21 4.02796e-25
920 -9.06252e-21 3.95527e-25
940 -9.06237e-21 4.12048e-25
960 -9.06223e-21 4.29295e-25
980 -9.06219e-21 4.21667e-25
1000 -9.06225e-21 4.16439e-25
