20 2.01237e-21 0
40 1.97732e-21 3.50527e-23
60 1.97102e-21 2.11955e-23
80 1.99545e-21 2.86594e-23
100 1.98086e-21 2.65636e-23
120 1.97407e-21 2.27276e-23
140 1.99143e-21 2.58897e-23
160 1.98588e-21 2.30964e-23
180 1.98669e-21 2.03849e-23
200 1.98516e-21 1.82964e-23
220 1.98758e-21 1.67251e-23
240 1.98245e-21 1.61059e-23
260 1.98606e-21 1.52491e-23
280 1.98298e-21 1.44497e-23
300 1.98142e-21 1.35424e-23
320 1.98465e-21 1.30722e-23
340 1.98358e-21 1.23257e-23
360 1.98067e-21 1.19794e-23
380 1.97841e-21 1.15534e-23
400 1.98537e-21 1.29832e-23
420 1.97951e-21 1.36706e-23
440 1.97738e-21 1.32073e-23
460 1.9813e-21 1.32149e-23
480 1.97796e-21 1.30858e-23
500 1.97894e-21 1.25901e-23
520 1.97583e-21 1.24908e-23
540 1.98055e-21 1.29141e-23
560 1.97632e-21 1.31454e-23
580 1.97586e-21 1.26924e-23
600 1.97874e-21 1.25961e-23
620 1.97735e-21 1.22615e-23
640 1.97828e-21 1.19085e-23
660 1.97683e-21 1.16329e-23
680 1.97777e-21 1.13243e-23
700 1.9795e-21 1.1132e-23
720 1.97777e-21 1.09568e-23
740 1.97762e-21 1.06575e-23
760 1.97909e-21 1.04767e-23
780 1.98006e-21 1.02506e-23
800 1.97879e-21 1.00715e-23
820 1.97831e-21 9.83485e-24
840 1.97996e-21 9.7398e-24
860 1.97997e-21 9.5106e-24
880 1.97893e-21 9.35041e-24
900 1.97829e-21 9.16248e-24
920 1.98076e-21 9.29495e-24
940 1.97936e-21 9.20126e-24
960 1.9791e-21 9.0115e-24
980 1.97986e-21 8.85875e-24
1000 1.98007e-21 8.68239e-24
