20 3.99669e+08 0
40 4.04411e+08 4.74244e+06
60 4.04586e+08 2.74363e+06
80 4.01689e+08 3.48722e+06
100 4.03456e+08 3.22809e+06
120 4.04426e+08 2.80839e+06
140 4.0243e+08 3.10138e+06
160 4.03287e+08 2.8193e+06
180 4.03268e+08 2.48646e+06
200 4.03693e+08 2.26409e+06
220 4.03271e+08 2.09084e+06
240 4.03903e+08 2.01045e+06
260 4.03363e+08 1.92673e+06
280 4.03759e+08 1.82726e+06
300 4.03907e+08 1.70751e+06
320 4.03451e+08 1.66083e+06
340 4.03587e+08 1.56596e+06
360 4.03919e+08 1.51335e+06
380 4.04127e+08 1.44647e+06
400 4.03274e+08 1.61558e+06
420 4.0401e+08 1.70378e+06
440 4.04238e+08 1.64043e+06
460 4.03751e+08 1.6415e+06
480 4.04213e+08 1.6382e+06
500 4.0408e+08 1.57698e+06
520 4.04428e+08 1.55466e+06
540 4.03796e+08 1.62406e+06
560 4.04273e+08 1.63618e+06
580 4.04288e+08 1.57882e+06
600 4.03899e+08 1.57407e+06
620 4.04051e+08 1.53004e+06
640 4.03937e+08 1.48585e+06
660 4.04094e+08 1.44863e+06
680 4.03958e+08 1.41196e+06
700 4.03779e+08 1.3826e+06
720 4.03988e+08 1.35978e+06
740 4.04027e+08 1.32309e+06
760 4.03859e+08 1.29871e+06
780 4.03745e+08 1.27009e+06
800 4.039e+08 1.24751e+06
820 4.03987e+08 1.21985e+06
840 4.03795e+08 1.20583e+06
860 4.03798e+08 1.17746e+06
880 4.03936e+08 1.15863e+06
900 4.0402e+08 1.13574e+06
920 4.03716e+08 1.15168e+06
940 4.03908e+08 1.14318e+06
960 4.03955e+08 1.1201e+06
980 4.03884e+08 1.09926e+06
1000 4.03876e+08 1.07709e+06
