20 97.1703 0
40 95.4778 1.69257
60 95.1736 1.02346
80 96.3531 1.38386
100 95.6487 1.28266
120 95.3208 1.09743
140 96.159 1.25012
160 95.8913 1.11524
180 95.9301 0.984317
200 95.8565 0.883468
220 95.9732 0.807596
240 95.7256 0.777698
260 95.9 0.736327
280 95.7513 0.697724
300 95.6758 0.653916
320 95.8316 0.631209
340 95.78 0.595163
360 95.6395 0.578444
380 95.5306 0.557874
400 95.8667 0.626913
420 95.5836 0.660104
440 95.4807 0.637735
460 95.67 0.638099
480 95.5087 0.631867
500 95.5563 0.607931
520 95.4059 0.603137
540 95.634 0.623577
560 95.4294 0.634745
580 95.4071 0.612872
600 95.5463 0.608223
620 95.4794 0.592064
640 95.5243 0.575018
660 95.4542 0.561711
680 95.4994 0.546813
700 95.5832 0.537524
720 95.4993 0.529065
740 95.4925 0.514613
760 95.5634 0.505885
780 95.6103 0.494967
800 95.549 0.486315
820 95.5254 0.47489
840 95.6054 0.470301
860 95.6058 0.459234
880 95.5554 0.451498
900 95.5246 0.442424
920 95.6438 0.44882
940 95.5765 0.444296
960 95.5636 0.435134
980 95.6005 0.427758
1000 95.6108 0.419242
