97.7062
99.804
101.426
102.567
103.308
103.766
104.033
104.097
103.813
102.945
101.28
98.7616
95.5864
92.2144
89.2592
87.2938
86.682
87.4671
89.3916
92.0051
94.7872
97.271
99.1156
100.13
100.288
99.704
98.6117
97.2899
95.967
94.738
93.5748
92.4222
91.2829
90.2247
89.3305
88.644
88.168
87.9112
87.9281
88.3154
89.1576
90.4547
92.0931
93.857
95.4865
96.7296
97.3925
97.3909
96.7772
95.7408
94.5508
93.4882
92.7734
92.5439
92.8434
93.6201
94.7327
96.0034
97.2649
98.4035
99.3797
100.23
101.01
101.759
102.454
102.998
103.267
103.161
102.651
101.784
100.679
99.503
98.441
97.6571
97.2431
97.1708
97.2945
97.3818
97.1966
96.574
95.4795
94.0214
92.4119
90.8867
89.6401
88.8044
88.4386
88.5437
89.0664
89.9164
90.9837
92.1586
93.3378
94.4352
95.3872
96.1462
96.6701
96.9152
96.8596
96.5193
95.9681
95.32
94.6904
94.1457
93.7017
93.3539
93.1095
92.989
93.0006
93.0953
93.177
93.1483
92.965
92.6885
92.4758
92.505
92.8931
93.661
94.7372
95.9967
97.2508
98.284
98.9546
99.3118
99.6014
100.114
100.976
102.072
103.169
104.057
104.619
104.809
104.641
104.142
103.354
102.334
101.138
99.8015
98.3406
96.7917
95.2325
93.798
92.6815
92.1034
92.2131
92.9747
94.1472
95.3668
96.2871
96.6767
96.4717
95.774
94.8145
93.8789
93.2135
92.9268
92.941
93.0606
93.051
92.7345
92.0513
91.068
89.9629
88.973
88.3202
88.1479
88.4956
89.3404
90.6369
92.3269
94.3478
96.6158
99.0067
101.364
103.511
105.254
106.425
106.888
106.572
105.502
103.784
101.586
99.1046
96.5306
94.0385
91.7952
89.9471
88.6383
88
88.1347
89.0841
90.7845
93.024
95.454
97.6666
99.2955
100.104
100.027
99.163
97.726
95.9924
94.2405
92.6978
91.5373
90.9004
90.9021
91.5963
92.9341
94.7542
96.8182
98.8554
100.627
101.958
102.765
103.041
102.827
102.165
101.069
99.5363
97.5759
95.2422
92.6472
89.9613
87.4007
85.2033
83.5988
82.761
82.7927
83.7185
85.4875
87.9715
90.9544
94.1566
97.2766
100.042
102.261
103.834
104.752
105.073
104.905
104.372
103.614
102.773
102.007
101.44
101.082
100.794
100.372
99.6892
98.7549
97.7037
96.6983
95.8474
95.1729
94.6263
94.1227
93.5776
92.9642
92.3503
91.8905
91.7698
92.1136
92.9221
94.0653
95.3411
96.5515
97.528
98.1568
98.3751
98.1705
97.5844
96.6884
95.5568
94.2343
92.7589
91.2063
89.7183
88.4853
87.6949
87.457
87.763
88.4931
89.4441
90.398
91.1703
91.6662
91.9063
92.0187
92.2009
92.6481
93.4871
94.7204
96.2289
97.8206
99.2692
100.378
101.013
101.117
100.716
99.9261
98.9475
98.0383
97.4447
97.312
97.6141
98.1479
98.6201
98.7582
98.4317
97.6961
96.7717
95.9574
95.5339
95.6677
96.3819
97.5692
99.0403
100.572
101.942
102.922
103.326
103.045
102.076
100.546
98.6776
96.7317
94.9309
93.4188
92.2542
91.4497
90.9975
90.8909
91.0966
91.5528
92.1549
92.763
93.2319
93.4508
93.386
93.0922
92.6814
92.2554
91.8634
91.5122
91.2054
90.9832
90.9314
91.1384
91.6388
92.3798
93.2413
94.0848
94.7934
95.299
95.5762
95.6325
95.496
95.1986
94.7832
94.3301
93.9617
93.8198
94.0276
94.6462
95.6651
96.9955
98.4497
99.7559
100.596
100.672
99.7959
97.9304
95.2228
92.0001
88.7474
86.0382
84.4425
84.3535
85.8159
88.4934
91.8338
95.2997
98.52
101.308
103.591
105.321
106.418
106.786
106.387
105.324
103.892
102.522
101.625
101.375
101.655
102.19
102.698
102.979
102.904
102.398
101.408
99.9306
98.0126
95.7681
93.3729
91.0349
88.9402
87.2072
85.8611
84.8572
84.1532
83.7407
83.6843
84.0846
85.0307
86.5181
88.4081
90.4355
92.285
93.6969
94.5579
94.9191
94.9385
94.7701
94.4994
94.1437
93.7048
93.2213
92.7759
92.4523
92.2916
92.284
92.3757
92.4988
92.6055
92.6804
92.746
92.8306
92.9592
93.1559
93.4473
93.8921
94.5854
95.6127
96.9959
98.6508
100.401
102.049
103.426
104.43
105.019
105.19
104.953
104.309
103.261
101.842
100.117
98.1839
96.1605
94.1618
92.3094
90.7481
89.631
89.0985
89.2257
89.9679
91.1632
92.5607
93.8854
94.8984
95.4376
95.4369
94.9269
94.0244
92.8878
91.6841
90.5664
89.6569
89.0534
88.8154
88.9487
89.3901
90.0287
90.7525
91.4911
92.2278
93.0026
93.8854
94.9347
96.1679
97.5566
99.029
100.48
101.786
102.807
103.401
103.449
102.885
101.715
100.03
97.9941
95.8023
93.6321
91.604
89.7725
88.152
86.7571
85.6528
84.9671
84.8439
85.3623
86.4842
88.0779
89.9895
92.0935
94.2976
96.5011
98.5876
100.427
101.913
103.002
103.696
104.038
104.088
103.907
103.551
103.074
102.527
101.97
101.472
101.1
100.896
100.86
100.926
100.97
100.842
100.392
99.5072
98.1435
96.3194
94.1176
91.6572
89.1085
86.6924
84.6933
83.4106
83.0683
83.7113
85.1726
87.1344
89.2339
91.1504
92.6684
93.6824
94.1914
94.2726
94.0605
93.7062
93.3479
93.0694
92.8708
92.6842
92.4113
91.9796
91.4018
90.7905
90.3256
90.1658
90.3937
91.0108
91.9802
93.2489
94.7319
96.3015
97.8166
99.1894
100.431
101.599
102.706
103.608
104.079
103.918
103.066
101.629
99.8285
97.9415
96.2571
95.044
94.5121
94.7551
95.7161
97.1996
98.9137
100.536
101.773
102.421
102.395
101.745
100.635
99.2703
97.8111
96.3298
94.8361
93.33
91.8664
90.5546
89.5009
88.7766
88.4054
88.3867
88.7355
89.4783
90.6141
92.1015
93.8633
95.7743
97.6683
99.356
100.653
101.426
101.624
101.312
100.679
100.029
99.6738
99.7969
100.331
101.01
101.506
101.57
101.07
99.9844
98.3538
96.279
93.9436
91.6122
89.5434
87.8649
86.5567
85.5768
84.9604
84.784
85.0518
85.6682
86.4985
87.4461
88.4695
89.5518
90.6625
91.7561
92.7806
93.7197
94.6292
95.6498
96.9535
98.6678
100.798
103.175
105.513
107.49
108.854
109.476
109.356
108.583
107.299
105.646
103.737
101.637
99.3757
97.0183
94.7197
92.6902
91.0613
89.7799
88.6855
87.6672
86.7505
86.0581
85.7036
85.7328
86.1256
86.8418
87.8492
89.109
90.5535
92.1108
93.7603
95.5378
97.4689
99.5234
101.603
103.555
105.213
106.43
107.091
107.144
106.605
105.547
104.102
102.441
100.744
99.1818
97.8883
96.9581
96.45
96.3497
96.5747
96.9688
97.3387
97.4665
97.1467
96.1993
94.5176
92.1042
89.1169
85.8767
82.8201
80.3749
78.8466
78.373
78.9539
80.4796
82.7617
85.5563
88.5861
91.5763
94.295
96.6006
98.4431
99.8397
100.837
101.491
101.853
101.962
101.835
101.475
100.878
100.079
99.1622
98.2538
97.4987
97.0335
96.957
97.3049
98.0473
99.0843
100.27
101.422
102.328
102.768
102.562
101.658
100.194
98.4977
96.9422
95.7671
94.9588
94.3098
93.5714
92.5868
91.3441
89.974
88.7008
87.7805
87.4537
87.9157
89.268
91.4786
94.3559
97.5759
100.761
103.546
105.657
106.926
107.303
106.839
105.656
103.918
101.81
99.5593
97.4305
95.7091
94.6308
94.2884
94.5917
95.2995
96.1048
96.739
97.0117
96.8098
96.0823
94.8514
93.211
91.3531
89.534
88.0499
87.1764
87.1047
87.8649
89.3083
91.1388
92.9942
94.5524
95.5997
96.055
95.9501
95.3834
94.4756
93.3749
92.2446
91.2662
90.6115
90.4324
90.8434
91.9133
93.6498
95.992
98.7884
101.783
104.615
106.888
108.287
108.675
108.133
106.919
105.376
103.815
102.433
101.276
100.256
99.2144
97.996
96.5028
94.7308
92.788
90.8769
89.2703
88.2264
87.8773
88.1731
88.9144
89.8725
90.8915
91.9156
92.9765
94.1174
95.3416
96.581
97.7162
98.6192
99.1956
99.4073
99.28
98.884
98.3014
97.6007
96.8359
96.052
95.3029
94.6502
94.1344
93.7626
93.5085
93.3301
93.1847
93.0497
92.9322
92.8562
92.8491
92.9206
93.0386
93.1708
93.3275
93.5614
93.887
94.1908
94.2662
93.9643
93.3115
92.5058
91.809
91.4452
91.515
92.0056
92.8184
93.807
94.8176
95.6925
96.2822
96.4656
96.158
95.3502
94.1678
92.9374
92.1615
92.2955
93.4015
95.1003
96.8666
98.2966
99.1897
99.5221
99.4247
99.1426
98.9659
99.1348
99.7723
100.855
102.215
103.596
104.732
105.429
105.594
105.212
104.304
102.904
101.055
98.8414
96.394
93.8813
91.4649
89.2793
87.4574
86.1438
85.5076
85.7016
86.7874
88.6739
91.0957
93.6702
95.9923
97.7366
98.7172
98.9034
98.4007
97.3952
96.1036
94.7337
93.4513
92.3836
91.6385
91.3025
91.4232
91.9928
92.9374
94.1396
95.4564
96.7406
97.8519
98.6544
99.03
98.9111
98.3061
97.3029
96.0506
94.7517
93.6356
92.9239
92.7862
93.2893
94.3489
95.7401
97.1547
98.2966
98.987
99.2172
99.1412
98.9953
98.9553
99.0361
99.1123
99.0251
98.6755
98.0598
97.2398
96.3258
95.4571
94.7896
94.4423
94.4623
94.7964
95.3239
95.9116
96.4636
96.9342
97.2879
97.5022
97.5626
97.4875
97.3323
97.1828
97.1039
97.0947
97.0851
96.9469
96.5334
95.7287
94.4708
92.783
90.7908
