-9.06782e-21
-9.06849e-21
-9.06908e-21
-9.06762e-21
-9.06853e-21
-9.06539e-21
-9.06127e-21
-9.06395e-21
-9.0619e-21
-9.06096e-21
-9.05703e-21
-9.05592e-21
-9.05554e-21
-9.05365e-21
-9.05629e-21
-9.05616e-21
-9.06181e-21
-9.06611e-21
-9.06962e-21
-9.0667e-21
-9.07078e-21
-9.07187e-21
-9.07136e-21
-9.07008e-21
-9.06678e-21
-9.06494e-21
-9.0626e-21
-9.06241e-21
-9.05989e-21
-9.05847e-21
-9.058e-21
-9.05907e-21
-9.06184e-21
-9.05782e-21
-9.06145e-21
-9.06242e-21
-9.05856e-21
-9.06013e-21
-9.06027e-21
-9.05953e-21
-9.06212e-21
-9.06298e-21
-9.06346e-21
-9.06505e-21
-9.0634e-21
-9.06557e-21
-9.0653e-21
-9.06554e-21
-9.06391e-21
-9.06386e-21
-9.06494e-21
-9.06548e-21
-9.06424e-21
-9.06747e-21
-9.06747e-21
-9.06618e-21
-9.06507e-21
-9.06412e-21
-9.0661e-21
-9.06524e-21
-9.06546e-21
-9.06634e-21
-9.06786e-21
-9.06458e-21
-9.06653e-21
-9.065e-21
-9.06161e-21
-9.06292e-21
-9.0648e-21
-9.06578e-21
-9.06707e-21
-9.06606e-21
-9.06864e-21
-9.06828e-21
-9.06852e-21
-9.07125e-21
-9.0698e-21
-9.06784e-21
-9.06866e-21
-9.06928e-21
-9.06623e-21
-9.06301e-21
-9.06243e-21
-9.06231e-21
-9.06092e-21
-9.05918e-21
-9.05802e-21
-9.05627e-21
-9.05758e-21
-9.05921e-21
-9.06329e-21
-9.06447e-21
-9.06276e-21
-9.06519e-21
-9.06805e-21
-9.06761e-21
-9.06921e-21
-9.06753e-21
-9.06637e-21
-9.06585e-21
-9.06768e-21
-9.06654e-21
-9.0699e-21
-9.06742e-21
-9.06494e-21
-9.06514e-21
-9.06484e-21
-9.06244e-21
-9.06268e-21
-9.06061e-21
-9.0551e-21
-9.05372e-21
-9.0545e-21
-9.05553e-21
-9.05534e-21
-9.05761e-21
-9.05788e-21
-9.05807e-21
-9.05751e-21
-9.05717e-21
-9.06227e-21
-9.06268e-21
-9.06137e-21
-9.06309e-21
-9.0692e-21
-9.06881e-21
-9.07269e-21
-9.07346e-21
-9.07106e-21
-9.07368e-21
-9.06971e-21
-9.06519e-21
-9.06447e-21
-9.05954e-21
-9.05793e-21
-9.05751e-21
-9.05934e-21
-9.058e-21
-9.0567e-21
-9.05659e-21
-9.0567e-21
-9.05608e-21
-9.05539e-21
-9.05619e-21
-9.05979e-21
-9.06093e-21
-9.06247e-21
-9.06268e-21
-9.06121e-21
-9.06052e-21
-9.0572e-21
-9.05587e-21
-9.05458e-21
-9.0603e-21
-9.06266e-21
-9.06233e-21
-9.06115e-21
-9.0611e-21
-9.06007e-21
-9.05717e-21
-9.05591e-21
-9.0517e-21
-9.05332e-21
-9.0549e-21
-9.05687e-21
-9.06062e-21
-9.06168e-21
-9.06212e-21
-9.06353e-21
-9.06482e-21
-9.06542e-21
-9.06688e-21
-9.06589e-21
-9.06831e-21
-9.06712e-21
-9.06662e-21
-9.06473e-21
-9.06047e-21
-9.05456e-21
-9.05148e-21
-9.05085e-21
-9.05169e-21
-9.05346e-21
-9.05454e-21
-9.06188e-21
-9.06095e-21
-9.05979e-21
-9.06052e-21
-9.06097e-21
-9.0605e-21
-9.06162e-21
-9.06514e-21
-9.06966e-21
-9.06906e-21
-9.06441e-21
-9.06395e-21
-9.06426e-21
-9.06195e-21
-9.06214e-21
-9.06286e-21
-9.06151e-21
-9.06335e-21
-9.06508e-21
-9.06603e-21
-9.06726e-21
-9.07082e-21
-9.07278e-21
-9.07343e-21
-9.07525e-21
-9.07438e-21
-9.07081e-21
-9.06736e-21
-9.06203e-21
-9.05876e-21
-9.06039e-21
-9.06371e-21
-9.05906e-21
-9.05816e-21
-9.0594e-21
-9.05587e-21
-9.05413e-21
-9.05484e-21
-9.05702e-21
-9.05808e-21
-9.05857e-21
-9.05841e-21
-9.06014e-21
-9.06414e-21
-9.06488e-21
-9.06705e-21
-9.06885e-21
-9.07012e-21
-9.07185e-21
-9.07349e-21
-9.07466e-21
-9.07445e-21
-9.07146e-21
-9.06641e-21
-9.05991e-21
-9.06387e-21
-9.06327e-21
-9.06027e-21
-9.06243e-21
-9.06435e-21
-9.06645e-21
-9.0673e-21
-9.06936e-21
-9.07051e-21
-9.071e-21
-9.06739e-21
-9.06948e-21
-9.06811e-21
-9.06903e-21
-9.07097e-21
-9.07007e-21
-9.06469e-21
-9.06186e-21
-9.06176e-21
-9.05816e-21
-9.05923e-21
-9.05903e-21
-9.06273e-21
-9.06197e-21
-9.06405e-21
-9.06195e-21
-9.06107e-21
-9.06098e-21
-9.05909e-21
-9.06143e-21
-9.05844e-21
-9.05987e-21
-9.05985e-21
-9.05889e-21
-9.0596e-21
-9.05881e-21
-9.05825e-21
-9.05699e-21
-9.0588e-21
-9.0556e-21
-9.05784e-21
-9.05941e-21
-9.05739e-21
-9.05921e-21
-9.06006e-21
-9.05954e-21
-9.06056e-21
-9.05907e-21
-9.05955e-21
-9.05939e-21
-9.06387e-21
-9.06902e-21
-9.07135e-21
-9.0744e-21
-9.07647e-21
-9.07486e-21
-9.07398e-21
-9.07559e-21
-9.07556e-21
-9.07408e-21
-9.06811e-21
-9.06478e-21
-9.06736e-21
-9.06501e-21
-9.06494e-21
-9.06405e-21
-9.06206e-21
-9.0616e-21
-9.06123e-21
-9.06027e-21
-9.06016e-21
-9.06224e-21
-9.06174e-21
-9.06547e-21
-9.06831e-21
-9.06782e-21
-9.067e-21
-9.06841e-21
-9.07043e-21
-9.07198e-21
-9.07255e-21
-9.07013e-21
-9.07189e-21
-9.06788e-21
-9.06855e-21
-9.06332e-21
-9.05915e-21
-9.06125e-21
-9.06247e-21
-9.06322e-21
-9.06288e-21
-9.06253e-21
-9.06429e-21
-9.06488e-21
-9.06477e-21
-9.06331e-21
-9.06369e-21
-9.06165e-21
-9.05946e-21
-9.05998e-21
-9.06015e-21
-9.06005e-21
-9.06223e-21
-9.06178e-21
-9.06079e-21
-9.0636e-21
-9.05849e-21
-9.06271e-21
-9.0617e-21
-9.06013e-21
-9.06319e-21
-9.06435e-21
-9.06149e-21
-9.06058e-21
-9.0569e-21
-9.05589e-21
-9.05438e-21
-9.05885e-21
-9.05748e-21
-9.05999e-21
-9.05736e-21
-9.0577e-21
-9.05617e-21
-9.05485e-21
-9.05303e-21
-9.05485e-21
-9.05103e-21
-9.04993e-21
-9.05088e-21
-9.05438e-21
-9.05523e-21
-9.05316e-21
-9.04853e-21
-9.04977e-21
-9.05243e-21
-9.05406e-21
-9.05372e-21
-9.05763e-21
-9.06631e-21
-9.07247e-21
-9.076e-21
-9.07834e-21
-9.07436e-21
-9.07412e-21
-9.07205e-21
-9.06774e-21
-9.07188e-21
-9.06938e-21
-9.0694e-21
-9.06679e-21
-9.06569e-21
-9.06806e-21
-9.06817e-21
-9.0657e-21
-9.06753e-21
-9.06459e-21
-9.06478e-21
-9.06554e-21
-9.0649e-21
-9.0571e-21
-9.05452e-21
-9.05243e-21
-9.0552e-21
-9.05493e-21
-9.04961e-21
-9.04952e-21
-9.05094e-21
-9.05107e-21
-9.05135e-21
-9.04997e-21
-9.0533e-21
-9.0555e-21
-9.05884e-21
-9.06022e-21
-9.06719e-21
-9.06996e-21
-9.07098e-21
-9.0737e-21
-9.07255e-21
-9.07077e-21
-9.07075e-21
-9.06479e-21
-9.06338e-21
-9.06072e-21
-9.0567e-21
-9.05706e-21
-9.0542e-21
-9.05459e-21
-9.05351e-21
-9.05423e-21
-9.04918e-21
-9.04899e-21
-9.05194e-21
-9.05367e-21
-9.05367e-21
-9.05683e-21
-9.05892e-21
-9.05679e-21
-9.05793e-21
-9.06127e-21
-9.06143e-21
-9.06114e-21
-9.05941e-21
-9.06165e-21
-9.06293e-21
-9.06201e-21
-9.064e-21
-9.06504e-21
-9.06355e-21
-9.06339e-21
-9.06255e-21
-9.06489e-21
-9.06511e-21
-9.06749e-21
-9.06504e-21
-9.06261e-21
-9.06083e-21
-9.05547e-21
-9.05624e-21
-9.05512e-21
-9.05638e-21
-9.05844e-21
-9.056e-21
-9.05977e-21
-9.06486e-21
-9.06836e-21
-9.06895e-21
-9.06909e-21
-9.0692e-21
-9.06929e-21
-9.06522e-21
-9.06359e-21
-9.06301e-21
-9.061e-21
-9.05605e-21
-9.05469e-21
-9.05527e-21
-9.05774e-21
-9.05882e-21
-9.05847e-21
-9.06086e-21
-9.05997e-21
-9.05889e-21
-9.0597e-21
-9.05924e-21
-9.05709e-21
-9.05765e-21
-9.05834e-21
-9.05757e-21
-9.0617e-21
-9.06421e-21
-9.06661e-21
-9.06453e-21
-9.06435e-21
-9.06444e-21
-9.06583e-21
-9.06586e-21
-9.06464e-21
-9.06067e-21
-9.05842e-21
-9.0602e-21
-9.06022e-21
-9.05958e-21
-9.05924e-21
-9.05855e-21
-9.05201e-21
-9.05406e-21
-9.0519e-21
-9.05531e-21
-9.05635e-21
-9.05871e-21
-9.06594e-21
-9.06384e-21
-9.06894e-21
-9.0689e-21
-9.06597e-21
-9.06339e-21
-9.06326e-21
-9.06234e-21
-9.05955e-21
-9.06036e-21
-9.06005e-21
-9.0582e-21
-9.05915e-21
-9.05915e-21
-9.06141e-21
-9.06326e-21
-9.06146e-21
-9.06138e-21
-9.05982e-21
-9.06003e-21
-9.06034e-21
-9.06285e-21
-9.06101e-21
-9.06377e-21
-9.06195e-21
-9.05927e-21
-9.05685e-21
-9.05588e-21
-9.05542e-21
-9.05562e-21
-9.05764e-21
-9.05728e-21
-9.05733e-21
-9.06059e-21
-9.05857e-21
-9.06519e-21
-9.06457e-21
-9.06381e-21
-9.06411e-21
-9.06419e-21
-9.06624e-21
-9.06558e-21
-9.06621e-21
-9.06566e-21
-9.06575e-21
-9.06394e-21
-9.06349e-21
-9.06551e-21
-9.06616e-21
-9.06957e-21
-9.07183e-21
-9.0712e-21
-9.07093e-21
-9.06522e-21
-9.06393e-21
-9.06138e-21
-9.05973e-21
-9.06049e-21
-9.06132e-21
-9.05887e-21
-9.06008e-21
-9.06384e-21
-9.06522e-21
-9.06685e-21
-9.06446e-21
-9.06629e-21
-9.06609e-21
-9.0676e-21
-9.06628e-21
-9.0683e-21
-9.0693e-21
-9.06733e-21
-9.06436e-21
-9.05961e-21
-9.06077e-21
-9.05824e-21
-9.06112e-21
-9.06343e-21
-9.06231e-21
-9.06444e-21
-9.06629e-21
-9.06813e-21
-9.06717e-21
-9.06341e-21
-9.06396e-21
-9.06366e-21
-9.06335e-21
-9.06114e-21
-9.0556e-21
-9.0542e-21
-9.05251e-21
-9.05839e-21
-9.05782e-21
-9.05568e-21
-9.05643e-21
-9.05579e-21
-9.05803e-21
-9.06036e-21
-9.06163e-21
-9.06344e-21
-9.0637e-21
-9.06292e-21
-9.06692e-21
-9.06703e-21
-9.06534e-21
-9.06117e-21
-9.05986e-21
-9.06297e-21
-9.06413e-21
-9.06295e-21
-9.06394e-21
-9.06144e-21
-9.05895e-21
-9.05874e-21
-9.06072e-21
-9.05957e-21
-9.06071e-21
-9.05955e-21
-9.05777e-21
-9.05455e-21
-9.05493e-21
-9.05321e-21
-9.05271e-21
-9.05625e-21
-9.05438e-21
-9.05847e-21
-9.05922e-21
-9.05628e-21
-9.0602e-21
-9.05981e-21
-9.05905e-21
-9.05947e-21
-9.06192e-21
-9.06087e-21
-9.06065e-21
-9.06298e-21
-9.06204e-21
-9.06375e-21
-9.06108e-21
-9.05829e-21
-9.0608e-21
-9.0628e-21
-9.06342e-21
-9.06277e-21
-9.0646e-21
-9.06659e-21
-9.06731e-21
-9.07021e-21
-9.06815e-21
-9.0644e-21
-9.06509e-21
-9.0635e-21
-9.06151e-21
-9.06138e-21
-9.06157e-21
-9.06308e-21
-9.06319e-21
-9.06282e-21
-9.06415e-21
-9.0598e-21
-9.05802e-21
-9.05932e-21
-9.05854e-21
-9.06069e-21
-9.06252e-21
-9.05944e-21
-9.06246e-21
-9.05771e-21
-9.05741e-21
-9.05713e-21
-9.05569e-21
-9.05632e-21
-9.05796e-21
-9.06003e-21
-9.06247e-21
-9.06158e-21
-9.06663e-21
-9.06425e-21
-9.06295e-21
-9.06365e-21
-9.06462e-21
-9.06095e-21
-9.06499e-21
-9.06447e-21
-9.0627e-21
-9.06358e-21
-9.06618e-21
-9.06308e-21
-9.06355e-21
-9.06437e-21
-9.06343e-21
-9.06387e-21
-9.06455e-21
-9.06485e-21
-9.06305e-21
-9.06275e-21
-9.06434e-21
-9.06341e-21
-9.06365e-21
-9.05969e-21
-9.05747e-21
-9.06139e-21
-9.05768e-21
-9.0536e-21
-9.05272e-21
-9.05589e-21
-9.05516e-21
-9.05308e-21
-9.0584e-21
-9.05849e-21
-9.06165e-21
-9.0618e-21
-9.06472e-21
-9.06762e-21
-9.0694e-21
-9.06903e-21
-9.06827e-21
-9.06733e-21
-9.06798e-21
-9.06818e-21
-9.06849e-21
-9.06891e-21
-9.06514e-21
-9.06625e-21
-9.06362e-21
-9.06474e-21
-9.06589e-21
-9.06393e-21
-9.06704e-21
-9.06721e-21
-9.06287e-21
-9.0636e-21
-9.06554e-21
-9.07017e-21
-9.07358e-21
-9.07832e-21
-9.07737e-21
-9.07438e-21
-9.07309e-21
-9.06867e-21
-9.06614e-21
-9.06371e-21
-9.06126e-21
-9.0639e-21
-9.06186e-21
-9.06325e-21
-9.06275e-21
-9.06278e-21
-9.05754e-21
-9.05697e-21
-9.05654e-21
-9.05543e-21
-9.05646e-21
-9.05855e-21
-9.06162e-21
-9.06341e-21
-9.06365e-21
-9.06474e-21
-9.06954e-21
-9.07359e-21
-9.07684e-21
-9.07513e-21
-9.07404e-21
-9.06952e-21
-9.06609e-21
-9.06018e-21
-9.05832e-21
-9.05791e-21
-9.05471e-21
-9.05845e-21
-9.06064e-21
-9.06285e-21
-9.06381e-21
-9.06636e-21
-9.06693e-21
-9.06581e-21
-9.06623e-21
-9.0667e-21
-9.06795e-21
-9.06313e-21
-9.06097e-21
-9.06e-21
-9.05772e-21
-9.05594e-21
-9.05474e-21
-9.05468e-21
-9.05674e-21
-9.05796e-21
-9.06333e-21
-9.06606e-21
-9.06753e-21
-9.07149e-21
-9.06951e-21
-9.06939e-21
-9.06763e-21
-9.06549e-21
-9.06145e-21
-9.06252e-21
-9.06176e-21
-9.06297e-21
-9.06295e-21
-9.06219e-21
-9.06117e-21
-9.05981e-21
-9.05638e-21
-9.05664e-21
-9.05669e-21
-9.06005e-21
-9.06277e-21
-9.0652e-21
-9.06418e-21
-9.06589e-21
-9.0665e-21
-9.06374e-21
-9.06434e-21
-9.06511e-21
-9.06534e-21
-9.0669e-21
-9.0673e-21
-9.06903e-21
-9.06719e-21
-9.06829e-21
-9.06553e-21
-9.06505e-21
-9.06542e-21
-9.06256e-21
-9.06083e-21
-9.05952e-21
-9.05775e-21
-9.05943e-21
-9.06169e-21
-9.06193e-21
-9.06356e-21
-9.06198e-21
-9.06158e-21
-9.06123e-21
-9.06457e-21
-9.06716e-21
-9.0684e-21
-9.07048e-21
-9.07028e-21
-9.06846e-21
-9.06836e-21
-9.07005e-21
-9.06385e-21
-9.0599e-21
-9.0609e-21
-9.06091e-21
-9.05837e-21
-9.05755e-21
-9.06162e-21
-9.06565e-21
-9.06155e-21
-9.06273e-21
-9.06008e-21
-9.06063e-21
-9.06123e-21
-9.06189e-21
-9.05776e-21
-9.05843e-21
-9.06063e-21
-9.06173e-21
-9.057e-21
-9.05721e-21
-9.05786e-21
-9.06027e-21
-9.05744e-21
-9.05608e-21
-9.055e-21
-9.05605e-21
-9.05817e-21
-9.06116e-21
-9.06155e-21
-9.05965e-21
-9.06284e-21
-9.06518e-21
-9.06612e-21
-9.06513e-21
-9.0617e-21
-9.0629e-21
-9.0613e-21
-9.06142e-21
-9.0604e-21
-9.05815e-21
-9.05701e-21
-9.05913e-21
-9.06459e-21
-9.06359e-21
-9.06858e-21
-9.06812e-21
-9.06854e-21
-9.06801e-21
-9.06951e-21
-9.06945e-21
-9.0732e-21
-9.07571e-21
-9.07349e-21
-9.0705e-21
-9.0692e-21
-9.06786e-21
-9.06067e-21
-9.06016e-21
-9.06331e-21
-9.06058e-21
-9.05684e-21
-9.0564e-21
-9.05501e-21
-9.05707e-21
-9.05623e-21
-9.05039e-21
-9.0486e-21
-9.05352e-21
-9.05228e-21
-9.05835e-21
-9.05886e-21
-9.05694e-21
-9.06035e-21
-9.0623e-21
-9.06354e-21
-9.06232e-21
-9.0646e-21
-9.06314e-21
-9.05987e-21
-9.05455e-21
-9.05224e-21
-9.04983e-21
-9.04895e-21
-9.04845e-21
-9.04664e-21
-9.05204e-21
-9.0555e-21
-9.05267e-21
-9.05469e-21
-9.05503e-21
-9.05675e-21
-9.05927e-21
-9.05988e-21
-9.05643e-21
-9.05806e-21
-9.05781e-21
-9.0563e-21
-9.05632e-21
-9.05325e-21
-9.05204e-21
-9.05173e-21
-9.05243e-21
-9.05146e-21
-9.05305e-21
-9.05758e-21
-9.05618e-21
-9.05926e-21
-9.06016e-21
-9.05985e-21
-9.06171e-21
-9.06124e-21
-9.06041e-21
-9.06112e-21
-9.06228e-21
-9.06205e-21
-9.06164e-21
-9.05984e-21
-9.0556e-21
-9.05985e-21
-9.06097e-21
-9.06066e-21
-9.05846e-21
-9.05873e-21
-9.06091e-21
-9.06381e-21
-9.06454e-21
-9.06507e-21
-9.06371e-21
-9.06746e-21
-9.0684e-21
-9.06979e-21
-9.07167e-21
-9.06974e-21
-9.07105e-21
-9.06974e-21
-9.06699e-21
-9.06602e-21
-9.06565e-21
-9.06574e-21
-9.06507e-21
-9.06249e-21
-9.06446e-21
-9.05765e-21
-9.0567e-21
-9.05378e-21
-9.05497e-21
