2.02347e-21
2.06691e-21
2.1005e-21
2.12414e-21
2.13948e-21
2.14897e-21
2.15449e-21
2.15582e-21
2.14994e-21
2.13196e-21
2.09749e-21
2.04533e-21
1.97957e-21
1.90974e-21
1.84853e-21
1.80783e-21
1.79516e-21
1.81142e-21
1.85128e-21
1.9054e-21
1.96302e-21
2.01446e-21
2.05266e-21
2.07367e-21
2.07693e-21
2.06484e-21
2.04222e-21
2.01485e-21
1.98745e-21
1.962e-21
1.93791e-21
1.91404e-21
1.89044e-21
1.86853e-21
1.85001e-21
1.83579e-21
1.82594e-21
1.82062e-21
1.82097e-21
1.82899e-21
1.84643e-21
1.87329e-21
1.90722e-21
1.94375e-21
1.9775e-21
2.00324e-21
2.01697e-21
2.01694e-21
2.00423e-21
1.98277e-21
1.95812e-21
1.93612e-21
1.92131e-21
1.91656e-21
1.92276e-21
1.93885e-21
1.96189e-21
1.9882e-21
2.01433e-21
2.03791e-21
2.05813e-21
2.07573e-21
2.0919e-21
2.1074e-21
2.1218e-21
2.13307e-21
2.13864e-21
2.13644e-21
2.12587e-21
2.10791e-21
2.08503e-21
2.06068e-21
2.03869e-21
2.02245e-21
2.01388e-21
2.01238e-21
2.01494e-21
2.01675e-21
2.01292e-21
2.00002e-21
1.97736e-21
1.94716e-21
1.91383e-21
1.88224e-21
1.85642e-21
1.83912e-21
1.83154e-21
1.83372e-21
1.84454e-21
1.86214e-21
1.88425e-21
1.90858e-21
1.933e-21
1.95573e-21
1.97544e-21
1.99116e-21
2.00201e-21
2.00709e-21
2.00594e-21
1.99889e-21
1.98747e-21
1.97405e-21
1.96101e-21
1.94973e-21
1.94054e-21
1.93333e-21
1.92827e-21
1.92578e-21
1.92602e-21
1.92798e-21
1.92967e-21
1.92908e-21
1.92528e-21
1.91955e-21
1.91515e-21
1.91575e-21
1.92379e-21
1.93969e-21
1.96198e-21
1.98807e-21
2.01404e-21
2.03543e-21
2.04932e-21
2.05672e-21
2.06272e-21
2.07334e-21
2.09118e-21
2.11388e-21
2.1366e-21
2.15498e-21
2.16662e-21
2.17056e-21
2.16708e-21
2.15675e-21
2.14044e-21
2.11932e-21
2.09455e-21
2.06686e-21
2.03661e-21
2.00453e-21
1.97224e-21
1.94253e-21
1.91941e-21
1.90744e-21
1.90971e-21
1.92548e-21
1.94976e-21
1.97502e-21
1.99408e-21
2.00215e-21
1.9979e-21
1.98345e-21
1.96358e-21
1.94421e-21
1.93043e-21
1.92449e-21
1.92478e-21
1.92726e-21
1.92706e-21
1.92051e-21
1.90636e-21
1.88599e-21
1.86311e-21
1.84261e-21
1.82909e-21
1.82552e-21
1.83272e-21
1.85021e-21
1.87707e-21
1.91207e-21
1.95392e-21
2.00089e-21
2.0504e-21
2.09923e-21
2.14368e-21
2.17979e-21
2.20402e-21
2.21362e-21
2.20708e-21
2.18492e-21
2.14934e-21
2.10383e-21
2.05243e-21
1.99912e-21
1.94751e-21
1.90105e-21
1.86278e-21
1.83568e-21
1.82246e-21
1.82525e-21
1.84491e-21
1.88012e-21
1.9265e-21
1.97683e-21
2.02265e-21
2.05638e-21
2.07313e-21
2.07154e-21
2.05364e-21
2.02388e-21
1.98798e-21
1.95169e-21
1.91975e-21
1.89571e-21
1.88252e-21
1.88256e-21
1.89693e-21
1.92464e-21
1.96233e-21
2.00508e-21
2.04727e-21
2.08395e-21
2.11153e-21
2.12823e-21
2.13396e-21
2.12953e-21
2.11581e-21
2.09311e-21
2.06137e-21
2.02077e-21
1.97244e-21
1.9187e-21
1.86307e-21
1.81004e-21
1.76454e-21
1.73131e-21
1.71396e-21
1.71461e-21
1.73379e-21
1.77042e-21
1.82187e-21
1.88364e-21
1.94996e-21
2.01457e-21
2.07185e-21
2.1178e-21
2.15038e-21
2.16938e-21
2.17604e-21
2.17255e-21
2.16152e-21
2.14581e-21
2.12839e-21
2.11255e-21
2.1008e-21
2.09338e-21
2.08742e-21
2.07868e-21
2.06454e-21
2.04519e-21
2.02342e-21
2.0026e-21
1.98497e-21
1.971e-21
1.95968e-21
1.94926e-21
1.93797e-21
1.92526e-21
1.91255e-21
1.90303e-21
1.90053e-21
1.90765e-21
1.92439e-21
1.94807e-21
1.97449e-21
1.99955e-21
2.01978e-21
2.0328e-21
2.03732e-21
2.03309e-21
2.02095e-21
2.00239e-21
1.97896e-21
1.95157e-21
1.92101e-21
1.88886e-21
1.85804e-21
1.83251e-21
1.81614e-21
1.81121e-21
1.81755e-21
1.83267e-21
1.85236e-21
1.87212e-21
1.88811e-21
1.89838e-21
1.90336e-21
1.90568e-21
1.90946e-21
1.91872e-21
1.93609e-21
1.96163e-21
1.99287e-21
2.02584e-21
2.05584e-21
2.07879e-21
2.09195e-21
2.0941e-21
2.0858e-21
2.06944e-21
2.04918e-21
2.03035e-21
2.01805e-21
2.01531e-21
2.02156e-21
2.03262e-21
2.04239e-21
2.04526e-21
2.03849e-21
2.02326e-21
2.00411e-21
1.98725e-21
1.97848e-21
1.98125e-21
1.99604e-21
2.02063e-21
2.0511e-21
2.08282e-21
2.11119e-21
2.13148e-21
2.13986e-21
2.13403e-21
2.11397e-21
2.08227e-21
2.04359e-21
2.00329e-21
1.96599e-21
1.93468e-21
1.91056e-21
1.8939e-21
1.88453e-21
1.88233e-21
1.88659e-21
1.89603e-21
1.9085e-21
1.9211e-21
1.93081e-21
1.93534e-21
1.934e-21
1.92791e-21
1.91941e-21
1.91058e-21
1.90247e-21
1.89519e-21
1.88884e-21
1.88424e-21
1.88316e-21
1.88745e-21
1.89781e-21
1.91316e-21
1.931e-21
1.94847e-21
1.96315e-21
1.97362e-21
1.97936e-21
1.98052e-21
1.9777e-21
1.97154e-21
1.96293e-21
1.95355e-21
1.94592e-21
1.94298e-21
1.94729e-21
1.9601e-21
1.9812e-21
2.00875e-21
2.03887e-21
2.06592e-21
2.08331e-21
2.0849e-21
2.06675e-21
2.02811e-21
1.97204e-21
1.9053e-21
1.83793e-21
1.78183e-21
1.74878e-21
1.74694e-21
1.77722e-21
1.83267e-21
1.90185e-21
1.97363e-21
2.04032e-21
2.09806e-21
2.14534e-21
2.18117e-21
2.20389e-21
2.21152e-21
2.20324e-21
2.18124e-21
2.15157e-21
2.1232e-21
2.10463e-21
2.09944e-21
2.10525e-21
2.11633e-21
2.12686e-21
2.13266e-21
2.13112e-21
2.12063e-21
2.10013e-21
2.06954e-21
2.02982e-21
1.98333e-21
1.93373e-21
1.88531e-21
1.84193e-21
1.80604e-21
1.77816e-21
1.75737e-21
1.74279e-21
1.73425e-21
1.73308e-21
1.74137e-21
1.76096e-21
1.79177e-21
1.83091e-21
1.8729e-21
1.9112e-21
1.94044e-21
1.95827e-21
1.96575e-21
1.96615e-21
1.96266e-21
1.95706e-21
1.94969e-21
1.9406e-21
1.93059e-21
1.92136e-21
1.91466e-21
1.91133e-21
1.91118e-21
1.91308e-21
1.91562e-21
1.91783e-21
1.91939e-21
1.92074e-21
1.9225e-21
1.92516e-21
1.92923e-21
1.93527e-21
1.94448e-21
1.95884e-21
1.98011e-21
2.00876e-21
2.04303e-21
2.07929e-21
2.1134e-21
2.14192e-21
2.16271e-21
2.17492e-21
2.17845e-21
2.17354e-21
2.16021e-21
2.13851e-21
2.10912e-21
2.07339e-21
2.03336e-21
1.99146e-21
1.95007e-21
1.9117e-21
1.87937e-21
1.85623e-21
1.84521e-21
1.84784e-21
1.86321e-21
1.88797e-21
1.91691e-21
1.94434e-21
1.96532e-21
1.97649e-21
1.97647e-21
1.96591e-21
1.94722e-21
1.92368e-21
1.89875e-21
1.87561e-21
1.85677e-21
1.84427e-21
1.83934e-21
1.8421e-21
1.85124e-21
1.86447e-21
1.87946e-21
1.89476e-21
1.91001e-21
1.92606e-21
1.94434e-21
1.96607e-21
1.99161e-21
2.02037e-21
2.05086e-21
2.08092e-21
2.10797e-21
2.12911e-21
2.14141e-21
2.1424e-21
2.13073e-21
2.1065e-21
2.0716e-21
2.02943e-21
1.98404e-21
1.93909e-21
1.89709e-21
1.85916e-21
1.8256e-21
1.79672e-21
1.77385e-21
1.75964e-21
1.75709e-21
1.76783e-21
1.79106e-21
1.82407e-21
1.86366e-21
1.90723e-21
1.95288e-21
1.99851e-21
2.04172e-21
2.07982e-21
2.1106e-21
2.13315e-21
2.14752e-21
2.1546e-21
2.15563e-21
2.15188e-21
2.14451e-21
2.13463e-21
2.1233e-21
2.11178e-21
2.10146e-21
2.09376e-21
2.08952e-21
2.08878e-21
2.09015e-21
2.09106e-21
2.0884e-21
2.07909e-21
2.06077e-21
2.03253e-21
1.99475e-21
1.94915e-21
1.8982e-21
1.84541e-21
1.79538e-21
1.75397e-21
1.72741e-21
1.72032e-21
1.73364e-21
1.7639e-21
1.80453e-21
1.84801e-21
1.8877e-21
1.91914e-21
1.94014e-21
1.95068e-21
1.95236e-21
1.94797e-21
1.94063e-21
1.93321e-21
1.92744e-21
1.92333e-21
1.91946e-21
1.91381e-21
1.90487e-21
1.89291e-21
1.88025e-21
1.87062e-21
1.86731e-21
1.87203e-21
1.88481e-21
1.90488e-21
1.93116e-21
1.96187e-21
1.99438e-21
2.02575e-21
2.05419e-21
2.07989e-21
2.10409e-21
2.12701e-21
2.1457e-21
2.15544e-21
2.15212e-21
2.13448e-21
2.10471e-21
2.06742e-21
2.02834e-21
1.99346e-21
1.96834e-21
1.95732e-21
1.96235e-21
1.98225e-21
2.01298e-21
2.04848e-21
2.08207e-21
2.10769e-21
2.12111e-21
2.12056e-21
2.1071e-21
2.08413e-21
2.05586e-21
2.02564e-21
1.99496e-21
1.96403e-21
1.93284e-21
1.90253e-21
1.87536e-21
1.85354e-21
1.83854e-21
1.83085e-21
1.83047e-21
1.83769e-21
1.85307e-21
1.87659e-21
1.9074e-21
1.94388e-21
1.98346e-21
2.02268e-21
2.05764e-21
2.08451e-21
2.10049e-21
2.10461e-21
2.09814e-21
2.08504e-21
2.07158e-21
2.06422e-21
2.06677e-21
2.07783e-21
2.09189e-21
2.10216e-21
2.10348e-21
2.09313e-21
2.07065e-21
2.03688e-21
1.99391e-21
1.94555e-21
1.89726e-21
1.85442e-21
1.81966e-21
1.79257e-21
1.77227e-21
1.75951e-21
1.75585e-21
1.7614e-21
1.77417e-21
1.79136e-21
1.81098e-21
1.83218e-21
1.85459e-21
1.8776e-21
1.90024e-21
1.92146e-21
1.94091e-21
1.95974e-21
1.98088e-21
2.00788e-21
2.04338e-21
2.0875e-21
2.13672e-21
2.18515e-21
2.22608e-21
2.25434e-21
2.26722e-21
2.26474e-21
2.24872e-21
2.22213e-21
2.1879e-21
2.14837e-21
2.10487e-21
2.05804e-21
2.00922e-21
1.96162e-21
1.91959e-21
1.88586e-21
1.85932e-21
1.83665e-21
1.81556e-21
1.79658e-21
1.78224e-21
1.7749e-21
1.7755e-21
1.78364e-21
1.79847e-21
1.81933e-21
1.84542e-21
1.87534e-21
1.90759e-21
1.94175e-21
1.97856e-21
2.01855e-21
2.0611e-21
2.10417e-21
2.14459e-21
2.17894e-21
2.20413e-21
2.21782e-21
2.21893e-21
2.20775e-21
2.18585e-21
2.15593e-21
2.12152e-21
2.08639e-21
2.05403e-21
2.02724e-21
2.00798e-21
1.99745e-21
1.99538e-21
2.00003e-21
2.0082e-21
2.01586e-21
2.0185e-21
2.01188e-21
1.99226e-21
1.95743e-21
1.90745e-21
1.84559e-21
1.77848e-21
1.71518e-21
1.66454e-21
1.63289e-21
1.62308e-21
1.63511e-21
1.66671e-21
1.71397e-21
1.77185e-21
1.83459e-21
1.89652e-21
1.95282e-21
2.00057e-21
2.03873e-21
2.06765e-21
2.08832e-21
2.10185e-21
2.10935e-21
2.11161e-21
2.10898e-21
2.10152e-21
2.08915e-21
2.07261e-21
2.05362e-21
2.03481e-21
2.01917e-21
2.00954e-21
2.00795e-21
2.01516e-21
2.03053e-21
2.05201e-21
2.07656e-21
2.10043e-21
2.11919e-21
2.12829e-21
2.12403e-21
2.10531e-21
2.075e-21
2.03986e-21
2.00765e-21
1.98331e-21
1.96657e-21
1.95313e-21
1.93784e-21
1.91745e-21
1.89171e-21
1.86334e-21
1.83697e-21
1.81791e-21
1.81114e-21
1.82071e-21
1.84872e-21
1.8945e-21
1.95408e-21
2.02077e-21
2.08674e-21
2.14442e-21
2.18812e-21
2.21441e-21
2.22221e-21
2.21261e-21
2.18812e-21
2.15212e-21
2.10847e-21
2.06185e-21
2.01776e-21
1.98211e-21
1.95978e-21
1.95269e-21
1.95897e-21
1.97363e-21
1.9903e-21
2.00344e-21
2.00909e-21
2.0049e-21
1.98984e-21
1.96435e-21
1.93037e-21
1.8919e-21
1.85423e-21
1.82349e-21
1.8054e-21
1.80391e-21
1.81966e-21
1.84955e-21
1.88746e-21
1.92588e-21
1.95816e-21
1.97984e-21
1.98927e-21
1.9871e-21
1.97536e-21
1.95656e-21
1.93377e-21
1.91036e-21
1.8901e-21
1.87654e-21
1.87283e-21
1.88134e-21
1.9035e-21
1.93946e-21
1.98797e-21
2.04588e-21
2.10789e-21
2.16655e-21
2.21362e-21
2.24259e-21
2.25063e-21
2.2394e-21
2.21425e-21
2.18231e-21
2.14998e-21
2.12136e-21
2.0974e-21
2.07628e-21
2.0547e-21
2.02947e-21
1.99855e-21
1.96185e-21
1.92161e-21
1.88204e-21
1.84876e-21
1.82715e-21
1.81992e-21
1.82604e-21
1.84139e-21
1.86123e-21
1.88234e-21
1.90355e-21
1.92552e-21
1.94915e-21
1.9745e-21
2.00017e-21
2.02368e-21
2.04238e-21
2.05431e-21
2.0587e-21
2.05606e-21
2.04786e-21
2.03579e-21
2.02128e-21
2.00545e-21
1.98921e-21
1.9737e-21
1.96018e-21
1.9495e-21
1.9418e-21
1.93654e-21
1.93284e-21
1.92983e-21
1.92703e-21
1.9246e-21
1.92303e-21
1.92288e-21
1.92436e-21
1.9268e-21
1.92954e-21
1.93279e-21
1.93763e-21
1.94437e-21
1.95067e-21
1.95223e-21
1.94598e-21
1.93246e-21
1.91577e-21
1.90134e-21
1.8938e-21
1.89525e-21
1.90541e-21
1.92224e-21
1.94272e-21
1.96365e-21
1.98177e-21
1.99398e-21
1.99778e-21
1.99141e-21
1.97468e-21
1.95019e-21
1.92471e-21
1.90864e-21
1.91141e-21
1.93432e-21
1.9695e-21
2.00608e-21
2.0357e-21
2.05419e-21
2.06108e-21
2.05906e-21
2.05322e-21
2.04956e-21
2.05305e-21
2.06626e-21
2.08868e-21
2.11683e-21
2.14545e-21
2.16898e-21
2.18341e-21
2.18683e-21
2.17892e-21
2.1601e-21
2.1311e-21
2.09283e-21
2.04698e-21
1.99629e-21
1.94426e-21
1.89421e-21
1.84895e-21
1.81122e-21
1.78402e-21
1.77084e-21
1.77486e-21
1.79734e-21
1.83641e-21
1.88657e-21
1.93988e-21
1.98798e-21
2.0241e-21
2.04441e-21
2.04826e-21
2.03785e-21
2.01703e-21
1.99028e-21
1.96191e-21
1.93535e-21
1.91324e-21
1.89781e-21
1.89085e-21
1.89335e-21
1.90515e-21
1.92471e-21
1.94961e-21
1.97688e-21
2.00347e-21
2.02649e-21
2.04311e-21
2.05088e-21
2.04842e-21
2.03589e-21
2.01512e-21
1.98918e-21
1.96228e-21
1.93917e-21
1.92443e-21
1.92158e-21
1.932e-21
1.95394e-21
1.98275e-21
2.01205e-21
2.0357e-21
2.04999e-21
2.05476e-21
2.05319e-21
2.05017e-21
2.04934e-21
2.05101e-21
2.05259e-21
2.05078e-21
2.04354e-21
2.03079e-21
2.01381e-21
1.99488e-21
1.97689e-21
1.96307e-21
1.95587e-21
1.95629e-21
1.96321e-21
1.97413e-21
1.9863e-21
1.99773e-21
2.00748e-21
2.01481e-21
2.01924e-21
2.02049e-21
2.01894e-21
2.01573e-21
2.01263e-21
2.011e-21
2.0108e-21
2.01061e-21
2.00774e-21
1.99918e-21
1.98251e-21
1.95646e-21
1.92151e-21
1.88025e-21
