3.97871e+08
3.91934e+08
3.87232e+08
3.83925e+08
3.81629e+08
3.80475e+08
3.80129e+08
3.8021e+08
3.81685e+08
3.84716e+08
3.89922e+08
3.96984e+08
4.05433e+08
4.1423e+08
4.21571e+08
4.26518e+08
4.2778e+08
4.25684e+08
4.20831e+08
4.14622e+08
4.07557e+08
4.01319e+08
3.9667e+08
3.94039e+08
3.93589e+08
3.94869e+08
3.97456e+08
4.00564e+08
4.03915e+08
4.07079e+08
4.10075e+08
4.12932e+08
4.15581e+08
4.18311e+08
4.20124e+08
4.21485e+08
4.22499e+08
4.22571e+08
4.21969e+08
4.20475e+08
4.17716e+08
4.14033e+08
4.09668e+08
4.0508e+08
4.01144e+08
3.9807e+08
3.9665e+08
3.96891e+08
3.98767e+08
4.01609e+08
4.04776e+08
4.07679e+08
4.09839e+08
4.10562e+08
4.1016e+08
4.08642e+08
4.06241e+08
4.03373e+08
4.00278e+08
3.9755e+08
3.95075e+08
3.92825e+08
3.90696e+08
3.88941e+08
3.87086e+08
3.85841e+08
3.85392e+08
3.85583e+08
3.8669e+08
3.88663e+08
3.91143e+08
3.93882e+08
3.96126e+08
3.97874e+08
3.98746e+08
3.98724e+08
3.98535e+08
3.98512e+08
3.99013e+08
4.00563e+08
4.03409e+08
4.07088e+08
4.10954e+08
4.14582e+08
4.17613e+08
4.19692e+08
4.20626e+08
4.20487e+08
4.19204e+08
4.17151e+08
4.14476e+08
4.11752e+08
4.09228e+08
4.06719e+08
4.04576e+08
4.03105e+08
4.02097e+08
4.01923e+08
4.02398e+08
4.03448e+08
4.04784e+08
4.06432e+08
4.07724e+08
4.09085e+08
4.10157e+08
4.10804e+08
4.11193e+08
4.11383e+08
4.11126e+08
4.10826e+08
4.10771e+08
4.10756e+08
4.10965e+08
4.11343e+08
4.11608e+08
4.11154e+08
4.0998e+08
4.07947e+08
4.05259e+08
4.02173e+08
3.98846e+08
3.96328e+08
3.94751e+08
3.93711e+08
3.92573e+08
3.91321e+08
3.89118e+08
3.8664e+08
3.8441e+08
3.82434e+08
3.81619e+08
3.81729e+08
3.82506e+08
3.84324e+08
3.86654e+08
3.89472e+08
3.92579e+08
3.96173e+08
3.99995e+08
4.03862e+08
4.07614e+08
4.10965e+08
4.13427e+08
4.1444e+08
4.13655e+08
4.1151e+08
4.08455e+08
4.05448e+08
4.03311e+08
4.02423e+08
4.03099e+08
4.04827e+08
4.07173e+08
4.09085e+08
4.10589e+08
4.11419e+08
4.11649e+08
4.11615e+08
4.11947e+08
4.13074e+08
4.14918e+08
4.1755e+08
4.20052e+08
4.22197e+08
4.23461e+08
4.2345e+08
4.22315e+08
4.19993e+08
4.16511e+08
4.1207e+08
4.06867e+08
4.01048e+08
3.9512e+08
3.89158e+08
3.84003e+08
3.79885e+08
3.77347e+08
3.76766e+08
3.78257e+08
3.81496e+08
3.86224e+08
3.9206e+08
3.98525e+08
4.05203e+08
4.11236e+08
4.16993e+08
4.21633e+08
4.24682e+08
4.25961e+08
4.25301e+08
4.22533e+08
4.17842e+08
4.11875e+08
4.05832e+08
4.00631e+08
3.96667e+08
3.94669e+08
3.9496e+08
3.97011e+08
4.00407e+08
4.0462e+08
4.08682e+08
4.12202e+08
4.14761e+08
4.15929e+08
4.15318e+08
4.13036e+08
4.0922e+08
4.04154e+08
3.98668e+08
3.93442e+08
3.88927e+08
3.85677e+08
3.83713e+08
3.82921e+08
3.8341e+08
3.85626e+08
3.88861e+08
3.93164e+08
3.98833e+08
4.05308e+08
4.12227e+08
4.19185e+08
4.25768e+08
4.31346e+08
4.35373e+08
4.373e+08
4.36879e+08
4.34382e+08
4.297e+08
4.23281e+08
4.15676e+08
4.07523e+08
3.99581e+08
3.92523e+08
3.8687e+08
3.8295e+08
3.80769e+08
3.8016e+08
3.80214e+08
3.81452e+08
3.83411e+08
3.85309e+08
3.87066e+08
3.88376e+08
3.893e+08
3.90006e+08
3.91051e+08
3.92691e+08
3.95078e+08
3.97381e+08
3.99764e+08
4.0169e+08
4.03193e+08
4.04609e+08
4.06222e+08
4.07819e+08
4.09432e+08
4.11238e+08
4.12423e+08
4.12898e+08
4.12104e+08
4.10513e+08
4.08007e+08
4.05413e+08
4.02868e+08
4.00761e+08
3.99489e+08
3.98867e+08
3.99455e+08
4.00638e+08
4.02592e+08
4.05144e+08
4.08053e+08
4.11401e+08
4.14904e+08
4.1828e+08
4.20888e+08
4.22769e+08
4.23122e+08
4.22328e+08
4.20841e+08
4.18708e+08
4.16679e+08
4.15158e+08
4.14161e+08
4.13823e+08
4.13568e+08
4.13069e+08
4.11586e+08
4.09071e+08
4.0574e+08
4.017e+08
3.97534e+08
3.93939e+08
3.91151e+08
3.89395e+08
3.89033e+08
3.89975e+08
3.92093e+08
3.94503e+08
3.96416e+08
3.97878e+08
3.98174e+08
3.97561e+08
3.9653e+08
3.95606e+08
3.95461e+08
3.96404e+08
3.98207e+08
4.00287e+08
4.0222e+08
4.02994e+08
4.02512e+08
4.00867e+08
3.9814e+08
3.94628e+08
3.90945e+08
3.87695e+08
3.85433e+08
3.84703e+08
3.85357e+08
3.8794e+08
3.91577e+08
3.96337e+08
4.01238e+08
4.05478e+08
4.09122e+08
4.11994e+08
4.14079e+08
4.15315e+08
4.15604e+08
4.15203e+08
4.14237e+08
4.12991e+08
4.11614e+08
4.10678e+08
4.10299e+08
4.10383e+08
4.10974e+08
4.11826e+08
4.12572e+08
4.13372e+08
4.14086e+08
4.14458e+08
4.15039e+08
4.14688e+08
4.14034e+08
4.12772e+08
4.10761e+08
4.0865e+08
4.06878e+08
4.05376e+08
4.04556e+08
4.04158e+08
4.04315e+08
4.04574e+08
4.05479e+08
4.06345e+08
4.07459e+08
4.08069e+08
4.08119e+08
4.0724e+08
4.05371e+08
4.02364e+08
3.99013e+08
3.95355e+08
3.92111e+08
3.90016e+08
3.90033e+08
3.92586e+08
3.9768e+08
4.04436e+08
4.12263e+08
4.20109e+08
4.26647e+08
4.30213e+08
4.2992e+08
4.26119e+08
4.19616e+08
4.11604e+08
4.03603e+08
3.9593e+08
3.89364e+08
3.84147e+08
3.79841e+08
3.77475e+08
3.76728e+08
3.77912e+08
3.80492e+08
3.83636e+08
3.86651e+08
3.88653e+08
3.88904e+08
3.88198e+08
3.8674e+08
3.85332e+08
3.8458e+08
3.8514e+08
3.86542e+08
3.89173e+08
3.92802e+08
3.97732e+08
4.03776e+08
4.09924e+08
4.15878e+08
4.2134e+08
4.2594e+08
4.29691e+08
4.32298e+08
4.34151e+08
4.35098e+08
4.35144e+08
4.33641e+08
4.30966e+08
4.27043e+08
4.22052e+08
4.16953e+08
4.12311e+08
4.08595e+08
4.06501e+08
4.05347e+08
4.05122e+08
4.05497e+08
4.05966e+08
4.069e+08
4.07908e+08
4.09134e+08
4.10191e+08
4.11294e+08
4.11748e+08
4.11665e+08
4.11405e+08
4.11149e+08
4.10735e+08
4.10441e+08
4.1041e+08
4.10168e+08
4.09716e+08
4.09292e+08
4.08654e+08
4.07693e+08
4.05877e+08
4.03283e+08
3.99945e+08
3.95785e+08
3.91429e+08
3.87437e+08
3.83998e+08
3.81487e+08
3.79817e+08
3.79324e+08
3.79775e+08
3.81561e+08
3.84392e+08
3.88147e+08
3.92887e+08
3.97821e+08
4.03099e+08
4.08175e+08
4.12818e+08
4.1696e+08
4.1963e+08
4.20776e+08
4.20411e+08
4.18738e+08
4.16028e+08
4.12853e+08
4.09857e+08
4.07824e+08
4.06753e+08
4.06861e+08
4.0819e+08
4.10543e+08
4.13177e+08
4.15789e+08
4.18031e+08
4.19803e+08
4.20901e+08
4.20978e+08
4.20391e+08
4.19137e+08
4.17361e+08
4.15495e+08
4.13718e+08
4.11807e+08
4.098e+08
4.0762e+08
4.04778e+08
4.01596e+08
3.98068e+08
3.94615e+08
3.91143e+08
3.88051e+08
3.85625e+08
3.84351e+08
3.84499e+08
3.86298e+08
3.89464e+08
3.93636e+08
3.98738e+08
4.04238e+08
4.09651e+08
4.1471e+08
4.19565e+08
4.23355e+08
4.26722e+08
4.28956e+08
4.30214e+08
4.29995e+08
4.27969e+08
4.25048e+08
4.20635e+08
4.15775e+08
4.10635e+08
4.05266e+08
3.99792e+08
3.94679e+08
3.90288e+08
3.86554e+08
3.83852e+08
3.822e+08
3.81262e+08
3.81112e+08
3.81425e+08
3.82206e+08
3.83491e+08
3.8484e+08
3.86272e+08
3.8744e+08
3.8828e+08
3.8859e+08
3.88764e+08
3.88481e+08
3.88561e+08
3.89162e+08
3.90573e+08
3.92981e+08
3.96535e+08
4.01165e+08
4.06596e+08
4.12749e+08
4.1904e+08
4.2476e+08
4.29697e+08
4.32389e+08
4.33226e+08
4.31748e+08
4.28303e+08
4.2371e+08
4.18696e+08
4.14259e+08
4.10681e+08
4.08344e+08
4.07156e+08
4.07073e+08
4.07606e+08
4.0834e+08
4.09178e+08
4.09707e+08
4.10142e+08
4.10729e+08
4.11505e+08
4.12932e+08
4.14412e+08
4.15979e+08
4.17096e+08
4.17307e+08
4.1654e+08
4.14958e+08
4.12252e+08
4.08615e+08
4.04539e+08
4.00199e+08
3.9619e+08
3.92291e+08
3.88876e+08
3.85665e+08
3.8297e+08
3.80806e+08
3.79931e+08
3.80858e+08
3.83544e+08
3.87724e+08
3.92395e+08
3.97391e+08
4.01484e+08
4.04347e+08
4.05651e+08
4.04825e+08
4.02231e+08
3.98356e+08
3.94084e+08
3.90214e+08
3.87066e+08
3.85434e+08
3.85483e+08
3.87208e+08
3.90314e+08
3.93908e+08
3.97845e+08
4.01481e+08
4.05525e+08
4.09639e+08
4.13404e+08
4.16787e+08
4.19293e+08
4.2092e+08
4.21682e+08
4.2149e+08
4.20432e+08
4.18446e+08
4.1523e+08
4.11379e+08
4.06988e+08
4.02408e+08
3.97751e+08
3.93384e+08
3.90094e+08
3.88203e+08
3.87559e+08
3.88306e+08
3.89786e+08
3.91179e+08
3.91799e+08
3.91571e+08
3.9038e+08
3.89102e+08
3.88384e+08
3.88831e+08
3.9045e+08
3.93602e+08
3.97982e+08
4.03164e+08
4.09209e+08
4.14856e+08
4.20018e+08
4.24419e+08
4.27492e+08
4.29918e+08
4.31387e+08
4.31669e+08
4.30741e+08
4.29146e+08
4.26953e+08
4.24292e+08
4.21599e+08
4.18606e+08
4.15783e+08
4.1301e+08
4.101e+08
4.07402e+08
4.04826e+08
4.02054e+08
3.985e+08
3.94027e+08
3.88747e+08
3.82875e+08
3.77472e+08
3.73079e+08
3.69915e+08
3.68631e+08
3.69119e+08
3.7104e+08
3.74154e+08
3.78074e+08
3.8269e+08
3.87802e+08
3.93203e+08
3.99139e+08
4.04795e+08
4.0968e+08
4.13806e+08
4.17014e+08
4.19816e+08
4.22671e+08
4.24882e+08
4.26941e+08
4.2792e+08
4.27973e+08
4.2721e+08
4.25544e+08
4.2311e+08
4.20043e+08
4.16507e+08
4.12864e+08
4.0864e+08
4.04506e+08
3.99943e+08
3.94985e+08
3.89977e+08
3.85553e+08
3.81416e+08
3.78593e+08
3.77155e+08
3.77004e+08
3.78154e+08
3.80824e+08
3.84181e+08
3.87998e+08
3.91964e+08
3.95509e+08
3.98375e+08
4.00371e+08
4.01475e+08
4.01534e+08
4.00746e+08
3.9974e+08
3.98798e+08
3.98747e+08
3.99763e+08
4.02019e+08
4.06515e+08
4.12802e+08
4.20269e+08
4.28073e+08
4.35622e+08
4.41766e+08
4.45296e+08
4.46566e+08
4.45101e+08
4.41491e+08
4.3586e+08
4.28946e+08
4.2148e+08
4.14187e+08
4.0753e+08
4.01849e+08
3.97192e+08
3.93667e+08
3.91159e+08
3.89551e+08
3.88966e+08
3.88808e+08
3.89501e+08
3.90601e+08
3.92271e+08
3.94564e+08
3.96795e+08
3.99084e+08
4.01161e+08
4.0217e+08
4.02102e+08
4.00802e+08
3.98581e+08
3.95552e+08
3.92477e+08
3.89611e+08
3.8727e+08
3.86248e+08
3.86673e+08
3.88744e+08
3.92132e+08
3.95818e+08
3.99526e+08
4.0231e+08
4.04514e+08
4.0645e+08
4.08953e+08
4.11774e+08
4.15127e+08
4.18706e+08
4.21802e+08
4.23855e+08
4.24294e+08
4.22802e+08
4.19181e+08
4.13428e+08
4.0589e+08
3.97626e+08
3.89576e+08
3.82855e+08
3.77829e+08
3.75128e+08
3.74621e+08
3.76371e+08
3.79696e+08
3.84304e+08
3.89914e+08
3.95382e+08
4.00496e+08
4.04477e+08
4.06859e+08
4.07306e+08
4.06277e+08
4.04368e+08
4.02149e+08
4.00368e+08
3.99475e+08
4.00144e+08
4.0202e+08
4.05126e+08
4.09351e+08
4.14122e+08
4.18794e+08
4.2262e+08
4.24892e+08
4.25345e+08
4.23643e+08
4.20515e+08
4.16568e+08
4.12415e+08
4.09253e+08
4.07122e+08
4.06386e+08
4.06887e+08
4.08477e+08
4.10462e+08
4.12866e+08
4.15074e+08
4.16835e+08
4.17719e+08
4.17364e+08
4.15536e+08
4.12214e+08
4.07119e+08
4.00686e+08
3.93151e+08
3.85405e+08
3.78305e+08
3.72949e+08
3.697e+08
3.69042e+08
3.70868e+08
3.74166e+08
3.78296e+08
3.82557e+08
3.8637e+08
3.89743e+08
3.92714e+08
3.95893e+08
3.99263e+08
4.0341e+08
4.07987e+08
4.12814e+08
4.17639e+08
4.21598e+08
4.24156e+08
4.25075e+08
4.24262e+08
4.22319e+08
4.19895e+08
4.17155e+08
4.1448e+08
4.11581e+08
4.08454e+08
4.04935e+08
4.01461e+08
3.98359e+08
3.95818e+08
3.94236e+08
3.93666e+08
3.9386e+08
3.94652e+08
3.96383e+08
3.9832e+08
4.00174e+08
4.02142e+08
4.04168e+08
4.0587e+08
4.06976e+08
4.07744e+08
4.08681e+08
4.09143e+08
4.0973e+08
4.10103e+08
4.10428e+08
4.10647e+08
4.10967e+08
4.10841e+08
4.10517e+08
4.10212e+08
4.1017e+08
4.09702e+08
4.09066e+08
4.08473e+08
4.08762e+08
4.09849e+08
4.1169e+08
4.13704e+08
4.15334e+08
4.16081e+08
4.15893e+08
4.14782e+08
4.12572e+08
4.09934e+08
4.07276e+08
4.05013e+08
4.03536e+08
4.02755e+08
4.03268e+08
4.04815e+08
4.07231e+08
4.09761e+08
4.11146e+08
4.10313e+08
4.07202e+08
4.03237e+08
3.98893e+08
3.95688e+08
3.93715e+08
3.93105e+08
3.93359e+08
3.94083e+08
3.94299e+08
3.93725e+08
3.92274e+08
3.89802e+08
3.8658e+08
3.83319e+08
3.80966e+08
3.79297e+08
3.78729e+08
3.79858e+08
3.82385e+08
3.85994e+08
3.90798e+08
3.96332e+08
4.02601e+08
4.09297e+08
4.15502e+08
4.20703e+08
4.25266e+08
4.28075e+08
4.2945e+08
4.28901e+08
4.25908e+08
4.21124e+08
4.15174e+08
4.09077e+08
4.03449e+08
3.99446e+08
3.97385e+08
3.97341e+08
3.98787e+08
4.01448e+08
4.04709e+08
4.08131e+08
4.11396e+08
4.13701e+08
4.1528e+08
4.16158e+08
4.156e+08
4.13997e+08
4.11368e+08
4.08051e+08
4.04564e+08
4.01408e+08
3.98451e+08
3.96433e+08
3.95604e+08
3.95956e+08
3.97706e+08
4.00344e+08
4.03525e+08
4.06731e+08
4.0954e+08
4.1118e+08
4.11235e+08
4.10069e+08
4.0733e+08
4.03941e+08
4.00573e+08
3.97721e+08
3.96045e+08
3.95451e+08
3.95485e+08
3.95693e+08
3.95812e+08
3.95762e+08
3.95898e+08
3.9662e+08
3.97519e+08
3.99231e+08
4.01493e+08
4.04046e+08
4.06295e+08
4.07897e+08
4.08627e+08
4.08537e+08
4.07642e+08
4.06321e+08
4.045e+08
4.02855e+08
4.01344e+08
4.00064e+08
3.99328e+08
3.98793e+08
3.98755e+08
3.99035e+08
3.99291e+08
3.99476e+08
3.99626e+08
3.99996e+08
4.00951e+08
4.02455e+08
4.05484e+08
4.09313e+08
4.14248e+08
4.19585e+08
