-1.10913e-20
-1.11354e-20
-1.11696e-20
-1.11918e-20
-1.1208e-20
-1.12144e-20
-1.12158e-20
-1.12198e-20
-1.12118e-20
-1.11929e-20
-1.11545e-20
-1.11012e-20
-1.10351e-20
-1.09634e-20
-1.09048e-20
-1.0864e-20
-1.0857e-20
-1.08775e-20
-1.09209e-20
-1.09721e-20
-1.10338e-20
-1.10863e-20
-1.1124e-20
-1.11437e-20
-1.11437e-20
-1.11298e-20
-1.11048e-20
-1.10773e-20
-1.10473e-20
-1.10205e-20
-1.09959e-20
-1.09731e-20
-1.09523e-20
-1.09264e-20
-1.09115e-20
-1.08982e-20
-1.08845e-20
-1.08807e-20
-1.08812e-20
-1.08885e-20
-1.09086e-20
-1.09363e-20
-1.09707e-20
-1.10088e-20
-1.10409e-20
-1.10688e-20
-1.10823e-20
-1.10825e-20
-1.10681e-20
-1.10466e-20
-1.10231e-20
-1.10016e-20
-1.09856e-20
-1.0984e-20
-1.09902e-20
-1.1005e-20
-1.1027e-20
-1.10523e-20
-1.10804e-20
-1.11031e-20
-1.11236e-20
-1.11421e-20
-1.11598e-20
-1.1172e-20
-1.11883e-20
-1.11981e-20
-1.12002e-20
-1.11994e-20
-1.11907e-20
-1.11737e-20
-1.11521e-20
-1.11267e-20
-1.11073e-20
-1.10907e-20
-1.10824e-20
-1.10836e-20
-1.10847e-20
-1.10846e-20
-1.10816e-20
-1.10693e-20
-1.10436e-20
-1.10102e-20
-1.09763e-20
-1.09445e-20
-1.09173e-20
-1.08983e-20
-1.08896e-20
-1.089e-20
-1.09021e-20
-1.09214e-20
-1.09475e-20
-1.0973e-20
-1.09958e-20
-1.10209e-20
-1.10435e-20
-1.10588e-20
-1.10712e-20
-1.10746e-20
-1.10723e-20
-1.10647e-20
-1.10551e-20
-1.10406e-20
-1.10309e-20
-1.10172e-20
-1.10055e-20
-1.09985e-20
-1.09931e-20
-1.09882e-20
-1.09887e-20
-1.09886e-20
-1.09848e-20
-1.09828e-20
-1.09798e-20
-1.09751e-20
-1.09705e-20
-1.09734e-20
-1.09817e-20
-1.09978e-20
-1.10195e-20
-1.10452e-20
-1.10763e-20
-1.10981e-20
-1.11107e-20
-1.11198e-20
-1.11319e-20
-1.11421e-20
-1.11639e-20
-1.11873e-20
-1.12077e-20
-1.12287e-20
-1.12363e-20
-1.12358e-20
-1.12316e-20
-1.12163e-20
-1.11984e-20
-1.11768e-20
-1.11539e-20
-1.11249e-20
-1.10933e-20
-1.10611e-20
-1.10289e-20
-1.09986e-20
-1.09748e-20
-1.09636e-20
-1.09695e-20
-1.09864e-20
-1.10122e-20
-1.10377e-20
-1.10553e-20
-1.10627e-20
-1.10551e-20
-1.10393e-20
-1.10182e-20
-1.10045e-20
-1.09931e-20
-1.09868e-20
-1.09859e-20
-1.09884e-20
-1.09871e-20
-1.09777e-20
-1.09623e-20
-1.09377e-20
-1.09164e-20
-1.08975e-20
-1.0886e-20
-1.08861e-20
-1.08944e-20
-1.09123e-20
-1.09406e-20
-1.09769e-20
-1.10193e-20
-1.10678e-20
-1.11163e-20
-1.11675e-20
-1.12108e-20
-1.12464e-20
-1.12688e-20
-1.12741e-20
-1.12616e-20
-1.12364e-20
-1.12002e-20
-1.11555e-20
-1.11059e-20
-1.10537e-20
-1.10094e-20
-1.0962e-20
-1.09226e-20
-1.08962e-20
-1.08834e-20
-1.08858e-20
-1.09065e-20
-1.09453e-20
-1.09962e-20
-1.10459e-20
-1.10871e-20
-1.11203e-20
-1.11374e-20
-1.11335e-20
-1.11158e-20
-1.10867e-20
-1.10495e-20
-1.1015e-20
-1.09848e-20
-1.09617e-20
-1.09498e-20
-1.09534e-20
-1.09697e-20
-1.09981e-20
-1.10376e-20
-1.10795e-20
-1.11181e-20
-1.11513e-20
-1.11736e-20
-1.1187e-20
-1.11943e-20
-1.11932e-20
-1.11749e-20
-1.11513e-20
-1.11208e-20
-1.10766e-20
-1.10266e-20
-1.09735e-20
-1.09201e-20
-1.08681e-20
-1.08231e-20
-1.07897e-20
-1.07741e-20
-1.07788e-20
-1.07987e-20
-1.08375e-20
-1.08907e-20
-1.09538e-20
-1.10218e-20
-1.10881e-20
-1.11465e-20
-1.11923e-20
-1.12218e-20
-1.12358e-20
-1.1236e-20
-1.12364e-20
-1.12248e-20
-1.12061e-20
-1.11908e-20
-1.11769e-20
-1.11672e-20
-1.11607e-20
-1.11568e-20
-1.11492e-20
-1.11355e-20
-1.11126e-20
-1.10929e-20
-1.10707e-20
-1.1054e-20
-1.1042e-20
-1.10298e-20
-1.10139e-20
-1.09998e-20
-1.0987e-20
-1.09707e-20
-1.09623e-20
-1.09596e-20
-1.09704e-20
-1.09864e-20
-1.10121e-20
-1.10364e-20
-1.10606e-20
-1.10808e-20
-1.10919e-20
-1.10987e-20
-1.10915e-20
-1.10808e-20
-1.10622e-20
-1.10378e-20
-1.10112e-20
-1.09798e-20
-1.09471e-20
-1.0915e-20
-1.08913e-20
-1.08717e-20
-1.08691e-20
-1.0877e-20
-1.08901e-20
-1.09116e-20
-1.09322e-20
-1.09476e-20
-1.09589e-20
-1.09624e-20
-1.09652e-20
-1.09688e-20
-1.09826e-20
-1.10051e-20
-1.1033e-20
-1.10673e-20
-1.11023e-20
-1.11307e-20
-1.11528e-20
-1.11675e-20
-1.11697e-20
-1.11599e-20
-1.11376e-20
-1.1114e-20
-1.10977e-20
-1.10831e-20
-1.10802e-20
-1.10856e-20
-1.10947e-20
-1.1104e-20
-1.11065e-20
-1.10988e-20
-1.10834e-20
-1.10664e-20
-1.1049e-20
-1.10439e-20
-1.10496e-20
-1.10639e-20
-1.10876e-20
-1.11195e-20
-1.11533e-20
-1.11832e-20
-1.1204e-20
-1.121e-20
-1.12059e-20
-1.11818e-20
-1.11508e-20
-1.11069e-20
-1.10624e-20
-1.10272e-20
-1.09971e-20
-1.09738e-20
-1.09568e-20
-1.09471e-20
-1.09466e-20
-1.09515e-20
-1.09608e-20
-1.09718e-20
-1.09848e-20
-1.09925e-20
-1.09948e-20
-1.0994e-20
-1.09881e-20
-1.09795e-20
-1.09728e-20
-1.09642e-20
-1.0956e-20
-1.09524e-20
-1.09427e-20
-1.09459e-20
-1.09491e-20
-1.09579e-20
-1.09764e-20
-1.09954e-20
-1.101e-20
-1.10237e-20
-1.10305e-20
-1.10352e-20
-1.10349e-20
-1.10365e-20
-1.1029e-20
-1.10229e-20
-1.10109e-20
-1.10036e-20
-1.09992e-20
-1.10021e-20
-1.10131e-20
-1.10361e-20
-1.10598e-20
-1.10888e-20
-1.11168e-20
-1.11377e-20
-1.11401e-20
-1.11199e-20
-1.10766e-20
-1.10218e-20
-1.09577e-20
-1.0892e-20
-1.08355e-20
-1.08064e-20
-1.08132e-20
-1.08497e-20
-1.09087e-20
-1.09802e-20
-1.1048e-20
-1.11144e-20
-1.11701e-20
-1.12131e-20
-1.1253e-20
-1.12733e-20
-1.12809e-20
-1.127e-20
-1.12469e-20
-1.12196e-20
-1.11914e-20
-1.11703e-20
-1.1167e-20
-1.11698e-20
-1.11811e-20
-1.11924e-20
-1.11976e-20
-1.11882e-20
-1.11752e-20
-1.11526e-20
-1.11247e-20
-1.10847e-20
-1.10329e-20
-1.09832e-20
-1.09363e-20
-1.0893e-20
-1.08574e-20
-1.08281e-20
-1.08107e-20
-1.07983e-20
-1.07931e-20
-1.07933e-20
-1.08086e-20
-1.08309e-20
-1.08627e-20
-1.09046e-20
-1.09454e-20
-1.0982e-20
-1.10112e-20
-1.10231e-20
-1.10291e-20
-1.10269e-20
-1.10194e-20
-1.10141e-20
-1.10039e-20
-1.09952e-20
-1.09841e-20
-1.09756e-20
-1.09638e-20
-1.09603e-20
-1.09631e-20
-1.09667e-20
-1.09693e-20
-1.09747e-20
-1.09783e-20
-1.09775e-20
-1.09804e-20
-1.09864e-20
-1.09907e-20
-1.09964e-20
-1.10039e-20
-1.10205e-20
-1.1043e-20
-1.10708e-20
-1.1107e-20
-1.11443e-20
-1.11769e-20
-1.12053e-20
-1.12253e-20
-1.12398e-20
-1.12436e-20
-1.1241e-20
-1.12252e-20
-1.12011e-20
-1.117e-20
-1.11289e-20
-1.10896e-20
-1.10466e-20
-1.10064e-20
-1.09701e-20
-1.09354e-20
-1.0916e-20
-1.09101e-20
-1.09162e-20
-1.09322e-20
-1.09571e-20
-1.09861e-20
-1.10136e-20
-1.10305e-20
-1.10401e-20
-1.10395e-20
-1.10269e-20
-1.10033e-20
-1.09784e-20
-1.0954e-20
-1.09333e-20
-1.09156e-20
-1.09027e-20
-1.09002e-20
-1.09021e-20
-1.09101e-20
-1.09242e-20
-1.09387e-20
-1.09518e-20
-1.09677e-20
-1.09844e-20
-1.10019e-20
-1.10278e-20
-1.10558e-20
-1.1087e-20
-1.11154e-20
-1.11453e-20
-1.11724e-20
-1.11949e-20
-1.12073e-20
-1.1207e-20
-1.11914e-20
-1.11649e-20
-1.11318e-20
-1.10897e-20
-1.10436e-20
-1.09983e-20
-1.09556e-20
-1.09112e-20
-1.08797e-20
-1.08486e-20
-1.08292e-20
-1.0816e-20
-1.08158e-20
-1.08338e-20
-1.08549e-20
-1.0893e-20
-1.09326e-20
-1.09732e-20
-1.10163e-20
-1.10618e-20
-1.11041e-20
-1.11394e-20
-1.1171e-20
-1.11932e-20
-1.12057e-20
-1.12137e-20
-1.12148e-20
-1.12133e-20
-1.12078e-20
-1.11961e-20
-1.11847e-20
-1.11716e-20
-1.11615e-20
-1.11541e-20
-1.11524e-20
-1.11498e-20
-1.11539e-20
-1.1153e-20
-1.11477e-20
-1.11359e-20
-1.11166e-20
-1.10879e-20
-1.10504e-20
-1.10068e-20
-1.09555e-20
-1.09027e-20
-1.0856e-20
-1.08125e-20
-1.07926e-20
-1.07849e-20
-1.07974e-20
-1.0828e-20
-1.08687e-20
-1.09143e-20
-1.09533e-20
-1.09853e-20
-1.10058e-20
-1.10164e-20
-1.10163e-20
-1.10115e-20
-1.10061e-20
-1.09994e-20
-1.0997e-20
-1.09952e-20
-1.09907e-20
-1.09847e-20
-1.09701e-20
-1.09568e-20
-1.09416e-20
-1.09304e-20
-1.09278e-20
-1.09333e-20
-1.09437e-20
-1.0965e-20
-1.0995e-20
-1.10271e-20
-1.10612e-20
-1.10902e-20
-1.11205e-20
-1.1146e-20
-1.11717e-20
-1.11933e-20
-1.1214e-20
-1.12247e-20
-1.12195e-20
-1.11988e-20
-1.11643e-20
-1.11282e-20
-1.10866e-20
-1.10546e-20
-1.10318e-20
-1.10196e-20
-1.10268e-20
-1.10485e-20
-1.10811e-20
-1.11156e-20
-1.11455e-20
-1.11716e-20
-1.11848e-20
-1.11839e-20
-1.11682e-20
-1.11397e-20
-1.11101e-20
-1.10782e-20
-1.10534e-20
-1.10218e-20
-1.09885e-20
-1.0959e-20
-1.09312e-20
-1.09116e-20
-1.08989e-20
-1.08925e-20
-1.08939e-20
-1.09014e-20
-1.0916e-20
-1.09435e-20
-1.09744e-20
-1.10092e-20
-1.10446e-20
-1.10825e-20
-1.11206e-20
-1.11486e-20
-1.11634e-20
-1.11686e-20
-1.11596e-20
-1.1144e-20
-1.11303e-20
-1.11249e-20
-1.11263e-20
-1.11385e-20
-1.11514e-20
-1.11599e-20
-1.1158e-20
-1.11481e-20
-1.11239e-20
-1.10896e-20
-1.10502e-20
-1.09999e-20
-1.09557e-20
-1.09136e-20
-1.08759e-20
-1.08528e-20
-1.08321e-20
-1.08186e-20
-1.08153e-20
-1.08233e-20
-1.0835e-20
-1.0852e-20
-1.0874e-20
-1.08942e-20
-1.09183e-20
-1.09387e-20
-1.09585e-20
-1.09823e-20
-1.10037e-20
-1.10232e-20
-1.10436e-20
-1.10725e-20
-1.111e-20
-1.11548e-20
-1.12069e-20
-1.12533e-20
-1.12905e-20
-1.13194e-20
-1.13307e-20
-1.13262e-20
-1.13101e-20
-1.12837e-20
-1.1251e-20
-1.12116e-20
-1.11677e-20
-1.11222e-20
-1.1069e-20
-1.10196e-20
-1.09789e-20
-1.09444e-20
-1.092e-20
-1.08992e-20
-1.0875e-20
-1.0859e-20
-1.08399e-20
-1.08323e-20
-1.08326e-20
-1.08393e-20
-1.08548e-20
-1.08773e-20
-1.09054e-20
-1.09378e-20
-1.09692e-20
-1.10084e-20
-1.10428e-20
-1.10815e-20
-1.11248e-20
-1.11688e-20
-1.12055e-20
-1.12439e-20
-1.12686e-20
-1.12805e-20
-1.12825e-20
-1.12739e-20
-1.12489e-20
-1.12195e-20
-1.11859e-20
-1.11498e-20
-1.11179e-20
-1.10918e-20
-1.10728e-20
-1.10605e-20
-1.10581e-20
-1.10644e-20
-1.10716e-20
-1.10795e-20
-1.10782e-20
-1.10694e-20
-1.10536e-20
-1.10151e-20
-1.09611e-20
-1.08983e-20
-1.08344e-20
-1.07703e-20
-1.07176e-20
-1.06913e-20
-1.06816e-20
-1.06968e-20
-1.07285e-20
-1.07787e-20
-1.08395e-20
-1.0904e-20
-1.09656e-20
-1.10211e-20
-1.10679e-20
-1.11067e-20
-1.11358e-20
-1.11568e-20
-1.11708e-20
-1.11745e-20
-1.11779e-20
-1.11726e-20
-1.11663e-20
-1.1155e-20
-1.11365e-20
-1.11207e-20
-1.1102e-20
-1.1082e-20
-1.10731e-20
-1.10735e-20
-1.10853e-20
-1.11041e-20
-1.11303e-20
-1.11539e-20
-1.11748e-20
-1.11923e-20
-1.1197e-20
-1.11902e-20
-1.1169e-20
-1.11363e-20
-1.11038e-20
-1.10695e-20
-1.10466e-20
-1.10293e-20
-1.10159e-20
-1.09954e-20
-1.09744e-20
-1.09482e-20
-1.09188e-20
-1.08934e-20
-1.08765e-20
-1.08728e-20
-1.08841e-20
-1.09124e-20
-1.09592e-20
-1.10236e-20
-1.10944e-20
-1.11636e-20
-1.12195e-20
-1.12622e-20
-1.12839e-20
-1.12883e-20
-1.12728e-20
-1.12464e-20
-1.121e-20
-1.11632e-20
-1.11203e-20
-1.10784e-20
-1.1045e-20
-1.10236e-20
-1.10191e-20
-1.10259e-20
-1.10394e-20
-1.10565e-20
-1.10701e-20
-1.1077e-20
-1.1068e-20
-1.10508e-20
-1.10243e-20
-1.09881e-20
-1.09478e-20
-1.0909e-20
-1.08782e-20
-1.08621e-20
-1.08619e-20
-1.0883e-20
-1.09156e-20
-1.0955e-20
-1.09974e-20
-1.10277e-20
-1.10492e-20
-1.10569e-20
-1.10526e-20
-1.10368e-20
-1.10191e-20
-1.09955e-20
-1.09733e-20
-1.0953e-20
-1.09387e-20
-1.0934e-20
-1.09411e-20
-1.09599e-20
-1.09961e-20
-1.10447e-20
-1.11059e-20
-1.11707e-20
-1.12317e-20
-1.12778e-20
-1.13085e-20
-1.13171e-20
-1.13031e-20
-1.12786e-20
-1.12474e-20
-1.12153e-20
-1.11883e-20
-1.11647e-20
-1.11453e-20
-1.11219e-20
-1.10978e-20
-1.10641e-20
-1.10269e-20
-1.0987e-20
-1.09446e-20
-1.09096e-20
-1.08867e-20
-1.08777e-20
-1.08855e-20
-1.09031e-20
-1.09232e-20
-1.09459e-20
-1.09655e-20
-1.09871e-20
-1.10104e-20
-1.10391e-20
-1.10673e-20
-1.10921e-20
-1.11129e-20
-1.11246e-20
-1.11272e-20
-1.11244e-20
-1.11179e-20
-1.10996e-20
-1.10812e-20
-1.10663e-20
-1.10501e-20
-1.10321e-20
-1.10177e-20
-1.10111e-20
-1.10074e-20
-1.09981e-20
-1.09956e-20
-1.09899e-20
-1.09877e-20
-1.09858e-20
-1.09849e-20
-1.09806e-20
-1.09828e-20
-1.09874e-20
-1.09913e-20
-1.09898e-20
-1.09948e-20
-1.10022e-20
-1.10109e-20
-1.10097e-20
-1.10021e-20
-1.09875e-20
-1.09718e-20
-1.09595e-20
-1.0955e-20
-1.09568e-20
-1.09651e-20
-1.09851e-20
-1.10079e-20
-1.10298e-20
-1.10469e-20
-1.10557e-20
-1.10607e-20
-1.10527e-20
-1.10361e-20
-1.10106e-20
-1.09829e-20
-1.09656e-20
-1.09705e-20
-1.09989e-20
-1.10331e-20
-1.10747e-20
-1.11038e-20
-1.11227e-20
-1.11291e-20
-1.11286e-20
-1.11227e-20
-1.11228e-20
-1.11288e-20
-1.11397e-20
-1.11592e-20
-1.1186e-20
-1.12133e-20
-1.12296e-20
-1.12436e-20
-1.12501e-20
-1.12395e-20
-1.12169e-20
-1.11875e-20
-1.11478e-20
-1.1104e-20
-1.10525e-20
-1.09946e-20
-1.09428e-20
-1.09025e-20
-1.08635e-20
-1.08424e-20
-1.08297e-20
-1.08318e-20
-1.08577e-20
-1.08987e-20
-1.09501e-20
-1.10022e-20
-1.10526e-20
-1.10872e-20
-1.11043e-20
-1.11028e-20
-1.10901e-20
-1.10669e-20
-1.10392e-20
-1.10104e-20
-1.0982e-20
-1.09653e-20
-1.09533e-20
-1.09435e-20
-1.0948e-20
-1.09602e-20
-1.09815e-20
-1.10089e-20
-1.10368e-20
-1.10599e-20
-1.10845e-20
-1.11009e-20
-1.11072e-20
-1.11047e-20
-1.10891e-20
-1.10672e-20
-1.10409e-20
-1.10147e-20
-1.09906e-20
-1.09775e-20
-1.09792e-20
-1.09882e-20
-1.10132e-20
-1.10429e-20
-1.10719e-20
-1.10974e-20
-1.11112e-20
-1.11152e-20
-1.11143e-20
-1.11124e-20
-1.11114e-20
-1.11127e-20
-1.11124e-20
-1.11064e-20
-1.11034e-20
-1.10918e-20
-1.10745e-20
-1.10533e-20
-1.10356e-20
-1.1024e-20
-1.10197e-20
-1.10208e-20
-1.10283e-20
-1.10378e-20
-1.10538e-20
-1.10661e-20
-1.10773e-20
-1.10865e-20
-1.1089e-20
-1.10915e-20
-1.10887e-20
-1.10827e-20
-1.10787e-20
-1.10766e-20
-1.10765e-20
-1.10757e-20
-1.10702e-20
-1.10636e-20
-1.10402e-20
-1.10132e-20
-1.09753e-20
-1.09352e-20
