10 2.80108e-21 0
20 2.66067e-21 1.4041e-22
30 2.64856e-21 8.19653e-23
40 2.68491e-21 6.84169e-23
50 2.69686e-21 5.43252e-23
60 2.66527e-21 5.44528e-23
70 2.65335e-21 4.75404e-23
80 2.66699e-21 4.33732e-23
90 2.67924e-21 4.0163e-23
100 2.68038e-21 3.59411e-23
110 2.68578e-21 3.2956e-23
120 2.69494e-21 3.14489e-23
130 2.68418e-21 3.08678e-23
140 2.67459e-21 3.01442e-23
150 2.67744e-21 2.82076e-23
160 2.68238e-21 2.68435e-23
170 2.68327e-21 2.52311e-23
180 2.68267e-21 2.37958e-23
190 2.6781e-21 2.29669e-23
200 2.68056e-21 2.19258e-23
210 2.67628e-21 2.12891e-23
220 2.67425e-21 2.03995e-23
230 2.67034e-21 1.9881e-23
240 2.67179e-21 1.90899e-23
250 2.67149e-21 1.83129e-23
260 2.67902e-21 1.91381e-23
270 2.69167e-21 2.23424e-23
280 2.69507e-21 2.17958e-23
290 2.69699e-21 2.11188e-23
300 2.69507e-21 2.0493e-23
310 2.69509e-21 1.9821e-23
320 2.6938e-21 1.92349e-23
330 2.69377e-21 1.86429e-23
340 2.69694e-21 1.83617e-23
350 2.69755e-21 1.78397e-23
360 2.70192e-21 1.78799e-23
370 2.69493e-21 1.87431e-23
380 2.69383e-21 1.82764e-23
390 2.69897e-21 1.85289e-23
400 2.69744e-21 1.81242e-23
410 2.69919e-21 1.77626e-23
420 2.69796e-21 1.73782e-23
430 2.6965e-21 1.70313e-23
440 2.69972e-21 1.69472e-23
450 2.70311e-21 1.69093e-23
460 2.70264e-21 1.65441e-23
470 2.70184e-21 1.62081e-23
480 2.70137e-21 1.58737e-23
490 2.70038e-21 1.5578e-23
500 2.69952e-21 1.52877e-23
510 2.69955e-21 1.4985e-23
520 2.70402e-21 1.53601e-23
530 2.7065e-21 1.52697e-23
540 2.70562e-21 1.501e-23
550 2.70672e-21 1.47757e-23
560 2.70912e-21 1.47067e-23
570 2.71003e-21 1.4475e-23
580 2.70896e-21 1.42637e-23
590 2.70948e-21 1.40296e-23
600 2.70565e-21 1.43161e-23
610 2.70558e-21 1.40796e-23
620 2.70682e-21 1.39058e-23
630 2.70431e-21 1.39106e-23
640 2.70273e-21 1.37832e-23
650 2.703e-21 1.35723e-23
660 2.70482e-21 1.34876e-23
670 2.70788e-21 1.36338e-23
680 2.71025e-21 1.3639e-23
690 2.71165e-21 1.35127e-23
700 2.71044e-21 1.33729e-23
710 2.70992e-21 1.31935e-23
720 2.71152e-21 1.3107e-23
730 2.71238e-21 1.29543e-23
740 2.71395e-21 1.28745e-23
750 2.7159e-21 1.28508e-23
760 2.71498e-21 1.27142e-23
770 2.71272e-21 1.27499e-23
780 2.71391e-21 1.26417e-23
790 2.71643e-21 1.27335e-23
800 2.7149e-21 1.2666e-23
810 2.71418e-21 1.25293e-23
820 2.7131e-21 1.24233e-23
830 2.71144e-21 1.2384e-23
840 2.71159e-21 1.22366e-23
850 2.71065e-21 1.21281e-23
860 2.70776e-21 1.23297e-23
870 2.70863e-21 1.22182e-23
880 2.7099e-21 1.21452e-23
890 2.71062e-21 1.20292e-23
900 2.71245e-21 1.20358e-23
910 2.71226e-21 1.19044e-23
920 2.70862e-21 1.23256e-23
930 2.70785e-21 1.22168e-23
940 2.7079e-21 1.20862e-23
950 2.70737e-21 1.19701e-23
960 2.70772e-21 1.18502e-23
970 2.70891e-21 1.17873e-23
980 2.70794e-21 1.17072e-23
990 2.7071e-21 1.16187e-23
1000 2.70742e-21 1.15065e-23
