10 135.254 0
20 128.474 6.77989
30 127.889 3.95782
40 129.645 3.30361
50 130.222 2.62317
60 128.697 2.62933
70 128.121 2.29556
80 128.78 2.09434
90 129.371 1.93933
100 129.426 1.73547
110 129.687 1.59133
120 130.129 1.51855
130 129.609 1.4905
140 129.146 1.45556
150 129.284 1.36204
160 129.523 1.29618
170 129.566 1.21832
180 129.537 1.14901
190 129.316 1.10899
200 129.435 1.05872
210 129.228 1.02797
220 129.13 0.985019
230 128.941 0.959983
240 129.012 0.921786
250 128.997 0.884268
260 129.36 0.92411
270 129.971 1.07883
280 130.135 1.05244
290 130.228 1.01975
300 130.136 0.989537
310 130.136 0.957085
320 130.074 0.928784
330 130.073 0.9002
340 130.226 0.886623
350 130.255 0.861418
360 130.466 0.863357
370 130.129 0.90504
380 130.076 0.882501
390 130.324 0.894696
400 130.25 0.875153
410 130.334 0.857694
420 130.275 0.839134
430 130.205 0.822382
440 130.36 0.818321
450 130.524 0.816492
460 130.501 0.798859
470 130.463 0.782631
480 130.44 0.766487
490 130.392 0.752205
500 130.35 0.738189
510 130.352 0.723571
520 130.568 0.741685
530 130.687 0.737321
540 130.645 0.724781
550 130.698 0.713465
560 130.814 0.710133
570 130.858 0.698945
580 130.806 0.688743
590 130.831 0.677438
600 130.646 0.691273
610 130.643 0.679853
620 130.703 0.67146
630 130.582 0.671694
640 130.505 0.665543
650 130.518 0.655358
660 130.606 0.65127
670 130.754 0.658329
680 130.868 0.658581
690 130.936 0.652482
700 130.878 0.645729
710 130.853 0.637066
720 130.93 0.632891
730 130.971 0.625518
740 131.047 0.621665
750 131.141 0.62052
760 131.097 0.613922
770 130.988 0.615649
780 131.045 0.610426
790 131.167 0.614855
800 131.093 0.611594
810 131.058 0.604995
820 131.006 0.599876
830 130.926 0.597981
840 130.933 0.590864
850 130.888 0.585625
860 130.748 0.595357
870 130.79 0.589974
880 130.852 0.58645
890 130.886 0.580847
900 130.975 0.581167
910 130.966 0.574819
920 130.79 0.595159
930 130.752 0.589905
940 130.755 0.583602
950 130.729 0.577995
960 130.747 0.572203
970 130.804 0.569169
980 130.757 0.5653
990 130.716 0.561025
1000 130.732 0.555608
