10 -8.39238e-21 0
20 -8.24928e-21 1.43103e-22
30 -8.23877e-21 8.32871e-23
40 -8.27576e-21 6.95463e-23
50 -8.28742e-21 5.5119e-23
60 -8.25618e-21 5.47861e-23
70 -8.24486e-21 4.76667e-23
80 -8.25914e-21 4.36809e-23
90 -8.27081e-21 4.02521e-23
100 -8.27185e-21 3.60177e-23
110 -8.27663e-21 3.29273e-23
120 -8.28521e-21 3.1259e-23
130 -8.27373e-21 3.09601e-23
140 -8.2637e-21 3.03691e-23
150 -8.2666e-21 2.84211e-23
160 -8.2717e-21 2.70692e-23
170 -8.27294e-21 2.54575e-23
180 -8.27236e-21 2.40086e-23
190 -8.26803e-21 2.31201e-23
200 -8.27026e-21 2.20468e-23
210 -8.26607e-21 2.13843e-23
220 -8.2639e-21 2.05045e-23
230 -8.26004e-21 1.99694e-23
240 -8.26134e-21 1.91636e-23
250 -8.26121e-21 1.83816e-23
260 -8.26904e-21 1.93194e-23
270 -8.28187e-21 2.25856e-23
280 -8.28528e-21 2.20297e-23
290 -8.28713e-21 2.13367e-23
300 -8.28517e-21 2.07059e-23
310 -8.28519e-21 2.00269e-23
320 -8.28393e-21 1.94318e-23
330 -8.28404e-21 1.88341e-23
340 -8.2873e-21 1.85615e-23
350 -8.28789e-21 1.8033e-23
360 -8.29226e-21 1.80617e-23
370 -8.28516e-21 1.89489e-23
380 -8.28419e-21 1.84687e-23
390 -8.28918e-21 1.86675e-23
400 -8.28771e-21 1.82544e-23
410 -8.28952e-21 1.78955e-23
420 -8.28822e-21 1.75127e-23
430 -8.28675e-21 1.71637e-23
440 -8.28996e-21 1.70742e-23
450 -8.29326e-21 1.70127e-23
460 -8.2927e-21 1.66481e-23
470 -8.29186e-21 1.63113e-23
480 -8.29131e-21 1.59774e-23
490 -8.29035e-21 1.56777e-23
500 -8.28957e-21 1.53807e-23
510 -8.28978e-21 1.50776e-23
520 -8.2944e-21 1.54882e-23
530 -8.29694e-21 1.54049e-23
540 -8.29615e-21 1.51374e-23
550 -8.29736e-21 1.49086e-23
560 -8.29978e-21 1.48381e-23
570 -8.30074e-21 1.46074e-23
580 -8.29967e-21 1.43931e-23
590 -8.30025e-21 1.41588e-23
600 -8.29639e-21 1.44458e-23
610 -8.29639e-21 1.4207e-23
620 -8.29759e-21 1.4027e-23
630 -8.29499e-21 1.40455e-23
640 -8.29337e-21 1.39182e-23
650 -8.29364e-21 1.3705e-23
660 -8.29542e-21 1.36127e-23
670 -8.29839e-21 1.37339e-23
680 -8.30059e-21 1.37088e-23
690 -8.30195e-21 1.3576e-23
700 -8.30072e-21 1.34368e-23
710 -8.30017e-21 1.32574e-23
720 -8.30174e-21 1.31651e-23
730 -8.30256e-21 1.30096e-23
740 -8.30411e-21 1.29258e-23
750 -8.30601e-21 1.28928e-23
760 -8.30502e-21 1.27599e-23
770 -8.30279e-21 1.27904e-23
780 -8.30402e-21 1.26849e-23
790 -8.30648e-21 1.27643e-23
800 -8.30498e-21 1.26935e-23
810 -8.30433e-21 1.25526e-23
820 -8.30333e-21 1.24386e-23
830 -8.30181e-21 1.23811e-23
840 -8.30209e-21 1.2236e-23
850 -8.30122e-21 1.21229e-23
860 -8.2984e-21 1.23078e-23
870 -8.29928e-21 1.21974e-23
880 -8.3005e-21 1.21194e-23
890 -8.30116e-21 1.20008e-23
900 -8.30293e-21 1.19971e-23
910 -8.30265e-21 1.18677e-23
920 -8.29895e-21 1.23086e-23
930 -8.2982e-21 1.21984e-23
940 -8.29825e-21 1.2068e-23
950 -8.29776e-21 1.19502e-23
960 -8.29812e-21 1.18306e-23
970 -8.29935e-21 1.17723e-23
980 -8.29842e-21 1.1689e-23
990 -8.29761e-21 1.15981e-23
1000 -8.29796e-21 1.14869e-23
