10 8.2733e-20 0
20 9.74564e-20 1.47234e-20
30 9.90176e-20 8.64274e-21
40 9.54345e-20 7.08432e-21
50 9.48335e-20 5.52029e-21
60 9.81082e-20 5.57128e-21
70 9.88597e-20 4.76818e-21
80 9.732e-20 4.40707e-21
90 9.61117e-20 4.07016e-21
100 9.57482e-20 3.65856e-21
110 9.50061e-20 3.39147e-21
120 9.40358e-20 3.24448e-21
130 9.49363e-20 3.11737e-21
140 9.56304e-20 2.96841e-21
150 9.48743e-20 2.865e-21
160 9.37716e-20 2.89796e-21
170 9.32648e-20 2.76895e-21
180 9.32232e-20 2.61092e-21
190 9.35587e-20 2.49237e-21
200 9.34418e-20 2.36735e-21
210 9.40975e-20 2.34532e-21
220 9.46559e-20 2.30484e-21
230 9.52847e-20 2.29037e-21
240 9.53191e-20 2.19313e-21
250 9.53399e-20 2.10368e-21
260 9.45032e-20 2.18751e-21
270 9.3323e-20 2.4132e-21
280 9.32095e-20 2.32819e-21
290 9.33388e-20 2.25019e-21
300 9.38693e-20 2.23768e-21
310 9.42928e-20 2.20535e-21
320 9.484e-20 2.20431e-21
330 9.51386e-20 2.15725e-21
340 9.49122e-20 2.10505e-21
350 9.48036e-20 2.0469e-21
360 9.4437e-20 2.02273e-21
370 9.52758e-20 2.13864e-21
380 9.55866e-20 2.10469e-21
390 9.53032e-20 2.06951e-21
400 9.56227e-20 2.04226e-21
410 9.5637e-20 1.99188e-21
420 9.59775e-20 1.97347e-21
430 9.63013e-20 1.95404e-21
440 9.60697e-20 1.9231e-21
450 9.58867e-20 1.88876e-21
460 9.60985e-20 1.85935e-21
470 9.61928e-20 1.8218e-21
480 9.61702e-20 1.78359e-21
490 9.6226e-20 1.7477e-21
500 9.62507e-20 1.71257e-21
510 9.61719e-20 1.6805e-21
520 9.56468e-20 1.72953e-21
530 9.52399e-20 1.74468e-21
540 9.50922e-20 1.71843e-21
550 9.47979e-20 1.71237e-21
560 9.44567e-20 1.71577e-21
570 9.42964e-20 1.69301e-21
580 9.43423e-20 1.6642e-21
590 9.42893e-20 1.6366e-21
600 9.4657e-20 1.65056e-21
610 9.4635e-20 1.62343e-21
620 9.4487e-20 1.60388e-21
630 9.47548e-20 1.60079e-21
640 9.49686e-20 1.59001e-21
650 9.50258e-20 1.5664e-21
660 9.49466e-20 1.54451e-21
670 9.47598e-20 1.53272e-21
680 9.45949e-20 1.51898e-21
690 9.44728e-20 1.50178e-21
700 9.45709e-20 1.48341e-21
710 9.45863e-20 1.46245e-21
720 9.43671e-20 1.45857e-21
730 9.42363e-20 1.44438e-21
740 9.4054e-20 1.43635e-21
750 9.38166e-20 1.43681e-21
760 9.38963e-20 1.42002e-21
770 9.41394e-20 1.42237e-21
780 9.40439e-20 1.40726e-21
790 9.37654e-20 1.41697e-21
800 9.38099e-20 1.39985e-21
810 9.38037e-20 1.38248e-21
820 9.3914e-20 1.36996e-21
830 9.407e-20 1.36231e-21
840 9.40055e-20 1.34754e-21
850 9.40894e-20 1.33424e-21
860 9.44062e-20 1.35614e-21
870 9.43271e-20 1.34279e-21
880 9.41678e-20 1.33697e-21
890 9.40728e-20 1.32527e-21
900 9.3907e-20 1.3209e-21
910 9.3963e-20 1.30751e-21
920 9.43607e-20 1.35299e-21
930 9.44625e-20 1.34223e-21
940 9.44489e-20 1.32794e-21
950 9.44652e-20 1.31399e-21
960 9.43991e-20 1.30191e-21
970 9.42603e-20 1.29588e-21
980 9.43276e-20 1.28436e-21
990 9.44279e-20 1.27527e-21
1000 9.44636e-20 1.26295e-21
