10 -5.59131e-21 0
20 -5.58861e-21 2.69377e-24
30 -5.59021e-21 2.22957e-24
40 -5.59085e-21 1.69975e-24
50 -5.59057e-21 1.34612e-24
60 -5.59091e-21 1.15115e-24
70 -5.59151e-21 1.14391e-24
80 -5.59215e-21 1.17739e-24
90 -5.59158e-21 1.18528e-24
100 -5.59147e-21 1.06487e-24
110 -5.59085e-21 1.1505e-24
120 -5.59026e-21 1.20071e-24
130 -5.58955e-21 1.31262e-24
140 -5.58911e-21 1.29393e-24
150 -5.58916e-21 1.2057e-24
160 -5.58932e-21 1.13886e-24
170 -5.58967e-21 1.12467e-24
180 -5.58969e-21 1.06064e-24
190 -5.58992e-21 1.02917e-24
200 -5.5897e-21 1.00111e-24
210 -5.58979e-21 9.56357e-25
220 -5.58964e-21 9.231e-25
230 -5.5897e-21 8.83568e-25
240 -5.58955e-21 8.58915e-25
250 -5.58972e-21 8.41449e-25
260 -5.59002e-21 8.63215e-25
270 -5.5902e-21 8.48964e-25
280 -5.59021e-21 8.1822e-25
290 -5.59013e-21 7.93327e-25
300 -5.5901e-21 7.67259e-25
310 -5.5901e-21 7.42105e-25
320 -5.59013e-21 7.19173e-25
330 -5.59026e-21 7.0924e-25
340 -5.59036e-21 6.95078e-25
350 -5.59034e-21 6.75235e-25
360 -5.59034e-21 6.56212e-25
370 -5.59023e-21 6.4793e-25
380 -5.59036e-21 6.45193e-25
390 -5.59021e-21 6.46771e-25
400 -5.59027e-21 6.32702e-25
410 -5.59033e-21 6.20581e-25
420 -5.59026e-21 6.097e-25
430 -5.59024e-21 5.95644e-25
440 -5.59024e-21 5.81949e-25
450 -5.59015e-21 5.76384e-25
460 -5.59005e-21 5.71643e-25
470 -5.59002e-21 5.60327e-25
480 -5.58994e-21 5.54418e-25
490 -5.58997e-21 5.43533e-25
500 -5.59005e-21 5.39483e-25
510 -5.59024e-21 5.60528e-25
520 -5.59038e-21 5.67274e-25
530 -5.59045e-21 5.60613e-25
540 -5.59054e-21 5.57564e-25
550 -5.59064e-21 5.57522e-25
560 -5.59066e-21 5.47712e-25
570 -5.59071e-21 5.40839e-25
580 -5.59072e-21 5.31443e-25
590 -5.59077e-21 5.25174e-25
600 -5.59074e-21 5.17063e-25
610 -5.59081e-21 5.12841e-25
620 -5.59077e-21 5.06295e-25
630 -5.59067e-21 5.07525e-25
640 -5.59064e-21 5.00249e-25
650 -5.59063e-21 4.92608e-25
660 -5.5906e-21 4.86238e-25
670 -5.59051e-21 4.87483e-25
680 -5.59035e-21 5.07554e-25
690 -5.5903e-21 5.02646e-25
700 -5.59028e-21 4.95799e-25
710 -5.59025e-21 4.89353e-25
720 -5.59021e-21 4.83917e-25
730 -5.59018e-21 4.78209e-25
740 -5.59016e-21 4.72261e-25
750 -5.59011e-21 4.69043e-25
760 -5.59005e-21 4.6669e-25
770 -5.59007e-21 4.61159e-25
780 -5.59011e-21 4.56632e-25
790 -5.59005e-21 4.54286e-25
800 -5.59007e-21 4.49129e-25
810 -5.59014e-21 4.49206e-25
820 -5.59023e-21 4.52826e-25
830 -5.59037e-21 4.68689e-25
840 -5.5905e-21 4.80245e-25
850 -5.59056e-21 4.78575e-25
860 -5.59064e-21 4.78536e-25
870 -5.59065e-21 4.73133e-25
880 -5.59059e-21 4.70629e-25
890 -5.59055e-21 4.67972e-25
900 -5.59047e-21 4.68497e-25
910 -5.59039e-21 4.70698e-25
920 -5.59033e-21 4.69273e-25
930 -5.59036e-21 4.64966e-25
940 -5.59035e-21 4.6004e-25
950 -5.59039e-21 4.57306e-25
960 -5.5904e-21 4.52549e-25
970 -5.59044e-21 4.49694e-25
980 -5.59048e-21 4.46949e-25
990 -5.59052e-21 4.43905e-25
1000 -5.59054e-21 4.40131e-25
