-8.33099e-21
-8.34384e-21
-8.36819e-21
-8.39442e-21
-8.41979e-21
-8.43994e-21
-8.44576e-21
-8.43259e-21
-8.39856e-21
-8.34976e-21
-8.28708e-21
-8.22146e-21
-8.15685e-21
-8.10484e-21
-8.0662e-21
-8.0414e-21
-8.03216e-21
-8.03402e-21
-8.04713e-21
-8.07061e-21
-8.09874e-21
-8.12938e-21
-8.1628e-21
-8.19247e-21
-8.21829e-21
-8.23802e-21
-8.25686e-21
-8.27393e-21
-8.29345e-21
-8.31344e-21
-8.3365e-21
-8.36091e-21
-8.3812e-21
-8.39346e-21
-8.39853e-21
-8.39894e-21
-8.39807e-21
-8.39752e-21
-8.39937e-21
-8.40278e-21
-8.40716e-21
-8.40747e-21
-8.40423e-21
-8.39816e-21
-8.38201e-21
-8.35709e-21
-8.3192e-21
-8.27206e-21
-8.22075e-21
-8.17272e-21
-8.13212e-21
-8.10419e-21
-8.08506e-21
-8.07217e-21
-8.06495e-21
-8.06613e-21
-8.08038e-21
-8.10322e-21
-8.1326e-21
-8.15884e-21
-8.18146e-21
-8.19541e-21
-8.20022e-21
-8.19741e-21
-8.18669e-21
-8.17286e-21
-8.15976e-21
-8.15383e-21
-8.1545e-21
-8.16718e-21
-8.19163e-21
-8.22578e-21
-8.26452e-21
-8.30742e-21
-8.34844e-21
-8.38803e-21
-8.42399e-21
-8.45665e-21
-8.48315e-21
-8.50143e-21
-8.50699e-21
-8.49964e-21
-8.48068e-21
-8.44721e-21
-8.40443e-21
-8.3539e-21
-8.30068e-21
-8.25289e-21
-8.21255e-21
-8.18283e-21
-8.17109e-21
-8.16942e-21
-8.18546e-21
-8.21321e-21
-8.25154e-21
-8.29395e-21
-8.33854e-21
-8.37678e-21
-8.40174e-21
-8.41055e-21
-8.40177e-21
-8.38322e-21
-8.35763e-21
-8.33226e-21
-8.31044e-21
-8.29324e-21
-8.28571e-21
-8.2865e-21
-8.29046e-21
-8.30253e-21
-8.32258e-21
-8.34436e-21
-8.37085e-21
-8.39561e-21
-8.41411e-21
-8.42368e-21
-8.41993e-21
-8.40269e-21
-8.37328e-21
-8.32882e-21
-8.27549e-21
-8.22448e-21
-8.17464e-21
-8.13099e-21
-8.09681e-21
-8.07746e-21
-8.07052e-21
-8.08045e-21
-8.10177e-21
-8.12742e-21
-8.14671e-21
-8.15319e-21
-8.14636e-21
-8.13017e-21
-8.11174e-21
-8.10044e-21
-8.10239e-21
-8.11737e-21
-8.14481e-21
-8.17933e-21
-8.21513e-21
-8.24682e-21
-8.26982e-21
-8.28905e-21
-8.30242e-21
-8.31475e-21
-8.33088e-21
-8.35047e-21
-8.3696e-21
-8.38408e-21
-8.39317e-21
-8.39178e-21
-8.38673e-21
-8.37736e-21
-8.36359e-21
-8.34603e-21
-8.32854e-21
-8.31079e-21
-8.29667e-21
-8.28646e-21
-8.28521e-21
-8.28677e-21
-8.28992e-21
-8.29558e-21
-8.29673e-21
-8.2968e-21
-8.29416e-21
-8.29299e-21
-8.29389e-21
-8.29651e-21
-8.30047e-21
-8.30305e-21
-8.30451e-21
-8.30374e-21
-8.29806e-21
-8.28451e-21
-8.26158e-21
-8.2307e-21
-8.18985e-21
-8.14843e-21
-8.11093e-21
-8.0834e-21
-8.06985e-21
-8.07625e-21
-8.10581e-21
-8.15485e-21
-8.22195e-21
-8.29477e-21
-8.36486e-21
-8.41711e-21
-8.44764e-21
-8.45424e-21
-8.43581e-21
-8.39622e-21
-8.345e-21
-8.28689e-21
-8.23476e-21
-8.1945e-21
-8.17039e-21
-8.16081e-21
-8.1595e-21
-8.1614e-21
-8.16184e-21
-8.159e-21
-8.16106e-21
-8.16863e-21
-8.18579e-21
-8.20331e-21
-8.22311e-21
-8.23992e-21
-8.25544e-21
-8.26815e-21
-8.2758e-21
-8.27297e-21
-8.26086e-21
-8.24096e-21
-8.21223e-21
-8.17391e-21
-8.1324e-21
-8.09e-21
-8.05775e-21
-8.04692e-21
-8.06089e-21
-8.09652e-21
-8.14351e-21
-8.19141e-21
-8.23624e-21
-8.27532e-21
-8.30809e-21
-8.33454e-21
-8.35001e-21
-8.35756e-21
-8.35414e-21
-8.34094e-21
-8.31975e-21
-8.29254e-21
-8.26428e-21
-8.23522e-21
-8.20948e-21
-8.1894e-21
-8.17733e-21
-8.1769e-21
-8.18977e-21
-8.21089e-21
-8.23908e-21
-8.26939e-21
-8.29831e-21
-8.32086e-21
-8.33987e-21
-8.35798e-21
-8.37597e-21
-8.39376e-21
-8.40964e-21
-8.42469e-21
-8.44208e-21
-8.46376e-21
-8.4907e-21
-8.52195e-21
-8.54993e-21
-8.57606e-21
-8.59678e-21
-8.61144e-21
-8.62126e-21
-8.62675e-21
-8.62831e-21
-8.6269e-21
-8.62373e-21
-8.61863e-21
-8.60828e-21
-8.59148e-21
-8.56111e-21
-8.51721e-21
-8.45763e-21
-8.38986e-21
-8.32742e-21
-8.28657e-21
-8.2787e-21
-8.29531e-21
-8.31969e-21
-8.34015e-21
-8.35266e-21
-8.35802e-21
-8.361e-21
-8.35754e-21
-8.3525e-21
-8.34047e-21
-8.32834e-21
-8.31785e-21
-8.31251e-21
-8.308e-21
-8.30261e-21
-8.28927e-21
-8.27138e-21
-8.24599e-21
-8.22185e-21
-8.19854e-21
-8.18332e-21
-8.1787e-21
-8.1872e-21
-8.20512e-21
-8.22836e-21
-8.25581e-21
-8.28021e-21
-8.29866e-21
-8.30807e-21
-8.31036e-21
-8.30426e-21
-8.29745e-21
-8.28959e-21
-8.28464e-21
-8.27977e-21
-8.27809e-21
-8.27368e-21
-8.26481e-21
-8.25446e-21
-8.24157e-21
-8.2289e-21
-8.21581e-21
-8.2061e-21
-8.20555e-21
-8.21329e-21
-8.22862e-21
-8.24851e-21
-8.26938e-21
-8.28981e-21
-8.30566e-21
-8.31586e-21
-8.32608e-21
-8.33354e-21
-8.34443e-21
-8.36145e-21
-8.37843e-21
-8.39314e-21
-8.40467e-21
-8.40974e-21
-8.41228e-21
-8.41113e-21
-8.40345e-21
-8.39313e-21
-8.38375e-21
-8.37276e-21
-8.36175e-21
-8.34818e-21
-8.33171e-21
-8.30891e-21
-8.28214e-21
-8.26221e-21
-8.25485e-21
-8.26415e-21
-8.29189e-21
-8.33666e-21
-8.3865e-21
-8.43277e-21
-8.46804e-21
-8.49013e-21
-8.50014e-21
-8.49582e-21
-8.48221e-21
-8.45196e-21
-8.40818e-21
-8.34698e-21
-8.27003e-21
-8.18003e-21
-8.0835e-21
-7.99066e-21
-7.91741e-21
-7.87285e-21
-7.86038e-21
-7.87132e-21
-7.90092e-21
-7.94568e-21
-8.00326e-21
-8.07079e-21
-8.14209e-21
-8.2158e-21
-8.28816e-21
-8.35835e-21
-8.42723e-21
-8.49057e-21
-8.54341e-21
-8.58447e-21
-8.61188e-21
-8.62123e-21
-8.61295e-21
-8.57872e-21
-8.52024e-21
-8.44028e-21
-8.34877e-21
-8.2641e-21
-8.20449e-21
-8.1799e-21
-8.18483e-21
-8.20743e-21
-8.23358e-21
-8.24808e-21
-8.25133e-21
-8.24944e-21
-8.24572e-21
-8.2458e-21
-8.25654e-21
-8.28061e-21
-8.31525e-21
-8.35061e-21
-8.3777e-21
-8.39543e-21
-8.40182e-21
-8.39717e-21
-8.38409e-21
-8.36764e-21
-8.34955e-21
-8.33349e-21
-8.31667e-21
-8.29983e-21
-8.27527e-21
-8.24893e-21
-8.22107e-21
-8.19373e-21
-8.16852e-21
-8.15048e-21
-8.14037e-21
-8.14122e-21
-8.14739e-21
-8.16565e-21
-8.1894e-21
-8.21345e-21
-8.23952e-21
-8.26189e-21
-8.28113e-21
-8.29731e-21
-8.31269e-21
-8.32808e-21
-8.34317e-21
-8.35931e-21
-8.38079e-21
-8.4045e-21
-8.43419e-21
-8.46657e-21
-8.4974e-21
-8.52543e-21
-8.54176e-21
-8.54582e-21
-8.53725e-21
-8.51442e-21
-8.48169e-21
-8.44453e-21
-8.40984e-21
-8.38068e-21
-8.36166e-21
-8.35396e-21
-8.35284e-21
-8.35398e-21
-8.35107e-21
-8.33891e-21
-8.31706e-21
-8.28994e-21
-8.25771e-21
-8.22502e-21
-8.19696e-21
-8.17749e-21
-8.1673e-21
-8.1689e-21
-8.185e-21
-8.20729e-21
-8.23383e-21
-8.2604e-21
-8.28474e-21
-8.29973e-21
-8.30539e-21
-8.30008e-21
-8.29015e-21
-8.27638e-21
-8.2647e-21
-8.25794e-21
-8.25786e-21
-8.26293e-21
-8.26525e-21
-8.26945e-21
-8.26874e-21
-8.26778e-21
-8.26372e-21
-8.26312e-21
-8.26067e-21
-8.25762e-21
-8.24987e-21
-8.24223e-21
-8.23567e-21
-8.23064e-21
-8.2291e-21
-8.23098e-21
-8.23969e-21
-8.24831e-21
-8.25965e-21
-8.26727e-21
-8.27017e-21
-8.26983e-21
-8.26122e-21
-8.25002e-21
-8.23727e-21
-8.22818e-21
-8.22233e-21
-8.22081e-21
-8.22655e-21
-8.23937e-21
-8.25673e-21
-8.27828e-21
-8.30218e-21
-8.32796e-21
-8.35554e-21
-8.3844e-21
-8.41267e-21
-8.44438e-21
-8.47715e-21
-8.50952e-21
-8.53885e-21
-8.55893e-21
-8.57152e-21
-8.57223e-21
-8.56263e-21
-8.54328e-21
-8.51899e-21
-8.49383e-21
-8.47207e-21
-8.45475e-21
-8.44169e-21
-8.4323e-21
-8.42676e-21
-8.41775e-21
-8.40484e-21
-8.38654e-21
-8.36226e-21
-8.32911e-21
-8.29372e-21
-8.25995e-21
-8.23141e-21
-8.21219e-21
-8.20785e-21
-8.21775e-21
-8.2384e-21
-8.26458e-21
-8.28899e-21
-8.3066e-21
-8.31787e-21
-8.32717e-21
-8.3341e-21
-8.34423e-21
-8.35778e-21
-8.37457e-21
-8.39697e-21
-8.42107e-21
-8.44511e-21
-8.46388e-21
-8.47752e-21
-8.48437e-21
-8.48026e-21
-8.4657e-21
-8.44606e-21
-8.41852e-21
-8.38949e-21
-8.36267e-21
-8.33844e-21
-8.32035e-21
-8.30888e-21
-8.30834e-21
-8.31689e-21
-8.33518e-21
-8.36094e-21
-8.38433e-21
-8.40334e-21
-8.40951e-21
-8.40013e-21
-8.37872e-21
-8.34741e-21
-8.31027e-21
-8.26801e-21
-8.22579e-21
-8.18969e-21
-8.16485e-21
-8.15384e-21
-8.16136e-21
-8.1867e-21
-8.22734e-21
-8.2763e-21
-8.32533e-21
-8.36649e-21
-8.39175e-21
-8.39954e-21
-8.3876e-21
-8.36222e-21
-8.32426e-21
-8.27599e-21
-8.22134e-21
-8.163e-21
-8.10822e-21
-8.05932e-21
-8.01993e-21
-8.00034e-21
-7.99925e-21
-8.01124e-21
-8.03675e-21
-8.06773e-21
-8.10195e-21
-8.13948e-21
-8.18195e-21
-8.22644e-21
-8.27515e-21
-8.32573e-21
-8.37557e-21
-8.41857e-21
-8.4505e-21
-8.46984e-21
-8.47565e-21
-8.46802e-21
-8.44809e-21
-8.41949e-21
-8.38534e-21
-8.35108e-21
-8.3204e-21
-8.29738e-21
-8.27899e-21
-8.26007e-21
-8.23796e-21
-8.20947e-21
-8.17588e-21
-8.13872e-21
-8.1086e-21
-8.08735e-21
-8.0792e-21
-8.08585e-21
-8.0998e-21
-8.11407e-21
-8.1304e-21
-8.1455e-21
-8.15796e-21
-8.16984e-21
-8.18449e-21
-8.20015e-21
-8.21435e-21
-8.22944e-21
-8.23923e-21
-8.2455e-21
-8.24725e-21
-8.2517e-21
-8.26045e-21
-8.27763e-21
-8.29747e-21
-8.32003e-21
-8.34246e-21
-8.35876e-21
-8.37066e-21
-8.3788e-21
-8.38139e-21
-8.3828e-21
-8.38648e-21
-8.3938e-21
-8.40299e-21
-8.41391e-21
-8.4237e-21
-8.43502e-21
-8.4434e-21
-8.44806e-21
-8.45078e-21
-8.45554e-21
-8.46314e-21
-8.47568e-21
-8.49263e-21
-8.50938e-21
-8.52289e-21
-8.53061e-21
-8.52766e-21
-8.5186e-21
-8.50593e-21
-8.48928e-21
-8.47085e-21
-8.45355e-21
-8.43887e-21
-8.4277e-21
-8.42475e-21
-8.42503e-21
-8.42418e-21
-8.42269e-21
-8.41988e-21
-8.41742e-21
-8.41499e-21
-8.41361e-21
-8.4085e-21
-8.40292e-21
-8.39322e-21
-8.37755e-21
-8.35806e-21
-8.33178e-21
-8.30261e-21
-8.27263e-21
-8.24267e-21
-8.2166e-21
-8.19479e-21
-8.18131e-21
-8.17655e-21
-8.18008e-21
-8.19015e-21
-8.20344e-21
-8.21598e-21
-8.2289e-21
-8.23772e-21
-8.24486e-21
-8.25162e-21
-8.25922e-21
-8.26886e-21
-8.283e-21
-8.3036e-21
-8.32648e-21
-8.35227e-21
-8.37478e-21
-8.39125e-21
-8.40112e-21
-8.4102e-21
-8.42263e-21
-8.4355e-21
-8.44513e-21
-8.44942e-21
-8.44509e-21
-8.43399e-21
-8.42018e-21
-8.40286e-21
-8.38099e-21
-8.35875e-21
-8.33775e-21
-8.32139e-21
-8.31408e-21
-8.31777e-21
-8.33017e-21
-8.34586e-21
-8.36604e-21
-8.38878e-21
-8.40756e-21
-8.42357e-21
-8.4353e-21
-8.44505e-21
-8.44955e-21
-8.45319e-21
-8.45775e-21
-8.46231e-21
-8.47157e-21
-8.47865e-21
-8.48196e-21
-8.47789e-21
-8.46579e-21
-8.44585e-21
-8.42062e-21
-8.39389e-21
-8.36597e-21
-8.34092e-21
-8.31811e-21
-8.29654e-21
-8.27685e-21
-8.25607e-21
-8.23158e-21
-8.20023e-21
-8.16279e-21
-8.12753e-21
-8.10217e-21
-8.08716e-21
-8.08729e-21
-8.09559e-21
-8.1083e-21
-8.12192e-21
-8.13592e-21
-8.14791e-21
-8.16123e-21
-8.17985e-21
-8.20219e-21
-8.23028e-21
-8.25903e-21
-8.29001e-21
-8.32649e-21
-8.36648e-21
-8.4089e-21
-8.45629e-21
-8.50497e-21
-8.55228e-21
-8.59116e-21
-8.61548e-21
-8.6251e-21
-8.61543e-21
-8.58905e-21
-8.54709e-21
-8.49654e-21
-8.44401e-21
-8.39333e-21
-8.3517e-21
-8.31259e-21
-8.27979e-21
-8.24816e-21
-8.21812e-21
-8.19025e-21
-8.16659e-21
-8.15201e-21
-8.146e-21
-8.14659e-21
-8.1515e-21
-8.16037e-21
-8.17123e-21
-8.18416e-21
-8.2019e-21
-8.22497e-21
-8.24683e-21
-8.27038e-21
-8.29019e-21
-8.30447e-21
-8.31438e-21
-8.3159e-21
-8.31004e-21
-8.29553e-21
-8.27549e-21
-8.24989e-21
-8.22627e-21
-8.20454e-21
-8.18514e-21
-8.1711e-21
-8.15865e-21
-8.14881e-21
-8.14163e-21
-8.13742e-21
-8.13585e-21
-8.14005e-21
-8.14767e-21
-8.15906e-21
-8.18188e-21
-8.21142e-21
-8.2439e-21
-8.27528e-21
-8.29956e-21
-8.31467e-21
-8.32063e-21
-8.31843e-21
-8.31181e-21
-8.31071e-21
-8.31754e-21
-8.33421e-21
-8.35453e-21
-8.36894e-21
-8.37313e-21
-8.36517e-21
-8.34451e-21
-8.31008e-21
-8.2633e-21
-8.21318e-21
-8.16097e-21
-8.11673e-21
-8.07898e-21
-8.0501e-21
-8.02987e-21
-8.01459e-21
-8.00419e-21
-8.00039e-21
-8.0074e-21
-8.02587e-21
-8.05803e-21
-8.10084e-21
-8.1496e-21
-8.19881e-21
-8.24737e-21
-8.28959e-21
-8.32779e-21
-8.36212e-21
-8.38745e-21
-8.40542e-21
-8.41766e-21
-8.42756e-21
-8.43797e-21
-8.44825e-21
-8.45432e-21
-8.46081e-21
-8.46036e-21
-8.45141e-21
-8.4348e-21
-8.40927e-21
-8.37968e-21
-8.35366e-21
-8.33434e-21
-8.32633e-21
-8.32596e-21
-8.33283e-21
-8.3423e-21
-8.34968e-21
-8.3569e-21
-8.36505e-21
-8.37081e-21
-8.37589e-21
-8.3825e-21
-8.39405e-21
-8.41037e-21
-8.43133e-21
-8.45613e-21
-8.47621e-21
-8.48898e-21
-8.49097e-21
-8.48661e-21
-8.47338e-21
-8.45401e-21
-8.43124e-21
-8.40995e-21
-8.38804e-21
-8.36579e-21
-8.34371e-21
-8.3149e-21
-8.27961e-21
-8.23789e-21
-8.19264e-21
-8.14346e-21
-8.1036e-21
-8.07024e-21
-8.04526e-21
-8.02309e-21
-7.99668e-21
-7.95974e-21
-7.92137e-21
-7.89051e-21
-7.87938e-21
-7.89604e-21
-7.93641e-21
-7.99103e-21
-8.04734e-21
-8.09918e-21
-8.15178e-21
-8.20857e-21
-8.26522e-21
-8.3216e-21
-8.37145e-21
-8.40872e-21
-8.43098e-21
-8.43445e-21
-8.42278e-21
-8.39605e-21
-8.36182e-21
-8.32284e-21
-8.28196e-21
-8.24424e-21
-8.20979e-21
-8.18352e-21
-8.16831e-21
-8.16094e-21
-8.16481e-21
-8.17366e-21
-8.19221e-21
-8.21817e-21
-8.25243e-21
-8.29162e-21
-8.32928e-21
-8.35856e-21
-8.37813e-21
-8.38442e-21
-8.38112e-21
-8.36851e-21
-8.34737e-21
-8.32235e-21
-8.29753e-21
-8.28475e-21
-8.28679e-21
-8.30873e-21
-8.344e-21
-8.38643e-21
-8.42389e-21
-8.45089e-21
-8.46706e-21
-8.47204e-21
-8.46392e-21
-8.4419e-21
-8.40588e-21
-8.35741e-21
-8.30316e-21
-8.24659e-21
-8.20064e-21
-8.17206e-21
-8.16184e-21
-8.17022e-21
-8.18861e-21
-8.21249e-21
-8.23306e-21
-8.24531e-21
-8.24601e-21
-8.23627e-21
-8.21792e-21
-8.20055e-21
-8.18979e-21
-8.18889e-21
-8.19775e-21
-8.21277e-21
-8.23082e-21
-8.24944e-21
-8.26567e-21
-8.27863e-21
-8.29277e-21
-8.31101e-21
-8.33321e-21
-8.35295e-21
-8.36557e-21
-8.36727e-21
-8.35888e-21
-8.34187e-21
-8.32417e-21
