8.61183e-20
8.51379e-20
8.3434e-20
8.1554e-20
7.98373e-20
7.87353e-20
7.88759e-20
8.06232e-20
8.40918e-20
8.89222e-20
9.48236e-20
1.01007e-19
1.06954e-19
1.11909e-19
1.15676e-19
1.18175e-19
1.1933e-19
1.19347e-19
1.18285e-19
1.16292e-19
1.13749e-19
1.10897e-19
1.07864e-19
1.05026e-19
1.02464e-19
1.00296e-19
9.82829e-20
9.63796e-20
9.43185e-20
9.21253e-20
8.97296e-20
8.73324e-20
8.53242e-20
8.39937e-20
8.33381e-20
8.31871e-20
8.32843e-20
8.34569e-20
8.3564e-20
8.36393e-20
8.37453e-20
8.41516e-20
8.49207e-20
8.61156e-20
8.81151e-20
9.09192e-20
9.46938e-20
9.91887e-20
1.03982e-19
1.08466e-19
1.12195e-19
1.14846e-19
1.16623e-19
1.177e-19
1.18077e-19
1.17567e-19
1.15963e-19
1.13541e-19
1.10581e-19
1.07721e-19
1.05203e-19
1.0339e-19
1.02369e-19
1.02069e-19
1.02431e-19
1.03145e-19
1.039e-19
1.04249e-19
1.04032e-19
1.02899e-19
1.00823e-19
9.79509e-20
9.46207e-20
9.09958e-20
8.74457e-20
8.40404e-20
8.09325e-20
7.81706e-20
7.59568e-20
7.44884e-20
7.40614e-20
7.47576e-20
7.65336e-20
7.94483e-20
8.31736e-20
8.74759e-20
9.19375e-20
9.59958e-20
9.9353e-20
1.01716e-19
1.02687e-19
1.02548e-19
1.0102e-19
9.84485e-20
9.50346e-20
9.12232e-20
8.7322e-20
8.39622e-20
8.17014e-20
8.08174e-20
8.13554e-20
8.28289e-20
8.48738e-20
8.69404e-20
8.87081e-20
9.0039e-20
9.06995e-20
9.07371e-20
9.03488e-20
8.93239e-20
8.76875e-20
8.57716e-20
8.35983e-20
8.16112e-20
8.01835e-20
7.95853e-20
8.01097e-20
8.182e-20
8.46473e-20
8.8606e-20
9.32491e-20
9.7868e-20
1.02268e-19
1.06072e-19
1.09027e-19
1.10807e-19
1.11424e-19
1.10702e-19
1.09022e-19
1.06979e-19
1.05343e-19
1.04609e-19
1.04844e-19
1.05749e-19
1.06765e-19
1.07205e-19
1.06579e-19
1.04813e-19
1.02017e-19
9.86128e-20
9.50759e-20
9.18237e-20
8.91538e-20
8.68743e-20
8.49839e-20
8.31587e-20
8.11172e-20
7.88921e-20
7.67628e-20
7.50556e-20
7.39167e-20
7.35906e-20
7.37732e-20
7.44414e-20
7.55526e-20
7.70377e-20
7.86747e-20
8.03777e-20
8.18768e-20
8.3066e-20
8.36952e-20
8.40327e-20
8.42067e-20
8.42864e-20
8.46335e-20
8.51167e-20
8.57478e-20
8.6284e-20
8.66564e-20
8.68913e-20
8.70591e-20
8.73366e-20
8.77631e-20
8.84199e-20
8.94703e-20
9.11178e-20
9.34926e-20
9.65252e-20
1.00169e-19
1.03817e-19
1.07019e-19
1.09271e-19
1.10199e-19
1.09403e-19
1.06681e-19
1.02259e-19
9.64625e-20
9.02263e-20
8.44017e-20
8.00548e-20
7.76523e-20
7.74147e-20
7.93467e-20
8.31035e-20
8.799e-20
9.34256e-20
9.8477e-20
1.02563e-19
1.05335e-19
1.06897e-19
1.077e-19
1.0817e-19
1.08607e-19
1.09052e-19
1.0906e-19
1.08531e-19
1.07334e-19
1.05966e-19
1.04487e-19
1.03205e-19
1.02107e-19
1.01305e-19
1.00974e-19
1.01432e-19
1.027e-19
1.04717e-19
1.07457e-19
1.1083e-19
1.14414e-19
1.1788e-19
1.20418e-19
1.21164e-19
1.1977e-19
1.16524e-19
1.12251e-19
1.07767e-19
1.03487e-19
9.96583e-20
9.63919e-20
9.37636e-20
9.20305e-20
9.1115e-20
9.11498e-20
9.20519e-20
9.3671e-20
9.58154e-20
9.8146e-20
1.00501e-19
1.02554e-19
1.04058e-19
1.04784e-19
1.04493e-19
1.03089e-19
1.00837e-19
9.79354e-20
9.47935e-20
9.17575e-20
8.91497e-20
8.68568e-20
8.47045e-20
8.26239e-20
8.06427e-20
7.8848e-20
7.71442e-20
7.53026e-20
7.31688e-20
7.07165e-20
6.80797e-20
6.56967e-20
6.36197e-20
6.20559e-20
6.10513e-20
6.05499e-20
6.05089e-20
6.08809e-20
6.1587e-20
6.25477e-20
6.37846e-20
6.55118e-20
6.79078e-20
7.13891e-20
7.60216e-20
8.18321e-20
8.82382e-20
9.41295e-20
9.8156e-20
9.95035e-20
9.87987e-20
9.73321e-20
9.60434e-20
9.52644e-20
9.49525e-20
9.48777e-20
9.52092e-20
9.57746e-20
9.67782e-20
9.78636e-20
9.88708e-20
9.96272e-20
1.00375e-19
1.01309e-19
1.02826e-19
1.04816e-19
1.07315e-19
1.09795e-19
1.12054e-19
1.13612e-19
1.14257e-19
1.13872e-19
1.12678e-19
1.10969e-19
1.08961e-19
1.07132e-19
1.05766e-19
1.05095e-19
1.0506e-19
1.05638e-19
1.06386e-19
1.07186e-19
1.078e-19
1.0834e-19
1.08738e-19
1.09306e-19
1.10161e-19
1.11185e-19
1.12365e-19
1.13498e-19
1.1449e-19
1.15062e-19
1.14876e-19
1.13913e-19
1.12223e-19
1.10031e-19
1.07636e-19
1.05245e-19
1.03123e-19
1.01329e-19
9.95775e-20
9.78988e-20
9.59821e-20
9.37227e-20
9.14428e-20
8.93434e-20
8.75595e-20
8.62815e-20
8.53735e-20
8.48825e-20
8.49035e-20
8.52319e-20
8.56611e-20
8.62537e-20
8.69613e-20
8.79481e-20
8.928e-20
9.10706e-20
9.30849e-20
9.46427e-20
9.52261e-20
9.44458e-20
9.21807e-20
8.86696e-20
8.4753e-20
8.11725e-20
7.85277e-20
7.70612e-20
7.67699e-20
7.77494e-20
7.98211e-20
8.33357e-20
8.82098e-20
9.45892e-20
1.02306e-19
1.11041e-19
1.20181e-19
1.28817e-19
1.35739e-19
1.4015e-19
1.41803e-19
1.41226e-19
1.38859e-19
1.35017e-19
1.29916e-19
1.23833e-19
1.17229e-19
1.10361e-19
1.03517e-19
9.68269e-20
9.03609e-20
8.44296e-20
7.93996e-20
7.54876e-20
7.29172e-20
7.19978e-20
7.28301e-20
7.58402e-20
8.09592e-20
8.78893e-20
9.57668e-20
1.03131e-19
1.08501e-19
1.11066e-19
1.11179e-19
1.09842e-19
1.08193e-19
1.072e-19
1.06929e-19
1.07018e-19
1.07117e-19
1.06767e-19
1.05519e-19
1.03241e-19
1.00204e-19
9.71076e-20
9.46387e-20
9.30709e-20
9.25693e-20
9.30733e-20
9.43424e-20
9.60054e-20
9.78505e-20
9.96613e-20
1.01568e-19
1.03601e-19
1.06109e-19
1.08814e-19
1.11593e-19
1.14224e-19
1.16521e-19
1.18184e-19
1.191e-19
1.19076e-19
1.18308e-19
1.16552e-19
1.14186e-19
1.11571e-19
1.08782e-19
1.0615e-19
1.03698e-19
1.0143e-19
9.9243e-20
9.70825e-20
9.49338e-20
9.27149e-20
9.02284e-20
8.75943e-20
8.46972e-20
8.17667e-20
7.9131e-20
7.70215e-20
7.59509e-20
7.60326e-20
7.73028e-20
7.97737e-20
8.31288e-20
8.69123e-20
9.05523e-20
9.36596e-20
9.58933e-20
9.72022e-20
9.7902e-20
9.83599e-20
9.9025e-20
1.00247e-19
1.02095e-19
1.04345e-19
1.06867e-19
1.09294e-19
1.11228e-19
1.12342e-19
1.12497e-19
1.11559e-19
1.09469e-19
1.06697e-19
1.03514e-19
1.0031e-19
9.73914e-20
9.52192e-20
9.38976e-20
9.35098e-20
9.37184e-20
9.43352e-20
9.49378e-20
9.52757e-20
9.52409e-20
9.49549e-20
9.48392e-20
9.47809e-20
9.50746e-20
9.55007e-20
9.61218e-20
9.66257e-20
9.71995e-20
9.77822e-20
9.85344e-20
9.92448e-20
9.98372e-20
1.00239e-19
1.00313e-19
1.0003e-19
9.92619e-20
9.83517e-20
9.72889e-20
9.6456e-20
9.6002e-20
9.59344e-20
9.64616e-20
9.72918e-20
9.82662e-20
9.90396e-20
9.95155e-20
9.95773e-20
9.9075e-20
9.80111e-20
9.6494e-20
9.45527e-20
9.22934e-20
8.97818e-20
8.70707e-20
8.42094e-20
8.12781e-20
7.8117e-20
7.48642e-20
7.16764e-20
6.87949e-20
6.66077e-20
6.51425e-20
6.46252e-20
6.49805e-20
6.61131e-20
6.77029e-20
6.94356e-20
7.09951e-20
7.22396e-20
7.31422e-20
7.37647e-20
7.41922e-20
7.48356e-20
7.58135e-20
7.72501e-20
7.91865e-20
8.17051e-20
8.44427e-20
8.70833e-20
8.92698e-20
9.06318e-20
9.08278e-20
8.99165e-20
8.82159e-20
8.61807e-20
8.4321e-20
8.29597e-20
8.2087e-20
8.14541e-20
8.09677e-20
8.02908e-20
7.9332e-20
7.80639e-20
7.64157e-20
7.46282e-20
7.28913e-20
7.15468e-20
7.07029e-20
7.0507e-20
7.11625e-20
7.26414e-20
7.46804e-20
7.73115e-20
8.01474e-20
8.28796e-20
8.53334e-20
8.72395e-20
8.84858e-20
8.88285e-20
8.83044e-20
8.69315e-20
8.49755e-20
8.31164e-20
8.17289e-20
8.13658e-20
8.22219e-20
8.41328e-20
8.69261e-20
9.03153e-20
9.41152e-20
9.79156e-20
1.01228e-19
1.03594e-19
1.04708e-19
1.04275e-19
1.02337e-19
9.91431e-20
9.52497e-20
9.13449e-20
8.81058e-20
8.61401e-20
8.5675e-20
8.68398e-20
8.93126e-20
9.29299e-20
9.74427e-20
1.02518e-19
1.07852e-19
1.12922e-19
1.17372e-19
1.20792e-19
1.22569e-19
1.227e-19
1.215e-19
1.19137e-19
1.16126e-19
1.12685e-19
1.08874e-19
1.04643e-19
1.00121e-19
9.52719e-20
9.03137e-20
8.55323e-20
8.1377e-20
7.81965e-20
7.61793e-20
7.54318e-20
7.59588e-20
7.7658e-20
8.02587e-20
8.34503e-20
8.67918e-20
8.99373e-20
9.2621e-20
9.50032e-20
9.74319e-20
1.00155e-19
1.03353e-19
1.06895e-19
1.10529e-19
1.13573e-19
1.15729e-19
1.16719e-19
1.16526e-19
1.15629e-19
1.14518e-19
1.13279e-19
1.12118e-19
1.11091e-19
1.10083e-19
1.08935e-19
1.07725e-19
1.06592e-19
1.05499e-19
1.04752e-19
1.0429e-19
1.04095e-19
1.03742e-19
1.03018e-19
1.01666e-19
9.99433e-20
9.79689e-20
9.60206e-20
9.4477e-20
9.33352e-20
9.25705e-20
9.22034e-20
9.19755e-20
9.16585e-20
9.11247e-20
9.04178e-20
8.95679e-20
8.87565e-20
8.7948e-20
8.73599e-20
8.70028e-20
8.67257e-20
8.6262e-20
8.54915e-20
8.43032e-20
8.27757e-20
8.12222e-20
7.99189e-20
7.90967e-20
7.90129e-20
7.94643e-20
8.02748e-20
8.13636e-20
8.25503e-20
8.36396e-20
8.44943e-20
8.50114e-20
8.49782e-20
8.46598e-20
8.43601e-20
8.41732e-20
8.41602e-20
8.42115e-20
8.42923e-20
8.43681e-20
8.46966e-20
8.52258e-20
8.61559e-20
8.75764e-20
8.93817e-20
9.16493e-20
9.41515e-20
9.67132e-20
9.92061e-20
1.01384e-19
1.0315e-19
1.04261e-19
1.04642e-19
1.04306e-19
1.03398e-19
1.02184e-19
1.00954e-19
9.97403e-20
9.87399e-20
9.78272e-20
9.69015e-20
9.58594e-20
9.45916e-20
9.2935e-20
9.07714e-20
8.83006e-20
8.56268e-20
8.31979e-20
8.12829e-20
7.99121e-20
7.87142e-20
7.73992e-20
7.61333e-20
7.52476e-20
7.49858e-20
7.55152e-20
7.66992e-20
7.82925e-20
8.02611e-20
8.25747e-20
8.49532e-20
8.71769e-20
8.89433e-20
8.99427e-20
9.00315e-20
8.9316e-20
8.80895e-20
8.64076e-20
8.44552e-20
8.25883e-20
8.08293e-20
7.92921e-20
7.79221e-20
7.68702e-20
7.59473e-20
7.50515e-20
7.42073e-20
7.32691e-20
7.2627e-20
7.24758e-20
7.30541e-20
7.44103e-20
7.64897e-20
7.90965e-20
8.19587e-20
8.49385e-20
8.77612e-20
9.03839e-20
9.28446e-20
9.51821e-20
9.7624e-20
1.00374e-19
1.03593e-19
1.07169e-19
1.10575e-19
1.13252e-19
1.14996e-19
1.15572e-19
1.15375e-19
1.14729e-19
1.13908e-19
1.12974e-19
1.11983e-19
1.10732e-19
1.09004e-19
1.06837e-19
1.0415e-19
1.01163e-19
9.78349e-20
9.40509e-20
8.98986e-20
8.54333e-20
8.06083e-20
7.57012e-20
7.10189e-20
6.70725e-20
6.43184e-20
6.29146e-20
6.31199e-20
6.4808e-20
6.78141e-20
7.16507e-20
7.58005e-20
7.98741e-20
8.34291e-20
8.6687e-20
8.95306e-20
9.22193e-20
9.47466e-20
9.70393e-20
9.8923e-20
1.00118e-19
1.00619e-19
1.00552e-19
1.00105e-19
9.93853e-20
9.85172e-20
9.74879e-20
9.61676e-20
9.4567e-20
9.30484e-20
9.16186e-20
9.05938e-20
9.01012e-20
9.01247e-20
9.08534e-20
9.22557e-20
9.43498e-20
9.69113e-20
9.9795e-20
1.0254e-19
1.05032e-19
1.07192e-19
1.08883e-19
1.10259e-19
1.11277e-19
1.11919e-19
1.12152e-19
1.11965e-19
1.11215e-19
1.09983e-19
1.08243e-19
1.05683e-19
1.02541e-19
9.91117e-20
9.57763e-20
9.29963e-20
9.10031e-20
8.98409e-20
8.93987e-20
8.93421e-20
8.9033e-20
8.82129e-20
8.68347e-20
8.53697e-20
8.45017e-20
8.46478e-20
8.60194e-20
8.86592e-20
9.25352e-20
9.74291e-20
1.02746e-19
1.08174e-19
1.13068e-19
1.17326e-19
1.20777e-19
1.23421e-19
1.25414e-19
1.26725e-19
1.27196e-19
1.26544e-19
1.24685e-19
1.21566e-19
1.17438e-19
1.12662e-19
1.07648e-19
1.02627e-19
9.79879e-20
9.37455e-20
8.99461e-20
8.68126e-20
8.42795e-20
8.22741e-20
8.06258e-20
7.91512e-20
7.78129e-20
7.67734e-20
7.59319e-20
7.57244e-20
7.63237e-20
7.77144e-20
7.98533e-20
8.2347e-20
8.46423e-20
8.64047e-20
8.73511e-20
8.76496e-20
8.74072e-20
8.69149e-20
8.64439e-20
8.59698e-20
8.54733e-20
8.50869e-20
8.47059e-20
8.41772e-20
8.32974e-20
8.20424e-20
8.04608e-20
7.87109e-20
7.73094e-20
7.65153e-20
7.65633e-20
7.7297e-20
7.87734e-20
8.07877e-20
8.31085e-20
8.54306e-20
8.77823e-20
9.01704e-20
9.26578e-20
9.56238e-20
9.91309e-20
1.03182e-19
1.07582e-19
1.12183e-19
1.16248e-19
1.19742e-19
1.22593e-19
1.25188e-19
1.28009e-19
1.31371e-19
1.34705e-19
1.37218e-19
1.37933e-19
1.36264e-19
1.32497e-19
1.27426e-19
1.21993e-19
1.16686e-19
1.11322e-19
1.05723e-19
1.00114e-19
9.46833e-20
8.99361e-20
8.63355e-20
8.41018e-20
8.34064e-20
8.40354e-20
8.58653e-20
8.84325e-20
9.14537e-20
9.46444e-20
9.76486e-20
1.00334e-19
1.02392e-19
1.03629e-19
1.04143e-19
1.03806e-19
1.02891e-19
1.01208e-19
9.88511e-20
9.58392e-20
9.24669e-20
8.92299e-20
8.66344e-20
8.48849e-20
8.41854e-20
8.43722e-20
8.53775e-20
8.70694e-20
8.90845e-20
9.09873e-20
9.19661e-20
9.16397e-20
8.9748e-20
8.6761e-20
8.32853e-20
8.01587e-20
7.78403e-20
7.64638e-20
7.60992e-20
7.68754e-20
7.88778e-20
8.21096e-20
8.6395e-20
9.12161e-20
9.60915e-20
1.00144e-19
1.0283e-19
1.04001e-19
1.03717e-19
1.02551e-19
1.0099e-19
9.96949e-20
9.91079e-20
9.9482e-20
1.00746e-19
1.02657e-19
1.04568e-19
1.0599e-19
1.06613e-19
1.06399e-19
1.05583e-19
1.04459e-19
1.03285e-19
1.02256e-19
1.0137e-19
1.00351e-19
9.90213e-20
9.74607e-20
9.61202e-20
9.53967e-20
9.55589e-20
9.655e-20
9.81775e-20
9.99427e-20
