132.154
132.789
133.834
135.136
136.448
137.458
137.84
137.359
135.919
133.603
130.657
127.455
124.398
121.804
119.847
118.57
117.961
117.99
118.595
119.666
121.05
122.583
124.119
125.544
126.776
127.786
128.613
129.364
130.184
131.178
132.341
133.539
134.57
135.272
135.6
135.64
135.553
135.483
135.503
135.612
135.763
135.872
135.834
135.526
134.827
133.64
131.922
129.734
127.278
124.895
122.918
121.482
120.487
119.799
119.426
119.482
120.047
121.065
122.349
123.652
124.74
125.456
125.742
125.63
125.21
124.612
124.006
123.592
123.575
124.104
125.217
126.825
128.759
130.826
132.875
134.813
136.591
138.167
139.469
140.374
140.75
140.497
139.586
138.062
136.038
133.681
131.207
128.861
126.878
125.441
124.67
124.625
125.295
126.592
128.368
130.445
132.595
134.498
135.813
136.323
136.02
135.099
133.864
132.626
131.604
130.897
130.515
130.438
130.67
131.231
132.12
133.273
134.549
135.752
136.672
137.128
136.988
136.176
134.687
132.614
130.159
127.605
125.219
123.179
121.598
120.587
120.263
120.663
121.629
122.799
123.738
124.127
123.88
123.154
122.282
121.655
121.597
122.24
123.491
125.102
126.779
128.276
129.457
130.316
130.972
131.608
132.372
133.273
134.182
134.908
135.311
135.351
135.075
134.558
133.86
133.024
132.109
131.219
130.479
129.993
129.807
129.885
130.114
130.347
130.465
130.444
130.353
130.3
130.356
130.522
130.737
130.918
131
130.943
130.683
130.104
129.082
127.575
125.69
123.664
121.797
120.383
119.682
119.901
121.183
123.526
126.703
130.271
133.667
136.367
138.008
138.426
137.648
135.859
133.374
130.607
128.013
125.985
124.73
124.185
124.073
124.08
124.036
123.976
124.074
124.479
125.197
126.105
127.052
127.933
128.707
129.329
129.705
129.709
129.235
128.252
126.809
125.011
122.995
120.978
119.353
118.641
119.178
120.824
123.085
125.476
127.713
129.679
131.32
132.589
133.431
133.796
133.667
133.073
132.085
130.805
129.364
127.907
126.581
125.539
124.92
124.83
125.311
126.31
127.672
129.16
130.541
131.679
132.601
133.429
134.25
135.042
135.767
136.476
137.308
138.377
139.694
141.149
142.583
143.855
144.882
145.641
146.14
146.402
146.47
146.4
146.243
145.996
145.571
144.795
143.465
141.432
138.669
135.408
132.272
130.155
129.619
130.371
131.592
132.639
133.304
133.649
133.776
133.713
133.443
132.985
132.447
131.976
131.645
131.391
131.052
130.464
129.547
128.364
127.097
125.99
125.268
125.063
125.398
126.199
127.323
128.585
129.781
130.719
131.264
131.389
131.181
130.799
130.413
130.126
129.943
129.792
129.568
129.193
128.648
127.974
127.263
126.639
126.238
126.173
126.506
127.214
128.182
129.229
130.172
130.901
131.412
131.801
132.212
132.757
133.468
134.273
135.043
135.656
136.046
136.193
136.099
135.796
135.344
134.832
134.324
133.809
133.195
132.375
131.328
130.179
129.194
128.72
129.064
130.34
132.373
134.758
137.026
138.824
139.993
140.525
140.46
139.793
138.453
136.347
133.425
129.721
125.388
120.735
116.271
112.641
110.374
109.607
110.091
111.48
113.566
116.254
119.428
122.89
126.447
129.983
133.443
136.765
139.832
142.494
144.589
145.978
146.532
146.116
144.592
141.885
138.113
133.727
129.542
126.486
125.125
125.323
126.386
127.529
128.258
128.452
128.263
127.989
127.964
128.457
129.573
131.177
132.927
134.435
135.413
135.76
135.536
134.909
134.087
133.246
132.465
131.705
130.848
129.792
128.536
127.181
125.873
124.741
123.876
123.349
123.237
123.585
124.368
125.468
126.709
127.929
129.024
129.968
130.784
131.52
132.226
132.961
133.788
134.77
135.954
137.345
138.867
140.358
141.613
142.441
142.709
142.358
141.397
139.93
138.173
136.431
135.003
134.068
133.629
133.529
133.528
133.378
132.891
131.987
130.698
129.157
127.56
126.128
125.069
124.532
124.586
125.203
126.268
127.595
128.96
130.14
130.956
131.303
131.174
130.674
130.001
129.395
129.038
128.983
129.142
129.364
129.518
129.545
129.459
129.304
129.12
128.919
128.691
128.418
128.101
127.77
127.493
127.353
127.41
127.678
128.108
128.596
129.014
129.239
129.192
128.862
128.323
127.707
127.168
126.836
126.781
127.018
127.527
128.281
129.254
130.405
131.677
133.017
134.394
135.824
137.335
138.914
140.474
141.868
142.937
143.558
143.669
143.277
142.462
141.368
140.177
139.063
138.153
137.498
137.053
136.7
136.29
135.691
134.814
133.625
132.146
130.472
128.782
127.329
126.385
126.139
126.591
127.552
128.727
129.838
130.727
131.366
131.826
132.232
132.708
133.353
134.215
135.269
136.429
137.564
138.531
139.201
139.488
139.356
138.813
137.898
136.689
135.308
133.919
132.69
131.746
131.175
131.052
131.437
132.313
133.515
134.735
135.629
135.954
135.627
134.685
133.241
131.428
129.399
127.35
125.532
124.22
123.642
123.929
125.083
126.962
129.278
131.64
133.646
134.981
135.47
135.085
133.919
132.117
129.837
127.234
124.471
121.749
119.319
117.465
116.419
116.257
116.867
118.022
119.495
121.146
122.931
124.879
127.03
129.378
131.83
134.208
136.299
137.921
138.943
139.303
138.999
138.091
136.711
135.063
133.397
131.946
130.825
129.969
129.162
128.16
126.83
125.205
123.479
121.94
120.879
120.456
120.641
121.238
122.006
122.766
123.442
124.059
124.677
125.343
126.059
126.784
127.44
127.943
128.252
128.417
128.586
128.944
129.619
130.601
131.745
132.854
133.763
134.391
134.747
134.91
134.992
135.112
135.364
135.791
136.357
136.965
137.5
137.885
138.121
138.289
138.518
138.923
139.556
140.363
141.203
141.892
142.276
142.281
141.924
141.297
140.514
139.674
138.857
138.144
137.629
137.366
137.305
137.303
137.22
137.02
136.779
136.582
136.441
136.276
135.976
135.46
134.692
133.678
132.451
131.077
129.642
128.247
126.983
125.938
125.214
124.893
124.998
125.457
126.113
126.796
127.395
127.88
128.278
128.642
129.027
129.504
130.152
131.048
132.193
133.462
134.621
135.465
135.978
136.366
136.855
137.451
137.94
138.112
137.913
137.414
136.704
135.834
134.837
133.786
132.815
132.089
131.742
131.829
132.319
133.114
134.079
135.082
136.023
136.836
137.481
137.945
138.248
138.453
138.656
138.939
139.299
139.628
139.767
139.583
139.023
138.116
136.942
135.612
134.249
132.966
131.836
130.855
129.941
128.953
127.75
126.263
124.563
122.879
121.521
120.743
120.606
120.959
121.55
122.174
122.756
123.342
124.02
124.864
125.91
127.161
128.604
130.217
131.987
133.924
136.05
138.349
140.715
142.952
144.819
146.088
146.587
146.231
145.036
143.13
140.746
138.176
135.696
133.485
131.581
129.908
128.36
126.889
125.538
124.414
123.635
123.257
123.242
123.484
123.876
124.377
125.02
125.867
126.916
128.066
129.167
130.097
130.789
131.201
131.286
130.994
130.317
129.326
128.159
126.976
125.9
124.983
124.219
123.582
123.059
122.662
122.418
122.358
122.513
122.915
123.603
124.622
125.971
127.53
129.063
130.311
131.103
131.391
131.267
130.971
130.836
131.129
131.874
132.829
133.632
133.966
133.651
132.637
130.983
128.836
126.416
123.991
121.797
119.981
118.572
117.516
116.741
116.233
116.079
116.421
117.361
118.884
120.877
123.174
125.596
127.967
130.14
132.027
133.607
134.894
135.909
136.669
137.213
137.626
138.013
138.405
138.712
138.761
138.399
137.57
136.354
134.964
133.681
132.753
132.294
132.265
132.527
132.94
133.393
133.819
134.184
134.49
134.781
135.137
135.66
136.424
137.407
138.484
139.463
140.152
140.426
140.248
139.658
138.759
137.682
136.556
135.458
134.374
133.214
131.85
130.189
128.216
126.009
123.758
121.716
120.073
118.825
117.733
116.465
114.837
112.995
111.431
110.764
111.387
113.214
115.752
118.463
121.074
123.624
126.266
129.043
131.784
134.193
135.992
137.016
137.226
136.683
135.518
133.901
132.022
130.07
128.208
126.575
125.291
124.438
124.048
124.097
124.546
125.389
126.649
128.295
130.166
131.993
133.499
134.5
134.933
134.814
134.202
133.19
131.943
130.755
130.022
130.1
131.099
132.791
134.742
136.525
137.869
138.669
138.906
138.552
137.546
135.849
133.547
130.884
128.237
126.015
124.548
123.988
124.271
125.153
126.289
127.322
127.964
128.055
127.607
126.802
125.939
125.332
125.199
125.59
126.383
127.348
128.261
129.012
129.653
130.346
131.219
132.237
133.188
133.806
133.928
133.565
132.874
132.068
