-5.59412e-21
-5.59381e-21
-5.59652e-21
-5.5958e-21
-5.59399e-21
-5.59323e-21
-5.59112e-21
-5.58792e-21
-5.58371e-21
-5.58287e-21
-5.58121e-21
-5.5819e-21
-5.58059e-21
-5.5823e-21
-5.5842e-21
-5.58585e-21
-5.58922e-21
-5.59048e-21
-5.59107e-21
-5.59237e-21
-5.59183e-21
-5.59071e-21
-5.59233e-21
-5.5925e-21
-5.59279e-21
-5.5916e-21
-5.59332e-21
-5.59483e-21
-5.59737e-21
-5.59677e-21
-5.59576e-21
-5.59536e-21
-5.5943e-21
-5.59202e-21
-5.5903e-21
-5.58987e-21
-5.5908e-21
-5.59169e-21
-5.59315e-21
-5.59429e-21
-5.59555e-21
-5.5936e-21
-5.59116e-21
-5.59146e-21
-5.58977e-21
-5.58944e-21
-5.58712e-21
-5.58532e-21
-5.58486e-21
-5.58618e-21
-5.58652e-21
-5.58833e-21
-5.58981e-21
-5.59115e-21
-5.59167e-21
-5.59168e-21
-5.59423e-21
-5.59599e-21
-5.59878e-21
-5.59803e-21
-5.59812e-21
-5.59726e-21
-5.59613e-21
-5.59564e-21
-5.59363e-21
-5.59219e-21
-5.59164e-21
-5.59428e-21
-5.5953e-21
-5.59702e-21
-5.59842e-21
-5.59927e-21
-5.59797e-21
-5.59805e-21
-5.59664e-21
-5.5961e-21
-5.59522e-21
-5.59524e-21
-5.59479e-21
-5.59432e-21
-5.59209e-21
-5.58997e-21
-5.58989e-21
-5.58798e-21
-5.58711e-21
-5.5854e-21
-5.58343e-21
-5.58422e-21
-5.58495e-21
-5.58499e-21
-5.58921e-21
-5.58847e-21
-5.59063e-21
-5.59152e-21
-5.59308e-21
-5.59247e-21
-5.59254e-21
-5.59137e-21
-5.5891e-21
-5.58734e-21
-5.58482e-21
-5.58536e-21
-5.58533e-21
-5.58561e-21
-5.58496e-21
-5.58239e-21
-5.58279e-21
-5.58517e-21
-5.58433e-21
-5.58477e-21
-5.58641e-21
-5.58432e-21
-5.58436e-21
-5.58422e-21
-5.58367e-21
-5.58379e-21
-5.58295e-21
-5.58253e-21
-5.58395e-21
-5.58243e-21
-5.57994e-21
-5.58181e-21
-5.58139e-21
-5.57999e-21
-5.57856e-21
-5.58013e-21
-5.5799e-21
-5.58155e-21
-5.58286e-21
-5.58429e-21
-5.58414e-21
-5.58256e-21
-5.58084e-21
-5.57968e-21
-5.57932e-21
-5.58099e-21
-5.58415e-21
-5.58582e-21
-5.58733e-21
-5.58849e-21
-5.58958e-21
-5.59026e-21
-5.5888e-21
-5.59023e-21
-5.59001e-21
-5.58917e-21
-5.5895e-21
-5.59043e-21
-5.59073e-21
-5.59016e-21
-5.59091e-21
-5.58869e-21
-5.58937e-21
-5.59071e-21
-5.59138e-21
-5.59115e-21
-5.59259e-21
-5.59329e-21
-5.59448e-21
-5.59433e-21
-5.59695e-21
-5.59689e-21
-5.59529e-21
-5.59614e-21
-5.59483e-21
-5.59535e-21
-5.59458e-21
-5.5945e-21
-5.59426e-21
-5.59343e-21
-5.59294e-21
-5.59178e-21
-5.59153e-21
-5.59194e-21
-5.59165e-21
-5.59009e-21
-5.58833e-21
-5.58864e-21
-5.58684e-21
-5.58738e-21
-5.58855e-21
-5.5903e-21
-5.59127e-21
-5.59313e-21
-5.59613e-21
-5.59666e-21
-5.59795e-21
-5.59689e-21
-5.59665e-21
-5.59298e-21
-5.58953e-21
-5.58747e-21
-5.58515e-21
-5.58262e-21
-5.58287e-21
-5.58205e-21
-5.58365e-21
-5.58539e-21
-5.58726e-21
-5.58897e-21
-5.58999e-21
-5.59173e-21
-5.59309e-21
-5.59149e-21
-5.59151e-21
-5.59071e-21
-5.593e-21
-5.59171e-21
-5.59191e-21
-5.59046e-21
-5.58994e-21
-5.58979e-21
-5.58965e-21
-5.58673e-21
-5.58443e-21
-5.5849e-21
-5.58606e-21
-5.58497e-21
-5.58521e-21
-5.58459e-21
-5.58598e-21
-5.58989e-21
-5.59274e-21
-5.59428e-21
-5.59445e-21
-5.59283e-21
-5.59134e-21
-5.58971e-21
-5.58848e-21
-5.58865e-21
-5.5867e-21
-5.58668e-21
-5.58592e-21
-5.58503e-21
-5.58432e-21
-5.5836e-21
-5.58518e-21
-5.58631e-21
-5.58801e-21
-5.58951e-21
-5.59028e-21
-5.5917e-21
-5.59461e-21
-5.59504e-21
-5.59504e-21
-5.59452e-21
-5.59485e-21
-5.59382e-21
-5.59375e-21
-5.59469e-21
-5.59568e-21
-5.59706e-21
-5.59794e-21
-5.59831e-21
-5.59846e-21
-5.59801e-21
-5.59768e-21
-5.59879e-21
-5.59707e-21
-5.59687e-21
-5.59632e-21
-5.59527e-21
-5.59475e-21
-5.5948e-21
-5.59496e-21
-5.59499e-21
-5.59508e-21
-5.59508e-21
-5.59354e-21
-5.59283e-21
-5.58998e-21
-5.58819e-21
-5.58582e-21
-5.58559e-21
-5.5881e-21
-5.59109e-21
-5.59433e-21
-5.59537e-21
-5.59447e-21
-5.59323e-21
-5.59196e-21
-5.59018e-21
-5.59054e-21
-5.58838e-21
-5.58894e-21
-5.58639e-21
-5.5854e-21
-5.58466e-21
-5.58618e-21
-5.58693e-21
-5.58855e-21
-5.5874e-21
-5.58849e-21
-5.58761e-21
-5.58971e-21
-5.58931e-21
-5.58905e-21
-5.58868e-21
-5.59024e-21
-5.59157e-21
-5.59154e-21
-5.59285e-21
-5.59248e-21
-5.59152e-21
-5.58963e-21
-5.58932e-21
-5.58755e-21
-5.58864e-21
-5.58878e-21
-5.58978e-21
-5.58868e-21
-5.59013e-21
-5.59037e-21
-5.58927e-21
-5.59019e-21
-5.59126e-21
-5.59332e-21
-5.59315e-21
-5.59176e-21
-5.59254e-21
-5.59337e-21
-5.59405e-21
-5.5939e-21
-5.59309e-21
-5.59397e-21
-5.59474e-21
-5.59436e-21
-5.59653e-21
-5.59547e-21
-5.59507e-21
-5.59736e-21
-5.59767e-21
-5.59644e-21
-5.59527e-21
-5.59228e-21
-5.59177e-21
-5.59255e-21
-5.59117e-21
-5.5902e-21
-5.59142e-21
-5.59095e-21
-5.5906e-21
-5.58976e-21
-5.59027e-21
-5.58914e-21
-5.58618e-21
-5.58664e-21
-5.5891e-21
-5.59126e-21
-5.59259e-21
-5.59526e-21
-5.5957e-21
-5.59499e-21
-5.59302e-21
-5.59092e-21
-5.58991e-21
-5.58693e-21
-5.58713e-21
-5.58462e-21
-5.58446e-21
-5.58378e-21
-5.58354e-21
-5.58327e-21
-5.58311e-21
-5.58272e-21
-5.58464e-21
-5.58703e-21
-5.59044e-21
-5.59137e-21
-5.59219e-21
-5.59376e-21
-5.59566e-21
-5.59746e-21
-5.59707e-21
-5.59711e-21
-5.59624e-21
-5.59477e-21
-5.59487e-21
-5.59469e-21
-5.59241e-21
-5.59007e-21
-5.58871e-21
-5.58659e-21
-5.58692e-21
-5.58425e-21
-5.58184e-21
-5.58001e-21
-5.57931e-21
-5.58131e-21
-5.585e-21
-5.5886e-21
-5.58941e-21
-5.59001e-21
-5.5925e-21
-5.59188e-21
-5.59113e-21
-5.59314e-21
-5.5951e-21
-5.59571e-21
-5.59622e-21
-5.5972e-21
-5.59862e-21
-5.59772e-21
-5.59359e-21
-5.59106e-21
-5.59027e-21
-5.59026e-21
-5.59015e-21
-5.59072e-21
-5.59006e-21
-5.59018e-21
-5.5891e-21
-5.59001e-21
-5.58731e-21
-5.58698e-21
-5.58718e-21
-5.58694e-21
-5.58517e-21
-5.58505e-21
-5.58584e-21
-5.58902e-21
-5.58797e-21
-5.59002e-21
-5.59099e-21
-5.58933e-21
-5.59014e-21
-5.58983e-21
-5.58953e-21
-5.58882e-21
-5.58895e-21
-5.58971e-21
-5.58959e-21
-5.5886e-21
-5.58974e-21
-5.58893e-21
-5.58981e-21
-5.59067e-21
-5.59063e-21
-5.59266e-21
-5.59186e-21
-5.59036e-21
-5.58906e-21
-5.58612e-21
-5.58378e-21
-5.583e-21
-5.5844e-21
-5.58481e-21
-5.58514e-21
-5.58654e-21
-5.58748e-21
-5.58865e-21
-5.58885e-21
-5.58677e-21
-5.58365e-21
-5.58323e-21
-5.58291e-21
-5.58329e-21
-5.58488e-21
-5.58735e-21
-5.58828e-21
-5.58876e-21
-5.59208e-21
-5.59232e-21
-5.59136e-21
-5.58967e-21
-5.58957e-21
-5.58766e-21
-5.58615e-21
-5.58349e-21
-5.58392e-21
-5.58409e-21
-5.58497e-21
-5.58559e-21
-5.58666e-21
-5.58844e-21
-5.58615e-21
-5.58717e-21
-5.5859e-21
-5.58671e-21
-5.58587e-21
-5.58909e-21
-5.59079e-21
-5.59247e-21
-5.59036e-21
-5.58929e-21
-5.58958e-21
-5.59029e-21
-5.59165e-21
-5.59235e-21
-5.5955e-21
-5.59523e-21
-5.59647e-21
-5.59542e-21
-5.59366e-21
-5.59431e-21
-5.59253e-21
-5.59248e-21
-5.59249e-21
-5.59457e-21
-5.5956e-21
-5.5952e-21
-5.59604e-21
-5.59833e-21
-5.60006e-21
-5.60147e-21
-5.60153e-21
-5.60096e-21
-5.60081e-21
-5.60114e-21
-5.59978e-21
-5.60021e-21
-5.60028e-21
-5.60034e-21
-5.60081e-21
-5.59873e-21
-5.59846e-21
-5.59688e-21
-5.59541e-21
-5.59292e-21
-5.5913e-21
-5.5908e-21
-5.59213e-21
-5.59364e-21
-5.59415e-21
-5.59397e-21
-5.59574e-21
-5.59522e-21
-5.5947e-21
-5.59457e-21
-5.59493e-21
-5.59241e-21
-5.59168e-21
-5.59291e-21
-5.59447e-21
-5.59478e-21
-5.59555e-21
-5.59609e-21
-5.59682e-21
-5.59868e-21
-5.60007e-21
-5.59929e-21
-5.59733e-21
-5.59709e-21
-5.59562e-21
-5.59589e-21
-5.59607e-21
-5.59501e-21
-5.59558e-21
-5.59566e-21
-5.5962e-21
-5.59494e-21
-5.59472e-21
-5.59562e-21
-5.59424e-21
-5.59092e-21
-5.59023e-21
-5.58774e-21
-5.5873e-21
-5.58924e-21
-5.59048e-21
-5.59193e-21
-5.59229e-21
-5.5943e-21
-5.59487e-21
-5.59501e-21
-5.59587e-21
-5.594e-21
-5.59451e-21
-5.59393e-21
-5.59134e-21
-5.58942e-21
-5.58803e-21
-5.58843e-21
-5.58818e-21
-5.58841e-21
-5.58995e-21
-5.59229e-21
-5.59324e-21
-5.59483e-21
-5.59627e-21
-5.59799e-21
-5.59898e-21
-5.59911e-21
-5.59873e-21
-5.59633e-21
-5.594e-21
-5.59001e-21
-5.5888e-21
-5.58816e-21
-5.5871e-21
-5.58636e-21
-5.58523e-21
-5.58684e-21
-5.58826e-21
-5.58725e-21
-5.58933e-21
-5.59159e-21
-5.59095e-21
-5.59256e-21
-5.59302e-21
-5.59306e-21
-5.5936e-21
-5.59574e-21
-5.59568e-21
-5.59577e-21
-5.59555e-21
-5.59616e-21
-5.59584e-21
-5.5942e-21
-5.59237e-21
-5.59073e-21
-5.58939e-21
-5.58827e-21
-5.58825e-21
-5.58822e-21
-5.58847e-21
-5.58784e-21
-5.58802e-21
-5.58736e-21
-5.58517e-21
-5.58381e-21
-5.58285e-21
-5.58291e-21
-5.58151e-21
-5.58325e-21
-5.58398e-21
-5.58458e-21
-5.58741e-21
-5.58899e-21
-5.58735e-21
-5.58796e-21
-5.58905e-21
-5.58874e-21
-5.5878e-21
-5.58868e-21
-5.5895e-21
-5.58868e-21
-5.59019e-21
-5.58956e-21
-5.58942e-21
-5.58776e-21
-5.58873e-21
-5.59006e-21
-5.59326e-21
-5.59276e-21
-5.59163e-21
-5.5911e-21
-5.58856e-21
-5.58746e-21
-5.58821e-21
-5.58743e-21
-5.58715e-21
-5.58835e-21
-5.59045e-21
-5.5908e-21
-5.58999e-21
-5.5872e-21
-5.58743e-21
-5.58785e-21
-5.58761e-21
-5.58685e-21
-5.58687e-21
-5.58608e-21
-5.58552e-21
-5.58575e-21
-5.58511e-21
-5.58435e-21
-5.58411e-21
-5.58106e-21
-5.57939e-21
-5.57971e-21
-5.57926e-21
-5.57823e-21
-5.57787e-21
-5.57794e-21
-5.57743e-21
-5.57995e-21
-5.58147e-21
-5.58066e-21
-5.58091e-21
-5.58223e-21
-5.58476e-21
-5.5864e-21
-5.58795e-21
-5.58627e-21
-5.58689e-21
-5.58788e-21
-5.58811e-21
-5.58963e-21
-5.58876e-21
-5.58804e-21
-5.58777e-21
-5.58671e-21
-5.58683e-21
-5.58665e-21
-5.58817e-21
-5.59006e-21
-5.5914e-21
-5.59197e-21
-5.59167e-21
-5.59008e-21
-5.59059e-21
-5.58937e-21
-5.58824e-21
-5.58748e-21
-5.5871e-21
-5.58687e-21
-5.58758e-21
-5.58963e-21
-5.5888e-21
-5.58832e-21
-5.58682e-21
-5.58581e-21
-5.58505e-21
-5.58609e-21
-5.58841e-21
-5.58893e-21
-5.58843e-21
-5.58916e-21
-5.58894e-21
-5.58818e-21
-5.58907e-21
-5.58977e-21
-5.58857e-21
-5.58809e-21
-5.58719e-21
-5.58586e-21
-5.58574e-21
-5.58763e-21
-5.58988e-21
-5.58911e-21
-5.58931e-21
-5.59126e-21
-5.59055e-21
-5.58973e-21
-5.58811e-21
-5.58824e-21
-5.58646e-21
-5.58586e-21
-5.58622e-21
-5.58491e-21
-5.58673e-21
-5.587e-21
-5.58743e-21
-5.58717e-21
-5.58665e-21
-5.58551e-21
-5.58458e-21
-5.58539e-21
-5.58571e-21
-5.58723e-21
-5.58783e-21
-5.58656e-21
-5.5858e-21
-5.58548e-21
-5.58592e-21
-5.58536e-21
-5.58312e-21
-5.58275e-21
-5.58551e-21
-5.58661e-21
-5.58958e-21
-5.59057e-21
-5.59104e-21
-5.59173e-21
-5.59367e-21
-5.59352e-21
-5.59281e-21
-5.59396e-21
-5.59463e-21
-5.5968e-21
-5.59567e-21
-5.59325e-21
-5.59308e-21
-5.59295e-21
-5.59134e-21
-5.59112e-21
-5.59081e-21
-5.59178e-21
-5.59199e-21
-5.59004e-21
-5.58931e-21
-5.58702e-21
-5.58539e-21
-5.5829e-21
-5.58173e-21
-5.58243e-21
-5.58311e-21
-5.58726e-21
-5.58759e-21
-5.58944e-21
-5.58987e-21
-5.5903e-21
-5.5904e-21
-5.59001e-21
-5.59157e-21
-5.59339e-21
-5.59429e-21
-5.59419e-21
-5.59493e-21
-5.59542e-21
-5.59504e-21
-5.59524e-21
-5.59658e-21
-5.59462e-21
-5.59536e-21
-5.59591e-21
-5.59587e-21
-5.59725e-21
-5.59701e-21
-5.5972e-21
-5.5967e-21
-5.59719e-21
-5.59576e-21
-5.59664e-21
-5.59719e-21
-5.59678e-21
-5.59857e-21
-5.59931e-21
-5.6003e-21
-5.60134e-21
-5.60219e-21
-5.60186e-21
-5.60284e-21
-5.60213e-21
-5.59928e-21
-5.60099e-21
-5.60259e-21
-5.60278e-21
-5.60242e-21
-5.60085e-21
-5.59955e-21
-5.59956e-21
-5.59993e-21
-5.59944e-21
-5.60114e-21
-5.6019e-21
-5.60314e-21
-5.60367e-21
-5.60146e-21
-5.59874e-21
-5.59729e-21
-5.59763e-21
-5.59745e-21
-5.59515e-21
-5.59513e-21
-5.59316e-21
-5.59434e-21
-5.59419e-21
-5.5945e-21
-5.59614e-21
-5.59692e-21
-5.59704e-21
-5.59643e-21
-5.59635e-21
-5.59536e-21
-5.59597e-21
-5.59752e-21
-5.59869e-21
-5.59775e-21
-5.59721e-21
-5.59443e-21
-5.59354e-21
-5.59517e-21
-5.59384e-21
-5.59079e-21
-5.58728e-21
-5.58592e-21
-5.58777e-21
-5.59004e-21
-5.58799e-21
-5.58813e-21
-5.58665e-21
-5.58519e-21
-5.58577e-21
-5.58542e-21
-5.58462e-21
-5.58515e-21
-5.58507e-21
-5.58654e-21
-5.58679e-21
-5.58823e-21
-5.58915e-21
-5.58714e-21
-5.58554e-21
-5.58615e-21
-5.58556e-21
-5.58461e-21
-5.58386e-21
-5.58456e-21
-5.58507e-21
-5.58567e-21
-5.58816e-21
-5.58798e-21
-5.58646e-21
-5.58278e-21
-5.58211e-21
-5.5811e-21
-5.58036e-21
-5.57989e-21
-5.58191e-21
-5.58273e-21
-5.58293e-21
-5.58488e-21
-5.58433e-21
-5.58342e-21
-5.58258e-21
-5.58302e-21
-5.58046e-21
-5.5829e-21
-5.58356e-21
-5.58443e-21
-5.58487e-21
-5.58471e-21
-5.58149e-21
-5.58126e-21
-5.5828e-21
-5.58549e-21
-5.58925e-21
-5.59177e-21
-5.59383e-21
-5.59401e-21
-5.59177e-21
-5.59157e-21
-5.59363e-21
-5.59278e-21
-5.59239e-21
-5.59236e-21
-5.59236e-21
-5.59343e-21
-5.59254e-21
-5.59211e-21
-5.5895e-21
-5.58877e-21
-5.5887e-21
-5.58824e-21
-5.58909e-21
-5.58846e-21
-5.58879e-21
-5.59124e-21
-5.59193e-21
-5.5948e-21
-5.59435e-21
-5.59544e-21
-5.59531e-21
-5.59547e-21
-5.59591e-21
-5.59574e-21
-5.59382e-21
-5.59267e-21
-5.58999e-21
-5.58915e-21
-5.58922e-21
-5.58904e-21
-5.58984e-21
-5.58964e-21
-5.59203e-21
-5.59245e-21
-5.59371e-21
-5.59393e-21
-5.59596e-21
-5.59649e-21
-5.59566e-21
-5.59526e-21
-5.59533e-21
-5.59454e-21
-5.59337e-21
-5.59248e-21
-5.5917e-21
-5.59259e-21
-5.59084e-21
-5.59089e-21
-5.5927e-21
-5.59408e-21
-5.5966e-21
-5.59672e-21
-5.59708e-21
-5.59626e-21
-5.59521e-21
-5.59402e-21
-5.59356e-21
-5.59188e-21
-5.59238e-21
-5.5942e-21
-5.59606e-21
-5.59681e-21
-5.5954e-21
-5.59348e-21
-5.5932e-21
-5.59387e-21
-5.59355e-21
-5.59335e-21
-5.5935e-21
-5.59461e-21
-5.59466e-21
-5.59448e-21
-5.59365e-21
-5.59279e-21
-5.59009e-21
-5.58909e-21
