2.73688e-21
2.75003e-21
2.77167e-21
2.79862e-21
2.82581e-21
2.84671e-21
2.85464e-21
2.84467e-21
2.81485e-21
2.76688e-21
2.70587e-21
2.63957e-21
2.57626e-21
2.52254e-21
2.482e-21
2.45555e-21
2.44294e-21
2.44354e-21
2.45606e-21
2.47824e-21
2.50691e-21
2.53867e-21
2.57047e-21
2.59998e-21
2.6255e-21
2.64642e-21
2.66354e-21
2.6791e-21
2.69608e-21
2.71666e-21
2.74075e-21
2.76555e-21
2.78691e-21
2.80145e-21
2.80823e-21
2.80907e-21
2.80728e-21
2.80583e-21
2.80622e-21
2.80849e-21
2.81162e-21
2.81388e-21
2.81308e-21
2.8067e-21
2.79223e-21
2.76765e-21
2.73208e-21
2.68675e-21
2.63589e-21
2.58653e-21
2.54561e-21
2.51586e-21
2.49525e-21
2.48101e-21
2.47328e-21
2.47445e-21
2.48615e-21
2.50723e-21
2.53382e-21
2.56081e-21
2.58333e-21
2.59815e-21
2.60409e-21
2.60177e-21
2.59306e-21
2.58067e-21
2.56812e-21
2.55955e-21
2.5592e-21
2.57016e-21
2.59321e-21
2.62651e-21
2.66656e-21
2.70937e-21
2.7518e-21
2.79194e-21
2.82877e-21
2.86141e-21
2.88836e-21
2.90711e-21
2.9149e-21
2.90966e-21
2.89079e-21
2.85923e-21
2.81731e-21
2.7685e-21
2.71726e-21
2.66867e-21
2.6276e-21
2.59785e-21
2.58189e-21
2.58094e-21
2.59483e-21
2.62169e-21
2.65846e-21
2.70149e-21
2.746e-21
2.78541e-21
2.81265e-21
2.82321e-21
2.81695e-21
2.79786e-21
2.77229e-21
2.74665e-21
2.72548e-21
2.71085e-21
2.70292e-21
2.70133e-21
2.70614e-21
2.71776e-21
2.73618e-21
2.76005e-21
2.78648e-21
2.81139e-21
2.83044e-21
2.83989e-21
2.83698e-21
2.82016e-21
2.78933e-21
2.7464e-21
2.69555e-21
2.64266e-21
2.59325e-21
2.551e-21
2.51825e-21
2.49733e-21
2.49062e-21
2.4989e-21
2.51891e-21
2.54312e-21
2.56258e-21
2.57063e-21
2.56551e-21
2.55049e-21
2.53242e-21
2.51944e-21
2.51824e-21
2.53155e-21
2.55747e-21
2.59083e-21
2.62556e-21
2.65656e-21
2.68101e-21
2.69882e-21
2.7124e-21
2.72558e-21
2.74138e-21
2.76004e-21
2.77887e-21
2.79392e-21
2.80226e-21
2.80308e-21
2.79736e-21
2.78665e-21
2.77221e-21
2.75488e-21
2.73595e-21
2.71751e-21
2.70219e-21
2.69212e-21
2.68826e-21
2.68988e-21
2.69464e-21
2.69944e-21
2.7019e-21
2.70145e-21
2.69958e-21
2.69849e-21
2.69964e-21
2.70308e-21
2.70754e-21
2.71128e-21
2.71298e-21
2.7118e-21
2.70641e-21
2.69442e-21
2.67325e-21
2.64205e-21
2.60302e-21
2.56106e-21
2.52238e-21
2.49311e-21
2.47858e-21
2.48312e-21
2.50967e-21
2.55818e-21
2.62399e-21
2.69789e-21
2.76821e-21
2.82413e-21
2.85811e-21
2.86677e-21
2.85066e-21
2.8136e-21
2.76213e-21
2.70483e-21
2.65111e-21
2.60912e-21
2.58312e-21
2.57184e-21
2.56951e-21
2.56967e-21
2.56875e-21
2.56752e-21
2.56955e-21
2.57792e-21
2.59279e-21
2.61159e-21
2.6312e-21
2.64947e-21
2.66549e-21
2.67836e-21
2.68616e-21
2.68623e-21
2.67643e-21
2.65605e-21
2.62617e-21
2.58894e-21
2.54719e-21
2.50542e-21
2.47177e-21
2.45703e-21
2.46815e-21
2.50224e-21
2.54906e-21
2.59858e-21
2.6449e-21
2.68561e-21
2.71961e-21
2.74589e-21
2.76331e-21
2.77088e-21
2.76821e-21
2.75591e-21
2.73543e-21
2.70894e-21
2.6791e-21
2.64891e-21
2.62147e-21
2.59988e-21
2.58706e-21
2.5852e-21
2.59516e-21
2.61585e-21
2.64405e-21
2.67487e-21
2.70347e-21
2.72704e-21
2.74612e-21
2.76329e-21
2.78029e-21
2.79669e-21
2.81169e-21
2.82639e-21
2.84362e-21
2.86575e-21
2.89302e-21
2.92316e-21
2.95286e-21
2.97919e-21
3.00046e-21
3.01618e-21
3.02651e-21
3.03195e-21
3.03336e-21
3.03191e-21
3.02865e-21
3.02355e-21
3.01474e-21
2.99866e-21
2.97112e-21
2.92902e-21
2.87181e-21
2.80427e-21
2.73932e-21
2.69548e-21
2.68437e-21
2.69994e-21
2.72523e-21
2.74692e-21
2.7607e-21
2.76784e-21
2.77046e-21
2.76917e-21
2.76356e-21
2.75408e-21
2.74295e-21
2.73319e-21
2.72633e-21
2.72107e-21
2.71406e-21
2.70187e-21
2.68289e-21
2.65838e-21
2.63214e-21
2.60923e-21
2.59427e-21
2.59002e-21
2.59696e-21
2.61355e-21
2.63682e-21
2.66296e-21
2.68773e-21
2.70715e-21
2.71844e-21
2.72104e-21
2.71672e-21
2.70881e-21
2.70081e-21
2.69487e-21
2.69109e-21
2.68796e-21
2.68331e-21
2.67554e-21
2.66427e-21
2.6503e-21
2.63558e-21
2.62265e-21
2.61435e-21
2.61301e-21
2.61991e-21
2.63457e-21
2.65461e-21
2.67629e-21
2.69584e-21
2.71093e-21
2.7215e-21
2.72956e-21
2.73807e-21
2.74937e-21
2.76409e-21
2.78076e-21
2.7967e-21
2.8094e-21
2.81747e-21
2.82051e-21
2.81858e-21
2.81229e-21
2.80293e-21
2.79232e-21
2.78181e-21
2.77115e-21
2.75842e-21
2.74144e-21
2.71978e-21
2.69597e-21
2.67556e-21
2.66575e-21
2.67289e-21
2.6993e-21
2.7414e-21
2.7908e-21
2.83777e-21
2.87502e-21
2.89921e-21
2.91024e-21
2.90889e-21
2.89508e-21
2.86733e-21
2.82372e-21
2.7632e-21
2.68649e-21
2.59676e-21
2.50039e-21
2.40795e-21
2.33277e-21
2.28582e-21
2.26994e-21
2.27996e-21
2.30872e-21
2.35191e-21
2.40759e-21
2.47332e-21
2.54502e-21
2.61869e-21
2.69192e-21
2.76358e-21
2.83236e-21
2.89588e-21
2.951e-21
2.9944e-21
3.02317e-21
3.03464e-21
3.02603e-21
2.99446e-21
2.9384e-21
2.86027e-21
2.76946e-21
2.68279e-21
2.61949e-21
2.5913e-21
2.59541e-21
2.61742e-21
2.64109e-21
2.6562e-21
2.6602e-21
2.6563e-21
2.65062e-21
2.65009e-21
2.66032e-21
2.68342e-21
2.71663e-21
2.75289e-21
2.78411e-21
2.80437e-21
2.81154e-21
2.80691e-21
2.79394e-21
2.77691e-21
2.75949e-21
2.74331e-21
2.72756e-21
2.70982e-21
2.68797e-21
2.66195e-21
2.63388e-21
2.6068e-21
2.58335e-21
2.56543e-21
2.55453e-21
2.55221e-21
2.55942e-21
2.57563e-21
2.59841e-21
2.62412e-21
2.64938e-21
2.67206e-21
2.6916e-21
2.7085e-21
2.72374e-21
2.73837e-21
2.75359e-21
2.7707e-21
2.79105e-21
2.81557e-21
2.84439e-21
2.8759e-21
2.90678e-21
2.93277e-21
2.9499e-21
2.95547e-21
2.94819e-21
2.9283e-21
2.89792e-21
2.86153e-21
2.82545e-21
2.79587e-21
2.77652e-21
2.76742e-21
2.76536e-21
2.76533e-21
2.76223e-21
2.75214e-21
2.73341e-21
2.70672e-21
2.6748e-21
2.64173e-21
2.61208e-21
2.59014e-21
2.57902e-21
2.58014e-21
2.59292e-21
2.61497e-21
2.64247e-21
2.67073e-21
2.69517e-21
2.71207e-21
2.71924e-21
2.71659e-21
2.70623e-21
2.69229e-21
2.67973e-21
2.67235e-21
2.6712e-21
2.6745e-21
2.6791e-21
2.68229e-21
2.68284e-21
2.68107e-21
2.67786e-21
2.67404e-21
2.66988e-21
2.66516e-21
2.6595e-21
2.65293e-21
2.64609e-21
2.64036e-21
2.63745e-21
2.63863e-21
2.64419e-21
2.65307e-21
2.66318e-21
2.67185e-21
2.67651e-21
2.67552e-21
2.6687e-21
2.65754e-21
2.64478e-21
2.63361e-21
2.62673e-21
2.6256e-21
2.63051e-21
2.64104e-21
2.65667e-21
2.67681e-21
2.70065e-21
2.727e-21
2.75474e-21
2.78326e-21
2.81288e-21
2.84417e-21
2.87687e-21
2.90918e-21
2.93804e-21
2.96019e-21
2.97306e-21
2.97535e-21
2.96722e-21
2.95035e-21
2.9277e-21
2.90304e-21
2.87995e-21
2.86112e-21
2.84755e-21
2.83834e-21
2.83102e-21
2.82253e-21
2.81013e-21
2.79197e-21
2.76733e-21
2.7367e-21
2.70204e-21
2.66704e-21
2.63694e-21
2.6174e-21
2.6123e-21
2.62166e-21
2.64157e-21
2.6659e-21
2.68891e-21
2.70731e-21
2.72055e-21
2.73009e-21
2.73848e-21
2.74834e-21
2.76171e-21
2.77956e-21
2.80139e-21
2.82541e-21
2.84891e-21
2.86893e-21
2.88281e-21
2.88875e-21
2.88602e-21
2.87477e-21
2.85584e-21
2.83078e-21
2.80219e-21
2.77343e-21
2.74797e-21
2.72842e-21
2.7166e-21
2.71405e-21
2.72202e-21
2.74017e-21
2.76507e-21
2.79032e-21
2.80883e-21
2.81558e-21
2.80879e-21
2.7893e-21
2.75938e-21
2.72184e-21
2.67982e-21
2.63738e-21
2.59974e-21
2.57256e-21
2.56059e-21
2.56653e-21
2.59043e-21
2.62935e-21
2.67732e-21
2.72622e-21
2.76777e-21
2.79542e-21
2.80554e-21
2.79758e-21
2.77342e-21
2.7361e-21
2.68889e-21
2.63498e-21
2.57777e-21
2.52138e-21
2.47106e-21
2.43268e-21
2.41101e-21
2.40766e-21
2.42029e-21
2.4442e-21
2.4747e-21
2.5089e-21
2.54588e-21
2.58621e-21
2.63076e-21
2.67939e-21
2.73017e-21
2.77941e-21
2.82272e-21
2.8563e-21
2.87747e-21
2.88493e-21
2.87863e-21
2.85982e-21
2.83124e-21
2.79712e-21
2.76261e-21
2.73256e-21
2.70936e-21
2.69163e-21
2.6749e-21
2.65416e-21
2.62661e-21
2.59297e-21
2.55721e-21
2.52535e-21
2.50337e-21
2.49462e-21
2.49843e-21
2.51081e-21
2.52672e-21
2.54244e-21
2.55646e-21
2.56922e-21
2.58203e-21
2.59582e-21
2.61065e-21
2.62567e-21
2.63925e-21
2.64967e-21
2.65607e-21
2.65949e-21
2.66297e-21
2.67039e-21
2.68437e-21
2.7047e-21
2.7284e-21
2.75136e-21
2.7702e-21
2.78321e-21
2.79058e-21
2.79395e-21
2.79565e-21
2.79812e-21
2.80335e-21
2.81219e-21
2.82392e-21
2.83651e-21
2.84758e-21
2.85555e-21
2.86046e-21
2.86393e-21
2.86867e-21
2.87706e-21
2.89016e-21
2.90689e-21
2.92427e-21
2.93854e-21
2.9465e-21
2.9466e-21
2.93921e-21
2.92622e-21
2.91001e-21
2.89262e-21
2.87568e-21
2.86093e-21
2.85026e-21
2.84481e-21
2.84356e-21
2.84352e-21
2.84178e-21
2.83765e-21
2.83265e-21
2.82858e-21
2.82566e-21
2.82223e-21
2.81603e-21
2.80534e-21
2.78944e-21
2.76843e-21
2.74302e-21
2.71457e-21
2.68486e-21
2.65596e-21
2.62977e-21
2.60815e-21
2.59315e-21
2.58649e-21
2.58868e-21
2.59818e-21
2.61177e-21
2.6259e-21
2.63831e-21
2.64835e-21
2.65661e-21
2.66414e-21
2.67212e-21
2.68199e-21
2.69542e-21
2.71397e-21
2.73767e-21
2.76395e-21
2.78796e-21
2.80544e-21
2.81607e-21
2.8241e-21
2.83422e-21
2.84656e-21
2.8567e-21
2.86026e-21
2.85615e-21
2.84581e-21
2.83111e-21
2.81309e-21
2.79243e-21
2.77067e-21
2.75057e-21
2.73553e-21
2.72834e-21
2.73014e-21
2.7403e-21
2.75675e-21
2.77673e-21
2.79752e-21
2.81701e-21
2.83383e-21
2.84719e-21
2.85681e-21
2.86308e-21
2.86733e-21
2.87154e-21
2.87739e-21
2.88484e-21
2.89166e-21
2.89453e-21
2.89072e-21
2.87914e-21
2.86034e-21
2.83604e-21
2.80849e-21
2.78026e-21
2.75368e-21
2.73028e-21
2.70998e-21
2.69105e-21
2.67059e-21
2.64567e-21
2.61488e-21
2.57967e-21
2.54478e-21
2.51666e-21
2.50055e-21
2.49771e-21
2.50502e-21
2.51726e-21
2.53019e-21
2.54225e-21
2.55439e-21
2.56842e-21
2.58589e-21
2.60756e-21
2.63347e-21
2.66336e-21
2.69676e-21
2.73341e-21
2.77353e-21
2.81756e-21
2.86517e-21
2.91417e-21
2.9605e-21
2.99916e-21
3.02544e-21
3.03579e-21
3.02841e-21
3.00366e-21
2.96419e-21
2.91482e-21
2.86158e-21
2.81022e-21
2.76443e-21
2.725e-21
2.69035e-21
2.6583e-21
2.62783e-21
2.59985e-21
2.57657e-21
2.56044e-21
2.55261e-21
2.5523e-21
2.55731e-21
2.56544e-21
2.57581e-21
2.58912e-21
2.60666e-21
2.62839e-21
2.65221e-21
2.67502e-21
2.69428e-21
2.7086e-21
2.71713e-21
2.71889e-21
2.71285e-21
2.69882e-21
2.6783e-21
2.65413e-21
2.62964e-21
2.60735e-21
2.58836e-21
2.57253e-21
2.55934e-21
2.54851e-21
2.54029e-21
2.53523e-21
2.53399e-21
2.53721e-21
2.54553e-21
2.55978e-21
2.58089e-21
2.60883e-21
2.64112e-21
2.67285e-21
2.69871e-21
2.71512e-21
2.72107e-21
2.71849e-21
2.71237e-21
2.70957e-21
2.71564e-21
2.73107e-21
2.75086e-21
2.76748e-21
2.77439e-21
2.76788e-21
2.74688e-21
2.71263e-21
2.66815e-21
2.61805e-21
2.56781e-21
2.52239e-21
2.48478e-21
2.4556e-21
2.43373e-21
2.41766e-21
2.40715e-21
2.40396e-21
2.41105e-21
2.43051e-21
2.46206e-21
2.50333e-21
2.5509e-21
2.60106e-21
2.65016e-21
2.69516e-21
2.73425e-21
2.76696e-21
2.79361e-21
2.81463e-21
2.83038e-21
2.84164e-21
2.8502e-21
2.8582e-21
2.86632e-21
2.87268e-21
2.87371e-21
2.86621e-21
2.84903e-21
2.82385e-21
2.79506e-21
2.76851e-21
2.74928e-21
2.73978e-21
2.73916e-21
2.7446e-21
2.75315e-21
2.76254e-21
2.77136e-21
2.7789e-21
2.78525e-21
2.79128e-21
2.79864e-21
2.80949e-21
2.82529e-21
2.84566e-21
2.86797e-21
2.88823e-21
2.90252e-21
2.90819e-21
2.9045e-21
2.89228e-21
2.87365e-21
2.85135e-21
2.82804e-21
2.8053e-21
2.78286e-21
2.75882e-21
2.73057e-21
2.69618e-21
2.65531e-21
2.60962e-21
2.563e-21
2.5207e-21
2.48668e-21
2.46083e-21
2.43822e-21
2.41197e-21
2.37824e-21
2.3401e-21
2.30771e-21
2.29389e-21
2.3068e-21
2.34464e-21
2.3972e-21
2.45333e-21
2.50741e-21
2.56021e-21
2.61494e-21
2.67244e-21
2.72922e-21
2.7791e-21
2.81635e-21
2.83755e-21
2.84191e-21
2.83067e-21
2.80655e-21
2.77305e-21
2.73414e-21
2.69372e-21
2.65515e-21
2.62134e-21
2.59473e-21
2.57708e-21
2.569e-21
2.57002e-21
2.57931e-21
2.59677e-21
2.62286e-21
2.65696e-21
2.69571e-21
2.73355e-21
2.76474e-21
2.78547e-21
2.79443e-21
2.79197e-21
2.7793e-21
2.75832e-21
2.73251e-21
2.7079e-21
2.69272e-21
2.69434e-21
2.71502e-21
2.75007e-21
2.79047e-21
2.8274e-21
2.85523e-21
2.8718e-21
2.87671e-21
2.86938e-21
2.84854e-21
2.8134e-21
2.76571e-21
2.71056e-21
2.65574e-21
2.60974e-21
2.57936e-21
2.56776e-21
2.57362e-21
2.59189e-21
2.61541e-21
2.6368e-21
2.6501e-21
2.65199e-21
2.64271e-21
2.62603e-21
2.60817e-21
2.59559e-21
2.59283e-21
2.60094e-21
2.61737e-21
2.63734e-21
2.65625e-21
2.6718e-21
2.68508e-21
2.69942e-21
2.71751e-21
2.7386e-21
2.75829e-21
2.77109e-21
2.77362e-21
2.7661e-21
2.75178e-21
2.73508e-21
