20 -5.0734 0
40 -4.98654 0.0868594
60 -4.96643 0.0540329
80 -4.99677 0.0487875
100 -4.97344 0.0444115
120 -4.98537 0.038174
140 -4.98209 0.0324293
160 -4.9745 0.0290921
180 -4.97199 0.0257788
200 -4.96906 0.023243
220 -4.96766 0.0210703
240 -4.96629 0.0192835
260 -4.96498 0.0177866
280 -4.96401 0.0164959
300 -4.9638 0.0153583
320 -4.95756 0.0156649
340 -4.9578 0.0147167
360 -4.95719 0.0138884
380 -4.96117 0.0137258
400 -4.96333 0.0132006
420 -4.96587 0.0128106
440 -4.96756 0.0123307
460 -4.96665 0.0118174
480 -4.9646 0.0114987
500 -4.96343 0.0110909
520 -4.96352 0.0106561
540 -4.96356 0.0102539
560 -4.9643 0.00990864
580 -4.96462 0.00956618
600 -4.96536 0.00927102
620 -4.96787 0.00931298
640 -4.97107 0.00956717
660 -4.97543 0.0102488
680 -4.97829 0.0103441
700 -4.97969 0.0101411
720 -4.97981 0.00985615
740 -4.98001 0.00958815
760 -4.98021 0.00933456
780 -4.97958 0.00911384
800 -4.97876 0.0089203
820 -4.97967 0.0087467
840 -4.97963 0.00853599
860 -4.97943 0.00833753
880 -4.97951 0.00814627
900 -4.97897 0.00798193
920 -4.9784 0.00782729
940 -4.97889 0.00767514
960 -4.98047 0.00767635
980 -4.98011 0.00752647
1000 -4.97883 0.00748533
