20 1.75265 0
40 1.66676 0.0858894
60 1.64689 0.0534228
80 1.6776 0.0486858
100 1.65473 0.0441067
120 1.66645 0.0378721
140 1.66336 0.0321559
160 1.6555 0.0289379
180 1.65281 0.0256623
200 1.64981 0.0231478
220 1.64857 0.0209746
240 1.64696 0.0192149
260 1.64548 0.0177365
280 1.64459 0.0164453
300 1.64426 0.0153132
320 1.6379 0.0156738
340 1.63817 0.0147255
360 1.63751 0.0138989
380 1.64153 0.0137465
400 1.64366 0.0132148
420 1.64614 0.0128124
440 1.64789 0.0123398
460 1.64713 0.011815
480 1.64523 0.0114706
500 1.64404 0.0110666
520 1.64408 0.0106325
540 1.64404 0.0102312
560 1.64473 0.00988274
580 1.64495 0.00953853
600 1.64566 0.00924226
620 1.64809 0.00926493
640 1.65127 0.0095149
660 1.65564 0.0102083
680 1.6585 0.0103072
700 1.65983 0.0100962
720 1.65981 0.00981172
740 1.65993 0.00954364
760 1.6601 0.0092906
780 1.6594 0.00907623
800 1.65846 0.0088955
820 1.65926 0.00871266
840 1.65924 0.00850271
860 1.65903 0.00830539
880 1.65908 0.00811459
900 1.65848 0.00795452
920 1.65788 0.00780307
940 1.65834 0.0076489
960 1.65984 0.00763813
980 1.65951 0.00748817
1000 1.6582 0.0074533
