20 1.16843 0
40 1.11118 0.0572596
60 1.09793 0.0356152
80 1.1184 0.0324572
100 1.10315 0.0294044
120 1.11097 0.0252481
140 1.10891 0.0214373
160 1.10366 0.0192919
180 1.10187 0.0171082
200 1.09987 0.0154319
220 1.09905 0.0139831
240 1.09797 0.0128099
260 1.09699 0.0118243
280 1.09639 0.0109635
300 1.09617 0.0102088
320 1.09193 0.0104492
340 1.09211 0.00981697
360 1.09167 0.00926594
380 1.09435 0.00916432
400 1.09577 0.00880986
420 1.09743 0.00854163
440 1.09859 0.00822651
460 1.09809 0.00787666
480 1.09682 0.00764705
500 1.09603 0.00737772
520 1.09605 0.00708833
540 1.09603 0.00682079
560 1.09648 0.00658849
580 1.09663 0.00635902
600 1.09711 0.00616151
620 1.09873 0.00617662
640 1.10084 0.00634326
660 1.10376 0.00680555
680 1.10567 0.00687148
700 1.10655 0.00673077
720 1.10654 0.00654115
740 1.10662 0.00636243
760 1.10673 0.00619373
780 1.10626 0.00605082
800 1.10564 0.00593033
820 1.10618 0.00580844
840 1.10616 0.00566847
860 1.10602 0.00553692
880 1.10605 0.00540973
900 1.10566 0.00530301
920 1.10525 0.00520205
940 1.10556 0.00509927
960 1.10656 0.00509209
980 1.10634 0.00499211
1000 1.10546 0.00496886
