20 1.94054 0
40 2.32852 0.387979
60 2.44258 0.25137
80 2.32231 0.214611
100 2.42384 0.194788
120 2.37276 0.167045
140 2.3811 0.141425
160 2.3984 0.123693
180 2.38427 0.109999
200 2.38404 0.0983861
220 2.38799 0.0890813
240 2.4024 0.0825871
260 2.415 0.0770069
280 2.43025 0.0729081
300 2.43091 0.0678769
320 2.45015 0.0663436
340 2.44749 0.0623756
360 2.44249 0.0590204
380 2.43057 0.0570863
400 2.42456 0.0544887
420 2.41095 0.0535866
440 2.40538 0.0513962
460 2.41254 0.0496298
480 2.42563 0.0492885
500 2.43502 0.048199
520 2.43843 0.0464338
540 2.44245 0.0448607
560 2.43573 0.0437476
580 2.43277 0.0423156
600 2.43038 0.0409507
620 2.42508 0.0399609
640 2.40946 0.0417257
660 2.39317 0.0435972
680 2.38615 0.0428744
700 2.38277 0.0417689
720 2.38212 0.0405972
740 2.38039 0.0395227
760 2.3771 0.0386093
780 2.37104 0.0380915
800 2.3679 0.0372595
820 2.35836 0.0375697
840 2.3573 0.0366797
860 2.35886 0.0358503
880 2.35693 0.035079
900 2.36131 0.0345692
920 2.3645 0.0339595
940 2.35858 0.0337516
960 2.34871 0.0344836
980 2.34568 0.0339084
1000 2.3458 0.0332235
