20 -3.32075 0
40 -3.31978 0.00096999
60 -3.31954 0.000610315
80 -3.31916 0.000571427
100 -3.31871 0.000635058
120 -3.31892 0.000559457
140 -3.31872 0.000512518
160 -3.319 0.000523721
180 -3.31918 0.000497655
200 -3.31925 0.000449688
220 -3.31909 0.000435783
240 -3.31933 0.000464413
260 -3.31949 0.000457089
280 -3.31942 0.000429831
300 -3.31954 0.000417816
320 -3.31966 0.000408222
340 -3.31963 0.000384439
360 -3.31968 0.000365675
380 -3.31964 0.000348005
400 -3.31967 0.000331638
420 -3.31973 0.000320769
440 -3.31968 0.000310305
460 -3.31952 0.000335223
480 -3.31937 0.000354423
500 -3.31939 0.000340774
520 -3.31945 0.000331416
540 -3.31952 0.000327918
560 -3.31958 0.000320921
580 -3.31967 0.000323512
600 -3.3197 0.000313734
620 -3.31978 0.000313743
640 -3.3198 0.000304824
660 -3.31979 0.00029571
680 -3.31979 0.000286895
700 -3.31986 0.000287281
720 -3.32 0.000313108
740 -3.32008 0.000314312
760 -3.32011 0.000307669
780 -3.32018 0.000307661
800 -3.3203 0.000322659
820 -3.3204 0.000330887
840 -3.32039 0.000323197
860 -3.3204 0.000315877
880 -3.32043 0.000310354
900 -3.32048 0.000307227
920 -3.32052 0.000302323
940 -3.32056 0.000298689
960 -3.32062 0.000299524
980 -3.3206 0.000294017
1000 -3.32063 0.00028947
