1.64163
1.65665
1.67357
1.68966
1.70337
1.71479
1.72523
1.73625
1.74884
1.76306
1.77813
1.7926
1.80488
1.81372
1.8184
1.81864
1.81427
1.80468
1.7889
1.76579
1.73467
1.69601
1.65189
1.60628
1.56458
1.5323
1.5129
1.50655
1.5106
1.5214
1.53585
1.5518
1.5676
1.58155
1.59184
1.59706
1.59691
1.59242
1.58576
1.5795
1.57587
1.57615
1.58057
1.58869
1.59971
1.61252
1.62531
1.63554
1.64037
1.63766
1.62689
1.61013
1.5922
1.57929
1.57601
1.58294
1.59713
1.61494
1.63454
1.65633
1.68159
1.71108
1.74386
1.77733
1.80778
1.83159
1.84599
1.84972
1.84311
1.82802
1.80749
1.78531
1.76525
1.75032
1.74179
1.73858
1.73721
1.73259
1.71989
1.69632
1.66194
1.61958
1.57395
1.53028
1.49272
1.4638
1.44541
1.43962
1.44737
1.46662
1.49327
1.52353
1.55489
1.58559
1.61395
1.63857
1.65868
1.67433
1.68607
1.69448
1.69991
1.70258
1.703
1.70222
1.70169
1.70286
1.70685
1.71417
1.7246
1.73705
1.7497
1.76016
1.76594
1.76515
1.75723
1.74371
1.72823
1.71545
1.70925
1.71123
1.7203
1.73336
1.74656
1.75649
1.76089
1.75886
1.75058
1.73676
1.71826
1.69576
1.66963
1.64019
1.60848
1.5767
1.54765
1.52354
1.50507
1.49149
1.48167
1.47512
1.47276
1.47654
1.48819
1.50761
1.53236
1.55896
1.58465
1.60803
1.6285
1.64528
1.65704
1.66263
1.66219
1.65757
1.65156
1.64656
1.64366
1.64251
1.64187
1.63999
1.63485
1.6247
1.60929
1.59123
1.57608
1.56989
1.57562
1.59167
1.61374
1.63729
1.65879
1.67576
1.68658
1.69041
1.68704
1.67688
1.66106
1.64156
1.62098
1.60225
1.58827
1.58162
1.58425
1.59663
1.61729
1.64275
1.66831
1.68912
1.70115
1.70199
1.69139
1.67137
1.64576
1.61888
1.59441
1.57507
1.56339
1.56179
1.57163
1.59178
1.61867
1.6476
1.6744
1.6963
1.71184
1.72049
1.72235
1.7179
1.70795
1.69337
1.67489
1.65309
1.62858
1.60243
1.57667
1.55403
1.53731
1.5283
1.52685
1.5306
1.53557
1.53739
1.53288
1.52134
1.50553
1.49175
1.48827
1.50141
1.53161
1.57361
1.62011
1.66498
1.70431
1.73622
1.76012
1.77611
1.78433
1.78461
1.77622
1.75796
1.72877
1.68886
1.64102
1.59097
1.54645
1.51468
1.49949
1.49997
1.51198
1.53101
1.55429
1.58166
1.61424
1.65154
1.68959
1.72236
1.74464
1.75396
1.75107
1.73945
1.72412
1.70952
1.69762
1.68778
1.67855
1.66935
1.66021
1.6508
1.64026
1.62815
1.61539
1.60429
1.59734
1.59543
1.59676
1.59745
1.59375
1.58428
1.57066
1.55651
1.54568
1.54078
1.54256
1.55008
1.5614
1.57455
1.58833
1.60248
1.61729
1.63299
1.64953
1.66671
1.68467
1.70339
1.72161
1.73601
1.74205
1.73588
1.71572
1.68236
1.63897
1.59067
1.54391
1.50516
1.4791
1.46708
1.46707
1.47502
1.48668
1.49894
1.51037
1.52095
1.53146
1.54277
1.55549
1.56989
1.58625
1.6049
1.62586
1.64859
1.67184
1.69405
1.71368
1.72938
1.74006
1.74483
1.74303
1.73424
1.71859
1.69699
1.67109
1.64277
1.6137
1.58536
1.55938
1.53769
1.52194
1.51265
1.5091
1.50981
1.51321
1.51812
1.52404
1.53111
1.53977
1.5504
1.56288
1.57664
1.59109
1.60594
1.6214
1.63786
1.6557
1.67498
1.69531
1.71571
1.73474
1.75055
1.76128
1.76558
1.76307
1.75441
1.74111
1.72506
1.7084
1.69344
1.68237
1.67677
1.67703
1.68244
1.6915
1.7023
1.71285
1.72145
1.72696
1.72902
1.728
1.72472
1.7201
1.71494
1.70982
1.70515
1.70113
1.6976
1.69424
1.69076
1.68736
1.68491
1.68472
1.68775
1.69371
1.7008
1.70622
1.7072
1.70193
1.68984
1.67157
1.64866
1.62328
1.5982
1.5769
1.56345
1.56189
1.57485
1.60209
1.63999
1.68238
1.72256
1.75517
1.7771
1.78756
1.7876
1.77951
1.76624
1.75086
1.73605
1.72366
1.71445
1.7084
1.70492
1.70321
1.70248
1.70185
1.70027
1.69666
1.69025
1.68102
1.67003
1.65918
1.6506
1.64618
1.64724
1.65425
1.66639
1.68137
1.69601
1.70733
1.71337
1.7135
1.70816
1.69836
1.68523
1.66978
1.65298
1.63591
1.61993
1.60654
1.59714
1.59265
1.59325
1.59819
1.60607
1.6151
1.62373
1.63097
1.63635
1.63956
1.64014
1.63767
1.63242
1.62565
1.61918
1.61441
1.61172
1.61021
1.60829
1.60411
1.59646
1.58555
1.57342
1.56336
1.55871
1.56143
1.57134
1.58639
1.60351
1.6197
1.63256
1.64066
1.64367
1.64233
1.63829
1.63344
1.62869
1.62346
1.61598
1.60425
1.58704
1.56479
1.5406
1.52053
1.51236
1.52216
1.55077
1.5931
1.64065
1.68479
1.71908
1.73996
1.74631
1.73867
1.71851
1.68805
1.65064
1.61104
1.57517
1.54854
1.53465
1.53411
1.5451
1.56474
1.59044
1.62012
1.65158
1.68201
1.70828
1.72766
1.73839
1.73985
1.73245
1.71738
1.69655
1.67245
1.64821
1.62738
1.61321
1.60775
1.61098
1.62077
1.63378
1.64642
1.65574
1.6599
1.65838
1.65205
1.64277
1.63289
1.6247
1.62013
1.62042
1.62593
1.63587
1.64822
1.66009
1.66857
1.67202
1.67093
1.66792
1.66637
1.66841
1.67353
1.67933
1.6835
1.68508
1.68403
1.67991
1.67168
1.65868
1.64156
1.62241
1.60409
1.58959
1.58133
1.5806
1.58724
1.59955
1.6147
1.62972
1.64277
1.65414
1.66572
1.67905
1.69368
1.70706
1.71593
1.7178
1.71185
1.6993
1.68327
1.66783
1.65675
1.65232
1.65489
1.66311
1.67452
1.68601
1.69434
1.697
1.69308
1.68374
1.67201
1.6615
1.65481
1.65263
1.65385
1.65642
1.65817
1.65737
1.65351
1.64786
1.64335
1.64328
1.64941
1.66104
1.67594
1.69192
1.70791
1.72363
1.73865
1.75192
1.76192
1.76743
1.76797
1.76405
1.75699
1.74881
1.74192
1.7386
1.74048
1.74783
1.75922
1.77168
1.78193
1.78789
1.7897
1.78917
1.78769
1.78468
1.77806
1.76625
1.74967
1.73044
1.71149
1.69573
1.68579
1.68427
1.69341
1.71433
1.7459
1.78442
1.82469
1.86141
1.89037
1.90889
1.91592
1.91182
1.89807
1.87675
1.85005
1.82007
1.7888
1.75848
1.73164
1.71079
1.69737
1.69111
1.69026
1.6925
1.69596
1.69961
1.70329
1.70746
1.71268
1.7194
1.72774
1.73768
1.74921
1.76228
1.77657
1.79114
1.80414
1.81288
1.81447
1.80717
1.79163
1.77083
1.7482
1.72587
1.70507
1.6875
1.67497
1.66767
1.66358
1.66002
1.65579
1.65206
1.65144
1.65643
1.66816
1.6861
1.70821
1.73145
1.75244
1.7681
1.77627
1.77595
1.76723
1.7511
1.7292
1.70366
1.67687
1.6511
1.62829
1.60985
1.59667
1.58936
1.58856
1.59497
1.60882
1.62899
1.65286
1.67683
1.69737
1.71196
1.7194
1.72008
1.71593
1.70982
1.70416
1.69964
1.69506
1.68868
1.68018
1.67165
1.66682
1.66909
1.67962
1.69624
1.71416
1.72771
1.73225
1.72547
1.70774
1.68177
1.65178
1.62211
1.59592
1.57467
1.55849
1.54708
1.54033
1.53824
1.54082
1.54809
1.56053
1.57929
1.60561
1.63912
1.6768
1.71365
1.74471
1.76657
1.77774
1.7782
1.76912
1.75263
1.73158
1.7089
1.68684
1.6669
1.6504
1.63905
1.63397
1.63473
1.63933
1.64538
1.65088
1.65425
1.65424
1.65018
1.6425
1.6328
1.62326
1.61564
1.61079
1.60876
1.60934
1.61263
1.61908
1.62923
1.64302
1.65933
1.676
1.69026
1.69919
1.70023
1.69175
1.67351
1.64721
1.61673
1.58726
1.56363
1.54876
1.5431
1.54551
1.5548
1.57005
1.58981
1.61115
1.6301
1.6436
1.65086
1.65305
1.65201
1.64905
1.64493
1.64101
1.64067
1.64883
1.66832
1.69619
1.72482
1.74688
1.75872
1.7603
1.75354
1.74137
1.72735
1.71536
1.70866
1.70845
1.71339
1.72056
1.72687
1.7299
1.7282
1.72143
1.71038
1.69642
1.68107
1.66538
1.64972
1.63407
1.61838
1.60304
1.58886
1.57691
1.56813
1.56307
1.56188
1.56422
1.56929
1.57596
1.58266
1.58747
1.58883
1.58684
1.58438
1.58661
1.59785
1.61799
1.643
1.66918
1.69572
1.72263
1.74757
1.76627
1.77556
1.77457
1.76388
1.74486
1.72051
1.69677
1.681
1.67687
1.68084
1.68526
1.68404
1.67545
1.66151
1.64604
1.63271
1.62355
1.61877
1.61768
1.61982
1.62537
1.63425
1.6451
1.65505
1.66087
1.66068
1.65482
1.64545
1.63524
1.62617
1.61908
1.61405
1.61112
1.61057
1.61269
1.61725
1.62336
1.62967
1.63489
1.63817
1.63933
1.63879
1.63744
1.63628
1.63616
1.6374
1.63965
1.64205
1.64352
1.64299
1.63959
1.6328
1.62278
1.61069
1.59857
1.58863
1.58312
1.58482
1.59642
1.61778
1.64418
1.66876
1.68683
1.69742
1.70193
1.70236
1.70036
1.69717
1.69347
1.68919
1.68365
1.67629
1.66748
1.65879
1.6524
1.65012
1.6525
1.65861
1.66647
1.67404
1.6804
1.68615
1.69311
1.70265
1.71421
1.72513
1.73238
1.7342
1.73069
1.7235
1.71526
1.7091
1.70776
1.71196
1.71963
1.72736
1.73269
1.73545
1.73731
1.74015
1.74482
1.75092
1.75758
1.76399
1.7695
1.77354
1.77572
1.77608
1.77506
1.7729
1.7686
1.75955
1.74232
1.71417
1.67445
1.6254
1.57207
1.52164
1.4818
1.45847
1.45349
1.46382
1.48332
1.50576
1.52707
1.54589
1.56245
1.57709
1.58928
1.59727
1.59915
1.59435
1.58488
1.57536
1.57116
1.57523
1.5864
1.60082
1.61471
1.62585
1.6335
1.63782
1.63963
1.64002
