-3.32122
-3.32199
-3.32202
-3.32153
-3.32066
-3.31989
-3.32003
-3.32106
-3.32124
-3.32107
-3.32275
-3.32244
-3.32275
-3.32191
-3.32102
-3.32072
-3.31963
-3.31906
-3.31732
-3.31669
-3.31589
-3.31552
-3.31592
-3.3171
-3.3163
-3.31809
-3.31944
-3.32063
-3.32132
-3.32136
-3.32129
-3.32075
-3.32034
-3.32066
-3.32066
-3.31951
-3.3187
-3.31701
-3.31754
-3.31817
-3.31791
-3.31894
-3.31918
-3.31906
-3.31915
-3.31909
-3.31957
-3.31915
-3.31803
-3.31826
-3.31722
-3.31669
-3.31737
-3.31832
-3.31848
-3.32014
-3.32125
-3.32102
-3.32059
-3.32163
-3.32159
-3.32259
-3.3222
-3.32162
-3.32217
-3.32058
-3.31985
-3.31817
-3.316
-3.31576
-3.31572
-3.31531
-3.31556
-3.31647
-3.31664
-3.31733
-3.3174
-3.31649
-3.31593
-3.31344
-3.31232
-3.31176
-3.31127
-3.31097
-3.31083
-3.31301
-3.31478
-3.31613
-3.31773
-3.31912
-3.31978
-3.32074
-3.32151
-3.3209
-3.32043
-3.31985
-3.31984
-3.31897
-3.31861
-3.3192
-3.31982
-3.31942
-3.31863
-3.31965
-3.31991
-3.31984
-3.32016
-3.3211
-3.32031
-3.32058
-3.32078
-3.32117
-3.32089
-3.31957
-3.31966
-3.31896
-3.31917
-3.31923
-3.32002
-3.32051
-3.32078
-3.32127
-3.32048
-3.32016
-3.31954
-3.31904
-3.318
-3.31719
-3.31585
-3.31518
-3.31634
-3.31665
-3.31652
-3.31621
-3.31557
-3.31553
-3.31652
-3.31619
-3.31637
-3.31733
-3.3186
-3.31993
-3.32196
-3.32203
-3.32268
-3.3236
-3.32326
-3.32344
-3.32267
-3.32223
-3.32211
-3.32086
-3.32109
-3.31946
-3.31992
-3.31935
-3.31971
-3.31908
-3.31813
-3.3188
-3.31792
-3.31812
-3.31708
-3.31738
-3.31863
-3.31991
-3.32139
-3.32281
-3.32285
-3.32279
-3.32304
-3.32293
-3.32241
-3.32305
-3.32204
-3.32081
-3.32003
-3.3198
-3.3203
-3.32004
-3.32127
-3.32243
-3.32281
-3.32419
-3.32531
-3.3263
-3.32468
-3.32412
-3.32187
-3.31979
-3.31812
-3.31721
-3.31553
-3.31532
-3.31511
-3.31425
-3.31501
-3.31718
-3.31816
-3.31782
-3.31778
-3.31865
-3.31781
-3.31828
-3.31699
-3.31555
-3.31655
-3.31656
-3.31697
-3.31609
-3.31619
-3.31664
-3.31642
-3.3168
-3.31728
-3.31806
-3.31847
-3.31912
-3.32039
-3.31995
-3.32028
-3.32022
-3.3204
-3.32054
-3.32101
-3.32105
-3.3222
-3.32505
-3.32624
-3.32702
-3.32559
-3.32502
-3.32449
-3.32355
-3.32214
-3.32121
-3.31938
-3.31901
-3.31884
-3.31612
-3.31652
-3.31479
-3.31457
-3.3152
-3.31709
-3.3182
-3.31958
-3.32186
-3.32366
-3.32371
-3.32484
-3.32622
-3.32722
-3.32768
-3.32608
-3.32523
-3.3243
-3.32208
-3.32071
-3.31935
-3.31955
-3.32008
-3.31899
-3.31911
-3.31851
-3.31761
-3.31716
-3.31709
-3.31724
-3.31695
-3.3167
-3.31761
-3.31827
-3.31902
-3.31991
-3.32022
-3.32011
-3.31897
-3.31768
-3.318
-3.31926
-3.32158
-3.32207
-3.32179
-3.32221
-3.32171
-3.32159
-3.32119
-3.32172
-3.32212
-3.32158
-3.32104
-3.32204
-3.32253
-3.32279
-3.32246
-3.32139
-3.32048
-3.31833
-3.31654
-3.31534
-3.31639
-3.31722
-3.31756
-3.31927
-3.32046
-3.32176
-3.32292
-3.32279
-3.3229
-3.32249
-3.32259
-3.32279
-3.32245
-3.32201
-3.32234
-3.32331
-3.32415
-3.32452
-3.32524
-3.324
-3.3232
-3.32212
-3.32136
-3.32095
-3.32047
-3.31994
-3.31894
-3.31874
-3.31777
-3.31639
-3.31609
-3.31625
-3.31429
-3.31538
-3.31758
-3.31822
-3.3193
-3.32161
-3.3212
-3.32184
-3.32014
-3.31979
-3.31947
-3.31921
-3.3194
-3.32017
-3.32026
-3.32046
-3.3208
-3.32119
-3.32101
-3.32267
-3.32235
-3.32165
-3.32113
-3.32105
-3.32032
-3.31897
-3.31814
-3.31702
-3.31709
-3.31536
-3.31596
-3.31617
-3.31677
-3.31786
-3.31875
-3.31932
-3.32021
-3.32093
-3.32084
-3.32163
-3.32121
-3.32026
-3.32038
-3.32056
-3.32009
-3.31985
-3.31877
-3.3185
-3.31931
-3.31983
-3.32047
-3.32001
-3.31939
-3.31883
-3.319
-3.31944
-3.32068
-3.3221
-3.32223
-3.32175
-3.32209
-3.32232
-3.3203
-3.3196
-3.3206
-3.31959
-3.31934
-3.31918
-3.3202
-3.32262
-3.32381
-3.3251
-3.32555
-3.32638
-3.32493
-3.32336
-3.32131
-3.32095
-3.31911
-3.3183
-3.31704
-3.31759
-3.31762
-3.31761
-3.31809
-3.31944
-3.31965
-3.31949
-3.31909
-3.3198
-3.31873
-3.31893
-3.31848
-3.31824
-3.31816
-3.31738
-3.31818
-3.31747
-3.31836
-3.31969
-3.32025
-3.32052
-3.3191
-3.31879
-3.31821
-3.31687
-3.31577
-3.31554
-3.31526
-3.31539
-3.31591
-3.3155
-3.31554
-3.31527
-3.31498
-3.31519
-3.31582
-3.31604
-3.31669
-3.31717
-3.31736
-3.31629
-3.31639
-3.3163
-3.31752
-3.31646
-3.31699
-3.31648
-3.31584
-3.31621
-3.31578
-3.31446
-3.31522
-3.31446
-3.31424
-3.31385
-3.31419
-3.3146
-3.31543
-3.31544
-3.31622
-3.31657
-3.31691
-3.31849
-3.31851
-3.31785
-3.31751
-3.31761
-3.31851
-3.3191
-3.31835
-3.31913
-3.31833
-3.31797
-3.31787
-3.31824
-3.31787
-3.31855
-3.31953
-3.32088
-3.32347
-3.32425
-3.32504
-3.32355
-3.32202
-3.32028
-3.31868
-3.3172
-3.31681
-3.31579
-3.31548
-3.31573
-3.31703
-3.31864
-3.31849
-3.32051
-3.32287
-3.32343
-3.32316
-3.3239
-3.32394
-3.32502
-3.32475
-3.3244
-3.32348
-3.32256
-3.32143
-3.3212
-3.31955
-3.31998
-3.31971
-3.32024
-3.32089
-3.3218
-3.32168
-3.32201
-3.32259
-3.32268
-3.32147
-3.32226
-3.32247
-3.32193
-3.32085
-3.32153
-3.32196
-3.3227
-3.32262
-3.32267
-3.32211
-3.32266
-3.32259
-3.32183
-3.32177
-3.32128
-3.32083
-3.32188
-3.32226
-3.3223
-3.32192
-3.32138
-3.32187
-3.32084
-3.32048
-3.31896
-3.31834
-3.31787
-3.31797
-3.31928
-3.32026
-3.32097
-3.32159
-3.32211
-3.32269
-3.32295
-3.32311
-3.32335
-3.32402
-3.324
-3.3251
-3.32512
-3.32421
-3.32299
-3.32176
-3.32147
-3.3208
-3.31976
-3.32034
-3.32063
-3.32105
-3.32124
-3.32169
-3.32109
-3.32092
-3.3209
-3.3201
-3.31856
-3.31922
-3.31933
-3.31932
-3.32008
-3.32094
-3.32042
-3.31999
-3.3201
-3.32115
-3.32103
-3.32205
-3.32251
-3.32399
-3.32401
-3.3246
-3.32509
-3.32527
-3.3242
-3.324
-3.32328
-3.32287
-3.32172
-3.32092
-3.32089
-3.31975
-3.31999
-3.32061
-3.31875
-3.31952
-3.32023
-3.32118
-3.32129
-3.32152
-3.3204
-3.32054
-3.32021
-3.32099
-3.32105
-3.32079
-3.31971
-3.31812
-3.31895
-3.31869
-3.31857
-3.31859
-3.31901
-3.31983
-3.32129
-3.3226
-3.32441
-3.32514
-3.32577
-3.32577
-3.32406
-3.32218
-3.32042
-3.31907
-3.31776
-3.31698
-3.31595
-3.31513
-3.31587
-3.31595
-3.31659
-3.31835
-3.31881
-3.31945
-3.31941
-3.3196
-3.32026
-3.32041
-3.32013
-3.3193
-3.31944
-3.31975
-3.32036
-3.32037
-3.32038
-3.32067
-3.32106
-3.3207
-3.32086
-3.32057
-3.32034
-3.31914
-3.3183
-3.31752
-3.31748
-3.31818
-3.31901
-3.32036
-3.31985
-3.32044
-3.32061
-3.31965
-3.31961
-3.31934
-3.32071
-3.32257
-3.32339
-3.32377
-3.32464
-3.32547
-3.32447
-3.32395
-3.32388
-3.32317
-3.32358
-3.32201
-3.32155
-3.32222
-3.32298
-3.32229
-3.32161
-3.32316
-3.32387
-3.32449
-3.32473
-3.32518
-3.32589
-3.32685
-3.32764
-3.32775
-3.32679
-3.32702
-3.3263
-3.32601
-3.32492
-3.32306
-3.32393
-3.32476
-3.32496
-3.32396
-3.32413
-3.32477
-3.32626
-3.32814
-3.32799
-3.32837
-3.32743
-3.32581
-3.32383
-3.32131
-3.32094
-3.31988
-3.31806
-3.31829
-3.31829
-3.31805
-3.3187
-3.31841
-3.31918
-3.3201
-3.32041
-3.3215
-3.32207
-3.32278
-3.32356
-3.32446
-3.32507
-3.3241
-3.32345
-3.32408
-3.32209
-3.32076
-3.31915
-3.3175
-3.31827
-3.31824
-3.31975
-3.31988
-3.32017
-3.32091
-3.32094
-3.32204
-3.3232
-3.32323
-3.32353
-3.3237
-3.32406
-3.3223
-3.32186
-3.32147
-3.32235
-3.32261
-3.32214
-3.32286
-3.32388
-3.32478
-3.32513
-3.32535
-3.32568
-3.32583
-3.32542
-3.32396
-3.32357
-3.32253
-3.32259
-3.32333
-3.32195
-3.32286
-3.32264
-3.32313
-3.32452
-3.32554
-3.32658
-3.32721
-3.32775
-3.32822
-3.32786
-3.32773
-3.32755
-3.32651
-3.32626
-3.32617
-3.32678
-3.32656
-3.32537
-3.32463
-3.32616
-3.32679
-3.3271
-3.32613
-3.32445
-3.32247
-3.32062
-3.32099
-3.32094
-3.32066
-3.32182
-3.32185
-3.32156
-3.32163
-3.32153
-3.32084
-3.32011
-3.3196
-3.32063
-3.31997
-3.31931
-3.31954
-3.31878
-3.31954
-3.31848
-3.32
-3.31932
-3.31904
-3.31796
-3.31846
-3.3196
-3.32074
-3.32181
-3.32127
-3.3215
-3.3214
-3.32051
-3.32028
-3.32005
-3.31997
-3.32042
-3.3214
-3.3218
-3.3225
-3.32192
-3.32153
-3.32179
-3.32197
-3.32144
-3.31981
-3.31941
-3.3185
-3.31824
-3.31782
-3.3183
-3.32016
-3.3214
-3.32181
-3.32131
-3.32027
-3.32111
-3.32122
-3.32114
-3.32165
-3.3218
-3.32281
-3.32329
-3.32392
-3.32487
-3.32441
-3.32598
-3.3254
-3.32485
-3.32423
-3.32316
-3.32265
-3.32239
-3.32242
-3.32248
-3.32283
-3.3226
-3.32301
-3.32312
-3.32348
-3.32296
-3.3226
-3.32244
-3.32162
-3.32112
-3.32129
-3.32157
-3.32149
-3.32072
-3.31994
-3.32105
-3.32146
-3.32176
-3.32227
-3.32209
-3.32175
-3.32178
-3.32092
-3.32058
-3.32152
-3.32226
-3.32254
-3.32465
-3.32499
-3.32405
-3.32265
-3.32219
-3.32119
-3.31994
-3.32024
-3.32037
-3.32105
-3.32071
-3.32198
-3.32121
-3.32193
-3.32155
-3.32244
-3.32278
-3.32355
-3.32353
-3.32335
-3.32311
-3.3233
-3.32334
-3.32443
-3.3245
-3.32582
-3.32605
-3.32445
-3.32502
-3.32415
-3.32369
-3.32269
-3.32245
-3.32374
-3.3243
-3.32494
-3.32495
-3.32418
-3.3245
-3.32386
-3.32328
-3.32314
-3.32347
-3.32206
-3.32146
-3.3211
-3.32218
-3.32277
-3.32182
-3.32181
-3.32185
-3.32216
-3.32198
-3.32056
-3.31912
-3.31689
-3.31596
-3.3148
-3.31489
-3.31561
-3.31719
-3.31933
-3.32001
-3.32063
-3.32179
-3.32166
-3.32189
-3.32209
-3.32235
-3.32426
-3.32379
-3.32235
-3.32091
-3.32076
-3.32051
-3.31945
-3.32006
-3.32119
-3.32262
-3.32271
-3.32327
-3.32218
-3.32167
-3.32153
-3.32315
-3.32367
