2.33607
2.27535
2.21117
2.15147
2.10052
2.05703
2.01565
1.97178
1.92545
1.87599
1.82285
1.77693
1.73936
1.71723
1.71128
1.72171
1.75167
1.80094
1.87506
1.97325
2.09853
2.24723
2.41084
2.57564
2.72833
2.84431
2.91781
2.94821
2.94444
2.91821
2.87867
2.83378
2.78859
2.74823
2.72045
2.71102
2.71833
2.74074
2.76633
2.79021
2.80693
2.8089
2.79846
2.77617
2.74349
2.70466
2.6644
2.63293
2.61832
2.62319
2.65225
2.69517
2.73525
2.75496
2.74277
2.69423
2.6222
2.53932
2.44982
2.35079
2.24347
2.12357
1.99913
1.87742
1.76846
1.68918
1.64339
1.6377
1.66977
1.72919
1.80819
1.8949
1.97511
2.03917
2.08542
2.11557
2.14275
2.18341
2.25003
2.35432
2.48991
2.64845
2.8152
2.97306
3.10838
3.20885
3.27179
3.29034
3.26094
3.19119
3.09499
2.98294
2.86459
2.74865
2.63896
2.5411
2.45692
2.38907
2.33403
2.28959
2.25622
2.23481
2.22252
2.21245
2.20409
2.19219
2.17222
2.14225
2.10681
2.06481
2.02375
1.99049
1.97384
1.97978
2.00535
2.04867
2.09551
2.13319
2.14874
2.1395
2.10926
2.06715
2.02768
1.99882
1.98905
2.00085
2.03525
2.08916
2.16137
2.24788
2.3453
2.45607
2.5752
2.69445
2.80456
2.89659
2.96702
3.02095
3.05806
3.07856
3.08006
3.0572
3.00462
2.92817
2.83239
2.7292
2.6301
2.53713
2.45513
2.38489
2.33051
2.29743
2.28055
2.27917
2.27848
2.27654
2.2675
2.25607
2.24556
2.23878
2.24711
2.27137
2.31526
2.36573
2.40598
2.41938
2.39757
2.34635
2.28119
2.21395
2.15494
2.11289
2.0928
2.09451
2.12267
2.173
2.23989
2.31615
2.39237
2.46104
2.50902
2.53047
2.5209
2.47667
2.40542
2.31878
2.23623
2.16776
2.13068
2.12954
2.16456
2.22843
2.31142
2.39605
2.47272
2.53322
2.56553
2.5623
2.52411
2.45545
2.36568
2.26905
2.18333
2.1132
2.06896
2.05051
2.05391
2.0833
2.1339
2.20525
2.29074
2.3885
2.49686
2.60875
2.71722
2.81219
2.88534
2.93011
2.94671
2.94665
2.93878
2.93858
2.95467
2.98904
3.03188
3.06445
3.05917
2.9969
2.88294
2.73218
2.57034
2.4121
2.27194
2.15778
2.07283
2.01654
1.9916
1.99537
2.03218
2.10951
2.22025
2.36988
2.54156
2.71613
2.86742
2.97547
3.02662
3.02257
2.97808
2.90914
2.82028
2.71478
2.59245
2.45778
2.32751
2.21685
2.14352
2.11691
2.13102
2.1759
2.23319
2.29087
2.3456
2.39393
2.4422
2.49063
2.53732
2.58292
2.62974
2.67927
2.72724
2.76462
2.78654
2.79048
2.78282
2.77698
2.78407
2.80897
2.84511
2.87856
2.89875
2.89752
2.87723
2.83898
2.78623
2.72742
2.66415
2.59852
2.52817
2.45468
2.38023
2.3046
2.22592
2.14874
2.07805
2.02574
2.00648
2.03056
2.10509
2.22412
2.37623
2.54143
2.70248
2.83885
2.93274
2.98267
2.99357
2.97779
2.94973
2.91618
2.88262
2.84753
2.80938
2.76666
2.71712
2.65863
2.59095
2.51493
2.43185
2.34312
2.25717
2.17587
2.10602
2.05151
2.01633
2.00432
2.01765
2.05799
2.12233
2.20953
2.31297
2.42328
2.53496
2.64609
2.74202
2.8189
2.87541
2.90659
2.91341
2.90698
2.88639
2.86107
2.82714
2.78679
2.73909
2.68288
2.61889
2.55123
2.48095
2.4093
2.33653
2.26299
2.18452
2.10786
2.03261
1.96163
1.89966
1.85453
1.83199
1.83411
1.86278
1.91278
1.98324
2.0605
2.14097
2.21502
2.27468
2.3156
2.33631
2.33788
2.32583
2.30727
2.28585
2.27034
2.26321
2.26306
2.27024
2.28326
2.2978
2.31318
2.32509
2.332
2.33589
2.3368
2.33795
2.33879
2.33846
2.33328
2.32022
2.29607
2.26331
2.23042
2.20513
2.19372
2.20321
2.23843
2.2913
2.35596
2.43096
2.5025
2.56017
2.58916
2.57687
2.52027
2.41923
2.28776
2.14395
2.01341
1.90969
1.84324
1.81315
1.82103
1.85543
1.90894
1.9678
2.02675
2.07866
2.11967
2.14877
2.1706
2.1862
2.19794
2.20668
2.22048
2.23801
2.26472
2.29907
2.33762
2.37566
2.40281
2.41814
2.41279
2.38765
2.34793
2.30072
2.2586
2.22669
2.21344
2.22171
2.24865
2.29003
2.34348
2.40457
2.46959
2.5365
2.59817
2.6505
2.68833
2.70778
2.70855
2.6944
2.66874
2.63837
2.60871
2.58499
2.56541
2.55378
2.54969
2.56034
2.57875
2.60521
2.63273
2.65516
2.67418
2.69219
2.70882
2.73453
2.76868
2.8106
2.85171
2.88251
2.89232
2.87778
2.83772
2.78137
2.71835
2.65685
2.6094
2.57956
2.56711
2.56971
2.58178
2.59951
2.62178
2.64558
2.68065
2.72883
2.79262
2.86843
2.94677
3.00464
3.0191
2.9725
2.8627
2.71201
2.5453
2.3941
2.27602
2.20367
2.18084
2.20637
2.27394
2.37837
2.50561
2.63923
2.75864
2.84685
2.89569
2.89661
2.858
2.79217
2.70614
2.60449
2.49809
2.39413
2.30719
2.24444
2.21261
2.21302
2.2447
2.30166
2.38096
2.46801
2.55629
2.63117
2.68269
2.70386
2.69658
2.66498
2.61986
2.57358
2.53689
2.51056
2.50051
2.50467
2.51721
2.52754
2.53196
2.52396
2.50187
2.46351
2.41299
2.3543
2.29939
2.2574
2.23104
2.22045
2.21701
2.20855
2.19293
2.17178
2.15279
2.14252
2.14193
2.15543
2.18077
2.2235
2.28131
2.35208
2.42756
2.4968
2.55234
2.58613
2.59373
2.57583
2.53777
2.48917
2.43907
2.39285
2.34932
2.30521
2.25387
2.20124
2.15556
2.12613
2.12009
2.13817
2.1782
2.23013
2.27781
2.31251
2.32653
2.31948
2.29506
2.26349
2.2326
2.21317
2.21462
2.23964
2.27965
2.32952
2.37739
2.41377
2.43735
2.45337
2.4652
2.47816
2.49599
2.52264
2.54959
2.56999
2.5713
2.55256
2.51304
2.461
2.40376
2.34673
2.28813
2.23225
2.18159
2.14263
2.11726
2.10597
2.10987
2.12047
2.13277
2.14369
2.13799
2.11522
2.07457
2.02272
1.96755
1.9216
1.88702
1.8662
1.85154
1.84237
1.84025
1.85208
1.88146
1.92189
1.97184
2.01987
2.05678
2.07371
2.06276
2.01705
1.93543
1.82178
1.69124
1.5594
1.44431
1.36146
1.31718
1.31454
1.35184
1.42468
1.52502
1.64605
1.77921
1.91446
2.04684
2.16507
2.2598
2.33002
2.37404
2.39853
2.40903
2.4109
2.40878
2.40298
2.39235
2.37269
2.3441
2.30619
2.26091
2.20794
2.1479
2.08323
2.0195
1.96168
1.92067
1.90513
1.92208
1.96723
2.03188
2.10444
2.17806
2.24899
2.31047
2.36014
2.39238
2.41513
2.43654
2.45576
2.47018
2.46856
2.44541
2.4003
2.3348
2.25474
2.17137
2.09908
2.04441
2.01472
2.01517
2.04274
2.09906
2.17355
2.25876
2.3481
2.43596
2.51308
2.57073
2.61041
2.62863
2.62381
2.59325
2.53712
2.45992
2.37153
2.28464
2.21127
2.15606
2.12613
2.11796
2.1274
2.14557
2.15941
2.17114
2.18499
2.20635
2.23149
2.25461
2.26387
2.25032
2.21558
2.16338
2.11227
2.07911
2.07764
2.11499
2.18518
2.28359
2.39663
2.50575
2.60407
2.68626
2.7491
2.79528
2.82119
2.82755
2.81509
2.78112
2.72604
2.64546
2.53676
2.40248
2.25431
2.11108
1.98608
1.88922
1.83222
1.81036
1.82171
1.85913
1.90965
1.96905
2.02616
2.08041
2.1245
2.15244
2.16261
2.15369
2.13337
2.11087
2.09009
2.07657
2.07363
2.0868
2.10899
2.13713
2.16268
2.18338
2.19687
2.19998
2.19464
2.18123
2.15908
2.1263
2.08338
2.03482
1.98848
1.95426
1.9381
1.9506
1.99361
2.06765
2.17059
2.28213
2.39054
2.47709
2.53183
2.55478
2.54828
2.51675
2.46323
2.39339
2.31879
2.25059
2.19884
2.16743
2.15019
2.14258
2.1396
2.14085
2.14162
2.1291
2.08632
2.01172
1.91546
1.8232
1.75624
1.72483
1.72833
1.75709
1.80571
1.86207
1.91092
1.94622
1.96312
1.96474
1.96084
1.96151
1.97325
1.99996
2.04034
2.09709
2.16309
2.23231
2.30456
2.37457
2.44758
2.51626
2.58663
2.6515
2.70919
2.75262
2.78123
2.79539
2.79609
2.78813
2.77124
2.752
2.73676
2.72742
2.72396
2.71662
2.68917
2.62956
2.54101
2.43489
2.32529
2.21342
2.10054
1.99697
1.91765
1.87329
1.86305
1.88783
1.94099
2.01352
2.08481
2.13206
2.14856
2.14587
2.14673
2.16769
2.20902
2.2679
2.33126
2.38641
2.42848
2.45455
2.4684
2.46992
2.45843
2.43752
2.40674
2.38237
2.37124
2.37953
2.40699
2.44557
2.48779
2.52755
2.5623
2.59074
2.61347
2.62717
2.63217
2.62811
2.61936
2.60821
2.59847
2.59396
2.59364
2.59566
2.5984
2.59965
2.59768
2.59072
2.57702
2.56356
2.55273
2.54726
2.55103
2.56445
2.58553
2.6121
2.63521
2.64642
2.64087
2.61072
2.54523
2.45234
2.34713
2.24967
2.17207
2.12
2.08918
2.07102
2.06333
2.06119
2.06489
2.07015
2.08432
2.10266
2.12728
2.14905
2.16403
2.16531
2.15341
2.13055
2.10281
2.07542
2.0521
2.02892
2.00395
1.96979
1.9325
1.9014
1.87909
1.87619
1.88909
1.914
1.94065
1.95817
1.96212
1.94944
1.92747
1.9063
1.88954
1.88021
1.87131
1.85648
1.8334
1.80705
1.77645
1.7456
1.7154
1.69161
1.67793
1.67118
1.67242
1.6818
1.70464
1.75066
1.8283
1.94615
2.10109
2.28646
2.48192
2.66432
2.8081
2.89492
2.92232
2.89755
2.83855
2.76737
2.69414
2.62449
2.55871
2.49432
2.44062
2.40126
2.38074
2.3786
2.39056
2.40368
2.39831
2.36832
2.31841
2.26315
2.2112
2.17276
2.14671
2.13281
2.12627
2.12795
