-4.96285
-4.97864
-4.9956
-5.01119
-5.02403
-5.03467
-5.04526
-5.05731
-5.07007
-5.08413
-5.10088
-5.11505
-5.12764
-5.13562
-5.13942
-5.13937
-5.1339
-5.12374
-5.10622
-5.08248
-5.05057
-5.01153
-4.96781
-4.92338
-4.88088
-4.85038
-4.83234
-4.82718
-4.83192
-4.84276
-4.85714
-4.87255
-4.88794
-4.90221
-4.9125
-4.91657
-4.91561
-4.90944
-4.9033
-4.89767
-4.89379
-4.89509
-4.89976
-4.90775
-4.91886
-4.93161
-4.94488
-4.95469
-4.9584
-4.95592
-4.94411
-4.92683
-4.90956
-4.89762
-4.89449
-4.90307
-4.91838
-4.93596
-4.95513
-4.97796
-5.00318
-5.03367
-5.06606
-5.09895
-5.12995
-5.15217
-5.16584
-5.16788
-5.15911
-5.14378
-5.12321
-5.10061
-5.08081
-5.0668
-5.05843
-5.05591
-5.0546
-5.04907
-5.03583
-5.00977
-4.97427
-4.93134
-4.88522
-4.84125
-4.80356
-4.77681
-4.76019
-4.75575
-4.7651
-4.78574
-4.81306
-4.84427
-4.8764
-4.90649
-4.93437
-4.95841
-4.97851
-4.99329
-5.00468
-5.01368
-5.01973
-5.022
-5.02163
-5.02187
-5.0216
-5.02271
-5.02701
-5.03528
-5.04491
-5.05763
-5.07048
-5.08133
-5.08683
-5.08471
-5.07688
-5.06268
-5.0474
-5.03467
-5.02927
-5.03175
-5.04107
-5.05463
-5.06704
-5.07665
-5.08042
-5.0779
-5.06857
-5.05394
-5.03411
-5.01094
-4.98596
-4.95683
-4.925
-4.89291
-4.86322
-4.83907
-4.82159
-4.80768
-4.79804
-4.79244
-4.79135
-4.79647
-4.81015
-4.82964
-4.85504
-4.88256
-4.9079
-4.93147
-4.95116
-4.96751
-4.97915
-4.9835
-4.98328
-4.97703
-4.97148
-4.96591
-4.96337
-4.96158
-4.96
-4.9588
-4.95277
-4.94282
-4.92637
-4.90861
-4.89471
-4.88981
-4.897
-4.91448
-4.93659
-4.96008
-4.98183
-4.99869
-5.00899
-5.01346
-5.00908
-4.99768
-4.98109
-4.96136
-4.94128
-4.92229
-4.90954
-4.90405
-4.90705
-4.92082
-4.9426
-4.96905
-4.99299
-5.01324
-5.02302
-5.02178
-5.0095
-4.98858
-4.96129
-4.9342
-4.90952
-4.88933
-4.8784
-4.87897
-4.88979
-4.9096
-4.93646
-4.96625
-4.9922
-5.01458
-5.02884
-5.03604
-5.0389
-5.03446
-5.02492
-5.00947
-4.99109
-4.96974
-4.945
-4.91924
-4.89395
-4.87209
-4.85578
-4.84742
-4.84724
-4.85056
-4.85586
-4.85761
-4.85328
-4.84188
-4.82654
-4.8128
-4.81046
-4.82646
-4.85785
-4.90063
-4.9457
-4.99
-5.02881
-5.05977
-5.08226
-5.09732
-5.10371
-5.10362
-5.09506
-5.07408
-5.04528
-5.00365
-4.95558
-4.90618
-4.86354
-4.83288
-4.81907
-4.82183
-4.83564
-4.85472
-4.87914
-4.90788
-4.94146
-4.97922
-5.01567
-5.04759
-5.06893
-5.07604
-5.07178
-5.0588
-5.04367
-5.0296
-5.01661
-5.00689
-4.99707
-4.98696
-4.97737
-4.9679
-4.9575
-4.9451
-4.93208
-4.92191
-4.9156
-4.91445
-4.91667
-4.91767
-4.91386
-4.90326
-4.88834
-4.87451
-4.86493
-4.86236
-4.86463
-4.87188
-4.88361
-4.89626
-4.90992
-4.92367
-4.93901
-4.95511
-4.97111
-4.98775
-5.00671
-5.02592
-5.0444
-5.05847
-5.06344
-5.05636
-5.03405
-4.9989
-4.95431
-4.90707
-4.86113
-4.82272
-4.79837
-4.78754
-4.78882
-4.79794
-4.80947
-4.82184
-4.83286
-4.84355
-4.85424
-4.86523
-4.8775
-4.89223
-4.90957
-4.92905
-4.95038
-4.97383
-4.99584
-5.01725
-5.03579
-5.05074
-5.06102
-5.06531
-5.06297
-5.05318
-5.03733
-5.01476
-4.98748
-4.95887
-4.92995
-4.89965
-4.87476
-4.85527
-4.84016
-4.83194
-4.83071
-4.83101
-4.83505
-4.83826
-4.84383
-4.85058
-4.85898
-4.8698
-4.88305
-4.8969
-4.91155
-4.92675
-4.94259
-4.95887
-4.97836
-4.99733
-5.01696
-5.03684
-5.0558
-5.07087
-5.08025
-5.08372
-5.0801
-5.0715
-5.05647
-5.04101
-5.02457
-5.0102
-5.00023
-4.99552
-4.99635
-5.00266
-5.01243
-5.02314
-5.03448
-5.04265
-5.04722
-5.0494
-5.04856
-5.04481
-5.03995
-5.03371
-5.02831
-5.02446
-5.02095
-5.01806
-5.01425
-5.01015
-5.00619
-5.00391
-5.00416
-5.00843
-5.01581
-5.02303
-5.02797
-5.02929
-5.02425
-5.01013
-4.99117
-4.96926
-4.94287
-4.91754
-4.89608
-4.88365
-4.88452
-4.89866
-4.92719
-4.96554
-5.00877
-5.04749
-5.07853
-5.09841
-5.1085
-5.10671
-5.09781
-5.08328
-5.06845
-5.05367
-5.04127
-5.03254
-5.02784
-5.02457
-5.0227
-5.02157
-5.02164
-5.019
-5.0156
-5.00874
-4.99927
-4.9882
-4.97656
-4.96877
-4.96364
-4.9656
-4.97394
-4.98665
-5.00189
-5.01511
-5.02612
-5.03158
-5.03037
-5.02393
-5.0139
-5.00049
-4.98517
-4.96889
-4.95141
-4.93547
-4.92181
-4.91212
-4.90784
-4.90907
-4.91423
-4.92276
-4.93226
-4.9411
-4.94726
-4.95273
-4.95586
-4.95766
-4.95413
-4.94941
-4.94213
-4.93502
-4.93062
-4.92749
-4.92467
-4.9235
-4.91856
-4.9107
-4.8994
-4.88761
-4.87796
-4.87414
-4.87686
-4.88756
-4.90296
-4.92042
-4.93819
-4.95107
-4.95851
-4.96118
-4.95994
-4.9568
-4.95254
-4.94704
-4.94258
-4.93432
-4.92222
-4.9049
-4.88303
-4.85847
-4.83909
-4.83189
-4.84303
-4.87424
-4.91735
-4.96569
-5.00833
-5.0411
-5.06024
-5.06499
-5.05587
-5.03532
-5.00384
-4.96612
-4.92677
-4.8922
-4.86718
-4.85313
-4.85462
-4.86797
-4.88816
-4.9136
-4.94402
-4.97552
-5.00703
-5.03303
-5.05206
-5.06187
-5.06241
-5.05388
-5.03859
-5.0161
-4.99243
-4.96792
-4.94762
-4.93411
-4.92955
-4.93266
-4.94279
-4.95636
-4.9691
-4.97721
-4.98216
-4.98085
-4.97398
-4.96363
-4.95441
-4.94666
-4.94283
-4.94304
-4.9486
-4.95798
-4.97088
-4.98269
-4.99041
-4.99379
-4.99221
-4.98874
-4.98825
-4.99067
-4.99583
-5.00125
-5.00487
-5.00695
-5.00487
-5.00039
-4.99064
-4.97702
-4.95943
-4.94038
-4.92336
-4.90985
-4.9023
-4.90219
-4.90935
-4.92224
-4.93765
-4.95283
-4.96612
-4.97817
-4.98972
-5.00415
-5.0188
-5.03127
-5.03892
-5.03956
-5.03331
-5.0201
-5.00303
-4.98817
-4.97739
-4.97336
-4.97613
-4.9848
-4.99561
-5.00692
-5.01524
-5.0171
-5.01164
-5.00296
-4.99134
-4.98082
-4.97489
-4.97357
-4.97427
-4.97641
-4.97826
-4.97852
-4.97454
-4.96991
-4.96586
-4.96727
-4.97342
-4.98564
-5.00103
-5.0172
-5.03211
-5.04764
-5.06194
-5.07479
-5.08363
-5.08835
-5.08886
-5.0838
-5.07698
-5.06942
-5.06067
-5.05812
-5.06071
-5.06901
-5.08051
-5.0932
-5.10232
-5.10843
-5.10991
-5.11015
-5.10874
-5.10547
-5.09777
-5.08438
-5.06862
-5.04913
-5.03007
-5.01431
-5.0048
-5.0041
-5.0147
-5.03694
-5.07031
-5.10956
-5.15046
-5.18718
-5.21443
-5.23107
-5.23634
-5.23089
-5.21583
-5.19372
-5.166
-5.1352
-5.10467
-5.07442
-5.04823
-5.02914
-5.01618
-5.01055
-5.00967
-5.0121
-5.01621
-5.02001
-5.02342
-5.02676
-5.03212
-5.03915
-5.0481
-5.05805
-5.06959
-5.08295
-5.09763
-5.11184
-5.125
-5.13346
-5.1348
-5.1263
-5.10993
-5.08834
-5.06568
-5.04405
-5.02409
-5.00785
-4.99482
-4.98811
-4.98419
-4.97968
-4.97541
-4.9714
-4.97215
-4.979
-4.99155
-5.00987
-5.03285
-5.05693
-5.0769
-5.09205
-5.10015
-5.09912
-5.09081
-5.07311
-5.05074
-5.02588
-4.99985
-4.97339
-4.9499
-4.93301
-4.92054
-4.91385
-4.91329
-4.92015
-4.9347
-4.95584
-4.9805
-5.00458
-5.02417
-5.03898
-5.0457
-5.04609
-5.04085
-5.03288
-5.02809
-5.02441
-5.02002
-5.01265
-5.00431
-4.99642
-4.99307
-4.99723
-5.00761
-5.02461
-5.0416
-5.05352
-5.05608
-5.04678
-5.02868
-5.00165
-4.96984
-4.9404
-4.91421
-4.89272
-4.87718
-4.86549
-4.8595
-4.85833
-4.86123
-4.86959
-4.88259
-4.90207
-4.92916
-4.96357
-5.00187
-5.03775
-5.06816
-5.09065
-5.09982
-5.09896
-5.08827
-5.07013
-5.04985
-5.02714
-5.0066
-4.98678
-4.97057
-4.95996
-4.95492
-4.95677
-4.96253
-4.96861
-4.97441
-4.97795
-4.9783
-4.97248
-4.96436
-4.95427
-4.94561
-4.93825
-4.93293
-4.93162
-4.93322
-4.9374
-4.94421
-4.95459
-4.9687
-4.98515
-5.00142
-5.01422
-5.02276
-5.02276
-5.01434
-4.99684
-4.96916
-4.93959
-4.9099
-4.88675
-4.87327
-4.86864
-4.87209
-4.88201
-4.8978
-4.91803
-4.93901
-4.95782
-4.97115
-4.97737
-4.97931
-4.97819
-4.97584
-4.97149
-4.96638
-4.9653
-4.97499
-4.99512
-5.02329
-5.05095
-5.07132
-5.08119
-5.08092
-5.07453
-5.0623
-5.04801
-5.03718
-5.03051
-5.03001
-5.03502
-5.04209
-5.04771
-5.05001
-5.0478
-5.04207
-5.03034
-5.01573
-5.00061
-4.98416
-4.96927
-4.95254
-4.93838
-4.92235
-4.9079
-4.89487
-4.88659
-4.88267
-4.88262
-4.88603
-4.89056
-4.89746
-4.90406
-4.90798
-4.90911
-4.90689
-4.90434
-4.90703
-4.91925
-4.93979
-4.9655
-4.99111
-5.01725
-5.04442
-5.06954
-5.08771
-5.09537
-5.09397
-5.08237
-5.0631
-5.03834
-5.01507
-5.00117
-4.99827
-5.00265
-5.00657
-5.00431
-4.99656
-4.98273
-4.96718
-4.95436
-4.94535
-4.94158
-4.94097
-4.94374
-4.95025
-4.95866
-4.97108
-4.98045
-4.98572
-4.98491
-4.97797
-4.9681
-4.95764
-4.94859
-4.94156
-4.93688
-4.93372
-4.93358
-4.93581
-4.94073
-4.94632
-4.95228
-4.95733
-4.95979
-4.96045
-4.96009
-4.95901
-4.95777
-4.95688
-4.95733
-4.96071
-4.96351
-4.96528
-4.96526
-4.96169
-4.95455
-4.94455
-4.93161
-4.91915
-4.91015
-4.90538
-4.90736
-4.92107
-4.94277
-4.96824
-4.99141
-5.00902
-5.01861
-5.02187
-5.02259
-5.02073
-5.01822
-5.01418
-5.01117
-5.00486
-4.99822
-4.98904
-4.98123
-4.97518
-4.97367
-4.97603
-4.98197
-4.98957
-4.99735
-5.00374
-5.01058
-5.0176
-5.02847
-5.04026
-5.04958
-5.0574
-5.05835
-5.05438
-5.04619
-5.03771
-5.03284
-5.03207
-5.0369
-5.04458
-5.05154
-5.05719
-5.05931
-5.06059
-5.0633
-5.06829
-5.07298
-5.07904
-5.08509
-5.09168
-5.09631
-5.09754
-5.09789
-5.09691
-5.09506
-5.09057
-5.08011
-5.06144
-5.03106
-4.99041
-4.9402
-4.88696
-4.83725
-4.79899
-4.7778
-4.7735
-4.78445
-4.80511
-4.82742
-4.84896
-4.86799
-4.8848
-4.90136
-4.91306
-4.91961
-4.92007
-4.91511
-4.9054
-4.89481
-4.89121
-4.89642
-4.90902
-4.92354
-4.93798
-4.94803
-4.95517
-4.95935
-4.96277
-4.9637
