1.09442
1.10443
1.11571
1.12644
1.13558
1.14319
1.15015
1.1575
1.16589
1.17538
1.18542
1.19507
1.20326
1.20914
1.21226
1.21243
1.20951
1.20312
1.1926
1.17719
1.15645
1.13067
1.10126
1.07085
1.04305
1.02153
1.0086
1.00437
1.00707
1.01426
1.0239
1.03453
1.04507
1.05437
1.06123
1.06471
1.06461
1.06162
1.05717
1.053
1.05058
1.05077
1.05372
1.05912
1.06647
1.07501
1.08354
1.09036
1.09358
1.09177
1.08459
1.07342
1.06146
1.05286
1.05067
1.05529
1.06475
1.07662
1.0897
1.10422
1.12106
1.14072
1.16257
1.18488
1.20519
1.22106
1.23066
1.23314
1.22874
1.21868
1.205
1.19021
1.17684
1.16688
1.16119
1.15905
1.15814
1.15506
1.1466
1.13088
1.10796
1.07972
1.0493
1.02019
0.995149
0.975866
0.963605
0.959748
0.964915
0.977748
0.995516
1.01568
1.03659
1.05706
1.07597
1.09238
1.10578
1.11622
1.12405
1.12965
1.13327
1.13505
1.13533
1.13481
1.13446
1.13524
1.1379
1.14278
1.14973
1.15803
1.16647
1.17344
1.1773
1.17676
1.17148
1.16248
1.15215
1.14363
1.1395
1.14082
1.14686
1.15557
1.16438
1.17099
1.17392
1.17258
1.16705
1.15784
1.14551
1.13051
1.11308
1.09346
1.07232
1.05113
1.03177
1.0157
1.00338
0.994325
0.987779
0.983411
0.981838
0.984359
0.992127
1.00507
1.02157
1.03931
1.05643
1.07202
1.08567
1.09685
1.10469
1.10842
1.10813
1.10505
1.10104
1.09771
1.09577
1.095
1.09458
1.09333
1.0899
1.08313
1.07286
1.06082
1.05072
1.0466
1.05041
1.06111
1.07583
1.09153
1.10586
1.11717
1.12439
1.12694
1.12469
1.11792
1.10737
1.09437
1.08065
1.06817
1.05884
1.05442
1.05616
1.06442
1.07819
1.09516
1.1122
1.12608
1.1341
1.13466
1.12759
1.11425
1.09717
1.07925
1.06294
1.05005
1.04226
1.0412
1.04775
1.06119
1.07911
1.0984
1.11626
1.13087
1.14123
1.147
1.14823
1.14527
1.13863
1.12892
1.1166
1.10206
1.08572
1.06829
1.05111
1.03602
1.02488
1.01887
1.0179
1.0204
1.02372
1.02493
1.02192
1.01422
1.00369
0.994498
0.99218
1.00094
1.02107
1.04908
1.08008
1.10999
1.13621
1.15748
1.17341
1.18407
1.18955
1.18974
1.18415
1.17197
1.15251
1.12591
1.09401
1.06065
1.03096
1.00979
0.999661
0.99998
1.00799
1.02067
1.0362
1.05444
1.07616
1.10102
1.1264
1.14824
1.16309
1.16931
1.16738
1.15964
1.14941
1.13968
1.13175
1.12519
1.11903
1.1129
1.1068
1.10054
1.09351
1.08543
1.07693
1.06953
1.06489
1.06362
1.06451
1.06497
1.0625
1.05619
1.04711
1.03768
1.03045
1.02718
1.02837
1.03339
1.04094
1.0497
1.05889
1.06832
1.07819
1.08866
1.09968
1.11114
1.12311
1.13559
1.14774
1.15734
1.16137
1.15725
1.14381
1.12157
1.09265
1.06045
1.02927
1.00344
0.986066
0.978056
0.978044
0.983345
0.991119
0.999292
1.00691
1.01397
1.02097
1.02852
1.03699
1.0466
1.0575
1.06993
1.08391
1.09906
1.11456
1.12937
1.14245
1.15292
1.16004
1.16322
1.16202
1.15616
1.14573
1.13133
1.11406
1.09518
1.0758
1.0569
1.03958
1.02513
1.01462
1.00843
1.00607
1.00654
1.0088
1.01208
1.01603
1.02074
1.02651
1.0336
1.04192
1.05109
1.06073
1.07063
1.08093
1.0919
1.1038
1.11665
1.1302
1.1438
1.1565
1.16704
1.17419
1.17705
1.17538
1.16961
1.16074
1.15004
1.13893
1.12896
1.12158
1.11785
1.11802
1.12163
1.12767
1.13487
1.1419
1.14763
1.15131
1.15268
1.152
1.14981
1.14674
1.14329
1.13988
1.13677
1.13408
1.13173
1.12949
1.12717
1.1249
1.12327
1.12315
1.12517
1.12914
1.13387
1.13748
1.13814
1.13462
1.12656
1.11438
1.0991
1.08219
1.06547
1.05126
1.0423
1.04126
1.0499
1.06806
1.09333
1.12159
1.14837
1.17011
1.18473
1.1917
1.19173
1.18634
1.17749
1.16724
1.15737
1.1491
1.14296
1.13893
1.13661
1.13547
1.13499
1.13456
1.13351
1.13111
1.12684
1.12068
1.11336
1.10612
1.1004
1.09745
1.09816
1.10283
1.11093
1.12091
1.13067
1.13822
1.14224
1.14233
1.13877
1.13224
1.12348
1.11319
1.10199
1.09061
1.07995
1.07102
1.06476
1.06177
1.06217
1.06546
1.07071
1.07673
1.08249
1.08731
1.0909
1.09304
1.09343
1.09178
1.08828
1.08377
1.07945
1.07627
1.07448
1.07347
1.07219
1.06941
1.06431
1.05703
1.04895
1.04224
1.03914
1.04095
1.04756
1.05759
1.06901
1.0798
1.08837
1.09377
1.09578
1.09489
1.0922
1.08896
1.08579
1.08231
1.07732
1.0695
1.05802
1.0432
1.02707
1.01369
1.00824
1.01477
1.03385
1.06207
1.09376
1.12319
1.14606
1.15997
1.16421
1.15911
1.14567
1.12537
1.10043
1.07403
1.05011
1.03236
1.0231
1.02274
1.03007
1.04316
1.06029
1.08008
1.10105
1.12134
1.13885
1.15177
1.15893
1.1599
1.15497
1.14492
1.13103
1.11496
1.09881
1.08492
1.07547
1.07183
1.07399
1.08052
1.08919
1.09761
1.10383
1.1066
1.10558
1.10136
1.09518
1.08859
1.08313
1.08009
1.08028
1.08396
1.09058
1.09881
1.10673
1.11238
1.11468
1.11395
1.11194
1.11091
1.11227
1.11569
1.11955
1.12233
1.12339
1.12268
1.11994
1.11445
1.10578
1.09437
1.0816
1.06939
1.05973
1.05422
1.05373
1.05816
1.06637
1.07646
1.08648
1.09518
1.10276
1.11048
1.11937
1.12912
1.13804
1.14395
1.1452
1.14123
1.13287
1.12218
1.11188
1.1045
1.10155
1.10326
1.10874
1.11635
1.124
1.12956
1.13133
1.12872
1.12249
1.11467
1.10767
1.10321
1.10175
1.10256
1.10428
1.10544
1.10491
1.10234
1.09857
1.09557
1.09552
1.09961
1.10736
1.11729
1.12795
1.13861
1.14909
1.1591
1.16794
1.17461
1.17828
1.17865
1.17603
1.17133
1.16587
1.16128
1.15907
1.16032
1.16522
1.17281
1.18112
1.18795
1.19193
1.19313
1.19278
1.19179
1.18979
1.18537
1.1775
1.16645
1.15363
1.141
1.13048
1.12386
1.12285
1.12894
1.14289
1.16393
1.18962
1.21646
1.24094
1.26024
1.27259
1.27728
1.27455
1.26538
1.25116
1.23337
1.21338
1.19254
1.17232
1.15443
1.14053
1.13158
1.1274
1.12684
1.12833
1.13064
1.13307
1.13553
1.1383
1.14179
1.14627
1.15183
1.15845
1.16614
1.17485
1.18438
1.19409
1.20276
1.20859
1.20965
1.20478
1.19442
1.18055
1.16547
1.15058
1.13671
1.125
1.11665
1.11178
1.10905
1.10668
1.10386
1.10137
1.10096
1.10429
1.11211
1.12406
1.13881
1.1543
1.16829
1.17873
1.18418
1.18396
1.17815
1.1674
1.1528
1.13577
1.11791
1.10073
1.08553
1.07323
1.06445
1.05957
1.05904
1.06331
1.07255
1.08599
1.10191
1.11789
1.13158
1.14131
1.14627
1.14672
1.14396
1.13988
1.13611
1.1331
1.13004
1.12579
1.12012
1.11443
1.11121
1.11273
1.11974
1.13083
1.14278
1.15181
1.15483
1.15031
1.13849
1.12118
1.10119
1.0814
1.06395
1.04978
1.03899
1.03139
1.02688
1.02549
1.02721
1.03206
1.04035
1.05286
1.0704
1.09274
1.11787
1.14243
1.16314
1.17771
1.18516
1.18547
1.17941
1.16842
1.15439
1.13927
1.12456
1.11126
1.10027
1.0927
1.08932
1.08982
1.09289
1.09692
1.10058
1.10283
1.10283
1.10012
1.095
1.08853
1.08217
1.07709
1.07386
1.0725
1.07289
1.07509
1.07939
1.08616
1.09535
1.10622
1.11733
1.12684
1.13279
1.13349
1.12783
1.11567
1.09814
1.07782
1.05817
1.04242
1.0325
1.02873
1.03034
1.03653
1.0467
1.05988
1.0741
1.08673
1.09574
1.10057
1.10203
1.10134
1.09937
1.09662
1.09401
1.09378
1.09922
1.11222
1.1308
1.14988
1.16458
1.17248
1.17353
1.16903
1.16091
1.15156
1.14358
1.13911
1.13897
1.14226
1.14704
1.15125
1.15327
1.15213
1.14762
1.14025
1.13095
1.12072
1.11025
1.09982
1.08938
1.07892
1.06869
1.05924
1.05127
1.04542
1.04204
1.04125
1.04281
1.0462
1.05064
1.0551
1.05831
1.05922
1.05789
1.05625
1.05774
1.06523
1.07866
1.09534
1.11279
1.13048
1.14842
1.16505
1.17752
1.18371
1.18304
1.17592
1.16324
1.14701
1.13118
1.12067
1.11791
1.12056
1.12351
1.12269
1.11697
1.10767
1.09736
1.08848
1.08237
1.07918
1.07845
1.07988
1.08358
1.0895
1.09674
1.10336
1.10724
1.10712
1.10321
1.09696
1.09016
1.08411
1.07939
1.07604
1.07408
1.07372
1.07513
1.07817
1.08224
1.08645
1.08993
1.09211
1.09289
1.09253
1.09162
1.09086
1.09077
1.0916
1.0931
1.0947
1.09568
1.09533
1.09306
1.08853
1.08185
1.07379
1.06571
1.05908
1.05541
1.05655
1.06428
1.07852
1.09612
1.11251
1.12456
1.13161
1.13462
1.1349
1.13357
1.13145
1.12898
1.12613
1.12244
1.11753
1.11166
1.10586
1.1016
1.10008
1.10167
1.10574
1.11098
1.11603
1.12026
1.1241
1.12874
1.1351
1.14281
1.15009
1.15492
1.15613
1.15379
1.149
1.1435
1.1394
1.13851
1.14131
1.14642
1.15157
1.15513
1.15697
1.15821
1.1601
1.16321
1.16728
1.17172
1.17599
1.17967
1.18236
1.18382
1.18405
1.18338
1.18193
1.17906
1.17303
1.16155
1.14278
1.1163
1.0836
1.04805
1.01443
0.987868
0.972315
0.968992
0.975882
0.988881
1.00384
1.01805
1.03059
1.04163
1.0514
1.05952
1.06484
1.0661
1.0629
1.05659
1.05024
1.04744
1.05015
1.0576
1.06722
1.07647
1.0839
1.089
1.09188
1.09308
1.09335
