20 -1.1535e-20 0
40 -1.14801e-20 5.48614e-23
60 -1.14683e-20 3.38162e-23
80 -1.14238e-20 5.05e-23
100 -1.14673e-20 5.84888e-23
120 -1.14491e-20 5.11052e-23
140 -1.14654e-20 4.6166e-23
160 -1.14611e-20 4.02136e-23
180 -1.14498e-20 3.72257e-23
200 -1.14367e-20 3.57535e-23
220 -1.14432e-20 3.2981e-23
240 -1.14417e-20 3.01461e-23
260 -1.14269e-20 3.14093e-23
280 -1.14312e-20 2.93942e-23
300 -1.1423e-20 2.85627e-23
320 -1.14166e-20 2.74898e-23
340 -1.14048e-20 2.83905e-23
360 -1.14072e-20 2.68771e-23
380 -1.14019e-20 2.59612e-23
400 -1.13953e-20 2.55152e-23
420 -1.13832e-20 2.71079e-23
440 -1.13851e-20 2.59142e-23
460 -1.13879e-20 2.49226e-23
480 -1.13822e-20 2.45264e-23
500 -1.13781e-20 2.38829e-23
520 -1.138e-20 2.30229e-23
540 -1.13848e-20 2.26682e-23
560 -1.13837e-20 2.18692e-23
580 -1.13787e-20 2.16917e-23
600 -1.13744e-20 2.1404e-23
620 -1.13767e-20 2.08359e-23
640 -1.1377e-20 2.01758e-23
660 -1.13713e-20 2.03518e-23
680 -1.13656e-20 2.05609e-23
700 -1.13608e-20 2.05266e-23
720 -1.13552e-20 2.0733e-23
740 -1.13532e-20 2.02591e-23
760 -1.13531e-20 1.9719e-23
780 -1.13529e-20 1.92075e-23
800 -1.13556e-20 1.89137e-23
820 -1.13469e-20 2.04018e-23
840 -1.13444e-20 2.00724e-23
860 -1.13494e-20 2.02407e-23
880 -1.13473e-20 1.98881e-23
900 -1.13516e-20 1.98992e-23
920 -1.13548e-20 1.9724e-23
940 -1.13526e-20 1.94191e-23
960 -1.13529e-20 1.90124e-23
980 -1.13554e-20 1.87879e-23
1000 -1.13545e-20 1.84313e-23
