20 8.41082e+07 0
40 9.32701e+07 9.16187e+06
60 9.42526e+07 5.3801e+06
80 9.94756e+07 6.46157e+06
100 9.78534e+07 5.26144e+06
120 9.88995e+07 4.42149e+06
140 9.69353e+07 4.22162e+06
160 9.68517e+07 3.65698e+06
180 9.6866e+07 3.22519e+06
200 9.74941e+07 2.95229e+06
220 9.70625e+07 2.7051e+06
240 9.73734e+07 2.4889e+06
260 9.91552e+07 2.90113e+06
280 9.91245e+07 2.6861e+06
300 9.98109e+07 2.59312e+06
320 1.00161e+08 2.45072e+06
340 1.01066e+08 2.47378e+06
360 1.01264e+08 2.34067e+06
380 1.02191e+08 2.40032e+06
400 1.02986e+08 2.41174e+06
420 1.04002e+08 2.50908e+06
440 1.03466e+08 2.45158e+06
460 1.02724e+08 2.45723e+06
480 1.02806e+08 2.35404e+06
500 1.02827e+08 2.25802e+06
520 1.02499e+08 2.19411e+06
540 1.02058e+08 2.15697e+06
560 1.01966e+08 2.08051e+06
580 1.02172e+08 2.01798e+06
600 1.02343e+08 1.95703e+06
620 1.02105e+08 1.90779e+06
640 1.02023e+08 1.84903e+06
660 1.02179e+08 1.79889e+06
680 1.02479e+08 1.77078e+06
700 1.02842e+08 1.75742e+06
720 1.03055e+08 1.72116e+06
740 1.03027e+08 1.67424e+06
760 1.03008e+08 1.62969e+06
780 1.03037e+08 1.58762e+06
800 1.02811e+08 1.56383e+06
820 1.03447e+08 1.65265e+06
840 1.03615e+08 1.62146e+06
860 1.03141e+08 1.65274e+06
880 1.03214e+08 1.61644e+06
900 1.02799e+08 1.6337e+06
920 1.02411e+08 1.64431e+06
940 1.02393e+08 1.60904e+06
960 1.02163e+08 1.59179e+06
980 1.01777e+08 1.60614e+06
1000 1.0181e+08 1.57404e+06
