20 191.927 0
40 189.268 2.65928
60 188.685 1.64225
80 186.62 2.36944
100 188.772 2.82859
120 187.916 2.46311
140 188.692 2.22152
160 188.5 1.93342
180 187.959 1.78898
200 187.342 1.71471
220 187.657 1.58253
240 187.568 1.4474
260 186.845 1.51474
280 187.04 1.41589
300 186.647 1.37549
320 186.336 1.32378
340 185.768 1.36699
360 185.895 1.29506
380 185.652 1.24897
400 185.338 1.22563
420 184.768 1.29796
440 184.863 1.24123
460 184.989 1.19271
480 184.711 1.17541
500 184.503 1.14641
520 184.581 1.10418
540 184.818 1.08858
560 184.766 1.05024
580 184.526 1.04146
600 184.315 1.02797
620 184.428 1.00067
640 184.44 0.968968
660 184.165 0.978682
680 183.879 0.991442
700 183.65 0.989538
720 183.376 0.999994
740 183.28 0.977369
760 183.277 0.951305
780 183.275 0.926594
800 183.412 0.913502
820 182.994 0.984175
840 182.871 0.968312
860 183.116 0.976924
880 183.016 0.959756
900 183.221 0.960324
920 183.373 0.951422
940 183.264 0.937288
960 183.276 0.917629
980 183.39 0.905981
1000 183.34 0.889088
