20 3.97477e-21 0
40 3.91969e-21 5.50729e-23
60 3.90762e-21 3.40105e-23
80 3.86485e-21 4.90706e-23
100 3.90942e-21 5.85792e-23
120 3.89169e-21 5.10104e-23
140 3.90775e-21 4.60071e-23
160 3.90378e-21 4.00406e-23
180 3.89257e-21 3.70492e-23
200 3.87981e-21 3.55111e-23
220 3.88632e-21 3.27738e-23
240 3.88447e-21 2.99752e-23
260 3.86951e-21 3.137e-23
280 3.87355e-21 2.93226e-23
300 3.86541e-21 2.8486e-23
320 3.85896e-21 2.74151e-23
340 3.8472e-21 2.83099e-23
360 3.84984e-21 2.68204e-23
380 3.8448e-21 2.58657e-23
400 3.8383e-21 2.53825e-23
420 3.82649e-21 2.68803e-23
440 3.82846e-21 2.57055e-23
460 3.83107e-21 2.47008e-23
480 3.82531e-21 2.43424e-23
500 3.821e-21 2.37417e-23
520 3.82261e-21 2.28672e-23
540 3.82752e-21 2.25443e-23
560 3.82646e-21 2.17501e-23
580 3.82148e-21 2.15683e-23
600 3.81712e-21 2.1289e-23
620 3.81946e-21 2.07237e-23
640 3.8197e-21 2.00671e-23
660 3.814e-21 2.02682e-23
680 3.80809e-21 2.05325e-23
700 3.80335e-21 2.04931e-23
720 3.79767e-21 2.07096e-23
740 3.79567e-21 2.0241e-23
760 3.79562e-21 1.97013e-23
780 3.79557e-21 1.91895e-23
800 3.79841e-21 1.89184e-23
820 3.78975e-21 2.0382e-23
840 3.7872e-21 2.00535e-23
860 3.79229e-21 2.02318e-23
880 3.79021e-21 1.98763e-23
900 3.79445e-21 1.98881e-23
920 3.7976e-21 1.97037e-23
940 3.79535e-21 1.9411e-23
960 3.79559e-21 1.90039e-23
980 3.79796e-21 1.87626e-23
1000 3.79693e-21 1.84128e-23
