20 -7.56023e-21 0
40 -7.56044e-21 2.1154e-25
60 -7.56067e-21 2.57579e-25
80 -7.55896e-21 1.71648e-24
100 -7.55787e-21 1.7193e-24
120 -7.55741e-21 1.47904e-24
140 -7.55765e-21 1.27265e-24
160 -7.5573e-21 1.15636e-24
180 -7.55719e-21 1.02495e-24
200 -7.55693e-21 9.53793e-25
220 -7.55689e-21 8.63637e-25
240 -7.55721e-21 8.50565e-25
260 -7.55742e-21 8.09976e-25
280 -7.55767e-21 7.90532e-25
300 -7.55763e-21 7.373e-25
320 -7.5576e-21 6.90009e-25
340 -7.55756e-21 6.494e-25
360 -7.55736e-21 6.44122e-25
380 -7.55715e-21 6.46395e-25
400 -7.55697e-21 6.37742e-25
420 -7.55671e-21 6.59293e-25
440 -7.55661e-21 6.36705e-25
460 -7.55683e-21 6.45234e-25
480 -7.55692e-21 6.25185e-25
500 -7.55711e-21 6.27338e-25
520 -7.55738e-21 6.6017e-25
540 -7.55727e-21 6.43721e-25
560 -7.55728e-21 6.20317e-25
580 -7.55723e-21 6.00624e-25
600 -7.55724e-21 5.80318e-25
620 -7.55725e-21 5.61485e-25
640 -7.55726e-21 5.4379e-25
660 -7.55733e-21 5.30843e-25
680 -7.5575e-21 5.43528e-25
700 -7.55747e-21 5.28561e-25
720 -7.5575e-21 5.14499e-25
740 -7.55755e-21 5.02618e-25
760 -7.5575e-21 4.91335e-25
780 -7.55738e-21 4.94077e-25
800 -7.55723e-21 5.04577e-25
820 -7.55717e-21 4.95326e-25
840 -7.55717e-21 4.83393e-25
860 -7.55714e-21 4.73392e-25
880 -7.55711e-21 4.63481e-25
900 -7.55711e-21 4.53065e-25
920 -7.55717e-21 4.47098e-25
940 -7.55727e-21 4.49437e-25
960 -7.55732e-21 4.42414e-25
980 -7.55745e-21 4.52619e-25
1000 -7.55757e-21 4.58945e-25
