-7.56069e-21
-7.55994e-21
-7.56055e-21
-7.56211e-21
-7.56298e-21
-7.56427e-21
-7.56366e-21
-7.56549e-21
-7.56348e-21
-7.56314e-21
-7.55739e-21
-7.55588e-21
-7.55411e-21
-7.55616e-21
-7.55774e-21
-7.55702e-21
-7.55868e-21
-7.56044e-21
-7.5598e-21
-7.56109e-21
-7.55963e-21
-7.56004e-21
-7.55804e-21
-7.55658e-21
-7.55691e-21
-7.55522e-21
-7.55668e-21
-7.56029e-21
-7.56346e-21
-7.5642e-21
-7.56618e-21
-7.56542e-21
-7.56173e-21
-7.5613e-21
-7.56089e-21
-7.55862e-21
-7.55994e-21
-7.55967e-21
-7.56426e-21
-7.56402e-21
-7.5659e-21
-7.56695e-21
-7.5677e-21
-7.56914e-21
-7.56915e-21
-7.5645e-21
-7.56492e-21
-7.56116e-21
-7.55839e-21
-7.55731e-21
-7.55736e-21
-7.55647e-21
-7.55753e-21
-7.55685e-21
-7.55624e-21
-7.55763e-21
-7.55819e-21
-7.55886e-21
-7.55965e-21
-7.55858e-21
-7.55801e-21
-7.56015e-21
-7.55667e-21
-7.55634e-21
-7.55453e-21
-7.5549e-21
-7.55544e-21
-7.55591e-21
-7.55483e-21
-7.5532e-21
-7.55162e-21
-7.55481e-21
-7.55475e-21
-7.5525e-21
-7.5515e-21
-7.55146e-21
-7.55063e-21
-7.54859e-21
-7.55027e-21
-7.55076e-21
-7.55197e-21
-7.55332e-21
-7.55224e-21
-7.55555e-21
-7.55755e-21
-7.55787e-21
-7.5571e-21
-7.55615e-21
-7.55662e-21
-7.5567e-21
-7.55537e-21
-7.55642e-21
-7.55593e-21
-7.55394e-21
-7.55268e-21
-7.54828e-21
-7.54783e-21
-7.54777e-21
-7.54881e-21
-7.54817e-21
-7.5471e-21
-7.54793e-21
-7.54617e-21
-7.54733e-21
-7.54846e-21
-7.54942e-21
-7.55272e-21
-7.55619e-21
-7.55635e-21
-7.55749e-21
-7.56144e-21
-7.55938e-21
-7.5588e-21
-7.55851e-21
-7.56014e-21
-7.55899e-21
-7.56096e-21
-7.55986e-21
-7.55664e-21
-7.5577e-21
-7.55762e-21
-7.55824e-21
-7.55934e-21
-7.56105e-21
-7.5604e-21
-7.56003e-21
-7.56073e-21
-7.56015e-21
-7.56107e-21
-7.55874e-21
-7.55929e-21
-7.55883e-21
-7.5587e-21
-7.55964e-21
-7.55848e-21
-7.55699e-21
-7.55714e-21
-7.55939e-21
-7.55875e-21
-7.557e-21
-7.55757e-21
-7.55534e-21
-7.55276e-21
-7.55367e-21
-7.5554e-21
-7.55278e-21
-7.55256e-21
-7.55253e-21
-7.55331e-21
-7.5563e-21
-7.55652e-21
-7.55451e-21
-7.55385e-21
-7.55156e-21
-7.55176e-21
-7.55334e-21
-7.55549e-21
-7.55805e-21
-7.56017e-21
-7.55946e-21
-7.56183e-21
-7.56087e-21
-7.56262e-21
-7.56064e-21
-7.55944e-21
-7.55972e-21
-7.55928e-21
-7.55906e-21
-7.55855e-21
-7.55615e-21
-7.55666e-21
-7.55662e-21
-7.55459e-21
-7.55424e-21
-7.5542e-21
-7.55274e-21
-7.55262e-21
-7.55211e-21
-7.54981e-21
-7.54574e-21
-7.54411e-21
-7.543e-21
-7.54196e-21
-7.54355e-21
-7.54545e-21
-7.5503e-21
-7.5537e-21
-7.55485e-21
-7.55681e-21
-7.55436e-21
-7.55448e-21
-7.5575e-21
-7.55963e-21
-7.56035e-21
-7.56032e-21
-7.56072e-21
-7.56161e-21
-7.5624e-21
-7.56362e-21
-7.56251e-21
-7.56125e-21
-7.56035e-21
-7.55726e-21
-7.55624e-21
-7.55465e-21
-7.55462e-21
-7.55255e-21
-7.55131e-21
-7.55134e-21
-7.55097e-21
-7.55079e-21
-7.55278e-21
-7.55269e-21
-7.55274e-21
-7.5572e-21
-7.55948e-21
-7.56153e-21
-7.56225e-21
-7.56465e-21
-7.56527e-21
-7.56413e-21
-7.56779e-21
-7.56674e-21
-7.56348e-21
-7.56188e-21
-7.56103e-21
-7.55967e-21
-7.55886e-21
-7.55788e-21
-7.55665e-21
-7.55916e-21
-7.55641e-21
-7.55761e-21
-7.55595e-21
-7.55712e-21
-7.55803e-21
-7.55944e-21
-7.56215e-21
-7.56452e-21
-7.56593e-21
-7.56774e-21
-7.56651e-21
-7.56761e-21
-7.5674e-21
-7.5661e-21
-7.56293e-21
-7.56129e-21
-7.55839e-21
-7.55726e-21
-7.55575e-21
-7.55499e-21
-7.55461e-21
-7.55276e-21
-7.55585e-21
-7.55406e-21
-7.55534e-21
-7.55626e-21
-7.55925e-21
-7.56138e-21
-7.56322e-21
-7.56581e-21
-7.56742e-21
-7.56745e-21
-7.56374e-21
-7.56271e-21
-7.56181e-21
-7.56017e-21
-7.55993e-21
-7.56014e-21
-7.55985e-21
-7.55711e-21
-7.55882e-21
-7.55711e-21
-7.55775e-21
-7.5569e-21
-7.55857e-21
-7.55949e-21
-7.5612e-21
-7.56128e-21
-7.5612e-21
-7.55847e-21
-7.5578e-21
-7.55872e-21
-7.56013e-21
-7.5618e-21
-7.56124e-21
-7.56041e-21
-7.55938e-21
-7.55742e-21
-7.5547e-21
-7.55233e-21
-7.55095e-21
-7.55057e-21
-7.5514e-21
-7.55369e-21
-7.556e-21
-7.55673e-21
-7.55691e-21
-7.56049e-21
-7.56083e-21
-7.56324e-21
-7.56388e-21
-7.56143e-21
-7.56137e-21
-7.55854e-21
-7.55609e-21
-7.55417e-21
-7.55395e-21
-7.55176e-21
-7.55225e-21
-7.55158e-21
-7.5551e-21
-7.55733e-21
-7.55958e-21
-7.56105e-21
-7.56194e-21
-7.55875e-21
-7.55536e-21
-7.5561e-21
-7.55224e-21
-7.55207e-21
-7.55339e-21
-7.55259e-21
-7.55419e-21
-7.55618e-21
-7.55848e-21
-7.55927e-21
-7.55733e-21
-7.55677e-21
-7.55805e-21
-7.55712e-21
-7.55575e-21
-7.55646e-21
-7.55747e-21
-7.55958e-21
-7.56039e-21
-7.56039e-21
-7.55961e-21
-7.55691e-21
-7.55639e-21
-7.55326e-21
-7.5541e-21
-7.55518e-21
-7.55478e-21
-7.55449e-21
-7.55412e-21
-7.55085e-21
-7.55204e-21
-7.54986e-21
-7.55088e-21
-7.55093e-21
-7.55783e-21
-7.56053e-21
-7.56081e-21
-7.56008e-21
-7.55727e-21
-7.5543e-21
-7.55138e-21
-7.54964e-21
-7.54694e-21
-7.54615e-21
-7.54704e-21
-7.54561e-21
-7.54724e-21
-7.55116e-21
-7.55319e-21
-7.5557e-21
-7.55822e-21
-7.56064e-21
-7.55914e-21
-7.55607e-21
-7.55663e-21
-7.55493e-21
-7.55457e-21
-7.55369e-21
-7.55537e-21
-7.55181e-21
-7.55176e-21
-7.55176e-21
-7.55455e-21
-7.55914e-21
-7.55973e-21
-7.55907e-21
-7.55573e-21
-7.55628e-21
-7.55565e-21
-7.55131e-21
-7.54889e-21
-7.54652e-21
-7.54438e-21
-7.54434e-21
-7.54517e-21
-7.5499e-21
-7.55444e-21
-7.55516e-21
-7.557e-21
-7.55628e-21
-7.55916e-21
-7.55763e-21
-7.5571e-21
-7.55232e-21
-7.55101e-21
-7.54681e-21
-7.54592e-21
-7.5435e-21
-7.54359e-21
-7.54583e-21
-7.54448e-21
-7.54585e-21
-7.5438e-21
-7.54638e-21
-7.54945e-21
-7.55354e-21
-7.55502e-21
-7.5581e-21
-7.56025e-21
-7.56276e-21
-7.56161e-21
-7.5612e-21
-7.55959e-21
-7.55632e-21
-7.55413e-21
-7.55265e-21
-7.55048e-21
-7.55062e-21
-7.54949e-21
-7.55062e-21
-7.54985e-21
-7.55065e-21
-7.55147e-21
-7.5552e-21
-7.5565e-21
-7.5576e-21
-7.55844e-21
-7.55859e-21
-7.55886e-21
-7.55727e-21
-7.55659e-21
-7.55648e-21
-7.55795e-21
-7.55717e-21
-7.5585e-21
-7.55979e-21
-7.56062e-21
-7.56097e-21
-7.56272e-21
-7.56267e-21
-7.56333e-21
-7.56477e-21
-7.56676e-21
-7.56715e-21
-7.56532e-21
-7.56439e-21
-7.56233e-21
-7.56105e-21
-7.56056e-21
-7.55816e-21
-7.5594e-21
-7.55756e-21
-7.55792e-21
-7.55718e-21
-7.55843e-21
-7.55746e-21
-7.55952e-21
-7.55979e-21
-7.56101e-21
-7.56157e-21
-7.56145e-21
-7.55959e-21
-7.55871e-21
-7.55869e-21
-7.55736e-21
-7.55859e-21
-7.55622e-21
-7.55684e-21
-7.55696e-21
-7.55902e-21
-7.56014e-21
-7.56214e-21
-7.56202e-21
-7.55931e-21
-7.55731e-21
-7.55491e-21
-7.55338e-21
-7.55347e-21
-7.55644e-21
-7.56294e-21
-7.56823e-21
-7.57063e-21
-7.5719e-21
-7.57077e-21
-7.56749e-21
-7.56721e-21
-7.56703e-21
-7.56518e-21
-7.5602e-21
-7.55697e-21
-7.55556e-21
-7.55656e-21
-7.55513e-21
-7.55386e-21
-7.55605e-21
-7.55484e-21
-7.55607e-21
-7.55789e-21
-7.56e-21
-7.56103e-21
-7.56423e-21
-7.56553e-21
-7.56581e-21
-7.56596e-21
-7.56751e-21
-7.56914e-21
-7.56844e-21
-7.57083e-21
-7.56879e-21
-7.56953e-21
-7.57079e-21
-7.5685e-21
-7.56744e-21
-7.56306e-21
-7.56146e-21
-7.55779e-21
-7.55787e-21
-7.55547e-21
-7.55559e-21
-7.55708e-21
-7.55538e-21
-7.55326e-21
-7.54952e-21
-7.54985e-21
-7.54965e-21
-7.55109e-21
-7.55112e-21
-7.55283e-21
-7.55253e-21
-7.55234e-21
-7.55432e-21
-7.55462e-21
-7.55655e-21
-7.55929e-21
-7.56064e-21
-7.56064e-21
-7.56239e-21
-7.56228e-21
-7.56213e-21
-7.56188e-21
-7.56042e-21
-7.5586e-21
-7.55648e-21
-7.55318e-21
-7.55411e-21
-7.55274e-21
-7.55368e-21
-7.5546e-21
-7.55518e-21
-7.55575e-21
-7.55499e-21
-7.55507e-21
-7.55363e-21
-7.55415e-21
-7.55463e-21
-7.55334e-21
-7.55217e-21
-7.55352e-21
-7.5548e-21
-7.55715e-21
-7.55899e-21
-7.55754e-21
-7.55813e-21
-7.55902e-21
-7.55714e-21
-7.55336e-21
-7.55257e-21
-7.5523e-21
-7.55422e-21
-7.55674e-21
-7.5576e-21
-7.55907e-21
-7.56014e-21
-7.56035e-21
-7.55852e-21
-7.55821e-21
-7.55671e-21
-7.55512e-21
-7.55653e-21
-7.55604e-21
-7.55655e-21
-7.55922e-21
-7.55894e-21
-7.56147e-21
-7.55972e-21
-7.55618e-21
-7.55451e-21
-7.55299e-21
-7.55335e-21
-7.55651e-21
-7.55872e-21
-7.55897e-21
-7.56094e-21
-7.56084e-21
-7.56331e-21
-7.5642e-21
-7.563e-21
-7.56284e-21
-7.56254e-21
-7.5587e-21
-7.55688e-21
-7.55411e-21
-7.55345e-21
-7.55189e-21
-7.55063e-21
-7.55148e-21
-7.55323e-21
-7.55682e-21
-7.55528e-21
-7.55905e-21
-7.56005e-21
-7.55893e-21
-7.55675e-21
-7.55871e-21
-7.55738e-21
-7.55527e-21
-7.555e-21
-7.55386e-21
-7.55459e-21
-7.55631e-21
-7.55806e-21
-7.56152e-21
-7.56317e-21
-7.56467e-21
-7.56308e-21
-7.55986e-21
-7.5571e-21
-7.55744e-21
-7.55652e-21
-7.55614e-21
-7.55616e-21
-7.55517e-21
-7.55274e-21
-7.55397e-21
-7.55502e-21
-7.56039e-21
-7.5618e-21
-7.56171e-21
-7.56033e-21
-7.56081e-21
-7.56022e-21
-7.56143e-21
-7.56104e-21
-7.56038e-21
-7.55952e-21
-7.55746e-21
-7.55738e-21
-7.55815e-21
-7.55953e-21
-7.56019e-21
-7.55983e-21
-7.55888e-21
-7.55902e-21
-7.55642e-21
-7.55774e-21
-7.55866e-21
-7.56045e-21
-7.56055e-21
-7.56231e-21
-7.56531e-21
-7.56725e-21
-7.56673e-21
-7.56749e-21
-7.56853e-21
-7.56722e-21
-7.56836e-21
-7.56722e-21
-7.56494e-21
-7.56408e-21
-7.564e-21
-7.56075e-21
-7.55983e-21
-7.55688e-21
-7.55518e-21
-7.55525e-21
-7.55696e-21
-7.55421e-21
-7.55294e-21
-7.55346e-21
-7.55693e-21
-7.55612e-21
-7.55686e-21
-7.55741e-21
-7.55701e-21
-7.5597e-21
-7.55929e-21
-7.55828e-21
-7.55852e-21
-7.55739e-21
-7.55837e-21
-7.55699e-21
-7.55351e-21
-7.55541e-21
-7.55345e-21
-7.55124e-21
-7.55058e-21
-7.55188e-21
-7.55281e-21
-7.5542e-21
-7.55734e-21
-7.56069e-21
-7.56249e-21
-7.56297e-21
-7.56355e-21
-7.56194e-21
-7.55908e-21
-7.55875e-21
-7.56106e-21
-7.56297e-21
-7.56193e-21
-7.56057e-21
-7.5623e-21
-7.56068e-21
-7.56099e-21
-7.55932e-21
-7.55989e-21
-7.55993e-21
-7.55898e-21
-7.55736e-21
-7.55756e-21
-7.55698e-21
-7.55702e-21
-7.55688e-21
-7.55744e-21
-7.56144e-21
-7.5631e-21
-7.56176e-21
-7.56144e-21
-7.56229e-21
-7.56207e-21
-7.55781e-21
-7.55761e-21
-7.55507e-21
-7.55474e-21
-7.55352e-21
-7.55335e-21
-7.55368e-21
-7.55337e-21
-7.55591e-21
-7.5561e-21
-7.55807e-21
-7.56025e-21
-7.56195e-21
-7.56028e-21
-7.55887e-21
-7.55838e-21
-7.55865e-21
-7.55571e-21
-7.55482e-21
-7.55434e-21
-7.55225e-21
-7.55094e-21
-7.5511e-21
-7.54897e-21
-7.55076e-21
-7.55004e-21
-7.54928e-21
-7.54886e-21
-7.55081e-21
-7.5499e-21
-7.55248e-21
-7.5504e-21
-7.5533e-21
-7.55257e-21
-7.55294e-21
-7.55342e-21
-7.55185e-21
-7.55541e-21
-7.55568e-21
-7.55754e-21
-7.55733e-21
-7.55708e-21
-7.55562e-21
-7.55521e-21
-7.55487e-21
-7.55542e-21
-7.55243e-21
-7.55561e-21
-7.55307e-21
-7.54938e-21
-7.54687e-21
-7.54514e-21
-7.5448e-21
-7.546e-21
-7.54988e-21
-7.55236e-21
-7.55328e-21
-7.5513e-21
-7.55319e-21
-7.5532e-21
-7.55327e-21
-7.55195e-21
-7.54986e-21
-7.54909e-21
-7.54755e-21
-7.54917e-21
-7.55208e-21
-7.55449e-21
-7.55349e-21
-7.553e-21
-7.55349e-21
-7.55361e-21
-7.55571e-21
-7.5544e-21
-7.5567e-21
-7.55687e-21
-7.5559e-21
-7.55714e-21
-7.55797e-21
-7.5576e-21
-7.55957e-21
-7.55919e-21
-7.56137e-21
-7.55903e-21
-7.55882e-21
-7.55928e-21
-7.55992e-21
-7.5591e-21
-7.55744e-21
-7.55691e-21
-7.55607e-21
-7.55901e-21
-7.56e-21
-7.55888e-21
-7.55821e-21
-7.5561e-21
-7.55329e-21
-7.5539e-21
-7.55342e-21
-7.55361e-21
-7.55488e-21
-7.55733e-21
-7.55989e-21
-7.56027e-21
-7.56018e-21
-7.56069e-21
-7.56198e-21
-7.5624e-21
-7.56317e-21
-7.56137e-21
-7.56153e-21
-7.55816e-21
-7.55562e-21
-7.55417e-21
-7.55279e-21
-7.55118e-21
-7.54918e-21
-7.54942e-21
-7.54906e-21
-7.54798e-21
-7.54923e-21
-7.55162e-21
-7.55248e-21
-7.55395e-21
-7.55417e-21
-7.55685e-21
-7.55658e-21
-7.55795e-21
-7.55985e-21
-7.56075e-21
-7.56033e-21
-7.56008e-21
-7.5593e-21
-7.55786e-21
-7.55739e-21
-7.55556e-21
-7.55227e-21
-7.54964e-21
-7.54973e-21
-7.55001e-21
-7.55194e-21
-7.55547e-21
-7.55668e-21
-7.56053e-21
-7.56151e-21
-7.55975e-21
-7.56203e-21
-7.56173e-21
-7.55923e-21
-7.55662e-21
-7.55419e-21
-7.55317e-21
-7.55253e-21
-7.55287e-21
-7.55325e-21
-7.55558e-21
-7.55844e-21
-7.55773e-21
-7.55628e-21
-7.55589e-21
-7.55734e-21
-7.55629e-21
-7.55654e-21
-7.55566e-21
-7.55703e-21
-7.5579e-21
-7.55753e-21
-7.5586e-21
-7.56161e-21
-7.56395e-21
-7.56408e-21
-7.562e-21
-7.55786e-21
-7.55537e-21
-7.55494e-21
-7.5556e-21
-7.55659e-21
-7.55849e-21
-7.56318e-21
-7.56424e-21
-7.56455e-21
-7.56423e-21
-7.56357e-21
-7.56112e-21
-7.55997e-21
-7.55796e-21
-7.5604e-21
-7.56013e-21
-7.559e-21
-7.55832e-21
-7.55989e-21
-7.55977e-21
-7.5628e-21
-7.56329e-21
-7.56607e-21
-7.56538e-21
-7.56703e-21
-7.56464e-21
-7.56212e-21
-7.56225e-21
-7.56292e-21
-7.56263e-21
-7.56444e-21
-7.56288e-21
-7.55974e-21
-7.55718e-21
-7.55808e-21
-7.5558e-21
-7.5571e-21
-7.55667e-21
-7.55625e-21
-7.5567e-21
-7.55742e-21
-7.55884e-21
-7.56139e-21
-7.5628e-21
-7.56219e-21
-7.56251e-21
-7.56204e-21
-7.56269e-21
-7.5621e-21
-7.55939e-21
-7.55815e-21
-7.5614e-21
-7.56524e-21
-7.56543e-21
-7.56784e-21
-7.57166e-21
-7.57099e-21
-7.57074e-21
-7.57045e-21
-7.5682e-21
-7.5654e-21
-7.56411e-21
-7.56096e-21
-7.55684e-21
-7.55582e-21
-7.55516e-21
-7.55647e-21
-7.55951e-21
-7.56175e-21
-7.56321e-21
-7.56339e-21
-7.56621e-21
-7.56784e-21
-7.56846e-21
-7.57013e-21
-7.56968e-21
-7.56745e-21
-7.56409e-21
-7.56428e-21
-7.56262e-21
-7.56109e-21
-7.55848e-21
-7.55718e-21
-7.55771e-21
-7.55891e-21
-7.55912e-21
-7.56035e-21
-7.56438e-21
-7.56475e-21
-7.56327e-21
-7.5611e-21
