-1.13568e-20
-1.13763e-20
-1.13977e-20
-1.14255e-20
-1.14634e-20
-1.15131e-20
-1.15667e-20
-1.16189e-20
-1.16545e-20
-1.1673e-20
-1.16655e-20
-1.16442e-20
-1.1611e-20
-1.15777e-20
-1.15465e-20
-1.15207e-20
-1.15087e-20
-1.15108e-20
-1.15235e-20
-1.15455e-20
-1.15626e-20
-1.15696e-20
-1.15556e-20
-1.15226e-20
-1.14765e-20
-1.14226e-20
-1.13772e-20
-1.13492e-20
-1.13412e-20
-1.1351e-20
-1.13763e-20
-1.14036e-20
-1.1423e-20
-1.14335e-20
-1.14291e-20
-1.14105e-20
-1.13902e-20
-1.13718e-20
-1.1368e-20
-1.13713e-20
-1.13867e-20
-1.14089e-20
-1.14381e-20
-1.14756e-20
-1.15179e-20
-1.15553e-20
-1.15873e-20
-1.15948e-20
-1.15786e-20
-1.15422e-20
-1.14944e-20
-1.14446e-20
-1.14048e-20
-1.1374e-20
-1.13524e-20
-1.13399e-20
-1.13345e-20
-1.13389e-20
-1.13527e-20
-1.13705e-20
-1.13893e-20
-1.14067e-20
-1.14116e-20
-1.14123e-20
-1.1406e-20
-1.13981e-20
-1.13868e-20
-1.13687e-20
-1.13387e-20
-1.1299e-20
-1.12579e-20
-1.12313e-20
-1.1218e-20
-1.12159e-20
-1.1218e-20
-1.1214e-20
-1.11974e-20
-1.11699e-20
-1.11435e-20
-1.11245e-20
-1.11264e-20
-1.11572e-20
-1.12151e-20
-1.12997e-20
-1.13929e-20
-1.14824e-20
-1.15614e-20
-1.16295e-20
-1.16913e-20
-1.17486e-20
-1.1802e-20
-1.18534e-20
-1.18944e-20
-1.19199e-20
-1.19281e-20
-1.19132e-20
-1.18829e-20
-1.18365e-20
-1.17787e-20
-1.17109e-20
-1.16376e-20
-1.15632e-20
-1.14849e-20
-1.14098e-20
-1.13373e-20
-1.12712e-20
-1.122e-20
-1.11873e-20
-1.11733e-20
-1.11809e-20
-1.12069e-20
-1.12363e-20
-1.12728e-20
-1.13137e-20
-1.136e-20
-1.14046e-20
-1.14484e-20
-1.14782e-20
-1.14894e-20
-1.14865e-20
-1.14692e-20
-1.14513e-20
-1.14458e-20
-1.14609e-20
-1.14917e-20
-1.1532e-20
-1.15718e-20
-1.16006e-20
-1.16169e-20
-1.16157e-20
-1.16063e-20
-1.15909e-20
-1.15778e-20
-1.15734e-20
-1.15765e-20
-1.15868e-20
-1.16024e-20
-1.16202e-20
-1.16329e-20
-1.16411e-20
-1.16474e-20
-1.16461e-20
-1.16391e-20
-1.16306e-20
-1.16189e-20
-1.16001e-20
-1.15816e-20
-1.15606e-20
-1.15356e-20
-1.1506e-20
-1.14656e-20
-1.14154e-20
-1.13616e-20
-1.13049e-20
-1.12538e-20
-1.12111e-20
-1.11792e-20
-1.11593e-20
-1.11505e-20
-1.11494e-20
-1.11612e-20
-1.11802e-20
-1.12127e-20
-1.12511e-20
-1.12954e-20
-1.134e-20
-1.1378e-20
-1.14076e-20
-1.14281e-20
-1.14389e-20
-1.14464e-20
-1.14489e-20
-1.1446e-20
-1.14415e-20
-1.14336e-20
-1.14202e-20
-1.14038e-20
-1.13821e-20
-1.13531e-20
-1.13163e-20
-1.12754e-20
-1.12297e-20
-1.11815e-20
-1.11383e-20
-1.1104e-20
-1.10875e-20
-1.10889e-20
-1.11077e-20
-1.11433e-20
-1.11843e-20
-1.12316e-20
-1.1282e-20
-1.13313e-20
-1.13812e-20
-1.14356e-20
-1.14976e-20
-1.15668e-20
-1.16395e-20
-1.17111e-20
-1.17725e-20
-1.18203e-20
-1.18508e-20
-1.18591e-20
-1.18489e-20
-1.1818e-20
-1.17701e-20
-1.17043e-20
-1.16276e-20
-1.15457e-20
-1.14632e-20
-1.13864e-20
-1.13226e-20
-1.12713e-20
-1.12371e-20
-1.12248e-20
-1.12272e-20
-1.12443e-20
-1.12724e-20
-1.13111e-20
-1.13531e-20
-1.13943e-20
-1.14375e-20
-1.14703e-20
-1.1493e-20
-1.15085e-20
-1.15157e-20
-1.15147e-20
-1.15084e-20
-1.14981e-20
-1.14851e-20
-1.14738e-20
-1.14544e-20
-1.14346e-20
-1.14063e-20
-1.13747e-20
-1.1339e-20
-1.13062e-20
-1.12863e-20
-1.12865e-20
-1.13104e-20
-1.13567e-20
-1.14137e-20
-1.14762e-20
-1.15301e-20
-1.1567e-20
-1.15796e-20
-1.15679e-20
-1.15285e-20
-1.1467e-20
-1.13863e-20
-1.12946e-20
-1.11991e-20
-1.11044e-20
-1.10224e-20
-1.09485e-20
-1.0897e-20
-1.08714e-20
-1.08795e-20
-1.09199e-20
-1.09889e-20
-1.10797e-20
-1.11806e-20
-1.12816e-20
-1.13725e-20
-1.14543e-20
-1.15214e-20
-1.15716e-20
-1.1607e-20
-1.16271e-20
-1.16324e-20
-1.16234e-20
-1.16102e-20
-1.15882e-20
-1.15666e-20
-1.15441e-20
-1.15266e-20
-1.15111e-20
-1.14979e-20
-1.14818e-20
-1.1462e-20
-1.14354e-20
-1.1409e-20
-1.13868e-20
-1.13733e-20
-1.13722e-20
-1.13817e-20
-1.14e-20
-1.14196e-20
-1.14304e-20
-1.14239e-20
-1.13955e-20
-1.13453e-20
-1.12794e-20
-1.12109e-20
-1.11557e-20
-1.1124e-20
-1.11169e-20
-1.11311e-20
-1.11658e-20
-1.12117e-20
-1.12722e-20
-1.13382e-20
-1.13995e-20
-1.1451e-20
-1.14785e-20
-1.14797e-20
-1.14539e-20
-1.14065e-20
-1.13425e-20
-1.12789e-20
-1.1225e-20
-1.11965e-20
-1.11925e-20
-1.12119e-20
-1.12447e-20
-1.12789e-20
-1.12993e-20
-1.13018e-20
-1.12879e-20
-1.12514e-20
-1.1208e-20
-1.11662e-20
-1.11333e-20
-1.11209e-20
-1.11275e-20
-1.11478e-20
-1.11721e-20
-1.11915e-20
-1.12047e-20
-1.12108e-20
-1.12093e-20
-1.12077e-20
-1.12135e-20
-1.12268e-20
-1.12468e-20
-1.12682e-20
-1.12894e-20
-1.13094e-20
-1.13256e-20
-1.13399e-20
-1.13465e-20
-1.13553e-20
-1.13689e-20
-1.13887e-20
-1.14112e-20
-1.14254e-20
-1.14199e-20
-1.14007e-20
-1.1367e-20
-1.13384e-20
-1.13259e-20
-1.13487e-20
-1.13976e-20
-1.14653e-20
-1.15373e-20
-1.15966e-20
-1.16335e-20
-1.16424e-20
-1.16237e-20
-1.15782e-20
-1.15133e-20
-1.14349e-20
-1.13458e-20
-1.12601e-20
-1.11884e-20
-1.11392e-20
-1.1124e-20
-1.11421e-20
-1.11824e-20
-1.12254e-20
-1.12608e-20
-1.12885e-20
-1.13044e-20
-1.13178e-20
-1.13331e-20
-1.13569e-20
-1.13817e-20
-1.14143e-20
-1.14486e-20
-1.14843e-20
-1.15178e-20
-1.15408e-20
-1.15538e-20
-1.15527e-20
-1.15417e-20
-1.15136e-20
-1.14653e-20
-1.14037e-20
-1.13298e-20
-1.12486e-20
-1.11685e-20
-1.10962e-20
-1.10433e-20
-1.10128e-20
-1.10036e-20
-1.10176e-20
-1.10435e-20
-1.1079e-20
-1.11084e-20
-1.11319e-20
-1.11415e-20
-1.11445e-20
-1.11358e-20
-1.11237e-20
-1.11054e-20
-1.10865e-20
-1.10676e-20
-1.10443e-20
-1.10252e-20
-1.10078e-20
-1.10029e-20
-1.10077e-20
-1.1025e-20
-1.10554e-20
-1.1107e-20
-1.11774e-20
-1.12636e-20
-1.13534e-20
-1.14418e-20
-1.15173e-20
-1.1572e-20
-1.16038e-20
-1.16108e-20
-1.15933e-20
-1.15591e-20
-1.15113e-20
-1.14618e-20
-1.14154e-20
-1.13829e-20
-1.13658e-20
-1.13646e-20
-1.13677e-20
-1.13706e-20
-1.13692e-20
-1.13616e-20
-1.13492e-20
-1.13317e-20
-1.13138e-20
-1.12977e-20
-1.12864e-20
-1.12781e-20
-1.1278e-20
-1.12844e-20
-1.12958e-20
-1.1311e-20
-1.1331e-20
-1.13539e-20
-1.13857e-20
-1.14292e-20
-1.14825e-20
-1.15363e-20
-1.15809e-20
-1.16124e-20
-1.1626e-20
-1.16235e-20
-1.1606e-20
-1.15721e-20
-1.15291e-20
-1.14728e-20
-1.14127e-20
-1.13509e-20
-1.12969e-20
-1.12523e-20
-1.12265e-20
-1.1216e-20
-1.12212e-20
-1.1235e-20
-1.12506e-20
-1.12612e-20
-1.12674e-20
-1.12699e-20
-1.12678e-20
-1.12647e-20
-1.12522e-20
-1.12366e-20
-1.12201e-20
-1.12146e-20
-1.12233e-20
-1.12442e-20
-1.12643e-20
-1.1273e-20
-1.12658e-20
-1.1236e-20
-1.11833e-20
-1.11147e-20
-1.10504e-20
-1.10181e-20
-1.103e-20
-1.10791e-20
-1.11492e-20
-1.12242e-20
-1.12972e-20
-1.13695e-20
-1.14331e-20
-1.148e-20
-1.15031e-20
-1.15053e-20
-1.14891e-20
-1.1461e-20
-1.14229e-20
-1.13835e-20
-1.13502e-20
-1.132e-20
-1.13024e-20
-1.1299e-20
-1.13109e-20
-1.13343e-20
-1.13676e-20
-1.14012e-20
-1.14313e-20
-1.14566e-20
-1.1478e-20
-1.14947e-20
-1.15053e-20
-1.15154e-20
-1.15178e-20
-1.15196e-20
-1.15199e-20
-1.15165e-20
-1.15163e-20
-1.15164e-20
-1.15237e-20
-1.15333e-20
-1.1551e-20
-1.15702e-20
-1.15943e-20
-1.16197e-20
-1.16375e-20
-1.16462e-20
-1.1641e-20
-1.16261e-20
-1.15974e-20
-1.15593e-20
-1.15117e-20
-1.14605e-20
-1.14055e-20
-1.13532e-20
-1.131e-20
-1.12766e-20
-1.12593e-20
-1.12594e-20
-1.12753e-20
-1.13055e-20
-1.13485e-20
-1.13931e-20
-1.14331e-20
-1.14624e-20
-1.14767e-20
-1.14759e-20
-1.14601e-20
-1.14295e-20
-1.13925e-20
-1.13488e-20
-1.13116e-20
-1.12873e-20
-1.12793e-20
-1.12847e-20
-1.12933e-20
-1.12979e-20
-1.12888e-20
-1.12667e-20
-1.12302e-20
-1.11822e-20
-1.11319e-20
-1.109e-20
-1.1061e-20
-1.10511e-20
-1.10619e-20
-1.10907e-20
-1.11384e-20
-1.11945e-20
-1.12447e-20
-1.12816e-20
-1.1308e-20
-1.13272e-20
-1.135e-20
-1.13807e-20
-1.14168e-20
-1.14569e-20
-1.14957e-20
-1.15285e-20
-1.15481e-20
-1.15517e-20
-1.15327e-20
-1.14926e-20
-1.14388e-20
-1.13734e-20
-1.13087e-20
-1.12551e-20
-1.1213e-20
-1.11856e-20
-1.11581e-20
-1.11259e-20
-1.10913e-20
-1.1056e-20
-1.10269e-20
-1.10095e-20
-1.10041e-20
-1.1014e-20
-1.10471e-20
-1.11014e-20
-1.11794e-20
-1.12698e-20
-1.13622e-20
-1.14492e-20
-1.15201e-20
-1.15651e-20
-1.15867e-20
-1.1584e-20
-1.15657e-20
-1.15368e-20
-1.15059e-20
-1.14803e-20
-1.14618e-20
-1.14529e-20
-1.14477e-20
-1.14557e-20
-1.14662e-20
-1.1476e-20
-1.14819e-20
-1.14858e-20
-1.14776e-20
-1.14582e-20
-1.14301e-20
-1.13935e-20
-1.13578e-20
-1.13316e-20
-1.13229e-20
-1.13375e-20
-1.13682e-20
-1.14066e-20
-1.14382e-20
-1.1456e-20
-1.14579e-20
-1.14455e-20
-1.14152e-20
-1.13701e-20
-1.13131e-20
-1.12479e-20
-1.11824e-20
-1.11314e-20
-1.10988e-20
-1.10912e-20
-1.10968e-20
-1.11126e-20
-1.11352e-20
-1.11656e-20
-1.11981e-20
-1.12308e-20
-1.1254e-20
-1.12648e-20
-1.12621e-20
-1.12485e-20
-1.12326e-20
-1.12192e-20
-1.12122e-20
-1.12116e-20
-1.12152e-20
-1.12188e-20
-1.1218e-20
-1.12037e-20
-1.11813e-20
-1.11502e-20
-1.11195e-20
-1.10948e-20
-1.10847e-20
-1.10898e-20
-1.11051e-20
-1.11252e-20
-1.11497e-20
-1.11734e-20
-1.11898e-20
-1.12023e-20
-1.12086e-20
-1.12154e-20
-1.1229e-20
-1.12462e-20
-1.12558e-20
-1.1257e-20
-1.12434e-20
-1.12194e-20
-1.11887e-20
-1.11563e-20
-1.11224e-20
-1.10991e-20
-1.10895e-20
-1.10944e-20
-1.1105e-20
-1.11255e-20
-1.11523e-20
-1.11825e-20
-1.12172e-20
-1.12466e-20
-1.12701e-20
-1.12874e-20
-1.12955e-20
-1.12981e-20
-1.12913e-20
-1.12752e-20
-1.12566e-20
-1.12253e-20
-1.11845e-20
-1.11389e-20
-1.1096e-20
-1.10636e-20
-1.10506e-20
-1.10593e-20
-1.10825e-20
-1.11096e-20
-1.11331e-20
-1.11498e-20
-1.1157e-20
-1.11592e-20
-1.1165e-20
-1.11783e-20
-1.11971e-20
-1.12175e-20
-1.12394e-20
-1.1263e-20
-1.12787e-20
-1.12897e-20
-1.12918e-20
-1.12904e-20
-1.12847e-20
-1.12753e-20
-1.12626e-20
-1.12495e-20
-1.12353e-20
-1.1224e-20
-1.12173e-20
-1.12168e-20
-1.12254e-20
-1.12377e-20
-1.12537e-20
-1.12779e-20
-1.13097e-20
-1.13439e-20
-1.13726e-20
-1.13971e-20
-1.14038e-20
-1.13929e-20
-1.13624e-20
-1.13217e-20
-1.1282e-20
-1.12522e-20
-1.12402e-20
-1.12398e-20
-1.1252e-20
-1.12731e-20
-1.13014e-20
-1.13319e-20
-1.13646e-20
-1.13957e-20
-1.14213e-20
-1.14354e-20
-1.14426e-20
-1.14416e-20
-1.14312e-20
-1.14148e-20
-1.13941e-20
-1.13663e-20
-1.1339e-20
-1.13074e-20
-1.12768e-20
-1.12507e-20
-1.12345e-20
-1.12258e-20
-1.12325e-20
-1.1246e-20
-1.12723e-20
-1.12975e-20
-1.13218e-20
-1.13433e-20
-1.13621e-20
-1.13892e-20
-1.14186e-20
-1.14553e-20
-1.14934e-20
-1.1531e-20
-1.15638e-20
-1.15933e-20
-1.16192e-20
-1.16422e-20
-1.1655e-20
-1.16616e-20
-1.16435e-20
-1.16013e-20
-1.15387e-20
-1.14633e-20
-1.13886e-20
-1.13282e-20
-1.12927e-20
-1.12812e-20
-1.1291e-20
-1.13135e-20
-1.13467e-20
-1.13758e-20
-1.13952e-20
-1.13983e-20
-1.13833e-20
-1.13532e-20
-1.13103e-20
-1.12655e-20
-1.12242e-20
-1.11887e-20
-1.11556e-20
-1.11245e-20
-1.10908e-20
-1.10509e-20
-1.10085e-20
-1.09614e-20
-1.09195e-20
-1.08778e-20
-1.0836e-20
-1.07974e-20
-1.07628e-20
-1.07393e-20
-1.07381e-20
-1.07585e-20
-1.0803e-20
-1.0858e-20
-1.0923e-20
-1.09915e-20
-1.10605e-20
-1.11273e-20
-1.11911e-20
-1.12523e-20
-1.13064e-20
-1.13543e-20
-1.13875e-20
-1.14041e-20
-1.14068e-20
-1.13957e-20
-1.13746e-20
-1.13509e-20
-1.13232e-20
-1.12962e-20
-1.12738e-20
-1.12608e-20
-1.12608e-20
-1.12752e-20
-1.13064e-20
-1.13526e-20
-1.14089e-20
-1.14678e-20
-1.15262e-20
-1.15785e-20
-1.16281e-20
-1.16685e-20
-1.17025e-20
-1.17281e-20
-1.17414e-20
-1.17396e-20
-1.17208e-20
-1.16883e-20
-1.16423e-20
-1.1588e-20
-1.1535e-20
-1.14876e-20
-1.14465e-20
-1.14145e-20
-1.13882e-20
-1.13686e-20
-1.13479e-20
-1.1329e-20
-1.13113e-20
-1.12961e-20
-1.12871e-20
-1.12887e-20
-1.13004e-20
-1.13183e-20
-1.13352e-20
-1.13364e-20
-1.13088e-20
-1.12475e-20
-1.11622e-20
-1.10737e-20
-1.10119e-20
-1.09921e-20
-1.10099e-20
-1.10627e-20
-1.11373e-20
-1.12248e-20
-1.1321e-20
-1.14093e-20
-1.14829e-20
-1.1541e-20
-1.1584e-20
-1.16161e-20
-1.16401e-20
-1.16602e-20
-1.16772e-20
-1.16928e-20
-1.17042e-20
-1.17056e-20
-1.16989e-20
-1.16855e-20
-1.16673e-20
-1.16415e-20
-1.16146e-20
-1.15868e-20
-1.15636e-20
-1.15443e-20
-1.15296e-20
-1.15234e-20
-1.15261e-20
-1.15329e-20
-1.15382e-20
-1.15368e-20
-1.15244e-20
-1.15025e-20
-1.14726e-20
-1.14393e-20
-1.14106e-20
-1.13971e-20
-1.14079e-20
-1.14362e-20
-1.14753e-20
-1.15091e-20
-1.15237e-20
-1.15116e-20
-1.14788e-20
-1.14307e-20
-1.13805e-20
-1.13265e-20
-1.12734e-20
-1.12235e-20
-1.11801e-20
-1.1142e-20
-1.1118e-20
-1.11059e-20
-1.11109e-20
-1.1125e-20
-1.11497e-20
-1.11753e-20
-1.12035e-20
-1.12363e-20
-1.12702e-20
-1.13019e-20
-1.13315e-20
-1.13504e-20
-1.13579e-20
-1.13546e-20
-1.13429e-20
-1.13174e-20
-1.12885e-20
-1.12566e-20
-1.12305e-20
-1.12174e-20
-1.12208e-20
-1.12426e-20
-1.12822e-20
-1.1334e-20
-1.13917e-20
-1.14509e-20
-1.1502e-20
-1.15398e-20
-1.15576e-20
-1.15544e-20
-1.15391e-20
-1.1524e-20
-1.15158e-20
-1.15176e-20
-1.15369e-20
-1.15687e-20
-1.16001e-20
-1.16291e-20
-1.16502e-20
-1.16584e-20
-1.1653e-20
-1.16338e-20
-1.15955e-20
-1.15386e-20
-1.14688e-20
-1.13888e-20
-1.13082e-20
-1.1237e-20
-1.11827e-20
-1.1153e-20
-1.11512e-20
-1.11795e-20
-1.12278e-20
-1.1287e-20
-1.13486e-20
-1.14007e-20
-1.14375e-20
-1.1457e-20
-1.1464e-20
-1.14549e-20
-1.14334e-20
-1.13988e-20
-1.13527e-20
-1.12969e-20
-1.12388e-20
-1.1193e-20
-1.11754e-20
-1.11866e-20
-1.12066e-20
-1.12225e-20
-1.12274e-20
