9.36682e+07
9.22311e+07
9.07375e+07
8.88899e+07
8.64293e+07
8.33039e+07
7.99762e+07
7.69159e+07
7.49001e+07
7.41153e+07
7.48997e+07
7.67522e+07
7.94047e+07
8.22201e+07
8.49066e+07
8.71927e+07
8.86669e+07
8.92598e+07
8.9139e+07
8.85544e+07
8.82773e+07
8.87722e+07
9.05672e+07
9.35932e+07
9.74665e+07
1.01684e+08
1.05335e+08
1.07817e+08
1.08875e+08
1.08621e+08
1.07339e+08
1.05777e+08
1.04576e+08
1.03985e+08
1.04262e+08
1.05268e+08
1.06349e+08
1.07113e+08
1.06935e+08
1.06026e+08
1.04278e+08
1.01954e+08
9.91121e+07
9.57562e+07
9.2142e+07
8.88568e+07
8.62727e+07
8.53145e+07
8.60692e+07
8.8291e+07
9.13818e+07
9.46493e+07
9.74172e+07
9.96078e+07
1.01244e+08
1.02346e+08
1.02949e+08
1.02923e+08
1.02322e+08
1.0147e+08
1.00641e+08
1.00071e+08
1.00224e+08
1.00847e+08
1.01994e+08
1.03425e+08
1.05209e+08
1.07531e+08
1.10609e+08
1.14283e+08
1.17991e+08
1.20857e+08
1.22743e+08
1.2383e+08
1.24636e+08
1.25766e+08
1.27529e+08
1.29773e+08
1.31824e+08
1.33106e+08
1.32801e+08
1.3042e+08
1.26026e+08
1.19892e+08
1.13017e+08
1.06196e+08
9.98986e+07
9.42128e+07
8.89447e+07
8.3972e+07
7.92886e+07
7.49385e+07
7.13675e+07
6.89224e+07
6.78018e+07
6.82573e+07
7.00081e+07
7.29789e+07
7.68675e+07
8.1481e+07
8.65396e+07
9.1784e+07
9.72122e+07
1.02487e+08
1.07502e+08
1.1196e+08
1.15381e+08
1.17449e+08
1.18077e+08
1.1722e+08
1.15166e+08
1.126e+08
1.09546e+08
1.06165e+08
1.02493e+08
9.88923e+07
9.55343e+07
9.30734e+07
9.18373e+07
9.16871e+07
9.24342e+07
9.32477e+07
9.32844e+07
9.20668e+07
8.98307e+07
8.70645e+07
8.44135e+07
8.24692e+07
8.14044e+07
8.13886e+07
8.20023e+07
8.29817e+07
8.38282e+07
8.41671e+07
8.39898e+07
8.33626e+07
8.24615e+07
8.14958e+07
8.07779e+07
8.03317e+07
8.00994e+07
8.02995e+07
8.08772e+07
8.16865e+07
8.27498e+07
8.41592e+07
8.56552e+07
8.73561e+07
8.93576e+07
9.17393e+07
9.47237e+07
9.82336e+07
1.0197e+08
1.05769e+08
1.09197e+08
1.12014e+08
1.14031e+08
1.15145e+08
1.15382e+08
1.14883e+08
1.13495e+08
1.11424e+08
1.08483e+08
1.05039e+08
1.01289e+08
9.76361e+07
9.45042e+07
9.20529e+07
9.03415e+07
8.93701e+07
8.88801e+07
8.88826e+07
8.93515e+07
9.01384e+07
9.12916e+07
9.287e+07
9.47762e+07
9.70617e+07
9.97789e+07
1.02932e+08
1.06353e+08
1.09994e+08
1.13648e+08
1.16891e+08
1.19385e+08
1.2064e+08
1.20546e+08
1.19128e+08
1.16547e+08
1.13389e+08
1.09814e+08
1.06047e+08
1.02245e+08
9.83025e+07
9.40317e+07
8.93055e+07
8.41887e+07
7.89405e+07
7.39168e+07
6.96366e+07
6.64207e+07
6.45397e+07
6.42346e+07
6.54065e+07
6.80966e+07
7.21077e+07
7.73431e+07
8.33875e+07
8.98201e+07
9.62518e+07
1.02227e+08
1.07303e+08
1.11329e+08
1.14061e+08
1.15305e+08
1.15327e+08
1.14192e+08
1.12134e+08
1.09311e+08
1.06137e+08
1.02919e+08
9.97264e+07
9.71064e+07
9.51436e+07
9.38046e+07
9.31325e+07
9.30996e+07
9.35468e+07
9.43675e+07
9.54685e+07
9.66837e+07
9.83378e+07
1.00198e+08
1.02553e+08
1.05196e+08
1.08028e+08
1.10589e+08
1.12251e+08
1.12519e+08
1.11185e+08
1.08412e+08
1.04878e+08
1.01119e+08
9.79597e+07
9.59872e+07
9.56578e+07
9.70973e+07
1.00421e+08
1.05345e+08
1.11563e+08
1.1854e+08
1.25749e+08
1.32768e+08
1.38964e+08
1.44251e+08
1.47897e+08
1.49539e+08
1.48749e+08
1.45571e+08
1.40281e+08
1.33411e+08
1.25709e+08
1.17869e+08
1.1053e+08
1.03886e+08
9.8272e+07
9.3839e+07
9.05558e+07
8.84293e+07
8.74006e+07
8.73753e+07
8.79125e+07
8.904e+07
9.03445e+07
9.17676e+07
9.30542e+07
9.42826e+07
9.54756e+07
9.68544e+07
9.84861e+07
1.00449e+08
1.0241e+08
1.04063e+08
1.05088e+08
1.05247e+08
1.04617e+08
1.03413e+08
1.02149e+08
1.01472e+08
1.01944e+08
1.03887e+08
1.07283e+08
1.1169e+08
1.16236e+08
1.19881e+08
1.21924e+08
1.22235e+08
1.21024e+08
1.18458e+08
1.1494e+08
1.10493e+08
1.05648e+08
1.01088e+08
9.7351e+07
9.52041e+07
9.48867e+07
9.64249e+07
9.9474e+07
1.03541e+08
1.07643e+08
1.11047e+08
1.12909e+08
1.13137e+08
1.11889e+08
1.09798e+08
1.0766e+08
1.06353e+08
1.06261e+08
1.07412e+08
1.09909e+08
1.12984e+08
1.16007e+08
1.18394e+08
1.19556e+08
1.19539e+08
1.18676e+08
1.17519e+08
1.16596e+08
1.16102e+08
1.16081e+08
1.16447e+08
1.16776e+08
1.16671e+08
1.16081e+08
1.15082e+08
1.13933e+08
1.12742e+08
1.11575e+08
1.10581e+08
1.09777e+08
1.09369e+08
1.08931e+08
1.0822e+08
1.07135e+08
1.05974e+08
1.05405e+08
1.06025e+08
1.07613e+08
1.09934e+08
1.11911e+08
1.12721e+08
1.11421e+08
1.08318e+08
1.03985e+08
9.9424e+07
9.57161e+07
9.35541e+07
9.33161e+07
9.50185e+07
9.85458e+07
1.03471e+08
1.09376e+08
1.15887e+08
1.22194e+08
1.27536e+08
1.31214e+08
1.3258e+08
1.31705e+08
1.29306e+08
1.26498e+08
1.23988e+08
1.21931e+08
1.20406e+08
1.18926e+08
1.17184e+08
1.14878e+08
1.12271e+08
1.09222e+08
1.06063e+08
1.02937e+08
1.00095e+08
9.79323e+07
9.65521e+07
9.6203e+07
9.6857e+07
9.8813e+07
1.02186e+08
1.06688e+08
1.12147e+08
1.18196e+08
1.24286e+08
1.29873e+08
1.34244e+08
1.37047e+08
1.38228e+08
1.37823e+08
1.36432e+08
1.34419e+08
1.32554e+08
1.31016e+08
1.3017e+08
1.29804e+08
1.30058e+08
1.30595e+08
1.31435e+08
1.32336e+08
1.33231e+08
1.342e+08
1.34849e+08
1.3514e+08
1.34624e+08
1.33331e+08
1.31094e+08
1.27777e+08
1.23035e+08
1.17003e+08
1.09992e+08
1.02701e+08
9.56517e+07
8.9551e+07
8.49308e+07
8.20218e+07
8.09303e+07
8.15711e+07
8.35117e+07
8.63872e+07
8.95044e+07
9.24048e+07
9.449e+07
9.56086e+07
9.58199e+07
9.56942e+07
9.55636e+07
9.56861e+07
9.61594e+07
9.69167e+07
9.79185e+07
9.89358e+07
9.98256e+07
1.00405e+08
1.00678e+08
1.00424e+08
9.96997e+07
9.85663e+07
9.71079e+07
9.53022e+07
9.31758e+07
9.04589e+07
8.70271e+07
8.30597e+07
7.91372e+07
7.59002e+07
7.36999e+07
7.27978e+07
7.31386e+07
7.46506e+07
7.73239e+07
8.08338e+07
8.51883e+07
8.9902e+07
9.46838e+07
9.89878e+07
1.02546e+08
1.04896e+08
1.06108e+08
1.06245e+08
1.05717e+08
1.04973e+08
1.04414e+08
1.04112e+08
1.04049e+08
1.04239e+08
1.04605e+08
1.05479e+08
1.06625e+08
1.07776e+08
1.08253e+08
1.07826e+08
1.06695e+08
1.05599e+08
1.0519e+08
1.05841e+08
1.07904e+08
1.11385e+08
1.15767e+08
1.19739e+08
1.21596e+08
1.20508e+08
1.16934e+08
1.11958e+08
1.06558e+08
1.0123e+08
9.61328e+07
9.17385e+07
8.8542e+07
8.69436e+07
8.68918e+07
8.81972e+07
9.04319e+07
9.32741e+07
9.62218e+07
9.88479e+07
1.01106e+08
1.02533e+08
1.02963e+08
1.02344e+08
1.00879e+08
9.87891e+07
9.65816e+07
9.45223e+07
9.27451e+07
9.12452e+07
9.00415e+07
8.91733e+07
8.84428e+07
8.80984e+07
8.78855e+07
8.78102e+07
8.78838e+07
8.78146e+07
8.76565e+07
8.7166e+07
8.6498e+07
8.54722e+07
8.43315e+07
8.30097e+07
8.17339e+07
8.09228e+07
8.07679e+07
8.15241e+07
8.30805e+07
8.55217e+07
8.86057e+07
9.2218e+07
9.6022e+07
9.988e+07
1.03423e+08
1.06271e+08
1.08278e+08
1.09141e+08
1.08783e+08
1.07274e+08
1.04759e+08
1.01487e+08
9.80931e+07
9.50505e+07
9.2759e+07
9.14671e+07
9.12157e+07
9.19916e+07
9.37381e+07
9.60542e+07
9.87389e+07
1.01072e+08
1.02609e+08
1.03155e+08
1.02948e+08
1.02594e+08
1.02634e+08
1.03589e+08
1.05523e+08
1.08419e+08
1.12009e+08
1.1572e+08
1.189e+08
1.2113e+08
1.22013e+08
1.21389e+08
1.19351e+08
1.16027e+08
1.12084e+08
1.08346e+08
1.05335e+08
1.03008e+08
1.01104e+08
9.90375e+07
9.65387e+07
9.37317e+07
9.07981e+07
8.80504e+07
8.58121e+07
8.4518e+07
8.44457e+07
8.59041e+07
8.88052e+07
9.27467e+07
9.74024e+07
1.02065e+08
1.06099e+08
1.09359e+08
1.11811e+08
1.14164e+08
1.16734e+08
1.19453e+08
1.22127e+08
1.24345e+08
1.2575e+08
1.26176e+08
1.25362e+08
1.22929e+08
1.18912e+08
1.13367e+08
1.06945e+08
1.00365e+08
9.42563e+07
8.92964e+07
8.60451e+07
8.4499e+07
8.46313e+07
8.59444e+07
8.80035e+07
9.02647e+07
9.23006e+07
9.39198e+07
9.49536e+07
9.55723e+07
9.54809e+07
9.51189e+07
9.472e+07
9.45117e+07
9.45411e+07
9.52195e+07
9.65555e+07
9.84366e+07
1.00734e+08
1.02907e+08
1.04373e+08
1.04608e+08
1.03342e+08
1.00973e+08
9.81208e+07
9.56329e+07
9.40196e+07
9.34958e+07
9.40524e+07
9.57957e+07
9.8554e+07
1.02115e+08
1.06147e+08
1.10105e+08
1.13181e+08
1.1502e+08
1.1535e+08
1.14672e+08
1.13246e+08
1.11315e+08
1.0894e+08
1.06431e+08
1.04042e+08
1.0229e+08
1.01417e+08
1.01461e+08
1.0224e+08
1.0328e+08
1.04241e+08
1.04873e+08
1.05144e+08
1.05185e+08
1.05281e+08
1.05764e+08
1.07065e+08
1.09011e+08
1.11466e+08
1.13877e+08
1.15799e+08
1.16789e+08
1.16813e+08
1.16124e+08
1.15038e+08
1.13721e+08
1.12494e+08
1.11693e+08
1.11252e+08
1.1117e+08
1.11077e+08
1.10682e+08
1.10189e+08
1.10172e+08
1.10814e+08
1.12352e+08
1.14563e+08
1.17187e+08
1.19861e+08
1.22328e+08
1.23996e+08
1.24664e+08
1.24315e+08
1.233e+08
1.21561e+08
1.19303e+08
1.16737e+08
1.13967e+08
1.11455e+08
1.09342e+08
1.07707e+08
1.06681e+08
1.06131e+08
1.06177e+08
1.06813e+08
1.0783e+08
1.09587e+08
1.1195e+08
1.14649e+08
1.17177e+08
1.18963e+08
1.19492e+08
1.18668e+08
1.16905e+08
1.14806e+08
1.12853e+08
1.11283e+08
1.10193e+08
1.0935e+08
1.08339e+08
1.06954e+08
1.05259e+08
1.03456e+08
1.01658e+08
9.99802e+07
9.88458e+07
9.82169e+07
9.82398e+07
9.86807e+07
9.94979e+07
1.00615e+08
1.01978e+08
1.03429e+08
1.04902e+08
1.06146e+08
1.07023e+08
1.07424e+08
1.07239e+08
1.0663e+08
1.0558e+08
1.03951e+08
1.01834e+08
9.95334e+07
9.75156e+07
9.59926e+07
9.56467e+07
9.66033e+07
9.88654e+07
1.01847e+08
1.0481e+08
1.07134e+08
1.08404e+08
1.08831e+08
1.08444e+08
1.07415e+08
1.05848e+08
1.0399e+08
1.01982e+08
1.00108e+08
9.86234e+07
9.78017e+07
9.75182e+07
9.78097e+07
9.86872e+07
9.99969e+07
1.01639e+08
1.03658e+08
1.05746e+08
1.07974e+08
1.10067e+08
1.11787e+08
1.12845e+08
1.1324e+08
1.12674e+08
1.11473e+08
1.09565e+08
1.07589e+08
1.05673e+08
1.03913e+08
1.02246e+08
1.00226e+08
9.79932e+07
9.5391e+07
9.2698e+07
9.00848e+07
8.77711e+07
8.57283e+07
8.39533e+07
8.24462e+07
8.15608e+07
8.13533e+07
8.2619e+07
8.54265e+07
8.9554e+07
9.44556e+07
9.92581e+07
1.03089e+08
1.0531e+08
1.05864e+08
1.04956e+08
1.0311e+08
1.0072e+08
9.85916e+07
9.71797e+07
9.68942e+07
9.78817e+07
1.00013e+08
1.03066e+08
1.06455e+08
1.09778e+08
1.12823e+08
1.15708e+08
1.18558e+08
1.21625e+08
1.2506e+08
1.2868e+08
1.32437e+08
1.35912e+08
1.39244e+08
1.42455e+08
1.45415e+08
1.4795e+08
1.49593e+08
1.4973e+08
1.48291e+08
1.45271e+08
1.41318e+08
1.36654e+08
1.31644e+08
1.26484e+08
1.21333e+08
1.16287e+08
1.11441e+08
1.07061e+08
1.03249e+08
1.00404e+08
9.86504e+07
9.78983e+07
9.80862e+07
9.89861e+07
1.00233e+08
1.01755e+08
1.03275e+08
1.04517e+08
1.05158e+08
1.04912e+08
1.03625e+08
1.01207e+08
9.78132e+07
9.37807e+07
8.95422e+07
8.53575e+07
8.15083e+07
7.7951e+07
7.49579e+07
7.25117e+07
7.07767e+07
6.99796e+07
7.02979e+07
7.18219e+07
7.4409e+07
7.79272e+07
8.20054e+07
8.61022e+07
8.98751e+07
9.31769e+07
9.58747e+07
9.81018e+07
9.98782e+07
1.01529e+08
1.02976e+08
1.04212e+08
1.0511e+08
1.05447e+08
1.0502e+08
1.03896e+08
1.02398e+08
1.01078e+08
1.00836e+08
1.02492e+08
1.0634e+08
1.11741e+08
1.17226e+08
1.20984e+08
1.22073e+08
1.20664e+08
1.17042e+08
1.11902e+08
1.05857e+08
9.93964e+07
9.33992e+07
8.83088e+07
8.42587e+07
8.12192e+07
7.8968e+07
7.72846e+07
7.59232e+07
7.48013e+07
7.38726e+07
7.32744e+07
7.32387e+07
7.37355e+07
7.47108e+07
7.60715e+07
7.7826e+07
7.96673e+07
8.14916e+07
8.30247e+07
8.42236e+07
8.50026e+07
8.52069e+07
8.4845e+07
8.41647e+07
8.35034e+07
8.32049e+07
8.35543e+07
8.45654e+07
8.61291e+07
8.79169e+07
8.93802e+07
8.98749e+07
8.89262e+07
8.68155e+07
8.4117e+07
8.18608e+07
8.09272e+07
8.17265e+07
8.39765e+07
8.72713e+07
9.0939e+07
9.48645e+07
9.87895e+07
1.02555e+08
1.05968e+08
1.08942e+08
1.11038e+08
1.12218e+08
1.12279e+08
1.1157e+08
1.10154e+08
1.08466e+08
1.06518e+08
1.04303e+08
1.01987e+08
9.97772e+07
9.77807e+07
9.63854e+07
9.56992e+07
9.57512e+07
9.64566e+07
9.79218e+07
9.96543e+07
1.01417e+08
1.0268e+08
1.02996e+08
1.02118e+08
9.99458e+07
9.65637e+07
9.23115e+07
8.76284e+07
8.29359e+07
7.88458e+07
7.57821e+07
7.41126e+07
7.3854e+07
7.45321e+07
7.54287e+07
7.59998e+07
7.5919e+07
7.48987e+07
7.32306e+07
7.15594e+07
7.01629e+07
6.93815e+07
6.94861e+07
7.058e+07
7.27257e+07
7.61277e+07
8.07453e+07
8.62572e+07
9.23573e+07
9.84036e+07
1.03713e+08
1.07701e+08
1.09874e+08
1.10046e+08
1.08235e+08
1.05031e+08
1.01091e+08
9.70624e+07
9.36682e+07
9.13222e+07
9.02064e+07
9.01823e+07
9.13272e+07
9.34599e+07
9.65709e+07
1.00577e+08
1.05296e+08
1.10128e+08
1.14054e+08
1.16164e+08
1.16492e+08
1.16096e+08
1.158e+08
1.16022e+08
