183.303
184.28
185.284
186.551
188.335
190.674
193.292
195.726
197.54
198.449
198.365
197.411
195.894
194.185
192.605
191.391
190.732
190.747
191.392
192.392
193.29
193.607
193.03
191.506
189.263
186.742
184.481
182.951
182.414
182.852
183.976
185.333
186.45
186.976
186.781
185.993
184.952
184.074
183.671
183.839
184.491
185.514
186.886
188.631
190.672
192.702
194.226
194.771
194.122
192.419
190.105
187.745
185.77
184.319
183.304
182.633
182.344
182.523
183.154
184.063
184.998
185.735
186.141
186.193
185.972
185.574
185.001
184.104
182.712
180.873
178.963
177.527
176.887
176.891
177.041
176.849
176.092
174.859
173.504
172.561
172.599
174.018
176.866
180.79
185.195
189.502
193.354
196.688
199.647
202.412
205.057
207.487
209.49
210.818
211.274
210.767
209.326
207.086
204.246
201.005
197.515
193.884
190.188
186.504
182.948
179.713
177.08
175.335
174.65
174.964
176.027
177.547
179.335
181.324
183.482
185.693
187.71
189.205
189.897
189.706
188.878
187.981
187.664
188.309
189.83
191.792
193.679
195.097
195.842
195.897
195.418
194.694
194.067
193.811
194.015
194.586
195.333
196.084
196.728
197.207
197.486
197.528
197.315
196.861
196.213
195.433
194.55
193.533
192.291
190.717
188.754
186.43
183.864
181.237
178.759
176.623
174.974
173.891
173.363
173.343
173.802
174.763
176.252
178.202
180.394
182.538
184.393
185.835
186.847
187.483
187.824
187.947
187.903
187.701
187.323
186.748
185.959
184.937
183.65
182.065
180.172
178.018
175.743
173.579
171.83
170.801
170.701
171.555
173.18
175.278
177.557
179.842
182.118
184.497
187.124
190.097
193.395
196.869
200.266
203.287
205.656
207.17
207.72
207.275
205.861
203.551
200.474
196.828
192.874
188.906
185.21
182.029
179.557
177.904
177.097
177.1
177.826
179.149
180.903
182.9
184.944
186.856
188.49
189.745
190.568
190.958
190.973
190.708
190.257
189.69
189.022
188.219
187.209
185.921
184.336
182.568
180.916
179.826
179.723
180.808
182.955
185.766
188.73
191.345
193.188
193.953
193.466
191.705
188.786
184.962
180.572
175.978
171.497
167.389
163.907
161.356
160.075
160.326
162.169
165.414
169.673
174.469
179.342
183.911
187.912
191.195
193.698
195.416
196.377
196.65
196.348
195.627
194.648
193.572
192.527
191.602
190.811
190.088
189.307
188.355
187.204
185.961
184.846
184.124
183.992
184.479
185.4
186.394
187.012
186.832
185.575
183.216
180.052
176.703
173.928
172.287
171.907
172.586
174.086
176.287
179.091
182.249
185.329
187.818
189.281
189.457
188.305
186.024
183.042
179.947
177.375
175.829
175.532
176.357
177.869
179.478
180.62
180.904
180.195
178.62
176.532
174.448
172.899
172.225
172.447
173.315
174.452
175.483
176.144
176.381
176.352
176.337
176.584
177.179
178.045
179.038
180.06
181.065
181.979
182.691
183.161
183.548
184.153
185.127
186.227
186.932
186.821
185.836
184.314
182.887
182.282
183.049
185.28
188.536
192.048
195.044
196.968
197.54
196.723
194.653
191.561
187.731
183.497
179.281
175.629
173.154
172.302
173.054
174.881
177.03
178.89
180.201
181.047
181.713
182.495
183.563
184.93
186.511
188.166
189.755
191.149
192.231
192.89
193.001
192.44
191.114
188.992
186.133
182.681
178.866
174.999
171.465
168.682
166.991
166.513
167.098
168.386
169.96
171.453
172.613
173.308
173.518
173.301
172.757
171.992
171.076
170.056
168.993
168.007
167.266
166.903
166.988
167.626
169.02
171.362
174.661
178.699
183.093
187.38
191.105
193.904
195.544
195.955
195.216
193.553
191.3
188.859
186.656
185.046
184.181
183.944
184.029
184.118
184.009
183.634
183.022
182.252
181.425
180.65
180.036
179.669
179.604
179.847
180.361
181.074
181.956
183.066
184.569
186.598
189.076
191.658
193.897
195.464
196.219
196.162
195.342
193.821
191.681
189.052
186.132
183.185
180.517
178.409
177.064
176.545
176.738
177.377
178.134
178.737
179.079
179.199
179.165
178.955
178.466
177.684
176.879
176.517
176.879
177.793
178.771
179.321
179.069
177.747
175.274
171.958
168.713
166.838
167.158
169.413
172.734
176.41
180.096
183.599
186.679
189.031
190.389
190.653
189.939
188.529
186.761
184.917
183.207
181.804
180.896
180.647
181.116
182.196
183.652
185.209
186.651
187.864
188.822
189.553
190.096
190.471
190.682
190.737
190.689
190.634
190.677
190.894
191.321
191.964
192.816
193.856
195.017
196.168
197.112
197.636
197.566
196.828
195.452
193.545
191.24
188.687
186.049
183.528
181.35
179.719
178.792
178.664
179.367
180.828
182.819
184.978
186.916
188.343
189.104
189.152
188.492
187.173
185.342
183.296
181.458
180.239
179.827
180.056
180.511
180.726
180.36
179.264
177.48
175.227
172.854
170.763
169.3
168.713
169.144
170.602
172.879
175.543
178.061
180.022
181.336
182.278
183.287
184.647
186.349
188.21
190.034
191.607
192.642
192.83
191.987
190.128
187.459
184.326
181.176
178.463
176.439
174.994
173.751
172.37
170.781
169.149
167.726
166.733
166.366
166.833
168.333
170.963
174.61
178.933
183.452
187.658
191.099
193.453
194.588
194.588
193.735
192.415
190.988
189.709
188.729
188.13
187.951
188.155
188.615
189.139
189.531
189.627
189.296
188.459
187.114
185.402
183.644
182.294
181.79
182.328
183.73
185.512
187.116
188.13
188.355
187.742
186.321
184.164
181.409
178.309
175.264
172.743
171.117
170.49
170.692
171.461
172.619
174.062
175.661
177.18
178.322
178.872
178.786
178.225
177.461
176.779
176.375
176.312
176.503
176.725
176.679
176.113
174.967
173.422
171.852
170.655
170.085
170.185
170.83
171.828
172.973
174.064
174.921
175.469
175.83
176.269
176.968
177.803
178.423
178.524
178.008
176.933
175.449
173.797
172.296
171.232
170.743
170.813
171.364
172.315
173.584
175.063
176.608
178.048
179.229
180.056
180.5
180.579
180.316
179.707
178.719
177.3
175.437
173.265
171.132
169.526
168.83
169.098
170.054
171.278
172.39
173.168
173.595
173.836
174.132
174.662
175.479
176.514
177.639
178.695
179.531
180.047
180.227
180.133
179.857
179.448
178.912
178.271
177.612
177.068
176.748
176.697
176.921
177.433
178.271
179.457
180.948
182.61
184.202
185.394
185.843
185.333
183.915
181.961
180.026
178.602
177.9
177.872
178.366
179.281
180.563
182.117
183.765
185.29
186.513
187.335
187.727
187.702
187.3
186.572
185.566
184.327
182.92
181.43
179.987
178.748
177.873
177.497
177.698
178.448
179.579
180.829
181.984
182.998
183.984
185.119
186.525
188.211
190.06
191.887
193.541
194.985
196.25
197.334
198.098
198.263
197.513
195.651
192.751
189.196
185.605
182.629
180.726
180.054
180.479
181.665
183.177
184.58
185.512
185.725
185.102
183.687
181.692
179.45
177.313
175.484
173.935
172.453
170.802
168.873
166.723
164.511
162.379
160.356
158.385
156.459
154.752
153.632
153.483
154.486
156.529
159.296
162.443
165.73
169.032
172.295
175.459
178.435
181.088
183.263
184.818
185.673
185.837
185.403
184.517
183.343
182.029
180.715
179.575
178.827
178.705
179.382
180.89
183.098
185.753
188.579
191.362
193.975
196.36
198.472
200.238
201.543
202.254
202.242
201.433
199.854
197.649
195.08
192.459
190.055
188.03
186.412
185.13
184.058
183.068
182.089
181.144
180.368
179.951
180.04
180.646
181.576
182.415
182.564
181.389
178.558
174.431
170.149
167.07
165.945
166.742
169.108
172.664
176.971
181.507
185.783
189.461
192.391
194.585
196.183
197.373
198.327
199.131
199.772
200.182
200.286
200.03
199.406
198.453
197.26
195.951
194.649
193.465
192.489
191.798
191.447
191.431
191.646
191.895
191.929
191.532
190.593
189.172
187.532
186.098
185.355
185.647
186.964
188.836
190.483
191.219
190.755
189.226
187
184.46
181.867
179.353
176.977
174.806
172.973
171.67
171.059
171.17
171.882
172.996
174.346
175.832
177.405
179.012
180.557
181.896
182.885
183.401
183.366
182.757
181.636
180.175
178.658
177.419
176.762
176.889
177.873
179.665
182.1
184.913
187.756
190.247
192.042
192.928
192.906
192.225
191.342
190.761
190.838
191.652
193.004
194.552
195.964
196.997
197.504
197.376
196.511
194.816
192.263
188.946
185.112
181.16
177.575
174.842
173.339
173.241
174.473
176.729
179.553
182.449
184.985
186.87
187.975
188.303
187.943
186.981
185.437
183.274
180.553
177.688
175.468
174.557
174.906
175.854
176.69
177.032
