3.79615e-21
3.81639e-21
3.83718e-21
3.86342e-21
3.90037e-21
3.94881e-21
4.00303e-21
4.05343e-21
4.091e-21
4.10983e-21
4.10809e-21
4.08834e-21
4.0569e-21
4.02152e-21
3.98879e-21
3.96366e-21
3.95001e-21
3.95031e-21
3.96367e-21
3.98438e-21
4.00298e-21
4.00954e-21
3.9976e-21
3.96605e-21
3.91958e-21
3.86738e-21
3.82056e-21
3.78886e-21
3.77775e-21
3.78681e-21
3.81008e-21
3.83819e-21
3.86132e-21
3.87221e-21
3.86818e-21
3.85186e-21
3.83031e-21
3.81212e-21
3.80378e-21
3.80726e-21
3.82075e-21
3.84195e-21
3.87035e-21
3.90649e-21
3.94876e-21
3.99081e-21
4.02236e-21
4.03365e-21
4.02021e-21
3.98494e-21
3.93702e-21
3.88814e-21
3.84724e-21
3.8172e-21
3.79618e-21
3.78228e-21
3.77629e-21
3.78e-21
3.79307e-21
3.8119e-21
3.83126e-21
3.84652e-21
3.85493e-21
3.85601e-21
3.85142e-21
3.84319e-21
3.83132e-21
3.81274e-21
3.78391e-21
3.74582e-21
3.70627e-21
3.67653e-21
3.66328e-21
3.66337e-21
3.66646e-21
3.6625e-21
3.64682e-21
3.62129e-21
3.59322e-21
3.5737e-21
3.57448e-21
3.60387e-21
3.66284e-21
3.74411e-21
3.83534e-21
3.92454e-21
4.00432e-21
4.07336e-21
4.13464e-21
4.1919e-21
4.24666e-21
4.297e-21
4.33848e-21
4.36599e-21
4.37544e-21
4.36493e-21
4.33507e-21
4.2887e-21
4.22989e-21
4.16275e-21
4.09049e-21
4.01529e-21
3.93873e-21
3.86245e-21
3.7888e-21
3.72182e-21
3.66727e-21
3.63114e-21
3.61695e-21
3.62346e-21
3.64546e-21
3.67696e-21
3.71397e-21
3.75517e-21
3.79986e-21
3.84565e-21
3.88743e-21
3.91838e-21
3.93272e-21
3.92875e-21
3.91162e-21
3.89303e-21
3.88646e-21
3.89983e-21
3.93133e-21
3.97196e-21
4.01105e-21
4.04041e-21
4.05583e-21
4.05698e-21
4.04706e-21
4.03206e-21
4.01908e-21
4.01376e-21
4.018e-21
4.02982e-21
4.04529e-21
4.06084e-21
4.07419e-21
4.08411e-21
4.08988e-21
4.09075e-21
4.08634e-21
4.07693e-21
4.06353e-21
4.04735e-21
4.02908e-21
4.00802e-21
3.9823e-21
3.94969e-21
3.90904e-21
3.86091e-21
3.80777e-21
3.75337e-21
3.70206e-21
3.65781e-21
3.62366e-21
3.60123e-21
3.59031e-21
3.58989e-21
3.59939e-21
3.61929e-21
3.65013e-21
3.69051e-21
3.73592e-21
3.78031e-21
3.81873e-21
3.84859e-21
3.86954e-21
3.88272e-21
3.88978e-21
3.89233e-21
3.89141e-21
3.88723e-21
3.8794e-21
3.86751e-21
3.85117e-21
3.82999e-21
3.80334e-21
3.77052e-21
3.73131e-21
3.6867e-21
3.63959e-21
3.59478e-21
3.55855e-21
3.53724e-21
3.53518e-21
3.55285e-21
3.58652e-21
3.62997e-21
3.67716e-21
3.72447e-21
3.77162e-21
3.82088e-21
3.87529e-21
3.93685e-21
4.00515e-21
4.0771e-21
4.14745e-21
4.21001e-21
4.25908e-21
4.29044e-21
4.30183e-21
4.29262e-21
4.26332e-21
4.21549e-21
4.15177e-21
4.07625e-21
3.99438e-21
3.9122e-21
3.83564e-21
3.76977e-21
3.71858e-21
3.68435e-21
3.66763e-21
3.66769e-21
3.68273e-21
3.71012e-21
3.74645e-21
3.7878e-21
3.83013e-21
3.86973e-21
3.90357e-21
3.92956e-21
3.94661e-21
3.95469e-21
3.95499e-21
3.9495e-21
3.94018e-21
3.92843e-21
3.9146e-21
3.89796e-21
3.87704e-21
3.85038e-21
3.81756e-21
3.78093e-21
3.74672e-21
3.72416e-21
3.72201e-21
3.74448e-21
3.78895e-21
3.84716e-21
3.90856e-21
3.9627e-21
4.00087e-21
4.01671e-21
4.00664e-21
3.97015e-21
3.9097e-21
3.83051e-21
3.73959e-21
3.64446e-21
3.55166e-21
3.46657e-21
3.39447e-21
3.34165e-21
3.31511e-21
3.3203e-21
3.35848e-21
3.42567e-21
3.51388e-21
3.61321e-21
3.71413e-21
3.80874e-21
3.8916e-21
3.95959e-21
4.01144e-21
4.04702e-21
4.06692e-21
4.07256e-21
4.06632e-21
4.05137e-21
4.03111e-21
4.00882e-21
3.98719e-21
3.96802e-21
3.95164e-21
3.93667e-21
3.92049e-21
3.90079e-21
3.87695e-21
3.8512e-21
3.8281e-21
3.81316e-21
3.81042e-21
3.8205e-21
3.83959e-21
3.86018e-21
3.87297e-21
3.86924e-21
3.84321e-21
3.79436e-21
3.72882e-21
3.65947e-21
3.602e-21
3.56801e-21
3.56015e-21
3.57421e-21
3.60528e-21
3.65086e-21
3.70892e-21
3.77433e-21
3.83811e-21
3.88967e-21
3.91996e-21
3.92361e-21
3.89975e-21
3.85252e-21
3.79074e-21
3.72666e-21
3.67339e-21
3.64136e-21
3.63522e-21
3.65231e-21
3.68362e-21
3.71695e-21
3.74059e-21
3.74648e-21
3.73179e-21
3.69917e-21
3.65593e-21
3.61277e-21
3.5807e-21
3.56673e-21
3.57133e-21
3.58932e-21
3.61286e-21
3.6342e-21
3.64789e-21
3.65279e-21
3.6522e-21
3.6519e-21
3.657e-21
3.66932e-21
3.68725e-21
3.70783e-21
3.72899e-21
3.74981e-21
3.76874e-21
3.78348e-21
3.79322e-21
3.80124e-21
3.81375e-21
3.83393e-21
3.8567e-21
3.87132e-21
3.86901e-21
3.84861e-21
3.8171e-21
3.78755e-21
3.77501e-21
3.7909e-21
3.83711e-21
3.90452e-21
3.97726e-21
4.03931e-21
4.07916e-21
4.09099e-21
4.07407e-21
4.03121e-21
3.96718e-21
3.88786e-21
3.80018e-21
3.71286e-21
3.63723e-21
3.58598e-21
3.56833e-21
3.58389e-21
3.62173e-21
3.66624e-21
3.70477e-21
3.73192e-21
3.74943e-21
3.76322e-21
3.77943e-21
3.80154e-21
3.82986e-21
3.86258e-21
3.89686e-21
3.92977e-21
3.95864e-21
3.98105e-21
3.99469e-21
3.99699e-21
3.98538e-21
3.95792e-21
3.91396e-21
3.85477e-21
3.78328e-21
3.70427e-21
3.62418e-21
3.551e-21
3.49337e-21
3.45834e-21
3.44845e-21
3.46055e-21
3.48723e-21
3.51982e-21
3.55075e-21
3.57476e-21
3.58917e-21
3.59351e-21
3.58901e-21
3.57775e-21
3.5619e-21
3.54294e-21
3.52182e-21
3.4998e-21
3.47937e-21
3.46403e-21
3.45653e-21
3.45828e-21
3.47149e-21
3.50036e-21
3.54886e-21
3.61719e-21
3.70082e-21
3.79181e-21
3.88059e-21
3.95774e-21
4.01569e-21
4.04967e-21
4.05817e-21
4.04287e-21
4.00843e-21
3.96177e-21
3.91121e-21
3.8656e-21
3.83226e-21
3.81435e-21
3.80943e-21
3.81119e-21
3.81304e-21
3.81078e-21
3.80301e-21
3.79034e-21
3.77439e-21
3.75726e-21
3.74121e-21
3.7285e-21
3.7209e-21
3.71955e-21
3.72458e-21
3.73522e-21
3.75e-21
3.76826e-21
3.79125e-21
3.82237e-21
3.86439e-21
3.91571e-21
3.96918e-21
4.01556e-21
4.048e-21
4.06365e-21
4.06245e-21
4.04548e-21
4.01397e-21
3.96966e-21
3.91522e-21
3.85474e-21
3.79372e-21
3.73846e-21
3.6948e-21
3.66695e-21
3.65619e-21
3.66019e-21
3.67344e-21
3.68911e-21
3.70159e-21
3.70868e-21
3.71117e-21
3.71045e-21
3.70612e-21
3.69597e-21
3.67978e-21
3.66312e-21
3.65561e-21
3.66312e-21
3.68204e-21
3.70229e-21
3.7137e-21
3.70846e-21
3.6811e-21
3.62988e-21
3.5612e-21
3.49399e-21
3.45517e-21
3.46179e-21
3.50851e-21
3.57728e-21
3.65341e-21
3.72975e-21
3.80228e-21
3.86608e-21
3.91478e-21
3.9429e-21
3.94836e-21
3.93358e-21
3.90439e-21
3.86777e-21
3.82959e-21
3.79416e-21
3.76512e-21
3.7463e-21
3.74115e-21
3.75086e-21
3.77322e-21
3.80337e-21
3.83562e-21
3.8655e-21
3.89061e-21
3.91045e-21
3.92559e-21
3.93684e-21
3.94461e-21
3.94897e-21
3.95011e-21
3.94913e-21
3.94798e-21
3.94887e-21
3.95335e-21
3.96221e-21
3.97552e-21
3.99317e-21
4.01471e-21
4.03875e-21
4.06259e-21
4.08214e-21
4.09298e-21
4.09153e-21
4.07625e-21
4.04776e-21
4.00825e-21
3.96054e-21
3.90766e-21
3.85302e-21
3.80082e-21
3.75571e-21
3.72194e-21
3.70273e-21
3.70008e-21
3.71464e-21
3.7449e-21
3.78614e-21
3.83085e-21
3.87098e-21
3.90053e-21
3.91629e-21
3.91729e-21
3.90363e-21
3.87631e-21
3.83839e-21
3.79601e-21
3.75794e-21
3.73271e-21
3.72416e-21
3.72891e-21
3.73833e-21
3.74279e-21
3.73521e-21
3.7125e-21
3.67557e-21
3.62891e-21
3.57976e-21
3.53645e-21
3.50616e-21
3.49399e-21
3.50293e-21
3.53312e-21
3.58029e-21
3.63544e-21
3.6876e-21
3.72821e-21
3.75542e-21
3.77494e-21
3.79582e-21
3.824e-21
3.85925e-21
3.89779e-21
3.93555e-21
3.96814e-21
3.98955e-21
3.99345e-21
3.97599e-21
3.93751e-21
3.88223e-21
3.81733e-21
3.75211e-21
3.69591e-21
3.65401e-21
3.62409e-21
3.59833e-21
3.56974e-21
3.53683e-21
3.50304e-21
3.47356e-21
3.45299e-21
3.44539e-21
3.45506e-21
3.48612e-21
3.5406e-21
3.61612e-21
3.70564e-21
3.79924e-21
3.88635e-21
3.9576e-21
4.00635e-21
4.02986e-21
4.02986e-21
4.01221e-21
3.98487e-21
3.95532e-21
3.92883e-21
3.90852e-21
3.89612e-21
3.89242e-21
3.89665e-21
3.90616e-21
3.91702e-21
3.92513e-21
3.92712e-21
3.92026e-21
3.90292e-21
3.87508e-21
3.83963e-21
3.80321e-21
3.77527e-21
3.76481e-21
3.77596e-21
3.805e-21
3.8419e-21
3.87512e-21
3.89613e-21
3.90077e-21
3.88808e-21
3.85867e-21
3.81399e-21
3.75693e-21
3.69274e-21
3.62966e-21
3.57745e-21
3.54379e-21
3.53081e-21
3.53499e-21
3.55091e-21
3.57489e-21
3.60477e-21
3.63789e-21
3.66935e-21
3.69301e-21
3.70439e-21
3.70261e-21
3.69099e-21
3.67517e-21
3.66105e-21
3.65269e-21
3.65138e-21
3.65533e-21
3.65993e-21
3.65898e-21
3.64726e-21
3.62352e-21
3.59151e-21
3.559e-21
3.53422e-21
3.52241e-21
3.52449e-21
3.53785e-21
3.5585e-21
3.58221e-21
3.60483e-21
3.62256e-21
3.63392e-21
3.64139e-21
3.65048e-21
3.66496e-21
3.68225e-21
3.69509e-21
3.69719e-21
3.68649e-21
3.66423e-21
3.63349e-21
3.5993e-21
3.56821e-21
3.54617e-21
3.53605e-21
3.53749e-21
3.54891e-21
3.5686e-21
3.59488e-21
3.62551e-21
3.65751e-21
3.68733e-21
3.71179e-21
3.72892e-21
3.73811e-21
3.73974e-21
3.73429e-21
3.72168e-21
3.70123e-21
3.67183e-21
3.63326e-21
3.58828e-21
3.5441e-21
3.51084e-21
3.49642e-21
3.50197e-21
3.52177e-21
3.54713e-21
3.57016e-21
3.58627e-21
3.5951e-21
3.6001e-21
3.60623e-21
3.6172e-21
3.63411e-21
3.65556e-21
3.67885e-21
3.70073e-21
3.71804e-21
3.72873e-21
3.73245e-21
3.73051e-21
3.72479e-21
3.71633e-21
3.70521e-21
3.69194e-21
3.67829e-21
3.66703e-21
3.6604e-21
3.65935e-21
3.66398e-21
3.67459e-21
3.69194e-21
3.7165e-21
3.74739e-21
3.78181e-21
3.81478e-21
3.83947e-21
3.84876e-21
3.8382e-21
3.80884e-21
3.76836e-21
3.72829e-21
3.6988e-21
3.68427e-21
3.68368e-21
3.69392e-21
3.71286e-21
3.73942e-21
3.7716e-21
3.80572e-21
3.8373e-21
3.86264e-21
3.87967e-21
3.88777e-21
3.88726e-21
3.87894e-21
3.86385e-21
3.84301e-21
3.81737e-21
3.78822e-21
3.75737e-21
3.72747e-21
3.70181e-21
3.6837e-21
3.67592e-21
3.68007e-21
3.69561e-21
3.71903e-21
3.74492e-21
3.76884e-21
3.78984e-21
3.81027e-21
3.83376e-21
3.86288e-21
3.89779e-21
3.93609e-21
3.97392e-21
4.00819e-21
4.03809e-21
4.06429e-21
4.08674e-21
4.10255e-21
4.10597e-21
4.09044e-21
4.05189e-21
3.99183e-21
3.91819e-21
3.84383e-21
3.78219e-21
3.74279e-21
3.72886e-21
3.73767e-21
3.76223e-21
3.79355e-21
3.8226e-21
3.8419e-21
3.84631e-21
3.83341e-21
3.8041e-21
3.76278e-21
3.71637e-21
3.67211e-21
3.63423e-21
3.60214e-21
3.57146e-21
3.53726e-21
3.49732e-21
3.45278e-21
3.40698e-21
3.36282e-21
3.32092e-21
3.28012e-21
3.24022e-21
3.20487e-21
3.18167e-21
3.17858e-21
3.19936e-21
3.24168e-21
3.29897e-21
3.36414e-21
3.43221e-21
3.50062e-21
3.56818e-21
3.63371e-21
3.69534e-21
3.75029e-21
3.79532e-21
3.82753e-21
3.84525e-21
3.84864e-21
3.83965e-21
3.82131e-21
3.79698e-21
3.76977e-21
3.74257e-21
3.71896e-21
3.70347e-21
3.70094e-21
3.71495e-21
3.74619e-21
3.79191e-21
3.84689e-21
3.90542e-21
3.96305e-21
4.01717e-21
4.06656e-21
4.1103e-21
4.14687e-21
4.17391e-21
4.18862e-21
4.18837e-21
4.17163e-21
4.13892e-21
4.09326e-21
4.04005e-21
3.98577e-21
3.93599e-21
3.89405e-21
3.86055e-21
3.83399e-21
3.8118e-21
3.79129e-21
3.77101e-21
3.75144e-21
3.73537e-21
3.72674e-21
3.72859e-21
3.74114e-21
3.76039e-21
3.77777e-21
3.78084e-21
3.75651e-21
3.6979e-21
3.61243e-21
3.52374e-21
3.45998e-21
3.43668e-21
3.45319e-21
3.50218e-21
3.57583e-21
3.66502e-21
3.75896e-21
3.84752e-21
3.92369e-21
3.98436e-21
4.02981e-21
4.06291e-21
4.08755e-21
4.1073e-21
4.12394e-21
4.13723e-21
4.14572e-21
4.14786e-21
4.14258e-21
4.12964e-21
4.10991e-21
4.0852e-21
4.05809e-21
4.03114e-21
4.00661e-21
3.9864e-21
3.97208e-21
3.96481e-21
3.96447e-21
3.96894e-21
3.97409e-21
3.9748e-21
3.96657e-21
3.94712e-21
3.91771e-21
3.88373e-21
3.85404e-21
3.83865e-21
3.84469e-21
3.87197e-21
3.91073e-21
3.94485e-21
3.96009e-21
3.95049e-21
3.91882e-21
3.87271e-21
3.82012e-21
3.76642e-21
3.71436e-21
3.66515e-21
3.62018e-21
3.58223e-21
3.55523e-21
3.54259e-21
3.54488e-21
3.55963e-21
3.5827e-21
3.61066e-21
3.64142e-21
3.674e-21
3.70729e-21
3.73928e-21
3.76702e-21
3.7875e-21
3.79819e-21
3.79746e-21
3.78485e-21
3.76163e-21
3.73138e-21
3.69996e-21
3.6743e-21
3.6607e-21
3.66333e-21
3.68371e-21
3.72082e-21
3.77124e-21
3.8295e-21
3.88837e-21
3.93997e-21
3.97714e-21
3.99549e-21
3.99502e-21
3.98093e-21
3.96264e-21
3.95061e-21
3.95221e-21
3.96907e-21
3.99706e-21
4.02913e-21
4.05837e-21
4.07976e-21
4.09025e-21
4.08761e-21
4.06969e-21
4.03458e-21
3.98171e-21
3.91302e-21
3.83362e-21
3.75177e-21
3.67752e-21
3.62093e-21
3.58981e-21
3.58777e-21
3.61329e-21
3.66e-21
3.7185e-21
3.77848e-21
3.83099e-21
3.87002e-21
3.8929e-21
3.89971e-21
3.89224e-21
3.87232e-21
3.84035e-21
3.79556e-21
3.7392e-21
3.67986e-21
3.6339e-21
3.61503e-21
3.62226e-21
3.64188e-21
3.6592e-21
3.66628e-21
