0 20 46.6909
1 18 46.6909
2 16.2 46.6909
3 14.58 46.6909
4 13.122 43.637
5 11.8098 43.637
6 10.6288 43.637
7 9.56594 43.637
8 8.60934 43.637
9 7.74841 43.637
10 6.97357 43.637
11 6.27621 43.637
12 5.64859 43.637
13 5.08373 43.637
14 4.57536 41.4273
15 4.11782 41.4273
16 3.70604 41.4273
17 3.33544 36.497
18 3.00189 36.497
19 2.7017 31.7479
20 2.43153 31.7479
21 2.18838 31.7479
22 1.96954 27.4946
23 1.77259 27.4946
24 1.59533 27.4946
25 1.4358 27.4946
26 1.29222 25.2972
27 1.16299 24.8357
28 1.0467 12.3046
29 0.942026 12.3046
30 0.847823 9.89502
31 0.763041 9.89502
32 0.686737 7.41432
33 0.618063 6.5785
34 0.556257 6.5785
35 0.500631 6.5785
36 0.450568 5.34371
37 0.405511 5.34371
38 0.36496 4.64044
39 0.328464 4.64044
40 0.295618 4.64044
41 0.266056 4.64044
42 0.23945 4.64044
43 0.215505 3.90197
44 0.193955 3.90197
45 0.174559 3.90197
46 0.157103 3.90197
47 0.141393 3.90197
48 0.127254 2.75462
49 0.114528 2.7411
50 0.103076 2.7411
51 0.092768 2.7411
52 0.0834912 2.7411
53 0.075142 2.69396
54 0.0676278 2.42063
55 0.0608651 2.42063
56 0.0547785 2.42063
57 0.0493007 2.42063
58 0.0443706 2.31141
59 0.0399336 2.31141
60 0.0359402 2.31141
61 0.0323462 2.27803
62 0.0291116 2.27803
63 0.0262004 2.25428
64 0.0235804 2.24892
65 0.0212223 2.24892
66 0.0191001 2.24892
67 0.0171901 2.24892
68 0.0154711 2.24892
69 0.013924 2.24892
70 0.0125316 2.24714
71 0.0112784 2.24714
72 0.0101506 2.24714
73 0.00913552 2.24714
74 0.00822197 2.24714
75 0.00739977 2.24714
76 0.00665979 2.24714
77 0.00599381 2.24714
78 0.00539443 2.24714
79 0.00485499 2.24714
80 0.00436949 2.24714
81 0.00393254 2.24714
82 0.00353929 2.24714
83 0.00318536 2.24714
84 0.00286682 2.24714
85 0.00258014 2.24714
86 0.00232213 2.24714
87 0.00208991 2.24714
88 0.00188092 2.24714
89 0.00169283 2.24714
90 0.00152355 2.24714
91 0.00137119 2.24714
92 0.00123407 2.24714
93 0.00111067 2.24714
94 0.000999599 2.24714
95 0.000899639 2.24714
96 0.000809675 2.24714
97 0.000728708 2.24714
98 0.000655837 2.24714
99 0.000590253 2.24714
