0 20 49.1697
1 18 49.1697
2 16.2 49.1697
3 14.58 48.4042
4 13.122 48.4042
5 11.8098 48.4042
6 10.6288 48.4042
7 9.56594 48.4042
8 8.60934 48.4042
9 7.74841 48.4042
10 6.97357 48.4042
11 6.27621 44.3686
12 5.64859 40.7109
13 5.08373 40.7109
14 4.57536 39.3641
15 4.11782 39.3641
16 3.70604 39.3641
17 3.33544 39.3641
18 3.00189 39.3641
19 2.7017 39.3641
20 2.43153 27.1359
21 2.18838 26.2177
22 1.96954 26.2177
23 1.77259 26.2177
24 1.59533 21.1572
25 1.4358 21.1572
26 1.29222 21.1572
27 1.16299 21.1572
28 1.0467 17.4469
29 0.942026 14.5919
30 0.847823 11.0785
31 0.763041 11.0785
32 0.686737 11.0785
33 0.618063 8.5312
34 0.556257 7.00374
35 0.500631 7.00374
36 0.450568 7.00374
37 0.405511 7.00374
38 0.36496 4.75401
39 0.328464 4.75401
40 0.295618 3.83846
41 0.266056 3.83846
42 0.23945 3.58578
43 0.215505 3.58578
44 0.193955 3.58578
45 0.174559 2.80166
46 0.157103 2.80166
47 0.141393 2.80166
48 0.127254 2.80166
49 0.114528 2.7666
50 0.103076 2.60566
51 0.092768 2.60566
52 0.0834912 2.60566
53 0.075142 2.35286
54 0.0676278 2.35286
55 0.0608651 2.35286
56 0.0547785 2.32094
57 0.0493007 2.32094
58 0.0443706 2.29622
59 0.0399336 2.28682
60 0.0359402 2.28682
61 0.0323462 2.28682
62 0.0291116 2.28682
63 0.0262004 2.25771
64 0.0235804 2.25771
65 0.0212223 2.24892
66 0.0191001 2.24892
67 0.0171901 2.24892
68 0.0154711 2.24892
69 0.013924 2.24892
70 0.0125316 2.24892
71 0.0112784 2.24892
72 0.0101506 2.24892
73 0.00913552 2.24892
74 0.00822197 2.24892
75 0.00739977 2.24892
76 0.00665979 2.24892
77 0.00599381 2.24892
78 0.00539443 2.24892
79 0.00485499 2.24714
80 0.00436949 2.24714
81 0.00393254 2.24714
82 0.00353929 2.24714
83 0.00318536 2.24714
84 0.00286682 2.24714
85 0.00258014 2.24714
86 0.00232213 2.24714
87 0.00208991 2.24714
88 0.00188092 2.24714
89 0.00169283 2.24714
90 0.00152355 2.24714
91 0.00137119 2.24714
92 0.00123407 2.24714
93 0.00111067 2.24714
94 0.000999599 2.24714
95 0.000899639 2.24714
96 0.000809675 2.24714
97 0.000728708 2.24714
98 0.000655837 2.24714
99 0.000590253 2.24714
