0 20 55.6986
1 18 55.6986
2 16.2 49.0571
3 14.58 49.0571
4 13.122 49.0571
5 11.8098 49.0571
6 10.6288 49.0571
7 9.56594 49.0571
8 8.60934 49.0571
9 7.74841 49.0571
10 6.97357 41.1062
11 6.27621 41.1062
12 5.64859 40.0223
13 5.08373 40.0223
14 4.57536 40.0223
15 4.11782 40.0223
16 3.70604 40.0223
17 3.33544 40.0223
18 3.00189 38.0486
19 2.7017 38.0486
20 2.43153 38.0486
21 2.18838 38.0486
22 1.96954 33.1239
23 1.77259 33.1239
24 1.59533 26.2419
25 1.4358 21.1662
26 1.29222 21.1662
27 1.16299 21.1662
28 1.0467 13.1323
29 0.942026 13.1323
30 0.847823 13.0231
31 0.763041 13.0231
32 0.686737 13.0231
33 0.618063 10.7178
34 0.556257 10.5223
35 0.500631 9.81842
36 0.450568 7.14698
37 0.405511 5.58124
38 0.36496 5.58124
39 0.328464 5.58124
40 0.295618 5.58124
41 0.266056 5.40032
42 0.23945 3.70421
43 0.215505 3.70421
44 0.193955 3.70421
45 0.174559 2.88954
46 0.157103 2.62023
47 0.141393 2.62023
48 0.127254 2.62023
49 0.114528 2.62023
50 0.103076 2.62023
51 0.092768 2.46341
52 0.0834912 2.46341
53 0.075142 2.46341
54 0.0676278 2.41605
55 0.0608651 2.41605
56 0.0547785 2.346
57 0.0493007 2.346
58 0.0443706 2.2662
59 0.0399336 2.25251
60 0.0359402 2.25251
61 0.0323462 2.25251
62 0.0291116 2.25251
63 0.0262004 2.25251
64 0.0235804 2.25251
65 0.0212223 2.25251
66 0.0191001 2.25251
67 0.0171901 2.25223
68 0.0154711 2.24714
69 0.013924 2.24714
70 0.0125316 2.24714
71 0.0112784 2.24714
72 0.0101506 2.24714
73 0.00913552 2.24714
74 0.00822197 2.24714
75 0.00739977 2.24714
76 0.00665979 2.24714
77 0.00599381 2.24714
78 0.00539443 2.24714
79 0.00485499 2.24714
80 0.00436949 2.24714
81 0.00393254 2.24714
82 0.00353929 2.24714
83 0.00318536 2.24714
84 0.00286682 2.24714
85 0.00258014 2.24714
86 0.00232213 2.24714
87 0.00208991 2.24714
88 0.00188092 2.24714
89 0.00169283 2.24714
90 0.00152355 2.24714
91 0.00137119 2.24714
92 0.00123407 2.24714
93 0.00111067 2.24714
94 0.000999599 2.24714
95 0.000899639 2.24714
96 0.000809675 2.24714
97 0.000728708 2.24714
98 0.000655837 2.24714
99 0.000590253 2.24714
