0 20 57.3487
1 18 57.3487
2 16.2 55.9539
3 14.58 39.2343
4 13.122 39.2343
5 11.8098 39.2343
6 10.6288 39.2343
7 9.56594 39.2343
8 8.60934 39.2343
9 7.74841 39.2343
10 6.97357 39.2343
11 6.27621 39.2343
12 5.64859 39.2343
13 5.08373 39.2343
14 4.57536 39.2343
15 4.11782 39.2343
16 3.70604 39.2343
17 3.33544 39.2343
18 3.00189 39.2343
19 2.7017 31.2429
20 2.43153 29.2502
21 2.18838 29.2502
22 1.96954 29.2502
23 1.77259 23.3919
24 1.59533 23.3919
25 1.4358 17.5429
26 1.29222 17.5429
27 1.16299 17.5429
28 1.0467 17.5429
29 0.942026 17.5429
30 0.847823 12.5873
31 0.763041 12.5873
32 0.686737 12.5873
33 0.618063 12.1091
34 0.556257 11.8822
35 0.500631 11.8822
36 0.450568 6.34965
37 0.405511 6.34965
38 0.36496 6.34965
39 0.328464 6.34965
40 0.295618 3.37242
41 0.266056 3.37242
42 0.23945 3.37242
43 0.215505 3.37242
44 0.193955 3.37242
45 0.174559 3.37242
46 0.157103 3.32365
47 0.141393 2.94313
48 0.127254 2.87436
49 0.114528 2.87436
50 0.103076 2.45763
51 0.092768 2.41735
52 0.0834912 2.34869
53 0.075142 2.34869
54 0.0676278 2.34869
55 0.0608651 2.34869
56 0.0547785 2.34869
57 0.0493007 2.27087
58 0.0443706 2.27087
59 0.0399336 2.27087
60 0.0359402 2.27087
61 0.0323462 2.27087
62 0.0291116 2.27087
63 0.0262004 2.26711
64 0.0235804 2.26711
65 0.0212223 2.26711
66 0.0191001 2.25593
67 0.0171901 2.25593
68 0.0154711 2.25251
69 0.013924 2.25251
70 0.0125316 2.25251
71 0.0112784 2.25251
72 0.0101506 2.25251
73 0.00913552 2.25251
74 0.00822197 2.24714
75 0.00739977 2.24714
76 0.00665979 2.24714
77 0.00599381 2.24714
78 0.00539443 2.24714
79 0.00485499 2.24714
80 0.00436949 2.24714
81 0.00393254 2.24714
82 0.00353929 2.24714
83 0.00318536 2.24714
84 0.00286682 2.24714
85 0.00258014 2.24714
86 0.00232213 2.24714
87 0.00208991 2.24714
88 0.00188092 2.24714
89 0.00169283 2.24714
90 0.00152355 2.24714
91 0.00137119 2.24714
92 0.00123407 2.24714
93 0.00111067 2.24714
94 0.000999599 2.24714
95 0.000899639 2.24714
96 0.000809675 2.24714
97 0.000728708 2.24714
98 0.000655837 2.24714
99 0.000590253 2.24714
