0 20 57.3487
1 18 55.6435
2 16.2 55.6435
3 14.58 55.6435
4 13.122 52.471
5 11.8098 52.471
6 10.6288 46.7355
7 9.56594 46.7355
8 8.60934 46.7355
9 7.74841 46.7355
10 6.97357 46.7355
11 6.27621 46.7355
12 5.64859 46.7355
13 5.08373 46.7355
14 4.57536 37.4107
15 4.11782 37.4107
16 3.70604 36.2948
17 3.33544 31.5365
18 3.00189 31.5365
19 2.7017 31.5365
20 2.43153 31.5365
21 2.18838 31.5365
22 1.96954 30.1044
23 1.77259 23.3873
24 1.59533 19.4778
25 1.4358 19.4778
26 1.29222 14.7822
27 1.16299 14.7822
28 1.0467 14.7822
29 0.942026 14.7822
30 0.847823 14.7822
31 0.763041 13.1909
32 0.686737 13.1909
33 0.618063 12.0484
34 0.556257 8.97064
35 0.500631 7.1271
36 0.450568 7.1271
37 0.405511 5.66665
38 0.36496 5.42904
39 0.328464 4.86645
40 0.295618 4.2204
41 0.266056 4.2204
42 0.23945 4.2204
43 0.215505 3.09271
44 0.193955 3.09271
45 0.174559 3.09271
46 0.157103 3.09271
47 0.141393 3.09271
48 0.127254 2.89048
49 0.114528 2.69203
50 0.103076 2.69203
51 0.092768 2.55272
52 0.0834912 2.55272
53 0.075142 2.55272
54 0.0676278 2.51464
55 0.0608651 2.34279
56 0.0547785 2.34279
57 0.0493007 2.34279
58 0.0443706 2.34279
59 0.0399336 2.34279
60 0.0359402 2.25223
61 0.0323462 2.25223
62 0.0291116 2.25223
63 0.0262004 2.25223
64 0.0235804 2.25223
65 0.0212223 2.25223
66 0.0191001 2.25223
67 0.0171901 2.25223
68 0.0154711 2.24714
69 0.013924 2.24714
70 0.0125316 2.24714
71 0.0112784 2.24714
72 0.0101506 2.24714
73 0.00913552 2.24714
74 0.00822197 2.24714
75 0.00739977 2.24714
76 0.00665979 2.24714
77 0.00599381 2.24714
78 0.00539443 2.24714
79 0.00485499 2.24714
80 0.00436949 2.24714
81 0.00393254 2.24714
82 0.00353929 2.24714
83 0.00318536 2.24714
84 0.00286682 2.24714
85 0.00258014 2.24714
86 0.00232213 2.24714
87 0.00208991 2.24714
88 0.00188092 2.24714
89 0.00169283 2.24714
90 0.00152355 2.24714
91 0.00137119 2.24714
92 0.00123407 2.24714
93 0.00111067 2.24714
94 0.000999599 2.24714
95 0.000899639 2.24714
96 0.000809675 2.24714
97 0.000728708 2.24714
98 0.000655837 2.24714
99 0.000590253 2.24714
