1000 3.08285 0
2000 3.02566 0.0571958
3000 3.05472 0.0439889
4000 3.0544 0.0311065
5000 3.05772 0.0243232
6000 3.10598 0.0521865
7000 3.12217 0.0469835
8000 3.11431 0.0414415
9000 3.09933 0.0394977
10000 3.10129 0.035382
11000 3.09588 0.0324576
12000 3.1014 0.0301383
13000 3.09418 0.0286483
14000 3.09769 0.0267554
15000 3.10623 0.0263316
16000 3.09971 0.0254799
17000 3.10228 0.0240719
18000 3.10423 0.0227782
19000 3.10694 0.0217164
20000 3.11128 0.0210529
21000 3.11135 0.0200254
22000 3.11685 0.0198695
23000 3.12748 0.0217594
24000 3.12712 0.0208361
25000 3.12802 0.0200055
26000 3.1272 0.019238
27000 3.12919 0.0186183
28000 3.12248 0.0191565
29000 3.12299 0.0184912
30000 3.12067 0.018014
31000 3.12121 0.0174314
32000 3.12113 0.016878
33000 3.12756 0.017577
34000 3.13064 0.0173284
35000 3.13101 0.0168299
36000 3.12902 0.0164767
37000 3.13252 0.0164038
38000 3.13498 0.0161539
39000 3.13535 0.0157387
40000 3.13419 0.0153842
41000 3.13706 0.0152772
42000 3.1362 0.014934
43000 3.13724 0.0146196
44000 3.14201 0.0150601
45000 3.14056 0.0147925
46000 3.13983 0.0144859
47000 3.13775 0.0143269
48000 3.14068 0.0143294
49000 3.13878 0.0141618
50000 3.14078 0.0140193
51000 3.1431 0.0139347
52000 3.14228 0.0136883
53000 3.1423 0.0134276
54000 3.14349 0.0132299
55000 3.1425 0.0130252
56000 3.14318 0.0128088
57000 3.14351 0.0125865
58000 3.14373 0.0123694
59000 3.14393 0.0121597
60000 3.14651 0.0122313
61000 3.14489 0.0121379
62000 3.14467 0.0119426
63000 3.14341 0.0118191
64000 3.14429 0.0116665
65000 3.14495 0.0115047
66000 3.14465 0.011333
67000 3.14391 0.0111874
68000 3.14207 0.011174
69000 3.14424 0.0112237
70000 3.14441 0.0110635
71000 3.14501 0.0109232
72000 3.14415 0.010805
73000 3.14509 0.0106974
74000 3.14507 0.0105519
75000 3.14496 0.0104108
76000 3.14454 0.0102816
77000 3.14405 0.010159
78000 3.14493 0.0100666
79000 3.14422 0.00996373
80000 3.14421 0.0098384
81000 3.14288 0.00980751
82000 3.14413 0.00976757
83000 3.14511 0.00969923
84000 3.14361 0.0097002
85000 3.14397 0.00959233
86000 3.14492 0.00952777
87000 3.14548 0.00943423
88000 3.1477 0.00958553
89000 3.14843 0.00950545
90000 3.14699 0.00950885
91000 3.14722 0.00940669
92000 3.14685 0.00931139
93000 3.1461 0.00924136
94000 3.14456 0.00927037
95000 3.1441 0.00918384
96000 3.14391 0.00908985
97000 3.14384 0.00899591
98000 3.14274 0.00897132
99000 3.14325 0.00889509
100000 3.14344 0.0088077
